#
# There is insufficient memory for the Java Runtime Environment to continue.
# Native memory allocation (mmap) failed to map 40894464 bytes for Failed to commit area from 0x000000008c000000 to 0x000000008e700000 of length 40894464.
# Possible reasons:
#   The system is out of physical RAM or swap space
#   The process is running with CompressedOops enabled, and the Java Heap may be blocking the growth of the native heap
# Possible solutions:
#   Reduce memory load on the system
#   Increase physical memory or swap space
#   Check if swap backing store is full
#   Decrease Java heap size (-Xmx/-Xms)
#   Decrease number of Java threads
#   Decrease Java thread stack sizes (-Xss)
#   Set larger code cache with -XX:ReservedCodeCacheSize=
#   JVM is running with Unscaled Compressed Oops mode in which the Java heap is
#     placed in the first 4GB address space. The Java Heap base address is the
#     maximum limit for the native heap growth. Please use -XX:HeapBaseMinAddress
#     to set the Java Heap base and to place the Java Heap above 4GB virtual address.
# This output file may be truncated or incomplete.
#
#  Out of Memory Error (./src/hotspot/os/windows/os_windows.cpp:3303), pid=13856, tid=13772
#
# JRE version: OpenJDK Runtime Environment (11.0.8+10) (build 11.0.8+10-b944.6842174)
# Java VM: OpenJDK 64-Bit Server VM (11.0.8+10-b944.6842174, mixed mode, tiered, compressed oops, g1 gc, windows-amd64)
# No core dump will be written. Minidumps are not enabled by default on client versions of Windows
#

---------------  S U M M A R Y ------------

Command Line: --add-opens=java.base/java.util=ALL-UNNAMED --add-opens=java.base/java.lang=ALL-UNNAMED --add-opens=java.base/java.lang.invoke=ALL-UNNAMED --add-opens=java.prefs/java.util.prefs=ALL-UNNAMED -Xmx2048m -Dfile.encoding=UTF-8 -Duser.country=TR -Duser.language=tr -Duser.variant org.gradle.launcher.daemon.bootstrap.GradleDaemon 6.7.1

Host: Intel(R) Core(TM) i7-7500U CPU @ 2.70GHz, 4 cores, 11G,  Windows 10 , 64 bit Build 19041 (10.0.19041.1202)
Time: Tue Sep 28 16:38:51 2021 Türkiye Standart Saati elapsed time: 5 seconds (0d 0h 0m 5s)

---------------  T H R E A D  ---------------

Current thread (0x000002a1c946c800):  VMThread "VM Thread" [stack: 0x000000d885300000,0x000000d885400000] [id=13772]

Stack: [0x000000d885300000,0x000000d885400000]
[error occurred during error reporting (printing stack bounds), id 0xc0000005, EXCEPTION_ACCESS_VIOLATION (0xc0000005) at pc=0x000002a1b3350dad]

Native frames: (J=compiled Java code, j=interpreted, Vv=VM code, C=native code)
V  [jvm.dll+0x5de50a]
V  [jvm.dll+0x7122f5]
V  [jvm.dll+0x71384d]
V  [jvm.dll+0x713e65]
V  [jvm.dll+0x713e1b]
V  [jvm.dll+0x5dd958]
V  [jvm.dll+0x5de0f8]
C  [ntdll.dll+0xa20cf]
C  [ntdll.dll+0x51454]
C  [ntdll.dll+0xa0bfe]
C  0x000002a1b3350dad

VM_Operation (0x000000d886af9400): G1CollectForAllocation, mode: safepoint, requested by thread 0x000002a1cc022000


---------------  P R O C E S S  ---------------

Threads class SMR info:
_java_thread_list=0x000002a1cf345520, length=51, elements={
0x000002a1af9cb800, 0x000002a1c9486000, 0x000002a1c9487800, 0x000002a1c9c9c000,
0x000002a1c9c9e000, 0x000002a1c9ca0800, 0x000002a1c9ce9800, 0x000002a1c9cf3000,
0x000002a1c9e4a800, 0x000002a1c9e5f800, 0x000002a1cbf93000, 0x000002a1cbf40000,
0x000002a1cc8f6800, 0x000002a1cbfe5800, 0x000002a1caf6c800, 0x000002a1cac27000,
0x000002a1cc021800, 0x000002a1cc022000, 0x000002a1cb125800, 0x000002a1cb5ca000,
0x000002a1cc825000, 0x000002a1cc679000, 0x000002a1cc679800, 0x000002a1cc67a800,
0x000002a1cc675800, 0x000002a1cc678000, 0x000002a1cc676800, 0x000002a1cc677000,
0x000002a1cc674800, 0x000002a1cc67b800, 0x000002a1cde78800, 0x000002a1cde75800,
0x000002a1cde79800, 0x000002a1cde7a800, 0x000002a1cde7b000, 0x000002a1cde7c000,
0x000002a1cde77000, 0x000002a1cde76000, 0x000002a1cde7c800, 0x000002a1cde7d800,
0x000002a1cde78000, 0x000002a1cde7f000, 0x000002a1cde81000, 0x000002a1cde81800,
0x000002a1cde7e800, 0x000002a1cde84000, 0x000002a1cde80000, 0x000002a1cde82800,
0x000002a1cde83800, 0x000002a1cd988800, 0x000002a1cd985800
}

Java Threads: ( => current thread )
  0x000002a1af9cb800 JavaThread "main" [_thread_blocked, id=5920, stack(0x000000d884d00000,0x000000d884e00000)]
  0x000002a1c9486000 JavaThread "Reference Handler" daemon [_thread_blocked, id=8652, stack(0x000000d885400000,0x000000d885500000)]
  0x000002a1c9487800 JavaThread "Finalizer" daemon [_thread_blocked, id=11112, stack(0x000000d885500000,0x000000d885600000)]
  0x000002a1c9c9c000 JavaThread "Signal Dispatcher" daemon [_thread_blocked, id=14500, stack(0x000000d885600000,0x000000d885700000)]
  0x000002a1c9c9e000 JavaThread "Attach Listener" daemon [_thread_blocked, id=7640, stack(0x000000d885700000,0x000000d885800000)]
  0x000002a1c9ca0800 JavaThread "C2 CompilerThread0" daemon [_thread_blocked, id=14592, stack(0x000000d885800000,0x000000d885900000)]
  0x000002a1c9ce9800 JavaThread "C1 CompilerThread0" daemon [_thread_blocked, id=4844, stack(0x000000d885900000,0x000000d885a00000)]
  0x000002a1c9cf3000 JavaThread "Sweeper thread" daemon [_thread_blocked, id=9980, stack(0x000000d885a00000,0x000000d885b00000)]
  0x000002a1c9e4a800 JavaThread "Common-Cleaner" daemon [_thread_blocked, id=3820, stack(0x000000d885b00000,0x000000d885c00000)]
  0x000002a1c9e5f800 JavaThread "Service Thread" daemon [_thread_blocked, id=9172, stack(0x000000d885c00000,0x000000d885d00000)]
  0x000002a1cbf93000 JavaThread "Daemon health stats" [_thread_blocked, id=12996, stack(0x000000d886200000,0x000000d886300000)]
  0x000002a1cbf40000 JavaThread "Incoming local TCP Connector on port 51455" [_thread_in_native, id=10224, stack(0x000000d886400000,0x000000d886500000)]
  0x000002a1cc8f6800 JavaThread "Daemon periodic checks" [_thread_blocked, id=14688, stack(0x000000d886500000,0x000000d886600000)]
  0x000002a1cbfe5800 JavaThread "Daemon" [_thread_blocked, id=3268, stack(0x000000d886600000,0x000000d886700000)]
  0x000002a1caf6c800 JavaThread "Handler for socket connection from /127.0.0.1:51455 to /127.0.0.1:51456" [_thread_in_native, id=1548, stack(0x000000d886700000,0x000000d886800000)]
  0x000002a1cac27000 JavaThread "C2 CompilerThread1" daemon [_thread_blocked, id=416, stack(0x000000d886800000,0x000000d886900000)]
  0x000002a1cc021800 JavaThread "Cancel handler" [_thread_blocked, id=3356, stack(0x000000d886900000,0x000000d886a00000)]
  0x000002a1cc022000 JavaThread "Daemon worker" [_thread_blocked, id=9792, stack(0x000000d886a00000,0x000000d886b00000)]
  0x000002a1cb125800 JavaThread "Asynchronous log dispatcher for DefaultDaemonConnection: socket connection from /127.0.0.1:51455 to /127.0.0.1:51456" [_thread_blocked, id=15132, stack(0x000000d886b00000,0x000000d886c00000)]
  0x000002a1cb5ca000 JavaThread "Stdin handler" [_thread_blocked, id=6736, stack(0x000000d886c00000,0x000000d886d00000)]
  0x000002a1cc825000 JavaThread "Thread-8" [_thread_blocked, id=9384, stack(0x000000d886d00000,0x000000d886e00000)]
  0x000002a1cc679000 JavaThread "Cache worker for file hash cache (C:\Users\asus\Desktop\JavaLearning\caches\6.7.1\fileHashes)" [_thread_blocked, id=10692, stack(0x000000d886e00000,0x000000d886f00000)]
  0x000002a1cc679800 JavaThread "File lock request listener" [_thread_in_native, id=11624, stack(0x000000d886f00000,0x000000d887000000)]
  0x000002a1cc67a800 JavaThread "Cache worker for journal cache (C:\Users\asus\Desktop\JavaLearning\caches\journal-1)" [_thread_blocked, id=12096, stack(0x000000d887000000,0x000000d887100000)]
  0x000002a1cc675800 JavaThread "Cache worker for file hash cache (C:\Users\asus\Desktop\MyNotebookProject\.gradle\6.7.1\fileHashes)" [_thread_blocked, id=2708, stack(0x000000d887100000,0x000000d887200000)]
  0x000002a1cc678000 JavaThread "jar transforms" [_thread_blocked, id=9488, stack(0x000000d887200000,0x000000d887300000)]
  0x000002a1cc676800 JavaThread "jar transforms Thread 2" [_thread_blocked, id=1376, stack(0x000000d887300000,0x000000d887400000)]
  0x000002a1cc677000 JavaThread "jar transforms Thread 3" [_thread_blocked, id=5556, stack(0x000000d887400000,0x000000d887500000)]
  0x000002a1cc674800 JavaThread "jar transforms Thread 4" [_thread_blocked, id=13568, stack(0x000000d887500000,0x000000d887600000)]
  0x000002a1cc67b800 JavaThread "jar transforms Thread 5" [_thread_blocked, id=10052, stack(0x000000d887600000,0x000000d887700000)]
  0x000002a1cde78800 JavaThread "jar transforms Thread 6" [_thread_blocked, id=13936, stack(0x000000d887700000,0x000000d887800000)]
  0x000002a1cde75800 JavaThread "jar transforms Thread 7" [_thread_blocked, id=11356, stack(0x000000d887800000,0x000000d887900000)]
  0x000002a1cde79800 JavaThread "jar transforms Thread 8" [_thread_blocked, id=12284, stack(0x000000d887900000,0x000000d887a00000)]
  0x000002a1cde7a800 JavaThread "jar transforms Thread 9" [_thread_blocked, id=2752, stack(0x000000d887a00000,0x000000d887b00000)]
  0x000002a1cde7b000 JavaThread "jar transforms Thread 10" [_thread_blocked, id=8236, stack(0x000000d887b00000,0x000000d887c00000)]
  0x000002a1cde7c000 JavaThread "jar transforms Thread 11" [_thread_blocked, id=10272, stack(0x000000d887c00000,0x000000d887d00000)]
  0x000002a1cde77000 JavaThread "jar transforms Thread 12" [_thread_blocked, id=12560, stack(0x000000d887d00000,0x000000d887e00000)]
  0x000002a1cde76000 JavaThread "jar transforms Thread 13" [_thread_blocked, id=2880, stack(0x000000d887e00000,0x000000d887f00000)]
  0x000002a1cde7c800 JavaThread "jar transforms Thread 14" [_thread_blocked, id=10880, stack(0x000000d887f00000,0x000000d888000000)]
  0x000002a1cde7d800 JavaThread "jar transforms Thread 15" [_thread_blocked, id=6116, stack(0x000000d888000000,0x000000d888100000)]
  0x000002a1cde78000 JavaThread "jar transforms Thread 16" [_thread_blocked, id=7468, stack(0x000000d888100000,0x000000d888200000)]
  0x000002a1cde7f000 JavaThread "jar transforms Thread 17" [_thread_blocked, id=14612, stack(0x000000d888200000,0x000000d888300000)]
  0x000002a1cde81000 JavaThread "jar transforms Thread 18" [_thread_blocked, id=364, stack(0x000000d888300000,0x000000d888400000)]
  0x000002a1cde81800 JavaThread "jar transforms Thread 19" [_thread_blocked, id=14408, stack(0x000000d888400000,0x000000d888500000)]
  0x000002a1cde7e800 JavaThread "jar transforms Thread 20" [_thread_blocked, id=15192, stack(0x000000d888500000,0x000000d888600000)]
  0x000002a1cde84000 JavaThread "jar transforms Thread 21" [_thread_blocked, id=12188, stack(0x000000d888600000,0x000000d888700000)]
  0x000002a1cde80000 JavaThread "Cache worker for checksums cache (C:\Users\asus\Desktop\MyNotebookProject\.gradle\checksums)" [_thread_blocked, id=3568, stack(0x000000d888700000,0x000000d888800000)]
  0x000002a1cde82800 JavaThread "Cache worker for cache directory md-supplier (C:\Users\asus\Desktop\JavaLearning\caches\6.7.1\md-supplier)" [_thread_blocked, id=10728, stack(0x000000d888800000,0x000000d888900000)]
  0x000002a1cde83800 JavaThread "Cache worker for cache directory md-rule (C:\Users\asus\Desktop\JavaLearning\caches\6.7.1\md-rule)" [_thread_blocked, id=14996, stack(0x000000d888900000,0x000000d888a00000)]
  0x000002a1cd988800 JavaThread "Cache worker for execution history cache (C:\Users\asus\Desktop\JavaLearning\caches\6.7.1\executionHistory)" [_thread_blocked, id=7764, stack(0x000000d888a00000,0x000000d888b00000)]
  0x000002a1cd985800 JavaThread "Cache worker for file content cache (C:\Users\asus\Desktop\JavaLearning\caches\6.7.1\fileContent)" [_thread_blocked, id=12884, stack(0x000000d888b00000,0x000000d888c00000)]

Other Threads:
=>0x000002a1c946c800 VMThread "VM Thread" [stack: 0x000000d885300000,0x000000d885400000] [id=13772]
  0x000002a1c9e61800 WatcherThread [stack: 0x000000d885d00000,0x000000d885e00000] [id=9956]
  0x000002a1af9e5000 GCTaskThread "GC Thread#0" [stack: 0x000000d884e00000,0x000000d884f00000] [id=1676]
  0x000002a1ca8fa800 GCTaskThread "GC Thread#1" [stack: 0x000000d885f00000,0x000000d886000000] [id=620]
  0x000002a1ca738000 GCTaskThread "GC Thread#2" [stack: 0x000000d886000000,0x000000d886100000] [id=11004]
  0x000002a1ca78a800 GCTaskThread "GC Thread#3" [stack: 0x000000d886100000,0x000000d886200000] [id=4528]
  0x000002a1afa16000 ConcurrentGCThread "G1 Main Marker" [stack: 0x000000d884f00000,0x000000d885000000] [id=14668]
  0x000002a1afa1a800 ConcurrentGCThread "G1 Conc#0" [stack: 0x000000d885000000,0x000000d885100000] [id=492]
  0x000002a1c92be800 ConcurrentGCThread "G1 Refine#0" [stack: 0x000000d885100000,0x000000d885200000] [id=260]
  0x000002a1c92bf800 ConcurrentGCThread "G1 Young RemSet Sampling" [stack: 0x000000d885200000,0x000000d885300000] [id=3156]

Threads with active compile tasks:
C2 CompilerThread0   5578 3364       4       groovy.lang.MetaClassImpl$1MOPIter::methodNameAction (325 bytes)

VM state:at safepoint (normal execution)

VM Mutex/Monitor currently owned by a thread:  ([mutex/lock_event])
[0x000002a1af9c7b00] Threads_lock - owner thread: 0x000002a1c946c800
[0x000002a1af9c9180] Heap_lock - owner thread: 0x000002a1cc022000

Heap address: 0x0000000080000000, size: 2048 MB, Compressed Oops mode: 32-bit
Narrow klass base: 0x0000000000000000, Narrow klass shift: 3
Compressed class space size: 1073741824 Address: 0x0000000100000000

Heap:
 garbage-first heap   total 236544K, used 47343K [0x0000000080000000, 0x0000000100000000)
  region size 1024K, 10 young (10240K), 10 survivors (10240K)
 Metaspace       used 42912K, capacity 44090K, committed 44288K, reserved 1087488K
  class space    used 5429K, capacity 5804K, committed 5888K, reserved 1048576K
Heap Regions: E=young(eden), S=young(survivor), O=old, HS=humongous(starts), HC=humongous(continues), CS=collection set, F=free, A=archive, TAMS=top-at-mark-start (previous, next)
|   0|0x0000000080000000, 0x0000000080100000, 0x0000000080100000|100%| O|  |TAMS 0x0000000080100000, 0x0000000080000000| Untracked 
|   1|0x0000000080100000, 0x0000000080200000, 0x0000000080200000|100%| O|  |TAMS 0x0000000080200000, 0x0000000080100000| Untracked 
|   2|0x0000000080200000, 0x0000000080300000, 0x0000000080300000|100%| O|  |TAMS 0x0000000080300000, 0x0000000080200000| Untracked 
|   3|0x0000000080300000, 0x0000000080400000, 0x0000000080400000|100%|HS|  |TAMS 0x0000000080400000, 0x0000000080300000| Complete 
|   4|0x0000000080400000, 0x0000000080500000, 0x0000000080500000|100%|HC|  |TAMS 0x0000000080500000, 0x0000000080400000| Complete 
|   5|0x0000000080500000, 0x0000000080600000, 0x0000000080600000|100%|HC|  |TAMS 0x0000000080600000, 0x0000000080500000| Complete 
|   6|0x0000000080600000, 0x0000000080700000, 0x0000000080700000|100%| O|  |TAMS 0x0000000080700000, 0x0000000080600000| Untracked 
|   7|0x0000000080700000, 0x0000000080800000, 0x0000000080800000|100%| O|  |TAMS 0x0000000080800000, 0x0000000080700000| Untracked 
|   8|0x0000000080800000, 0x0000000080900000, 0x0000000080900000|100%| O|  |TAMS 0x0000000080900000, 0x0000000080800000| Untracked 
|   9|0x0000000080900000, 0x0000000080a00000, 0x0000000080a00000|100%| O|  |TAMS 0x0000000080a00000, 0x0000000080900000| Untracked 
|  10|0x0000000080a00000, 0x0000000080b00000, 0x0000000080b00000|100%| O|  |TAMS 0x0000000080b00000, 0x0000000080a00000| Untracked 
|  11|0x0000000080b00000, 0x0000000080c00000, 0x0000000080c00000|100%| O|  |TAMS 0x0000000080c00000, 0x0000000080b00000| Untracked 
|  12|0x0000000080c00000, 0x0000000080d00000, 0x0000000080d00000|100%| O|  |TAMS 0x0000000080d00000, 0x0000000080c00000| Untracked 
|  13|0x0000000080d00000, 0x0000000080e00000, 0x0000000080e00000|100%|HS|  |TAMS 0x0000000080e00000, 0x0000000080d00000| Complete 
|  14|0x0000000080e00000, 0x0000000080f00000, 0x0000000080f00000|100%|HC|  |TAMS 0x0000000080f00000, 0x0000000080e00000| Complete 
|  15|0x0000000080f00000, 0x0000000081000000, 0x0000000081000000|100%|HS|  |TAMS 0x0000000081000000, 0x0000000080f00000| Complete 
|  16|0x0000000081000000, 0x0000000081100000, 0x0000000081100000|100%|HC|  |TAMS 0x0000000081100000, 0x0000000081000000| Complete 
|  17|0x0000000081100000, 0x0000000081200000, 0x0000000081200000|100%|HC|  |TAMS 0x0000000081200000, 0x0000000081100000| Complete 
|  18|0x0000000081200000, 0x0000000081300000, 0x0000000081300000|100%|HS|  |TAMS 0x0000000081300000, 0x0000000081200000| Complete 
|  19|0x0000000081300000, 0x0000000081400000, 0x0000000081400000|100%|HC|  |TAMS 0x0000000081400000, 0x0000000081300000| Complete 
|  20|0x0000000081400000, 0x0000000081500000, 0x0000000081500000|100%|HC|  |TAMS 0x0000000081500000, 0x0000000081400000| Complete 
|  21|0x0000000081500000, 0x0000000081600000, 0x0000000081600000|100%|HC|  |TAMS 0x0000000081600000, 0x0000000081500000| Complete 
|  22|0x0000000081600000, 0x0000000081700000, 0x0000000081700000|100%| O|  |TAMS 0x0000000081700000, 0x0000000081600000| Untracked 
|  23|0x0000000081700000, 0x0000000081800000, 0x0000000081800000|100%| O|  |TAMS 0x0000000081800000, 0x0000000081700000| Untracked 
|  24|0x0000000081800000, 0x0000000081900000, 0x0000000081900000|100%| O|  |TAMS 0x0000000081881200, 0x0000000081800000| Untracked 
|  25|0x0000000081900000, 0x0000000081900000, 0x0000000081a00000|  0%| F|  |TAMS 0x0000000081900000, 0x0000000081900000| Untracked 
|  26|0x0000000081a00000, 0x0000000081a00000, 0x0000000081b00000|  0%| F|  |TAMS 0x0000000081a00000, 0x0000000081a00000| Untracked 
|  27|0x0000000081b00000, 0x0000000081b00000, 0x0000000081c00000|  0%| F|  |TAMS 0x0000000081b00000, 0x0000000081b00000| Untracked 
|  28|0x0000000081c00000, 0x0000000081d00000, 0x0000000081d00000|100%|HS|  |TAMS 0x0000000081c00000, 0x0000000081c00000| Complete 
|  29|0x0000000081d00000, 0x0000000081e00000, 0x0000000081e00000|100%|HC|  |TAMS 0x0000000081d00000, 0x0000000081d00000| Complete 
|  30|0x0000000081e00000, 0x0000000081f00000, 0x0000000081f00000|100%|HC|  |TAMS 0x0000000081e00000, 0x0000000081e00000| Complete 
|  31|0x0000000081f00000, 0x0000000082000000, 0x0000000082000000|100%|HC|  |TAMS 0x0000000081f00000, 0x0000000081f00000| Complete 
|  32|0x0000000082000000, 0x0000000082100000, 0x0000000082100000|100%|HS|  |TAMS 0x0000000082000000, 0x0000000082000000| Complete 
|  33|0x0000000082100000, 0x0000000082200000, 0x0000000082200000|100%|HC|  |TAMS 0x0000000082100000, 0x0000000082100000| Complete 
|  34|0x0000000082200000, 0x0000000082300000, 0x0000000082300000|100%|HC|  |TAMS 0x0000000082200000, 0x0000000082200000| Complete 
|  35|0x0000000082300000, 0x0000000082300000, 0x0000000082400000|  0%| F|  |TAMS 0x0000000082300000, 0x0000000082300000| Untracked 
|  36|0x0000000082400000, 0x0000000082500000, 0x0000000082500000|100%| O|  |TAMS 0x0000000082400000, 0x0000000082400000| Untracked 
|  37|0x0000000082500000, 0x0000000082600000, 0x0000000082600000|100%| O|  |TAMS 0x0000000082500000, 0x0000000082500000| Untracked 
|  38|0x0000000082600000, 0x0000000082700000, 0x0000000082700000|100%| O|  |TAMS 0x0000000082600000, 0x0000000082600000| Untracked 
|  39|0x0000000082700000, 0x0000000082800000, 0x0000000082800000|100%| O|  |TAMS 0x0000000082700000, 0x0000000082700000| Untracked 
|  40|0x0000000082800000, 0x00000000828a3600, 0x0000000082900000| 63%| O|  |TAMS 0x0000000082800000, 0x0000000082800000| Untracked 
|  41|0x0000000082900000, 0x0000000082900000, 0x0000000082a00000|  0%| F|  |TAMS 0x0000000082900000, 0x0000000082900000| Untracked 
|  42|0x0000000082a00000, 0x0000000082a00000, 0x0000000082b00000|  0%| F|  |TAMS 0x0000000082a00000, 0x0000000082a00000| Untracked 
|  43|0x0000000082b00000, 0x0000000082b00000, 0x0000000082c00000|  0%| F|  |TAMS 0x0000000082b00000, 0x0000000082b00000| Untracked 
|  44|0x0000000082c00000, 0x0000000082c00000, 0x0000000082d00000|  0%| F|  |TAMS 0x0000000082c00000, 0x0000000082c00000| Untracked 
|  45|0x0000000082d00000, 0x0000000082d00000, 0x0000000082e00000|  0%| F|  |TAMS 0x0000000082d00000, 0x0000000082d00000| Untracked 
|  46|0x0000000082e00000, 0x0000000082e00000, 0x0000000082f00000|  0%| F|  |TAMS 0x0000000082e00000, 0x0000000082e00000| Untracked 
|  47|0x0000000082f00000, 0x0000000082f00000, 0x0000000083000000|  0%| F|  |TAMS 0x0000000082f00000, 0x0000000082f00000| Untracked 
|  48|0x0000000083000000, 0x0000000083000000, 0x0000000083100000|  0%| F|  |TAMS 0x0000000083000000, 0x0000000083000000| Untracked 
|  49|0x0000000083100000, 0x0000000083100000, 0x0000000083200000|  0%| F|  |TAMS 0x0000000083100000, 0x0000000083100000| Untracked 
|  50|0x0000000083200000, 0x0000000083200000, 0x0000000083300000|  0%| F|  |TAMS 0x0000000083200000, 0x0000000083200000| Untracked 
|  51|0x0000000083300000, 0x0000000083300000, 0x0000000083400000|  0%| F|  |TAMS 0x0000000083300000, 0x0000000083300000| Untracked 
|  52|0x0000000083400000, 0x0000000083400000, 0x0000000083500000|  0%| F|  |TAMS 0x0000000083400000, 0x0000000083400000| Untracked 
|  53|0x0000000083500000, 0x0000000083500000, 0x0000000083600000|  0%| F|  |TAMS 0x0000000083500000, 0x0000000083500000| Untracked 
|  54|0x0000000083600000, 0x0000000083600000, 0x0000000083700000|  0%| F|  |TAMS 0x0000000083600000, 0x0000000083600000| Untracked 
|  55|0x0000000083700000, 0x0000000083700000, 0x0000000083800000|  0%| F|  |TAMS 0x0000000083700000, 0x0000000083700000| Untracked 
|  56|0x0000000083800000, 0x0000000083800000, 0x0000000083900000|  0%| F|  |TAMS 0x0000000083800000, 0x0000000083800000| Untracked 
|  57|0x0000000083900000, 0x0000000083900000, 0x0000000083a00000|  0%| F|  |TAMS 0x0000000083900000, 0x0000000083900000| Untracked 
|  58|0x0000000083a00000, 0x0000000083a00000, 0x0000000083b00000|  0%| F|  |TAMS 0x0000000083a00000, 0x0000000083a00000| Untracked 
|  59|0x0000000083b00000, 0x0000000083b00000, 0x0000000083c00000|  0%| F|  |TAMS 0x0000000083b00000, 0x0000000083b00000| Untracked 
|  60|0x0000000083c00000, 0x0000000083c00000, 0x0000000083d00000|  0%| F|  |TAMS 0x0000000083c00000, 0x0000000083c00000| Untracked 
|  61|0x0000000083d00000, 0x0000000083d00000, 0x0000000083e00000|  0%| F|  |TAMS 0x0000000083d00000, 0x0000000083d00000| Untracked 
|  62|0x0000000083e00000, 0x0000000083e00000, 0x0000000083f00000|  0%| F|  |TAMS 0x0000000083e00000, 0x0000000083e00000| Untracked 
|  63|0x0000000083f00000, 0x0000000083f00000, 0x0000000084000000|  0%| F|  |TAMS 0x0000000083f00000, 0x0000000083f00000| Untracked 
|  64|0x0000000084000000, 0x0000000084000000, 0x0000000084100000|  0%| F|  |TAMS 0x0000000084000000, 0x0000000084000000| Untracked 
|  65|0x0000000084100000, 0x0000000084100000, 0x0000000084200000|  0%| F|  |TAMS 0x0000000084100000, 0x0000000084100000| Untracked 
|  66|0x0000000084200000, 0x0000000084200000, 0x0000000084300000|  0%| F|  |TAMS 0x0000000084200000, 0x0000000084200000| Untracked 
|  67|0x0000000084300000, 0x0000000084300000, 0x0000000084400000|  0%| F|  |TAMS 0x0000000084300000, 0x0000000084300000| Untracked 
|  68|0x0000000084400000, 0x0000000084400000, 0x0000000084500000|  0%| F|  |TAMS 0x0000000084400000, 0x0000000084400000| Untracked 
|  69|0x0000000084500000, 0x0000000084500000, 0x0000000084600000|  0%| F|  |TAMS 0x0000000084500000, 0x0000000084500000| Untracked 
|  70|0x0000000084600000, 0x0000000084600000, 0x0000000084700000|  0%| F|  |TAMS 0x0000000084600000, 0x0000000084600000| Untracked 
|  71|0x0000000084700000, 0x0000000084700000, 0x0000000084800000|  0%| F|  |TAMS 0x0000000084700000, 0x0000000084700000| Untracked 
|  72|0x0000000084800000, 0x0000000084800000, 0x0000000084900000|  0%| F|  |TAMS 0x0000000084800000, 0x0000000084800000| Untracked 
|  73|0x0000000084900000, 0x0000000084900000, 0x0000000084a00000|  0%| F|  |TAMS 0x0000000084900000, 0x0000000084900000| Untracked 
|  74|0x0000000084a00000, 0x0000000084a00000, 0x0000000084b00000|  0%| F|  |TAMS 0x0000000084a00000, 0x0000000084a00000| Untracked 
|  75|0x0000000084b00000, 0x0000000084b00000, 0x0000000084c00000|  0%| F|  |TAMS 0x0000000084b00000, 0x0000000084b00000| Untracked 
|  76|0x0000000084c00000, 0x0000000084c00000, 0x0000000084d00000|  0%| F|  |TAMS 0x0000000084c00000, 0x0000000084c00000| Untracked 
|  77|0x0000000084d00000, 0x0000000084d00000, 0x0000000084e00000|  0%| F|  |TAMS 0x0000000084d00000, 0x0000000084d00000| Untracked 
|  78|0x0000000084e00000, 0x0000000084e00000, 0x0000000084f00000|  0%| F|  |TAMS 0x0000000084e00000, 0x0000000084e00000| Untracked 
|  79|0x0000000084f00000, 0x0000000084f00000, 0x0000000085000000|  0%| F|  |TAMS 0x0000000084f00000, 0x0000000084f00000| Untracked 
|  80|0x0000000085000000, 0x0000000085000000, 0x0000000085100000|  0%| F|  |TAMS 0x0000000085000000, 0x0000000085000000| Untracked 
|  81|0x0000000085100000, 0x0000000085100000, 0x0000000085200000|  0%| F|  |TAMS 0x0000000085100000, 0x0000000085100000| Untracked 
|  82|0x0000000085200000, 0x0000000085200000, 0x0000000085300000|  0%| F|  |TAMS 0x0000000085200000, 0x0000000085200000| Untracked 
|  83|0x0000000085300000, 0x0000000085300000, 0x0000000085400000|  0%| F|  |TAMS 0x0000000085300000, 0x0000000085300000| Untracked 
|  84|0x0000000085400000, 0x0000000085400000, 0x0000000085500000|  0%| F|  |TAMS 0x0000000085400000, 0x0000000085400000| Untracked 
|  85|0x0000000085500000, 0x0000000085500000, 0x0000000085600000|  0%| F|  |TAMS 0x0000000085500000, 0x0000000085500000| Untracked 
|  86|0x0000000085600000, 0x0000000085600000, 0x0000000085700000|  0%| F|  |TAMS 0x0000000085600000, 0x0000000085600000| Untracked 
|  87|0x0000000085700000, 0x0000000085700000, 0x0000000085800000|  0%| F|  |TAMS 0x0000000085700000, 0x0000000085700000| Untracked 
|  88|0x0000000085800000, 0x0000000085800000, 0x0000000085900000|  0%| F|  |TAMS 0x0000000085800000, 0x0000000085800000| Untracked 
|  89|0x0000000085900000, 0x0000000085900000, 0x0000000085a00000|  0%| F|  |TAMS 0x0000000085900000, 0x0000000085900000| Untracked 
|  90|0x0000000085a00000, 0x0000000085a00000, 0x0000000085b00000|  0%| F|  |TAMS 0x0000000085a00000, 0x0000000085a00000| Untracked 
|  91|0x0000000085b00000, 0x0000000085b00000, 0x0000000085c00000|  0%| F|  |TAMS 0x0000000085b00000, 0x0000000085b00000| Untracked 
|  92|0x0000000085c00000, 0x0000000085c00000, 0x0000000085d00000|  0%| F|  |TAMS 0x0000000085c00000, 0x0000000085c00000| Untracked 
|  93|0x0000000085d00000, 0x0000000085d00000, 0x0000000085e00000|  0%| F|  |TAMS 0x0000000085d00000, 0x0000000085d00000| Untracked 
|  94|0x0000000085e00000, 0x0000000085e00000, 0x0000000085f00000|  0%| F|  |TAMS 0x0000000085e00000, 0x0000000085e00000| Untracked 
|  95|0x0000000085f00000, 0x0000000085f00000, 0x0000000086000000|  0%| F|  |TAMS 0x0000000085f00000, 0x0000000085f00000| Untracked 
|  96|0x0000000086000000, 0x00000000860988a0, 0x0000000086100000| 59%| S|CS|TAMS 0x0000000086000000, 0x0000000086000000| Complete 
|  97|0x0000000086100000, 0x0000000086200000, 0x0000000086200000|100%| S|CS|TAMS 0x0000000086100000, 0x0000000086100000| Complete 
|  98|0x0000000086200000, 0x0000000086300000, 0x0000000086300000|100%| S|CS|TAMS 0x0000000086200000, 0x0000000086200000| Complete 
|  99|0x0000000086300000, 0x0000000086400000, 0x0000000086400000|100%| S|CS|TAMS 0x0000000086300000, 0x0000000086300000| Complete 
| 100|0x0000000086400000, 0x0000000086500000, 0x0000000086500000|100%| S|CS|TAMS 0x0000000086400000, 0x0000000086400000| Complete 
| 101|0x0000000086500000, 0x0000000086600000, 0x0000000086600000|100%| S|CS|TAMS 0x0000000086500000, 0x0000000086500000| Complete 
| 102|0x0000000086600000, 0x0000000086700000, 0x0000000086700000|100%| S|CS|TAMS 0x0000000086600000, 0x0000000086600000| Complete 
| 103|0x0000000086700000, 0x0000000086800000, 0x0000000086800000|100%| S|CS|TAMS 0x0000000086700000, 0x0000000086700000| Complete 
| 104|0x0000000086800000, 0x0000000086900000, 0x0000000086900000|100%| S|CS|TAMS 0x0000000086800000, 0x0000000086800000| Complete 
| 105|0x0000000086900000, 0x0000000086a00000, 0x0000000086a00000|100%| S|CS|TAMS 0x0000000086900000, 0x0000000086900000| Complete 
| 106|0x0000000086a00000, 0x0000000086a00000, 0x0000000086b00000|  0%| F|  |TAMS 0x0000000086a00000, 0x0000000086a00000| Untracked 
| 107|0x0000000086b00000, 0x0000000086b00000, 0x0000000086c00000|  0%| F|  |TAMS 0x0000000086b00000, 0x0000000086b00000| Untracked 
| 108|0x0000000086c00000, 0x0000000086c00000, 0x0000000086d00000|  0%| F|  |TAMS 0x0000000086c00000, 0x0000000086c00000| Untracked 
| 109|0x0000000086d00000, 0x0000000086d00000, 0x0000000086e00000|  0%| F|  |TAMS 0x0000000086d00000, 0x0000000086d00000| Untracked 
| 110|0x0000000086e00000, 0x0000000086e00000, 0x0000000086f00000|  0%| F|  |TAMS 0x0000000086e00000, 0x0000000086e00000| Untracked 
| 111|0x0000000086f00000, 0x0000000086f00000, 0x0000000087000000|  0%| F|  |TAMS 0x0000000086f00000, 0x0000000086f00000| Untracked 
| 112|0x0000000087000000, 0x0000000087000000, 0x0000000087100000|  0%| F|  |TAMS 0x0000000087000000, 0x0000000087000000| Untracked 
| 113|0x0000000087100000, 0x0000000087100000, 0x0000000087200000|  0%| F|  |TAMS 0x0000000087100000, 0x0000000087100000| Untracked 
| 114|0x0000000087200000, 0x0000000087200000, 0x0000000087300000|  0%| F|  |TAMS 0x0000000087200000, 0x0000000087200000| Untracked 
| 115|0x0000000087300000, 0x0000000087300000, 0x0000000087400000|  0%| F|  |TAMS 0x0000000087300000, 0x0000000087300000| Untracked 
| 116|0x0000000087400000, 0x0000000087400000, 0x0000000087500000|  0%| F|  |TAMS 0x0000000087400000, 0x0000000087400000| Untracked 
| 117|0x0000000087500000, 0x0000000087500000, 0x0000000087600000|  0%| F|  |TAMS 0x0000000087500000, 0x0000000087500000| Untracked 
| 118|0x0000000087600000, 0x0000000087600000, 0x0000000087700000|  0%| F|  |TAMS 0x0000000087600000, 0x0000000087600000| Untracked 
| 119|0x0000000087700000, 0x0000000087700000, 0x0000000087800000|  0%| F|  |TAMS 0x0000000087700000, 0x0000000087700000| Untracked 
| 120|0x0000000087800000, 0x0000000087800000, 0x0000000087900000|  0%| F|  |TAMS 0x0000000087800000, 0x0000000087800000| Untracked 
| 121|0x0000000087900000, 0x0000000087900000, 0x0000000087a00000|  0%| F|  |TAMS 0x0000000087900000, 0x0000000087900000| Untracked 
| 122|0x0000000087a00000, 0x0000000087a00000, 0x0000000087b00000|  0%| F|  |TAMS 0x0000000087a00000, 0x0000000087a00000| Untracked 
| 123|0x0000000087b00000, 0x0000000087b00000, 0x0000000087c00000|  0%| F|  |TAMS 0x0000000087b00000, 0x0000000087b00000| Untracked 
| 124|0x0000000087c00000, 0x0000000087c00000, 0x0000000087d00000|  0%| F|  |TAMS 0x0000000087c00000, 0x0000000087c00000| Untracked 
| 125|0x0000000087d00000, 0x0000000087d00000, 0x0000000087e00000|  0%| F|  |TAMS 0x0000000087d00000, 0x0000000087d00000| Untracked 
| 126|0x0000000087e00000, 0x0000000087e00000, 0x0000000087f00000|  0%| F|  |TAMS 0x0000000087e00000, 0x0000000087e00000| Untracked 
| 127|0x0000000087f00000, 0x0000000087f00000, 0x0000000088000000|  0%| F|  |TAMS 0x0000000087f00000, 0x0000000087f00000| Untracked 
| 128|0x0000000088000000, 0x0000000088000000, 0x0000000088100000|  0%| F|  |TAMS 0x0000000088000000, 0x0000000088000000| Untracked 
| 129|0x0000000088100000, 0x0000000088100000, 0x0000000088200000|  0%| F|  |TAMS 0x0000000088100000, 0x0000000088100000| Untracked 
| 130|0x0000000088200000, 0x0000000088200000, 0x0000000088300000|  0%| F|  |TAMS 0x0000000088200000, 0x0000000088200000| Untracked 
| 131|0x0000000088300000, 0x0000000088300000, 0x0000000088400000|  0%| F|  |TAMS 0x0000000088300000, 0x0000000088300000| Untracked 
| 132|0x0000000088400000, 0x0000000088400000, 0x0000000088500000|  0%| F|  |TAMS 0x0000000088400000, 0x0000000088400000| Untracked 
| 133|0x0000000088500000, 0x0000000088500000, 0x0000000088600000|  0%| F|  |TAMS 0x0000000088500000, 0x0000000088500000| Untracked 
| 134|0x0000000088600000, 0x0000000088600000, 0x0000000088700000|  0%| F|  |TAMS 0x0000000088600000, 0x0000000088600000| Untracked 
| 135|0x0000000088700000, 0x0000000088700000, 0x0000000088800000|  0%| F|  |TAMS 0x0000000088700000, 0x0000000088700000| Untracked 
| 136|0x0000000088800000, 0x0000000088800000, 0x0000000088900000|  0%| F|  |TAMS 0x0000000088800000, 0x0000000088800000| Untracked 
| 137|0x0000000088900000, 0x0000000088900000, 0x0000000088a00000|  0%| F|  |TAMS 0x0000000088900000, 0x0000000088900000| Untracked 
| 138|0x0000000088a00000, 0x0000000088a00000, 0x0000000088b00000|  0%| F|  |TAMS 0x0000000088a00000, 0x0000000088a00000| Untracked 
| 139|0x0000000088b00000, 0x0000000088b00000, 0x0000000088c00000|  0%| F|  |TAMS 0x0000000088b00000, 0x0000000088b00000| Untracked 
| 140|0x0000000088c00000, 0x0000000088c00000, 0x0000000088d00000|  0%| F|  |TAMS 0x0000000088c00000, 0x0000000088c00000| Untracked 
| 141|0x0000000088d00000, 0x0000000088d00000, 0x0000000088e00000|  0%| F|  |TAMS 0x0000000088d00000, 0x0000000088d00000| Untracked 
| 142|0x0000000088e00000, 0x0000000088e00000, 0x0000000088f00000|  0%| F|  |TAMS 0x0000000088e00000, 0x0000000088e00000| Untracked 
| 143|0x0000000088f00000, 0x0000000088f00000, 0x0000000089000000|  0%| F|  |TAMS 0x0000000088f00000, 0x0000000088f00000| Untracked 
| 144|0x0000000089000000, 0x0000000089000000, 0x0000000089100000|  0%| F|  |TAMS 0x0000000089000000, 0x0000000089000000| Untracked 
| 145|0x0000000089100000, 0x0000000089100000, 0x0000000089200000|  0%| F|  |TAMS 0x0000000089100000, 0x0000000089100000| Untracked 
| 146|0x0000000089200000, 0x0000000089200000, 0x0000000089300000|  0%| F|  |TAMS 0x0000000089200000, 0x0000000089200000| Untracked 
| 147|0x0000000089300000, 0x0000000089300000, 0x0000000089400000|  0%| F|  |TAMS 0x0000000089300000, 0x0000000089300000| Untracked 
| 148|0x0000000089400000, 0x0000000089400000, 0x0000000089500000|  0%| F|  |TAMS 0x0000000089400000, 0x0000000089400000| Untracked 
| 149|0x0000000089500000, 0x0000000089500000, 0x0000000089600000|  0%| F|  |TAMS 0x0000000089500000, 0x0000000089500000| Untracked 
| 150|0x0000000089600000, 0x0000000089600000, 0x0000000089700000|  0%| F|  |TAMS 0x0000000089600000, 0x0000000089600000| Untracked 
| 151|0x0000000089700000, 0x0000000089700000, 0x0000000089800000|  0%| F|  |TAMS 0x0000000089700000, 0x0000000089700000| Untracked 
| 152|0x0000000089800000, 0x0000000089800000, 0x0000000089900000|  0%| F|  |TAMS 0x0000000089800000, 0x0000000089800000| Untracked 
| 153|0x0000000089900000, 0x0000000089900000, 0x0000000089a00000|  0%| F|  |TAMS 0x0000000089900000, 0x0000000089900000| Untracked 
| 154|0x0000000089a00000, 0x0000000089a00000, 0x0000000089b00000|  0%| F|  |TAMS 0x0000000089a00000, 0x0000000089a00000| Untracked 
| 155|0x0000000089b00000, 0x0000000089b00000, 0x0000000089c00000|  0%| F|  |TAMS 0x0000000089b00000, 0x0000000089b00000| Untracked 
| 156|0x0000000089c00000, 0x0000000089c00000, 0x0000000089d00000|  0%| F|  |TAMS 0x0000000089c00000, 0x0000000089c00000| Untracked 
| 157|0x0000000089d00000, 0x0000000089d00000, 0x0000000089e00000|  0%| F|  |TAMS 0x0000000089d00000, 0x0000000089d00000| Untracked 
| 158|0x0000000089e00000, 0x0000000089e00000, 0x0000000089f00000|  0%| F|  |TAMS 0x0000000089e00000, 0x0000000089e00000| Untracked 
| 159|0x0000000089f00000, 0x0000000089f00000, 0x000000008a000000|  0%| F|  |TAMS 0x0000000089f00000, 0x0000000089f00000| Untracked 
| 160|0x000000008a000000, 0x000000008a000000, 0x000000008a100000|  0%| F|  |TAMS 0x000000008a000000, 0x000000008a000000| Untracked 
| 161|0x000000008a100000, 0x000000008a100000, 0x000000008a200000|  0%| F|  |TAMS 0x000000008a100000, 0x000000008a100000| Untracked 
| 162|0x000000008a200000, 0x000000008a200000, 0x000000008a300000|  0%| F|  |TAMS 0x000000008a200000, 0x000000008a200000| Untracked 
| 163|0x000000008a300000, 0x000000008a300000, 0x000000008a400000|  0%| F|  |TAMS 0x000000008a300000, 0x000000008a300000| Untracked 
| 164|0x000000008a400000, 0x000000008a400000, 0x000000008a500000|  0%| F|  |TAMS 0x000000008a400000, 0x000000008a400000| Untracked 
| 165|0x000000008a500000, 0x000000008a500000, 0x000000008a600000|  0%| F|  |TAMS 0x000000008a500000, 0x000000008a500000| Untracked 
| 166|0x000000008a600000, 0x000000008a600000, 0x000000008a700000|  0%| F|  |TAMS 0x000000008a600000, 0x000000008a600000| Untracked 
| 167|0x000000008a700000, 0x000000008a700000, 0x000000008a800000|  0%| F|  |TAMS 0x000000008a700000, 0x000000008a700000| Untracked 
| 168|0x000000008a800000, 0x000000008a800000, 0x000000008a900000|  0%| F|  |TAMS 0x000000008a800000, 0x000000008a800000| Untracked 
| 169|0x000000008a900000, 0x000000008a900000, 0x000000008aa00000|  0%| F|  |TAMS 0x000000008a900000, 0x000000008a900000| Untracked 
| 170|0x000000008aa00000, 0x000000008aa00000, 0x000000008ab00000|  0%| F|  |TAMS 0x000000008aa00000, 0x000000008aa00000| Untracked 
| 171|0x000000008ab00000, 0x000000008ab00000, 0x000000008ac00000|  0%| F|  |TAMS 0x000000008ab00000, 0x000000008ab00000| Untracked 
| 172|0x000000008ac00000, 0x000000008ac00000, 0x000000008ad00000|  0%| F|  |TAMS 0x000000008ac00000, 0x000000008ac00000| Untracked 
| 173|0x000000008ad00000, 0x000000008ad00000, 0x000000008ae00000|  0%| F|  |TAMS 0x000000008ad00000, 0x000000008ad00000| Untracked 
| 174|0x000000008ae00000, 0x000000008ae00000, 0x000000008af00000|  0%| F|  |TAMS 0x000000008ae00000, 0x000000008ae00000| Untracked 
| 175|0x000000008af00000, 0x000000008af00000, 0x000000008b000000|  0%| F|  |TAMS 0x000000008af00000, 0x000000008af00000| Untracked 
| 176|0x000000008b000000, 0x000000008b000000, 0x000000008b100000|  0%| F|  |TAMS 0x000000008b000000, 0x000000008b000000| Untracked 
| 177|0x000000008b100000, 0x000000008b100000, 0x000000008b200000|  0%| F|  |TAMS 0x000000008b100000, 0x000000008b100000| Untracked 
| 178|0x000000008b200000, 0x000000008b200000, 0x000000008b300000|  0%| F|  |TAMS 0x000000008b200000, 0x000000008b200000| Untracked 
| 179|0x000000008b300000, 0x000000008b300000, 0x000000008b400000|  0%| F|  |TAMS 0x000000008b300000, 0x000000008b300000| Untracked 
| 180|0x000000008b400000, 0x000000008b400000, 0x000000008b500000|  0%| F|  |TAMS 0x000000008b400000, 0x000000008b400000| Untracked 
| 181|0x000000008b500000, 0x000000008b500000, 0x000000008b600000|  0%| F|  |TAMS 0x000000008b500000, 0x000000008b500000| Untracked 
| 182|0x000000008b600000, 0x000000008b600000, 0x000000008b700000|  0%| F|  |TAMS 0x000000008b600000, 0x000000008b600000| Untracked 
| 183|0x000000008b700000, 0x000000008b700000, 0x000000008b800000|  0%| F|  |TAMS 0x000000008b700000, 0x000000008b700000| Untracked 
| 184|0x000000008b800000, 0x000000008b800000, 0x000000008b900000|  0%| F|  |TAMS 0x000000008b800000, 0x000000008b800000| Untracked 
| 185|0x000000008b900000, 0x000000008b900000, 0x000000008ba00000|  0%| F|  |TAMS 0x000000008b900000, 0x000000008b900000| Untracked 
| 186|0x000000008ba00000, 0x000000008ba00000, 0x000000008bb00000|  0%| F|  |TAMS 0x000000008ba00000, 0x000000008ba00000| Untracked 
| 187|0x000000008bb00000, 0x000000008bb00000, 0x000000008bc00000|  0%| F|  |TAMS 0x000000008bb00000, 0x000000008bb00000| Untracked 
| 188|0x000000008bc00000, 0x000000008bc00000, 0x000000008bd00000|  0%| F|  |TAMS 0x000000008bc00000, 0x000000008bc00000| Untracked 
| 189|0x000000008bd00000, 0x000000008bd00000, 0x000000008be00000|  0%| F|  |TAMS 0x000000008bd00000, 0x000000008bd00000| Untracked 
| 190|0x000000008be00000, 0x000000008be00000, 0x000000008bf00000|  0%| F|  |TAMS 0x000000008be00000, 0x000000008be00000| Untracked 
| 191|0x000000008bf00000, 0x000000008bf00000, 0x000000008c000000|  0%| F|  |TAMS 0x000000008bf00000, 0x000000008bf00000| Untracked 

Card table byte_map: [0x000002a1c2750000,0x000002a1c2b50000] _byte_map_base: 0x000002a1c2350000

Marking Bits (Prev, Next): (CMBitMap*) 0x000002a1afa0d458, (CMBitMap*) 0x000002a1afa0d490
 Prev Bits: [0x000002a1c2f50000, 0x000002a1c4f50000)
 Next Bits: [0x000002a1c4f50000, 0x000002a1c6f50000)

Polling page: 0x000002a1af1b0000

Metaspace:

Usage:
  Non-class:     37.39 MB capacity,    36.60 MB ( 98%) used,   714.36 KB (  2%) free+waste,    89.06 KB ( <1%) overhead. 
      Class:      5.67 MB capacity,     5.30 MB ( 94%) used,   330.92 KB (  6%) free+waste,    43.19 KB ( <1%) overhead. 
       Both:     43.06 MB capacity,    41.91 MB ( 97%) used,     1.02 MB (  2%) free+waste,   132.25 KB ( <1%) overhead. 

Virtual space:
  Non-class space:       38.00 MB reserved,      37.50 MB ( 99%) committed 
      Class space:        1.00 GB reserved,       5.75 MB ( <1%) committed 
             Both:        1.04 GB reserved,      43.25 MB (  4%) committed 

Chunk freelists:
   Non-Class:  50.00 KB
       Class:  20.00 KB
        Both:  70.00 KB

MaxMetaspaceSize: 17179869184.00 GB
CompressedClassSpaceSize: 1.00 GB

CodeHeap 'non-profiled nmethods': size=120064Kb used=1864Kb max_used=1864Kb free=118199Kb
 bounds [0x000002a1bae10000, 0x000002a1bb080000, 0x000002a1c2350000]
CodeHeap 'profiled nmethods': size=120000Kb used=7143Kb max_used=7143Kb free=112856Kb
 bounds [0x000002a1b38e0000, 0x000002a1b3fe0000, 0x000002a1bae10000]
CodeHeap 'non-nmethods': size=5696Kb used=2196Kb max_used=2243Kb free=3499Kb
 bounds [0x000002a1b3350000, 0x000002a1b35c0000, 0x000002a1b38e0000]
 total_blobs=4099 nmethods=3337 adapters=673
 compilation: enabled
              stopped_count=0, restarted_count=0
 full_count=0

Compilation events (20 events):
Event: 5.475 Thread 0x000002a1c9ce9800 nmethod 3516 0x000002a1bafddb10 code [0x000002a1bafddcc0, 0x000002a1bafdddb8]
Event: 5.475 Thread 0x000002a1c9ce9800 3517       1       com.google.common.collect.LinkedHashMultimap$ValueSet::setPredecessorInValueSet (6 bytes)
Event: 5.475 Thread 0x000002a1c9ce9800 nmethod 3517 0x000002a1bafdde10 code [0x000002a1bafddfc0, 0x000002a1bafde0b8]
Event: 5.475 Thread 0x000002a1c9ce9800 3518       1       com.google.common.collect.LinkedHashMultimap$ValueEntry::getPredecessorInMultimap (5 bytes)
Event: 5.476 Thread 0x000002a1c9ce9800 nmethod 3518 0x000002a1bafde110 code [0x000002a1bafde2c0, 0x000002a1bafde378]
Event: 5.476 Thread 0x000002a1c9ce9800 3511       3       java.nio.HeapByteBuffer::get (14 bytes)
Event: 5.476 Thread 0x000002a1c9ce9800 nmethod 3511 0x000002a1b3fd9c10 code [0x000002a1b3fd9de0, 0x000002a1b3fda0a8]
Event: 5.476 Thread 0x000002a1c9ce9800 3519       1       com.google.common.collect.LinkedHashMultimap$ValueSet::setSuccessorInValueSet (6 bytes)
Event: 5.476 Thread 0x000002a1c9ce9800 nmethod 3519 0x000002a1bafde410 code [0x000002a1bafde5c0, 0x000002a1bafde6b8]
Event: 5.477 Thread 0x000002a1c9ce9800 3520       1       org.slf4j.impl.StaticLoggerBinder::getLoggerFactory (5 bytes)
Event: 5.477 Thread 0x000002a1c9ce9800 nmethod 3520 0x000002a1bafde710 code [0x000002a1bafde8c0, 0x000002a1bafde978]
Event: 5.482 Thread 0x000002a1c9ce9800 3521       3       org.gradle.internal.service.DefaultServiceRegistry$OwnServices::getAll (46 bytes)
Event: 5.483 Thread 0x000002a1c9ce9800 nmethod 3521 0x000002a1b3fda210 code [0x000002a1b3fda440, 0x000002a1b3fdace8]
Event: 5.484 Thread 0x000002a1c9ce9800 3522       3       org.gradle.internal.service.RelevantMethods::toServiceMethodList (61 bytes)
Event: 5.485 Thread 0x000002a1c9ce9800 nmethod 3522 0x000002a1b3fdaf90 code [0x000002a1b3fdb220, 0x000002a1b3fdbe98]
Event: 5.515 Thread 0x000002a1cac27000 nmethod 3372 0x000002a1bafdea10 code [0x000002a1bafdeca0, 0x000002a1bafe0b10]
Event: 5.516 Thread 0x000002a1cac27000 3507       4       java.util.LinkedHashMap::afterNodeInsertion (40 bytes)
Event: 5.517 Thread 0x000002a1cac27000 nmethod 3507 0x000002a1bafe1810 code [0x000002a1bafe19a0, 0x000002a1bafe1a58]
Event: 5.517 Thread 0x000002a1cac27000 3386       4       java.lang.Character::charCount (12 bytes)
Event: 5.517 Thread 0x000002a1cac27000 nmethod 3386 0x000002a1bafe1b10 code [0x000002a1bafe1ca0, 0x000002a1bafe1cf8]

GC Heap History (15 events):
Event: 0.402 GC heap before
{Heap before GC invocations=0 (full 0):
 garbage-first heap   total 196608K, used 19456K [0x0000000080000000, 0x0000000100000000)
  region size 1024K, 14 young (14336K), 0 survivors (0K)
 Metaspace       used 7375K, capacity 7503K, committed 7680K, reserved 1056768K
  class space    used 675K, capacity 716K, committed 768K, reserved 1048576K
}
Event: 0.406 GC heap after
{Heap after GC invocations=1 (full 0):
 garbage-first heap   total 196608K, used 7629K [0x0000000080000000, 0x0000000100000000)
  region size 1024K, 2 young (2048K), 2 survivors (2048K)
 Metaspace       used 7375K, capacity 7503K, committed 7680K, reserved 1056768K
  class space    used 675K, capacity 716K, committed 768K, reserved 1048576K
}
Event: 0.672 GC heap before
{Heap before GC invocations=1 (full 0):
 garbage-first heap   total 196608K, used 19917K [0x0000000080000000, 0x0000000100000000)
  region size 1024K, 14 young (14336K), 2 survivors (2048K)
 Metaspace       used 10837K, capacity 11063K, committed 11264K, reserved 1058816K
  class space    used 1145K, capacity 1201K, committed 1280K, reserved 1048576K
}
Event: 0.675 GC heap after
{Heap after GC invocations=2 (full 0):
 garbage-first heap   total 196608K, used 8760K [0x0000000080000000, 0x0000000100000000)
  region size 1024K, 1 young (1024K), 1 survivors (1024K)
 Metaspace       used 10837K, capacity 11063K, committed 11264K, reserved 1058816K
  class space    used 1145K, capacity 1201K, committed 1280K, reserved 1048576K
}
Event: 0.912 GC heap before
{Heap before GC invocations=2 (full 0):
 garbage-first heap   total 196608K, used 37432K [0x0000000080000000, 0x0000000100000000)
  region size 1024K, 30 young (30720K), 1 survivors (1024K)
 Metaspace       used 11023K, capacity 11256K, committed 11520K, reserved 1058816K
  class space    used 1147K, capacity 1201K, committed 1280K, reserved 1048576K
}
Event: 0.916 GC heap after
{Heap after GC invocations=3 (full 0):
 garbage-first heap   total 196608K, used 13022K [0x0000000080000000, 0x0000000100000000)
  region size 1024K, 4 young (4096K), 4 survivors (4096K)
 Metaspace       used 11023K, capacity 11256K, committed 11520K, reserved 1058816K
  class space    used 1147K, capacity 1201K, committed 1280K, reserved 1048576K
}
Event: 2.433 GC heap before
{Heap before GC invocations=3 (full 0):
 garbage-first heap   total 196608K, used 56030K [0x0000000080000000, 0x0000000100000000)
  region size 1024K, 46 young (47104K), 4 survivors (4096K)
 Metaspace       used 19003K, capacity 19581K, committed 19712K, reserved 1067008K
  class space    used 2295K, capacity 2469K, committed 2560K, reserved 1048576K
}
Event: 2.440 GC heap after
{Heap after GC invocations=4 (full 0):
 garbage-first heap   total 196608K, used 16096K [0x0000000080000000, 0x0000000100000000)
  region size 1024K, 3 young (3072K), 3 survivors (3072K)
 Metaspace       used 19003K, capacity 19581K, committed 19712K, reserved 1067008K
  class space    used 2295K, capacity 2469K, committed 2560K, reserved 1048576K
}
Event: 2.561 GC heap before
{Heap before GC invocations=4 (full 0):
 garbage-first heap   total 196608K, used 27360K [0x0000000080000000, 0x0000000100000000)
  region size 1024K, 15 young (15360K), 3 survivors (3072K)
 Metaspace       used 20605K, capacity 21126K, committed 21296K, reserved 1069056K
  class space    used 2524K, capacity 2691K, committed 2816K, reserved 1048576K
}
Event: 2.566 GC heap after
{Heap after GC invocations=5 (full 0):
 garbage-first heap   total 196608K, used 16539K [0x0000000080000000, 0x0000000100000000)
  region size 1024K, 4 young (4096K), 4 survivors (4096K)
 Metaspace       used 20605K, capacity 21126K, committed 21296K, reserved 1069056K
  class space    used 2524K, capacity 2691K, committed 2816K, reserved 1048576K
}
Event: 3.339 GC heap before
{Heap before GC invocations=6 (full 0):
 garbage-first heap   total 196608K, used 83099K [0x0000000080000000, 0x0000000100000000)
  region size 1024K, 61 young (62464K), 4 survivors (4096K)
 Metaspace       used 26625K, capacity 27437K, committed 27648K, reserved 1073152K
  class space    used 3484K, capacity 3729K, committed 3840K, reserved 1048576K
}
Event: 3.346 GC heap after
{Heap after GC invocations=7 (full 0):
 garbage-first heap   total 196608K, used 30648K [0x0000000080000000, 0x0000000100000000)
  region size 1024K, 8 young (8192K), 8 survivors (8192K)
 Metaspace       used 26625K, capacity 27437K, committed 27648K, reserved 1073152K
  class space    used 3484K, capacity 3729K, committed 3840K, reserved 1048576K
}
Event: 4.334 GC heap before
{Heap before GC invocations=7 (full 0):
 garbage-first heap   total 196608K, used 75704K [0x0000000080000000, 0x0000000100000000)
  region size 1024K, 54 young (55296K), 8 survivors (8192K)
 Metaspace       used 35008K, capacity 35782K, committed 35840K, reserved 1081344K
  class space    used 4539K, capacity 4831K, committed 4864K, reserved 1048576K
}
Event: 4.344 GC heap after
{Heap after GC invocations=8 (full 0):
 garbage-first heap   total 196608K, used 34293K [0x0000000080000000, 0x0000000100000000)
  region size 1024K, 9 young (9216K), 9 survivors (9216K)
 Metaspace       used 35008K, capacity 35782K, committed 35840K, reserved 1081344K
  class space    used 4539K, capacity 4831K, committed 4864K, reserved 1048576K
}
Event: 5.527 GC heap before
{Heap before GC invocations=9 (full 0):
 garbage-first heap   total 196608K, used 123381K [0x0000000080000000, 0x0000000100000000)
  region size 1024K, 86 young (88064K), 9 survivors (9216K)
 Metaspace       used 42912K, capacity 44090K, committed 44288K, reserved 1087488K
  class space    used 5429K, capacity 5804K, committed 5888K, reserved 1048576K
}

Deoptimization events (20 events):
Event: 5.163 Thread 0x000002a1cc022000 DEOPT PACKING pc=0x000002a1baf50550 sp=0x000000d886af8900
Event: 5.163 Thread 0x000002a1cc022000 DEOPT UNPACKING pc=0x000002a1b33774af sp=0x000000d886af86b0 mode 2
Event: 5.308 Thread 0x000002a1cc022000 DEOPT PACKING pc=0x000002a1b3b09562 sp=0x000000d886aec4e0
Event: 5.308 Thread 0x000002a1cc022000 DEOPT UNPACKING pc=0x000002a1b33772ce sp=0x000000d886aeb970 mode 0
Event: 5.347 Thread 0x000002a1cc022000 Uncommon trap: trap_request=0xffffff4d fr.pc=0x000002a1bafcec58 relative=0x0000000000004b78
Event: 5.347 Thread 0x000002a1cc022000 Uncommon trap: reason=unstable_if action=reinterpret pc=0x000002a1bafcec58 method=org.codehaus.groovy.runtime.metaclass.MetaMethodIndex.addMethodToList(Ljava/lang/Object;Lgroovy/lang/MetaMethod;)Ljava/lang/Object; @ 226 c2
Event: 5.347 Thread 0x000002a1cc022000 DEOPT PACKING pc=0x000002a1bafcec58 sp=0x000000d886af9030
Event: 5.347 Thread 0x000002a1cc022000 DEOPT UNPACKING pc=0x000002a1b33774af sp=0x000000d886af9050 mode 2
Event: 5.381 Thread 0x000002a1cc022000 Uncommon trap: trap_request=0xffffff4d fr.pc=0x000002a1baf63410 relative=0x0000000000000210
Event: 5.381 Thread 0x000002a1cc022000 Uncommon trap: reason=unstable_if action=reinterpret pc=0x000002a1baf63410 method=java.util.HashMap.putVal(ILjava/lang/Object;Ljava/lang/Object;ZZ)Ljava/lang/Object; @ 162 c2
Event: 5.381 Thread 0x000002a1cc022000 DEOPT PACKING pc=0x000002a1baf63410 sp=0x000000d886afad60
Event: 5.381 Thread 0x000002a1cc022000 DEOPT UNPACKING pc=0x000002a1b33774af sp=0x000000d886afacf0 mode 2
Event: 5.437 Thread 0x000002a1cc022000 Uncommon trap: trap_request=0xffffff4d fr.pc=0x000002a1baf7e634 relative=0x0000000000000114
Event: 5.437 Thread 0x000002a1cc022000 Uncommon trap: reason=unstable_if action=reinterpret pc=0x000002a1baf7e634 method=java.util.Arrays.hashCode([Ljava/lang/Object;)I @ 34 c2
Event: 5.437 Thread 0x000002a1cc022000 DEOPT PACKING pc=0x000002a1baf7e634 sp=0x000000d886af96d0
Event: 5.437 Thread 0x000002a1cc022000 DEOPT UNPACKING pc=0x000002a1b33774af sp=0x000000d886af9648 mode 2
Event: 5.475 Thread 0x000002a1cc022000 Uncommon trap: trap_request=0xffffff4d fr.pc=0x000002a1bafb835c relative=0x0000000000000f7c
Event: 5.475 Thread 0x000002a1cc022000 Uncommon trap: reason=unstable_if action=reinterpret pc=0x000002a1bafb835c method=org.objectweb.asm.Frame.execute(IILorg/objectweb/asm/Symbol;Lorg/objectweb/asm/SymbolTable;)V @ 1 c2
Event: 5.475 Thread 0x000002a1cc022000 DEOPT PACKING pc=0x000002a1bafb835c sp=0x000000d886afaec0
Event: 5.475 Thread 0x000002a1cc022000 DEOPT UNPACKING pc=0x000002a1b33774af sp=0x000000d886afae68 mode 2

Classes redefined (0 events):
No events

Internal exceptions (20 events):
Event: 5.336 Thread 0x000002a1cc022000 Exception <a 'java/lang/ClassNotFoundException'{0x0000000087649a90}: org/jetbrains/plugins/gradle/tooling/builder/ProjectExtensionsDataBuilderImplCustomizer> (0x0000000087649a90) thrown at [./src/hotspot/share/classfile/systemDictionary.cpp, line 231]
Event: 5.340 Thread 0x000002a1cc022000 Exception <a 'java/lang/ClassNotFoundException'{0x000000008767ccb8}: org/jetbrains/plugins/gradle/tooling/builder/IntelliJSettingsBuilderBeanInfo> (0x000000008767ccb8) thrown at [./src/hotspot/share/classfile/systemDictionary.cpp, line 231]
Event: 5.340 Thread 0x000002a1cc022000 Exception <a 'java/lang/ClassNotFoundException'{0x0000000087689648}: org/jetbrains/plugins/gradle/tooling/builder/IntelliJSettingsBuilderCustomizer> (0x0000000087689648) thrown at [./src/hotspot/share/classfile/systemDictionary.cpp, line 231]
Event: 5.343 Thread 0x000002a1cc022000 Exception <a 'java/lang/ClassNotFoundException'{0x00000000876bca70}: org/jetbrains/plugins/gradle/tooling/builder/IntelliJProjectSettingsBuilderBeanInfo> (0x00000000876bca70) thrown at [./src/hotspot/share/classfile/systemDictionary.cpp, line 231]
Event: 5.344 Thread 0x000002a1cc022000 Exception <a 'java/lang/ClassNotFoundException'{0x00000000876c9420}: org/jetbrains/plugins/gradle/tooling/builder/IntelliJProjectSettingsBuilderCustomizer> (0x00000000876c9420) thrown at [./src/hotspot/share/classfile/systemDictionary.cpp, line 231]
Event: 5.357 Thread 0x000002a1cc022000 Exception <a 'java/lang/ClassNotFoundException'{0x00000000874105c0}: java/util/concurrent/CopyOnWriteArrayListBeanInfo> (0x00000000874105c0) thrown at [./src/hotspot/share/classfile/systemDictionary.cpp, line 231]
Event: 5.357 Thread 0x000002a1cc022000 Exception <a 'java/lang/ClassNotFoundException'{0x0000000087418a88}: java/util/concurrent/CopyOnWriteArrayListCustomizer> (0x0000000087418a88) thrown at [./src/hotspot/share/classfile/systemDictionary.cpp, line 231]
Event: 5.413 Thread 0x000002a1cc022000 Exception <a 'java/lang/ClassNotFoundException'{0x0000000087243898}: settings_3v14lz5zixrzkl4iy22x3m70fBeanInfo> (0x0000000087243898) thrown at [./src/hotspot/share/classfile/systemDictionary.cpp, line 231]
Event: 5.413 Thread 0x000002a1cc022000 Exception <a 'java/lang/ClassNotFoundException'{0x00000000872534b0}: org/gradle/initialization/SettingsScriptBeanInfo> (0x00000000872534b0) thrown at [./src/hotspot/share/classfile/systemDictionary.cpp, line 231]
Event: 5.415 Thread 0x000002a1cc022000 Exception <a 'java/lang/ClassNotFoundException'{0x0000000087263ea8}: org/gradle/plugin/use/internal/PluginsAwareScriptBeanInfo> (0x0000000087263ea8) thrown at [./src/hotspot/share/classfile/systemDictionary.cpp, line 231]
Event: 5.416 Thread 0x000002a1cc022000 Exception <a 'java/lang/ClassNotFoundException'{0x0000000087275518}: org/gradle/plugin/use/internal/PluginsAwareScriptCustomizer> (0x0000000087275518) thrown at [./src/hotspot/share/classfile/systemDictionary.cpp, line 231]
Event: 5.418 Thread 0x000002a1cc022000 Exception <a 'java/lang/ClassNotFoundException'{0x000000008728dac0}: org/gradle/initialization/SettingsScriptCustomizer> (0x000000008728dac0) thrown at [./src/hotspot/share/classfile/systemDictionary.cpp, line 231]
Event: 5.418 Thread 0x000002a1cc022000 Exception <a 'java/lang/ClassNotFoundException'{0x000000008729e4d0}: settings_3v14lz5zixrzkl4iy22x3m70fCustomizer> (0x000000008729e4d0) thrown at [./src/hotspot/share/classfile/systemDictionary.cpp, line 231]
Event: 5.424 Thread 0x000002a1cc022000 Exception <a 'java/lang/ClassNotFoundException'{0x0000000087119ef8}: org/gradle/initialization/DefaultSettings_DecoratedBeanInfo> (0x0000000087119ef8) thrown at [./src/hotspot/share/classfile/systemDictionary.cpp, line 231]
Event: 5.424 Thread 0x000002a1cc022000 Exception <a 'java/lang/ClassNotFoundException'{0x00000000871362d8}: org/gradle/initialization/DefaultSettingsBeanInfo> (0x00000000871362d8) thrown at [./src/hotspot/share/classfile/systemDictionary.cpp, line 231]
Event: 5.425 Thread 0x000002a1cc022000 Exception <a 'java/lang/ClassNotFoundException'{0x0000000087153d90}: org/gradle/initialization/DefaultSettingsCustomizer> (0x0000000087153d90) thrown at [./src/hotspot/share/classfile/systemDictionary.cpp, line 231]
Event: 5.427 Thread 0x000002a1cc022000 Exception <a 'java/lang/ClassNotFoundException'{0x000000008719cfb0}: org/gradle/initialization/DefaultSettings_DecoratedCustomizer> (0x000000008719cfb0) thrown at [./src/hotspot/share/classfile/systemDictionary.cpp, line 231]
Event: 5.435 Thread 0x000002a1cc022000 Exception <a 'java/lang/ClassNotFoundException'{0x00000000870160e8}: org/gradle/initialization/DefaultProjectDescriptorBeanInfo> (0x00000000870160e8) thrown at [./src/hotspot/share/classfile/systemDictionary.cpp, line 231]
Event: 5.436 Thread 0x000002a1cc022000 Exception <a 'java/lang/ClassNotFoundException'{0x0000000087034a48}: org/gradle/initialization/DefaultProjectDescriptorCustomizer> (0x0000000087034a48) thrown at [./src/hotspot/share/classfile/systemDictionary.cpp, line 231]
Event: 5.437 Thread 0x000002a1cc022000 Implicit null exception at 0x000002a1baf7e56f to 0x000002a1baf7e618

Events (20 events):
Event: 5.524 loading class org/gradle/api/UnknownTaskException done
Event: 5.524 loading class org/gradle/api/internal/tasks/RegisterTaskBuildOperationType$Result
Event: 5.524 loading class org/gradle/api/internal/tasks/RegisterTaskBuildOperationType$Result done
Event: 5.524 loading class org/gradle/api/internal/tasks/RealizeTaskBuildOperationType$Result
Event: 5.524 loading class org/gradle/api/internal/tasks/RealizeTaskBuildOperationType$Result done
Event: 5.525 loading class org/gradle/api/internal/tasks/DefaultTaskContainer$TaskCreationException
Event: 5.525 loading class org/gradle/api/internal/tasks/DefaultTaskContainer$TaskCreationException done
Event: 5.525 loading class org/gradle/api/internal/tasks/DefaultTaskContainer$DuplicateTaskException
Event: 5.525 loading class org/gradle/api/internal/tasks/DefaultTaskContainer$DuplicateTaskException done
Event: 5.525 loading class org/gradle/api/tasks/TaskProvider
Event: 5.525 loading class org/gradle/api/tasks/TaskProvider done
Event: 5.526 loading class org/gradle/model/internal/core/MutableModelNode
Event: 5.526 loading class org/gradle/model/internal/core/MutableModelNode done
Event: 5.526 loading class org/gradle/model/internal/core/ModelNode
Event: 5.526 loading class org/gradle/model/internal/core/ModelNode done
Event: 5.526 loading class org/gradle/model/internal/core/ModelPath
Event: 5.526 loading class org/gradle/model/internal/core/ModelPath done
Event: 5.527 loading class org/gradle/api/Task$Namer
Event: 5.527 loading class org/gradle/api/Task$Namer done
Event: 5.527 Executing VM operation: G1CollectForAllocation


Dynamic libraries:
0x00007ff6594a0000 - 0x00007ff6594aa000 	C:\Program Files\Android\Android Studio\jre\bin\java.exe
0x00007ffb5eef0000 - 0x00007ffb5f0e5000 	C:\WINDOWS\SYSTEM32\ntdll.dll
0x00007ffb5cfa0000 - 0x00007ffb5d05e000 	C:\WINDOWS\System32\KERNEL32.DLL
0x00007ffb5c980000 - 0x00007ffb5cc49000 	C:\WINDOWS\System32\KERNELBASE.dll
0x00007ffb5c640000 - 0x00007ffb5c740000 	C:\WINDOWS\System32\ucrtbase.dll
0x00007ffb3f2a0000 - 0x00007ffb3f2b7000 	C:\Program Files\Android\Android Studio\jre\bin\VCRUNTIME140.dll
0x00007ffb3f2d0000 - 0x00007ffb3f2e9000 	C:\Program Files\Android\Android Studio\jre\bin\jli.dll
0x00007ffb5e8b0000 - 0x00007ffb5ea51000 	C:\WINDOWS\System32\USER32.dll
0x00007ffb5ce60000 - 0x00007ffb5ce82000 	C:\WINDOWS\System32\win32u.dll
0x00007ffb4cc70000 - 0x00007ffb4cf0a000 	C:\WINDOWS\WinSxS\amd64_microsoft.windows.common-controls_6595b64144ccf1df_6.0.19041.1110_none_60b5254171f9507e\COMCTL32.dll
0x00007ffb5ddb0000 - 0x00007ffb5de4e000 	C:\WINDOWS\System32\msvcrt.dll
0x00007ffb5d750000 - 0x00007ffb5d77b000 	C:\WINDOWS\System32\GDI32.dll
0x00007ffb5c7d0000 - 0x00007ffb5c8db000 	C:\WINDOWS\System32\gdi32full.dll
0x00007ffb5c8e0000 - 0x00007ffb5c97d000 	C:\WINDOWS\System32\msvcp_win.dll
0x00007ffb5dd80000 - 0x00007ffb5ddb0000 	C:\WINDOWS\System32\IMM32.DLL
0x00007ffb38f40000 - 0x00007ffb38fdd000 	C:\Program Files\Android\Android Studio\jre\bin\msvcp140.dll
0x00007ffb23390000 - 0x00007ffb23e4c000 	C:\Program Files\Android\Android Studio\jre\bin\server\jvm.dll
0x00007ffb5ece0000 - 0x00007ffb5ed8c000 	C:\WINDOWS\System32\ADVAPI32.dll
0x00007ffb5e590000 - 0x00007ffb5e62b000 	C:\WINDOWS\System32\sechost.dll
0x00007ffb5d060000 - 0x00007ffb5d18a000 	C:\WINDOWS\System32\RPCRT4.dll
0x00007ffb5e840000 - 0x00007ffb5e848000 	C:\WINDOWS\System32\PSAPI.DLL
0x00007ffb48ea0000 - 0x00007ffb48ea9000 	C:\WINDOWS\SYSTEM32\WSOCK32.dll
0x00007ffb4cb10000 - 0x00007ffb4cb37000 	C:\WINDOWS\SYSTEM32\WINMM.dll
0x00007ffb54c60000 - 0x00007ffb54c6a000 	C:\WINDOWS\SYSTEM32\VERSION.dll
0x00007ffb5d780000 - 0x00007ffb5d7eb000 	C:\WINDOWS\System32\WS2_32.dll
0x00007ffb5b1e0000 - 0x00007ffb5b1f2000 	C:\WINDOWS\SYSTEM32\kernel.appcore.dll
0x00007ffb4f590000 - 0x00007ffb4f5a1000 	C:\Program Files\Android\Android Studio\jre\bin\verify.dll
0x00007ffb5aeb0000 - 0x00007ffb5b094000 	C:\WINDOWS\SYSTEM32\DBGHELP.DLL
0x00007ffb46580000 - 0x00007ffb465ac000 	C:\WINDOWS\SYSTEM32\dbgcore.DLL
0x00007ffb5c740000 - 0x00007ffb5c7c3000 	C:\WINDOWS\System32\bcryptPrimitives.dll
0x00007ffb3f840000 - 0x00007ffb3f869000 	C:\Program Files\Android\Android Studio\jre\bin\java.dll
0x00007ffb57460000 - 0x00007ffb5746b000 	C:\Program Files\Android\Android Studio\jre\bin\jimage.dll
0x00007ffb4a5f0000 - 0x00007ffb4a608000 	C:\Program Files\Android\Android Studio\jre\bin\zip.dll
0x00007ffb5de50000 - 0x00007ffb5e58f000 	C:\WINDOWS\System32\SHELL32.dll
0x00007ffb5a300000 - 0x00007ffb5aa90000 	C:\WINDOWS\SYSTEM32\windows.storage.dll
0x00007ffb5d850000 - 0x00007ffb5dba5000 	C:\WINDOWS\System32\combase.dll
0x00007ffb5bf90000 - 0x00007ffb5bfbc000 	C:\WINDOWS\SYSTEM32\Wldp.dll
0x00007ffb5dc10000 - 0x00007ffb5dcbe000 	C:\WINDOWS\System32\SHCORE.dll
0x00007ffb5e850000 - 0x00007ffb5e8a5000 	C:\WINDOWS\System32\shlwapi.dll
0x00007ffb5c550000 - 0x00007ffb5c56f000 	C:\WINDOWS\SYSTEM32\profapi.dll
0x00007ffb3f350000 - 0x00007ffb3f36a000 	C:\Program Files\Android\Android Studio\jre\bin\net.dll
0x00007ffb49e40000 - 0x00007ffb49f48000 	C:\WINDOWS\SYSTEM32\WINHTTP.dll
0x00007ffb5bcf0000 - 0x00007ffb5bd5a000 	C:\WINDOWS\system32\mswsock.dll
0x00007ffb3f330000 - 0x00007ffb3f344000 	C:\Program Files\Android\Android Studio\jre\bin\nio.dll
0x00007ffb3f0c0000 - 0x00007ffb3f0e7000 	C:\Users\asus\Desktop\JavaLearning\native\fdc75f09e3144964f2cf3f50f0aa648679c211496f362492102eb8c894070792\windows-amd64\native-platform.dll
0x00007ffb30f70000 - 0x00007ffb31106000 	C:\Users\asus\Desktop\JavaLearning\native\12488b8bf47d2d4c9fbf2f6322a914ad602e24e48041cd04a747c6da556b65c4\windows-amd64\native-platform-file-events.dll
0x00007ffb55c40000 - 0x00007ffb55c4a000 	C:\Program Files\Android\Android Studio\jre\bin\management.dll
0x00007ffb559b0000 - 0x00007ffb559bc000 	C:\Program Files\Android\Android Studio\jre\bin\management_ext.dll
0x00007ffb5bee0000 - 0x00007ffb5bef8000 	C:\WINDOWS\SYSTEM32\CRYPTSP.dll
0x00007ffb5b670000 - 0x00007ffb5b6a4000 	C:\WINDOWS\system32\rsaenh.dll
0x00007ffb5c610000 - 0x00007ffb5c637000 	C:\WINDOWS\System32\bcrypt.dll
0x00007ffb5c510000 - 0x00007ffb5c53e000 	C:\WINDOWS\SYSTEM32\USERENV.dll
0x00007ffb5bf00000 - 0x00007ffb5bf0c000 	C:\WINDOWS\SYSTEM32\CRYPTBASE.dll
0x00007ffb5b9e0000 - 0x00007ffb5ba1b000 	C:\WINDOWS\SYSTEM32\IPHLPAPI.DLL
0x00007ffb5d230000 - 0x00007ffb5d238000 	C:\WINDOWS\System32\NSI.dll
0x00007ffb56090000 - 0x00007ffb560a7000 	C:\WINDOWS\SYSTEM32\dhcpcsvc6.DLL
0x00007ffb563b0000 - 0x00007ffb563cd000 	C:\WINDOWS\SYSTEM32\dhcpcsvc.DLL
0x00007ffb5ba20000 - 0x00007ffb5baec000 	C:\WINDOWS\SYSTEM32\DNSAPI.dll
0x00007ffb564c0000 - 0x00007ffb564cb000 	C:\WINDOWS\SYSTEM32\WINNSI.DLL

dbghelp: loaded successfully - version: 4.0.5 - missing functions: none
symbol engine: initialized successfully - sym options: 0x614 - pdb path: .;C:\Program Files\Android\Android Studio\jre\bin;C:\WINDOWS\SYSTEM32;C:\WINDOWS\WinSxS\amd64_microsoft.windows.common-controls_6595b64144ccf1df_6.0.19041.1110_none_60b5254171f9507e;C:\Program Files\Android\Android Studio\jre\bin\server;C:\Users\asus\Desktop\JavaLearning\native\fdc75f09e3144964f2cf3f50f0aa648679c211496f362492102eb8c894070792\windows-amd64;C:\Users\asus\Desktop\JavaLearning\native\12488b8bf47d2d4c9fbf2f6322a914ad602e24e48041cd04a747c6da556b65c4\windows-amd64

VM Arguments:
jvm_args: --add-opens=java.base/java.util=ALL-UNNAMED --add-opens=java.base/java.lang=ALL-UNNAMED --add-opens=java.base/java.lang.invoke=ALL-UNNAMED --add-opens=java.prefs/java.util.prefs=ALL-UNNAMED -Xmx2048m -Dfile.encoding=UTF-8 -Duser.country=TR -Duser.language=tr -Duser.variant 
java_command: org.gradle.launcher.daemon.bootstrap.GradleDaemon 6.7.1
java_class_path (initial): C:\Users\asus\Desktop\JavaLearning\wrapper\dists\gradle-6.7.1-bin\bwlcbys1h7rz3272sye1xwiv6\gradle-6.7.1\lib\gradle-launcher-6.7.1.jar
Launcher Type: SUN_STANDARD

[Global flags]
     intx CICompilerCount                          = 3                                         {product} {ergonomic}
     uint ConcGCThreads                            = 1                                         {product} {ergonomic}
     uint G1ConcRefinementThreads                  = 4                                         {product} {ergonomic}
   size_t G1HeapRegionSize                         = 1048576                                   {product} {ergonomic}
    uintx GCDrainStackTargetSize                   = 64                                        {product} {ergonomic}
   size_t InitialHeapSize                          = 201326592                                 {product} {ergonomic}
   size_t MarkStackSize                            = 4194304                                   {product} {ergonomic}
   size_t MaxHeapSize                              = 2147483648                                {product} {command line}
   size_t MaxNewSize                               = 1287651328                                {product} {ergonomic}
   size_t MinHeapDeltaBytes                        = 1048576                                   {product} {ergonomic}
    uintx NonNMethodCodeHeapSize                   = 5830732                                {pd product} {ergonomic}
    uintx NonProfiledCodeHeapSize                  = 122913754                              {pd product} {ergonomic}
    uintx ProfiledCodeHeapSize                     = 122913754                              {pd product} {ergonomic}
    uintx ReservedCodeCacheSize                    = 251658240                              {pd product} {ergonomic}
     bool SegmentedCodeCache                       = true                                      {product} {ergonomic}
     bool UseCompressedClassPointers               = true                                 {lp64_product} {ergonomic}
     bool UseCompressedOops                        = true                                 {lp64_product} {ergonomic}
     bool UseG1GC                                  = true                                      {product} {ergonomic}
     bool UseLargePagesIndividualAllocation        = false                                  {pd product} {ergonomic}

Logging:
Log output configuration:
 #0: stdout all=warning uptime,level,tags
 #1: stderr all=off uptime,level,tags

Environment Variables:
JAVA_HOME=C:\Program Files\Java\jdk-11.0.7
JRE_HOME=C:\Program Files\Java\jre1.8.0_151
PATH=C:\Program Files (x86)\Common Files\Oracle\Java\javapath;C:\Program Files\nodejs;C:\Program Files\Microsoft SQL Server\Client SDK\ODBC\130\Tools\Binn\;C:\Program Files (x86)\Microsoft SQL Server\140\Tools\Binn\;C:\Program Files\Microsoft SQL Server\140\Tools\Binn\;C:\Program Files\Microsoft SQL Server\140\DTS\Binn\;C:\Program Files (x86)\Microsoft SQL Server\150\DTS\Binn\;C:\Program Files\dotnet\;C:\Program Files\Microsoft SQL Server\130\Tools\Binn\;C:\WINDOWS\system32;C:\WINDOWS;C:\WINDOWS\System32\Wbem;C:\WINDOWS\System32\WindowsPowerShell\v1.0\;C:\WINDOWS\System32\OpenSSH\;C:\Program Files\Gauge\bin;C:\Program Files\apache-maven-3.6.3-bin\apache-maven-3.6.3\bin;C:\Program Files\Git\cmd;C:\Program Files (x86)\dotnet\;C:\Program Files (x86)\NVIDIA Corporation\PhysX\Common;C:\Program Files\nodejs\;C:\Program Files\Graphviz\bin;C:\Program Files\MySQL\MySQL Shell 8.0\bin\;C:\Users\asus\Desktop\otomasyon;C:\Users\asus\AppData\Local\Programs\Microsoft VS Code\bin;C:\Users\asus\AppData\Local\Programs\MiKTeX 2.9\miktex\bin\x64\;C:\Users\asus\AppData\Local\Microsoft\WindowsApps;C:\Users\asus\AppData\Roaming\npm;C:\Program Files\Graphviz\bin;
USERNAME=asus
OS=Windows_NT
PROCESSOR_IDENTIFIER=Intel64 Family 6 Model 142 Stepping 9, GenuineIntel



---------------  S Y S T E M  ---------------

OS: Windows 10 , 64 bit Build 19041 (10.0.19041.1202)
OS uptime: 5 days 17:53 hours

CPU:total 4 (initial active 4) (2 cores per cpu, 2 threads per core) family 6 model 142 stepping 9, cmov, cx8, fxsr, mmx, sse, sse2, sse3, ssse3, sse4.1, sse4.2, popcnt, avx, avx2, aes, clmul, erms, 3dnowpref, lzcnt, ht, tsc, tscinvbit, bmi1, bmi2, adx, fma

Memory: 4k page, system-wide physical 12174M (1646M free)
TotalPageFile size 12174M (AvailPageFile size 31M)
current process WorkingSet (physical memory assigned to process): 285M, peak: 287M
current process commit charge ("private bytes"): 372M, peak: 414M

vm_info: OpenJDK 64-Bit Server VM (11.0.8+10-b944.6842174) for windows-amd64 JRE (11.0.8+10-b944.6842174), built on Sep 19 2020 01:11:42 by "builder" with MS VC++ 14.0 (VS2015)

END.
