#
# There is insufficient memory for the Java Runtime Environment to continue.
# Native memory allocation (malloc) failed to allocate 2008656 bytes for Chunk::new
# Possible reasons:
#   The system is out of physical RAM or swap space
#   The process is running with CompressedOops enabled, and the Java Heap may be blocking the growth of the native heap
# Possible solutions:
#   Reduce memory load on the system
#   Increase physical memory or swap space
#   Check if swap backing store is full
#   Decrease Java heap size (-Xmx/-Xms)
#   Decrease number of Java threads
#   Decrease Java thread stack sizes (-Xss)
#   Set larger code cache with -XX:ReservedCodeCacheSize=
#   JVM is running with Unscaled Compressed Oops mode in which the Java heap is
#     placed in the first 4GB address space. The Java Heap base address is the
#     maximum limit for the native heap growth. Please use -XX:HeapBaseMinAddress
#     to set the Java Heap base and to place the Java Heap above 4GB virtual address.
# This output file may be truncated or incomplete.
#
#  Out of Memory Error (./src/hotspot/share/memory/arena.cpp:197), pid=4232, tid=9556
#
# JRE version: OpenJDK Runtime Environment (11.0.8+10) (build 11.0.8+10-b944.6842174)
# Java VM: OpenJDK 64-Bit Server VM (11.0.8+10-b944.6842174, mixed mode, tiered, compressed oops, g1 gc, windows-amd64)
# No core dump will be written. Minidumps are not enabled by default on client versions of Windows
#

---------------  S U M M A R Y ------------

Command Line: --add-opens=java.base/java.util=ALL-UNNAMED --add-opens=java.base/java.lang=ALL-UNNAMED --add-opens=java.base/java.lang.invoke=ALL-UNNAMED --add-opens=java.prefs/java.util.prefs=ALL-UNNAMED -Xmx2048m -Dfile.encoding=UTF-8 -Duser.country=TR -Duser.language=tr -Duser.variant org.gradle.launcher.daemon.bootstrap.GradleDaemon 6.7.1

Host: Intel(R) Core(TM) i7-7500U CPU @ 2.70GHz, 4 cores, 11G,  Windows 10 , 64 bit Build 19041 (10.0.19041.1202)
Time: Tue Sep 28 16:36:23 2021 Türkiye Standart Saati elapsed time: 9 seconds (0d 0h 0m 9s)

---------------  T H R E A D  ---------------

Current thread (0x00000124f13aa800):  JavaThread "C2 CompilerThread0" daemon [_thread_in_native, id=9556, stack(0x000000035bd00000,0x000000035be00000)]


Current CompileTask:
C2:   9055 5513   !   4       java.util.jar.Attributes::read (388 bytes)

Stack: [0x000000035bd00000,0x000000035be00000]
Native frames: (J=compiled Java code, j=interpreted, Vv=VM code, C=native code)
V  [jvm.dll+0x5de50a]
V  [jvm.dll+0x7122f5]
V  [jvm.dll+0x71384d]
V  [jvm.dll+0x713f03]
V  [jvm.dll+0x23e728]
V  [jvm.dll+0xb899c]
V  [jvm.dll+0xb8e9c]
V  [jvm.dll+0x35024d]
V  [jvm.dll+0x31dea3]
V  [jvm.dll+0x31d39a]
V  [jvm.dll+0x1f7702]
V  [jvm.dll+0x1f68d4]
V  [jvm.dll+0x17f32c]
V  [jvm.dll+0x205047]
V  [jvm.dll+0x203891]
V  [jvm.dll+0x6dad3f]
V  [jvm.dll+0x6d3895]
V  [jvm.dll+0x5dd4a6]
C  [ucrtbase.dll+0x21bb2]
C  [KERNEL32.DLL+0x17034]
C  [ntdll.dll+0x52651]


---------------  P R O C E S S  ---------------

Threads class SMR info:
_java_thread_list=0x00000124f9007290, length=153, elements={
0x00000124d70ee800, 0x00000124f0b95800, 0x00000124f0b96800, 0x00000124f13a6800,
0x00000124f13a7000, 0x00000124f13aa800, 0x00000124f13ae000, 0x00000124f13f5000,
0x00000124f1549000, 0x00000124f154a800, 0x00000124f3af6800, 0x00000124f34ff800,
0x00000124f3500800, 0x00000124f2ef8800, 0x00000124f2cff000, 0x00000124f2fe0000,
0x00000124f2f85800, 0x00000124f2a4c000, 0x00000124f2f86800, 0x00000124f34f2800,
0x00000124f2b83000, 0x00000124f2b7e000, 0x00000124f2b7f000, 0x00000124f3ab7800,
0x00000124f2b81800, 0x00000124f2b82000, 0x00000124f2b7f800, 0x00000124f2b7d800,
0x00000124f2b84000, 0x00000124f2b80800, 0x00000124f3e05800, 0x00000124f3e06800,
0x00000124f3e07800, 0x00000124f3e0c000, 0x00000124f3e0a800, 0x00000124f3e0b800,
0x00000124f3e0a000, 0x00000124f3e0e000, 0x00000124f3e09000, 0x00000124f3e0d000,
0x00000124f3e08000, 0x00000124f3e12800, 0x00000124f3e14800, 0x00000124f3e0f800,
0x00000124f3e12000, 0x00000124f3e13800, 0x00000124f3e0e800, 0x00000124f3e10800,
0x00000124f3e11000, 0x00000124f3a57000, 0x00000124f3a57800, 0x00000124f3a5a000,
0x00000124f3a54800, 0x00000124f3a56000, 0x00000124f3a58800, 0x00000124f3a55000,
0x00000124f3a59000, 0x00000124f5905800, 0x00000124f5904800, 0x00000124f5902000,
0x00000124f5903000, 0x00000124f5904000, 0x00000124f5909800, 0x00000124f590a800,
0x00000124f5906000, 0x00000124f590d000, 0x00000124f5908800, 0x00000124f590b000,
0x00000124f5908000, 0x00000124f590c000, 0x00000124f5907000, 0x00000124f590d800,
0x00000124f5910000, 0x00000124f5911000, 0x00000124f590f000, 0x00000124f590e800,
0x00000124f64b2000, 0x00000124f64b1000, 0x00000124f64b4000, 0x00000124f64b0000,
0x00000124f64b7800, 0x00000124f64b2800, 0x00000124f64b6000, 0x00000124f64b6800,
0x00000124f64b8800, 0x00000124f64b9000, 0x00000124f64b3800, 0x00000124f64ba000,
0x00000124f64bb000, 0x00000124f64b5000, 0x00000124f64bb800, 0x00000124f64bd000,
0x00000124f64bf000, 0x00000124f64bc800, 0x00000124f64be000, 0x00000124f772b000,
0x00000124f772f000, 0x00000124f772e800, 0x00000124f7730000, 0x00000124f772a800,
0x00000124f7731000, 0x00000124f772c000, 0x00000124f772c800, 0x00000124f772d800,
0x00000124f6a65800, 0x00000124f6a63000, 0x00000124f6a64800, 0x00000124f6a66800,
0x00000124f6a62800, 0x00000124f6a60800, 0x00000124f6a67000, 0x00000124f6a64000,
0x00000124f6a61800, 0x00000124f6a6a800, 0x00000124f6a69800, 0x00000124f6a6d000,
0x00000124f6a6d800, 0x00000124f6a6b000, 0x00000124f6a68000, 0x00000124f6a6c000,
0x00000124f6a6e800, 0x00000124f6a69000, 0x00000124f6a6f800, 0x00000124f7503800,
0x00000124f7507800, 0x00000124f7504000, 0x00000124f7508000, 0x00000124f7502800,
0x00000124f7509000, 0x00000124f750a000, 0x00000124f7505000, 0x00000124f750a800,
0x00000124f750b800, 0x00000124f7506000, 0x00000124f7506800, 0x00000124f750c800,
0x00000124f7510800, 0x00000124f7511000, 0x00000124f750f000, 0x00000124f750d000,
0x00000124f750e000, 0x00000124f750f800, 0x00000124f73f6800, 0x00000124f73f3800,
0x00000124f73f8800, 0x00000124f73f7800, 0x00000124f73f5000, 0x00000124f73f2800,
0x00000124f73f9000, 0x00000124f73fa000, 0x00000124f73f4000, 0x00000124f73fb000,
0x00000124f73fb800
}

Java Threads: ( => current thread )
  0x00000124d70ee800 JavaThread "main" [_thread_blocked, id=12880, stack(0x000000035b200000,0x000000035b300000)]
  0x00000124f0b95800 JavaThread "Reference Handler" daemon [_thread_blocked, id=13492, stack(0x000000035b900000,0x000000035ba00000)]
  0x00000124f0b96800 JavaThread "Finalizer" daemon [_thread_blocked, id=1860, stack(0x000000035ba00000,0x000000035bb00000)]
  0x00000124f13a6800 JavaThread "Signal Dispatcher" daemon [_thread_blocked, id=10540, stack(0x000000035bb00000,0x000000035bc00000)]
  0x00000124f13a7000 JavaThread "Attach Listener" daemon [_thread_blocked, id=15196, stack(0x000000035bc00000,0x000000035bd00000)]
=>0x00000124f13aa800 JavaThread "C2 CompilerThread0" daemon [_thread_in_native, id=9556, stack(0x000000035bd00000,0x000000035be00000)]
  0x00000124f13ae000 JavaThread "C1 CompilerThread0" daemon [_thread_blocked, id=6712, stack(0x000000035be00000,0x000000035bf00000)]
  0x00000124f13f5000 JavaThread "Sweeper thread" daemon [_thread_blocked, id=3472, stack(0x000000035bf00000,0x000000035c000000)]
  0x00000124f1549000 JavaThread "Common-Cleaner" daemon [_thread_blocked, id=9628, stack(0x000000035c000000,0x000000035c100000)]
  0x00000124f154a800 JavaThread "Service Thread" daemon [_thread_blocked, id=6424, stack(0x000000035c100000,0x000000035c200000)]
  0x00000124f3af6800 JavaThread "Daemon health stats" [_thread_blocked, id=4544, stack(0x000000035c700000,0x000000035c800000)]
  0x00000124f34ff800 JavaThread "Incoming local TCP Connector on port 63585" [_thread_in_native, id=2696, stack(0x000000035c900000,0x000000035ca00000)]
  0x00000124f3500800 JavaThread "Daemon periodic checks" [_thread_blocked, id=12464, stack(0x000000035ca00000,0x000000035cb00000)]
  0x00000124f2ef8800 JavaThread "Daemon" [_thread_blocked, id=14476, stack(0x000000035cb00000,0x000000035cc00000)]
  0x00000124f2cff000 JavaThread "Handler for socket connection from /127.0.0.1:63585 to /127.0.0.1:63586" [_thread_in_native, id=6172, stack(0x000000035cc00000,0x000000035cd00000)]
  0x00000124f2fe0000 JavaThread "Cancel handler" [_thread_blocked, id=1312, stack(0x000000035cd00000,0x000000035ce00000)]
  0x00000124f2f85800 JavaThread "Daemon worker" [_thread_in_vm, id=6132, stack(0x000000035ce00000,0x000000035cf00000)]
  0x00000124f2a4c000 JavaThread "Asynchronous log dispatcher for DefaultDaemonConnection: socket connection from /127.0.0.1:63585 to /127.0.0.1:63586" [_thread_blocked, id=7740, stack(0x000000035cf00000,0x000000035d000000)]
  0x00000124f2f86800 JavaThread "Stdin handler" [_thread_blocked, id=1228, stack(0x000000035d000000,0x000000035d100000)]
  0x00000124f34f2800 JavaThread "Thread-8" [_thread_blocked, id=12848, stack(0x000000035d100000,0x000000035d200000)]
  0x00000124f2b83000 JavaThread "Cache worker for file hash cache (C:\Users\asus\Desktop\JavaLearning\caches\6.7.1\fileHashes)" [_thread_blocked, id=724, stack(0x000000035d200000,0x000000035d300000)]
  0x00000124f2b7e000 JavaThread "File lock request listener" [_thread_in_native, id=8172, stack(0x000000035d300000,0x000000035d400000)]
  0x00000124f2b7f000 JavaThread "Cache worker for journal cache (C:\Users\asus\Desktop\JavaLearning\caches\journal-1)" [_thread_blocked, id=6936, stack(0x000000035d400000,0x000000035d500000)]
  0x00000124f3ab7800 JavaThread "C2 CompilerThread1" daemon [_thread_in_native, id=8540, stack(0x000000035d500000,0x000000035d600000)]
  0x00000124f2b81800 JavaThread "Cache worker for file hash cache (C:\Users\asus\Desktop\MyNotebookProject\.gradle\6.7.1\fileHashes)" [_thread_blocked, id=8312, stack(0x000000035d600000,0x000000035d700000)]
  0x00000124f2b82000 JavaThread "jar transforms" [_thread_blocked, id=14756, stack(0x000000035d700000,0x000000035d800000)]
  0x00000124f2b7f800 JavaThread "jar transforms Thread 2" [_thread_blocked, id=13744, stack(0x000000035d800000,0x000000035d900000)]
  0x00000124f2b7d800 JavaThread "jar transforms Thread 3" [_thread_blocked, id=6220, stack(0x000000035d900000,0x000000035da00000)]
  0x00000124f2b84000 JavaThread "jar transforms Thread 4" [_thread_blocked, id=14588, stack(0x000000035da00000,0x000000035db00000)]
  0x00000124f2b80800 JavaThread "jar transforms Thread 5" [_thread_blocked, id=13740, stack(0x000000035db00000,0x000000035dc00000)]
  0x00000124f3e05800 JavaThread "jar transforms Thread 6" [_thread_blocked, id=14784, stack(0x000000035dc00000,0x000000035dd00000)]
  0x00000124f3e06800 JavaThread "jar transforms Thread 7" [_thread_blocked, id=3116, stack(0x000000035dd00000,0x000000035de00000)]
  0x00000124f3e07800 JavaThread "jar transforms Thread 8" [_thread_blocked, id=2288, stack(0x000000035de00000,0x000000035df00000)]
  0x00000124f3e0c000 JavaThread "jar transforms Thread 9" [_thread_blocked, id=3220, stack(0x000000035df00000,0x000000035e000000)]
  0x00000124f3e0a800 JavaThread "jar transforms Thread 10" [_thread_blocked, id=7096, stack(0x000000035e000000,0x000000035e100000)]
  0x00000124f3e0b800 JavaThread "jar transforms Thread 11" [_thread_blocked, id=14312, stack(0x000000035e100000,0x000000035e200000)]
  0x00000124f3e0a000 JavaThread "jar transforms Thread 12" [_thread_blocked, id=3276, stack(0x000000035e200000,0x000000035e300000)]
  0x00000124f3e0e000 JavaThread "jar transforms Thread 13" [_thread_blocked, id=5552, stack(0x000000035e300000,0x000000035e400000)]
  0x00000124f3e09000 JavaThread "jar transforms Thread 14" [_thread_blocked, id=12208, stack(0x000000035e400000,0x000000035e500000)]
  0x00000124f3e0d000 JavaThread "jar transforms Thread 15" [_thread_blocked, id=5952, stack(0x000000035e500000,0x000000035e600000)]
  0x00000124f3e08000 JavaThread "jar transforms Thread 16" [_thread_blocked, id=4088, stack(0x000000035e600000,0x000000035e700000)]
  0x00000124f3e12800 JavaThread "jar transforms Thread 17" [_thread_blocked, id=10580, stack(0x000000035e700000,0x000000035e800000)]
  0x00000124f3e14800 JavaThread "jar transforms Thread 18" [_thread_blocked, id=14992, stack(0x000000035e800000,0x000000035e900000)]
  0x00000124f3e0f800 JavaThread "jar transforms Thread 19" [_thread_blocked, id=13712, stack(0x000000035e900000,0x000000035ea00000)]
  0x00000124f3e12000 JavaThread "jar transforms Thread 20" [_thread_blocked, id=5636, stack(0x000000035ea00000,0x000000035eb00000)]
  0x00000124f3e13800 JavaThread "jar transforms Thread 21" [_thread_blocked, id=9944, stack(0x000000035eb00000,0x000000035ec00000)]
  0x00000124f3e0e800 JavaThread "Cache worker for checksums cache (C:\Users\asus\Desktop\MyNotebookProject\.gradle\checksums)" [_thread_blocked, id=13708, stack(0x000000035ec00000,0x000000035ed00000)]
  0x00000124f3e10800 JavaThread "Cache worker for cache directory md-supplier (C:\Users\asus\Desktop\JavaLearning\caches\6.7.1\md-supplier)" [_thread_blocked, id=1788, stack(0x000000035ed00000,0x000000035ee00000)]
  0x00000124f3e11000 JavaThread "Cache worker for cache directory md-rule (C:\Users\asus\Desktop\JavaLearning\caches\6.7.1\md-rule)" [_thread_blocked, id=12340, stack(0x000000035ee00000,0x000000035ef00000)]
  0x00000124f3a57000 JavaThread "Cache worker for execution history cache (C:\Users\asus\Desktop\JavaLearning\caches\6.7.1\executionHistory)" [_thread_blocked, id=6784, stack(0x000000035ef00000,0x000000035f000000)]
  0x00000124f3a57800 JavaThread "Cache worker for file content cache (C:\Users\asus\Desktop\JavaLearning\caches\6.7.1\fileContent)" [_thread_blocked, id=6540, stack(0x000000035f000000,0x000000035f100000)]
  0x00000124f3a5a000 JavaThread "Cache worker for Build Output Cleanup Cache (C:\Users\asus\Desktop\MyNotebookProject\.gradle\buildOutputCleanup)" [_thread_blocked, id=7540, stack(0x000000035f100000,0x000000035f200000)]
  0x00000124f3a54800 JavaThread "Build operations" [_thread_blocked, id=1988, stack(0x000000035f200000,0x000000035f300000)]
  0x00000124f3a56000 JavaThread "Build operations Thread 2" [_thread_blocked, id=13940, stack(0x000000035f300000,0x000000035f400000)]
  0x00000124f3a58800 JavaThread "Build operations Thread 3" [_thread_blocked, id=11440, stack(0x000000035f400000,0x000000035f500000)]
  0x00000124f3a55000 JavaThread "Build operations Thread 4" [_thread_blocked, id=14840, stack(0x000000035f500000,0x000000035f600000)]
  0x00000124f3a59000 JavaThread "jar transforms Thread 22" [_thread_blocked, id=8948, stack(0x000000035f600000,0x000000035f700000)]
  0x00000124f5905800 JavaThread "jar transforms Thread 23" [_thread_blocked, id=13620, stack(0x000000035f700000,0x000000035f800000)]
  0x00000124f5904800 JavaThread "jar transforms Thread 24" [_thread_blocked, id=9912, stack(0x000000035f800000,0x000000035f900000)]
  0x00000124f5902000 JavaThread "jar transforms Thread 25" [_thread_blocked, id=13984, stack(0x000000035f900000,0x000000035fa00000)]
  0x00000124f5903000 JavaThread "jar transforms Thread 26" [_thread_blocked, id=10012, stack(0x000000035fa00000,0x000000035fb00000)]
  0x00000124f5904000 JavaThread "jar transforms Thread 27" [_thread_blocked, id=8960, stack(0x000000035fb00000,0x000000035fc00000)]
  0x00000124f5909800 JavaThread "jar transforms Thread 28" [_thread_blocked, id=5864, stack(0x000000035fc00000,0x000000035fd00000)]
  0x00000124f590a800 JavaThread "jar transforms Thread 29" [_thread_blocked, id=11884, stack(0x000000035fd00000,0x000000035fe00000)]
  0x00000124f5906000 JavaThread "jar transforms Thread 30" [_thread_blocked, id=5312, stack(0x000000035fe00000,0x000000035ff00000)]
  0x00000124f590d000 JavaThread "jar transforms Thread 31" [_thread_blocked, id=11776, stack(0x000000035ff00000,0x0000000360000000)]
  0x00000124f5908800 JavaThread "jar transforms Thread 32" [_thread_blocked, id=13304, stack(0x0000000360000000,0x0000000360100000)]
  0x00000124f590b000 JavaThread "jar transforms Thread 33" [_thread_blocked, id=9584, stack(0x0000000360100000,0x0000000360200000)]
  0x00000124f5908000 JavaThread "jar transforms Thread 34" [_thread_blocked, id=9228, stack(0x0000000360200000,0x0000000360300000)]
  0x00000124f590c000 JavaThread "jar transforms Thread 35" [_thread_blocked, id=6868, stack(0x0000000360300000,0x0000000360400000)]
  0x00000124f5907000 JavaThread "jar transforms Thread 36" [_thread_blocked, id=13216, stack(0x0000000360400000,0x0000000360500000)]
  0x00000124f590d800 JavaThread "jar transforms Thread 37" [_thread_blocked, id=9460, stack(0x0000000360500000,0x0000000360600000)]
  0x00000124f5910000 JavaThread "jar transforms Thread 38" [_thread_blocked, id=6760, stack(0x0000000360600000,0x0000000360700000)]
  0x00000124f5911000 JavaThread "jar transforms Thread 39" [_thread_blocked, id=12908, stack(0x0000000360700000,0x0000000360800000)]
  0x00000124f590f000 JavaThread "jar transforms Thread 40" [_thread_blocked, id=12520, stack(0x0000000360800000,0x0000000360900000)]
  0x00000124f590e800 JavaThread "jar transforms Thread 41" [_thread_blocked, id=10788, stack(0x0000000360900000,0x0000000360a00000)]
  0x00000124f64b2000 JavaThread "jar transforms Thread 42" [_thread_blocked, id=4472, stack(0x0000000360a00000,0x0000000360b00000)]
  0x00000124f64b1000 JavaThread "jar transforms Thread 43" [_thread_blocked, id=10452, stack(0x0000000360b00000,0x0000000360c00000)]
  0x00000124f64b4000 JavaThread "jar transforms Thread 44" [_thread_blocked, id=7440, stack(0x0000000360c00000,0x0000000360d00000)]
  0x00000124f64b0000 JavaThread "jar transforms Thread 45" [_thread_blocked, id=3236, stack(0x0000000360d00000,0x0000000360e00000)]
  0x00000124f64b7800 JavaThread "jar transforms Thread 46" [_thread_blocked, id=14896, stack(0x0000000360e00000,0x0000000360f00000)]
  0x00000124f64b2800 JavaThread "jar transforms Thread 47" [_thread_blocked, id=15220, stack(0x0000000360f00000,0x0000000361000000)]
  0x00000124f64b6000 JavaThread "jar transforms Thread 48" [_thread_blocked, id=9004, stack(0x0000000361000000,0x0000000361100000)]
  0x00000124f64b6800 JavaThread "jar transforms Thread 49" [_thread_blocked, id=9724, stack(0x0000000361100000,0x0000000361200000)]
  0x00000124f64b8800 JavaThread "jar transforms Thread 50" [_thread_blocked, id=10684, stack(0x0000000361200000,0x0000000361300000)]
  0x00000124f64b9000 JavaThread "jar transforms Thread 51" [_thread_blocked, id=7492, stack(0x0000000361300000,0x0000000361400000)]
  0x00000124f64b3800 JavaThread "jar transforms Thread 52" [_thread_blocked, id=5968, stack(0x0000000361400000,0x0000000361500000)]
  0x00000124f64ba000 JavaThread "jar transforms Thread 53" [_thread_blocked, id=2272, stack(0x0000000361500000,0x0000000361600000)]
  0x00000124f64bb000 JavaThread "jar transforms Thread 54" [_thread_blocked, id=5160, stack(0x0000000361600000,0x0000000361700000)]
  0x00000124f64b5000 JavaThread "jar transforms Thread 55" [_thread_blocked, id=13592, stack(0x0000000361700000,0x0000000361800000)]
  0x00000124f64bb800 JavaThread "jar transforms Thread 56" [_thread_blocked, id=12224, stack(0x0000000361800000,0x0000000361900000)]
  0x00000124f64bd000 JavaThread "jar transforms Thread 57" [_thread_blocked, id=12684, stack(0x0000000361900000,0x0000000361a00000)]
  0x00000124f64bf000 JavaThread "jar transforms Thread 58" [_thread_blocked, id=11912, stack(0x0000000361a00000,0x0000000361b00000)]
  0x00000124f64bc800 JavaThread "jar transforms Thread 59" [_thread_blocked, id=14960, stack(0x0000000361b00000,0x0000000361c00000)]
  0x00000124f64be000 JavaThread "jar transforms Thread 60" [_thread_blocked, id=6636, stack(0x0000000361c00000,0x0000000361d00000)]
  0x00000124f772b000 JavaThread "jar transforms Thread 61" [_thread_blocked, id=7828, stack(0x0000000361d00000,0x0000000361e00000)]
  0x00000124f772f000 JavaThread "jar transforms Thread 62" [_thread_blocked, id=7352, stack(0x0000000361e00000,0x0000000361f00000)]
  0x00000124f772e800 JavaThread "jar transforms Thread 63" [_thread_blocked, id=10736, stack(0x0000000361f00000,0x0000000362000000)]
  0x00000124f7730000 JavaThread "jar transforms Thread 64" [_thread_blocked, id=12396, stack(0x0000000362000000,0x0000000362100000)]
  0x00000124f772a800 JavaThread "jar transforms Thread 65" [_thread_blocked, id=7568, stack(0x0000000362100000,0x0000000362200000)]
  0x00000124f7731000 JavaThread "jar transforms Thread 66" [_thread_blocked, id=11280, stack(0x0000000362200000,0x0000000362300000)]
  0x00000124f772c000 JavaThread "jar transforms Thread 67" [_thread_blocked, id=4584, stack(0x0000000362300000,0x0000000362400000)]
  0x00000124f772c800 JavaThread "jar transforms Thread 68" [_thread_blocked, id=10552, stack(0x0000000362400000,0x0000000362500000)]
  0x00000124f772d800 JavaThread "jar transforms Thread 69" [_thread_blocked, id=8936, stack(0x0000000362500000,0x0000000362600000)]
  0x00000124f6a65800 JavaThread "jar transforms Thread 70" [_thread_blocked, id=6212, stack(0x0000000362600000,0x0000000362700000)]
  0x00000124f6a63000 JavaThread "jar transforms Thread 71" [_thread_blocked, id=4044, stack(0x0000000362700000,0x0000000362800000)]
  0x00000124f6a64800 JavaThread "jar transforms Thread 72" [_thread_blocked, id=10212, stack(0x0000000362800000,0x0000000362900000)]
  0x00000124f6a66800 JavaThread "jar transforms Thread 73" [_thread_blocked, id=11216, stack(0x0000000362900000,0x0000000362a00000)]
  0x00000124f6a62800 JavaThread "jar transforms Thread 74" [_thread_blocked, id=1816, stack(0x0000000362a00000,0x0000000362b00000)]
  0x00000124f6a60800 JavaThread "jar transforms Thread 75" [_thread_blocked, id=4936, stack(0x0000000362b00000,0x0000000362c00000)]
  0x00000124f6a67000 JavaThread "jar transforms Thread 76" [_thread_blocked, id=7308, stack(0x0000000362c00000,0x0000000362d00000)]
  0x00000124f6a64000 JavaThread "jar transforms Thread 77" [_thread_blocked, id=6452, stack(0x0000000362d00000,0x0000000362e00000)]
  0x00000124f6a61800 JavaThread "jar transforms Thread 78" [_thread_blocked, id=12596, stack(0x0000000362e00000,0x0000000362f00000)]
  0x00000124f6a6a800 JavaThread "jar transforms Thread 79" [_thread_blocked, id=10908, stack(0x0000000362f00000,0x0000000363000000)]
  0x00000124f6a69800 JavaThread "jar transforms Thread 80" [_thread_blocked, id=13204, stack(0x0000000363000000,0x0000000363100000)]
  0x00000124f6a6d000 JavaThread "jar transforms Thread 81" [_thread_blocked, id=10000, stack(0x0000000363100000,0x0000000363200000)]
  0x00000124f6a6d800 JavaThread "jar transforms Thread 82" [_thread_blocked, id=14584, stack(0x0000000363200000,0x0000000363300000)]
  0x00000124f6a6b000 JavaThread "jar transforms Thread 83" [_thread_blocked, id=5640, stack(0x0000000363300000,0x0000000363400000)]
  0x00000124f6a68000 JavaThread "jar transforms Thread 84" [_thread_blocked, id=12988, stack(0x0000000363400000,0x0000000363500000)]
  0x00000124f6a6c000 JavaThread "jar transforms Thread 85" [_thread_blocked, id=12020, stack(0x0000000363500000,0x0000000363600000)]
  0x00000124f6a6e800 JavaThread "jar transforms Thread 86" [_thread_blocked, id=11628, stack(0x0000000363600000,0x0000000363700000)]
  0x00000124f6a69000 JavaThread "jar transforms Thread 87" [_thread_blocked, id=4144, stack(0x0000000363700000,0x0000000363800000)]
  0x00000124f6a6f800 JavaThread "jar transforms Thread 88" [_thread_blocked, id=15352, stack(0x0000000363800000,0x0000000363900000)]
  0x00000124f7503800 JavaThread "jar transforms Thread 89" [_thread_blocked, id=3420, stack(0x0000000363900000,0x0000000363a00000)]
  0x00000124f7507800 JavaThread "jar transforms Thread 90" [_thread_blocked, id=7356, stack(0x0000000363a00000,0x0000000363b00000)]
  0x00000124f7504000 JavaThread "jar transforms Thread 91" [_thread_blocked, id=3748, stack(0x0000000363b00000,0x0000000363c00000)]
  0x00000124f7508000 JavaThread "jar transforms Thread 92" [_thread_blocked, id=11404, stack(0x0000000363c00000,0x0000000363d00000)]
  0x00000124f7502800 JavaThread "jar transforms Thread 93" [_thread_blocked, id=10084, stack(0x0000000363d00000,0x0000000363e00000)]
  0x00000124f7509000 JavaThread "jar transforms Thread 94" [_thread_blocked, id=6920, stack(0x0000000363e00000,0x0000000363f00000)]
  0x00000124f750a000 JavaThread "jar transforms Thread 95" [_thread_blocked, id=1252, stack(0x0000000363f00000,0x0000000364000000)]
  0x00000124f7505000 JavaThread "jar transforms Thread 96" [_thread_blocked, id=7148, stack(0x0000000364000000,0x0000000364100000)]
  0x00000124f750a800 JavaThread "jar transforms Thread 97" [_thread_blocked, id=4352, stack(0x0000000364100000,0x0000000364200000)]
  0x00000124f750b800 JavaThread "jar transforms Thread 98" [_thread_blocked, id=8588, stack(0x0000000364200000,0x0000000364300000)]
  0x00000124f7506000 JavaThread "jar transforms Thread 99" [_thread_blocked, id=9732, stack(0x0000000364300000,0x0000000364400000)]
  0x00000124f7506800 JavaThread "jar transforms Thread 100" [_thread_blocked, id=10264, stack(0x0000000364400000,0x0000000364500000)]
  0x00000124f750c800 JavaThread "jar transforms Thread 101" [_thread_blocked, id=6536, stack(0x0000000364500000,0x0000000364600000)]
  0x00000124f7510800 JavaThread "jar transforms Thread 102" [_thread_blocked, id=4968, stack(0x0000000364600000,0x0000000364700000)]
  0x00000124f7511000 JavaThread "jar transforms Thread 103" [_thread_blocked, id=1468, stack(0x0000000364700000,0x0000000364800000)]
  0x00000124f750f000 JavaThread "jar transforms Thread 104" [_thread_blocked, id=3348, stack(0x0000000364800000,0x0000000364900000)]
  0x00000124f750d000 JavaThread "jar transforms Thread 105" [_thread_blocked, id=10332, stack(0x0000000364900000,0x0000000364a00000)]
  0x00000124f750e000 JavaThread "jar transforms Thread 106" [_thread_blocked, id=15020, stack(0x0000000364a00000,0x0000000364b00000)]
  0x00000124f750f800 JavaThread "jar transforms Thread 107" [_thread_blocked, id=12488, stack(0x0000000364b00000,0x0000000364c00000)]
  0x00000124f73f6800 JavaThread "jar transforms Thread 108" [_thread_blocked, id=11524, stack(0x0000000364c00000,0x0000000364d00000)]
  0x00000124f73f3800 JavaThread "jar transforms Thread 109" [_thread_blocked, id=12932, stack(0x0000000364d00000,0x0000000364e00000)]
  0x00000124f73f8800 JavaThread "jar transforms Thread 110" [_thread_blocked, id=10016, stack(0x0000000364e00000,0x0000000364f00000)]
  0x00000124f73f7800 JavaThread "jar transforms Thread 111" [_thread_blocked, id=11572, stack(0x0000000364f00000,0x0000000365000000)]
  0x00000124f73f5000 JavaThread "jar transforms Thread 112" [_thread_blocked, id=5928, stack(0x0000000365000000,0x0000000365100000)]
  0x00000124f73f2800 JavaThread "jar transforms Thread 113" [_thread_blocked, id=10608, stack(0x0000000365100000,0x0000000365200000)]
  0x00000124f73f9000 JavaThread "jar transforms Thread 114" [_thread_blocked, id=9788, stack(0x0000000365200000,0x0000000365300000)]
  0x00000124f73fa000 JavaThread "jar transforms Thread 115" [_thread_blocked, id=1168, stack(0x0000000365300000,0x0000000365400000)]
  0x00000124f73f4000 JavaThread "jar transforms Thread 116" [_thread_blocked, id=12676, stack(0x0000000365400000,0x0000000365500000)]
  0x00000124f73fb000 JavaThread "jar transforms Thread 117" [_thread_blocked, id=12728, stack(0x0000000365500000,0x0000000365600000)]
  0x00000124f73fb800 JavaThread "Memory manager" [_thread_blocked, id=10984, stack(0x0000000365600000,0x0000000365700000)]

Other Threads:
  0x00000124f0b7e800 VMThread "VM Thread" [stack: 0x000000035b800000,0x000000035b900000] [id=10388]
  0x00000124f154b800 WatcherThread [stack: 0x000000035c200000,0x000000035c300000] [id=13340]
  0x00000124d7103800 GCTaskThread "GC Thread#0" [stack: 0x000000035b300000,0x000000035b400000] [id=13964]
  0x00000124f1adc800 GCTaskThread "GC Thread#1" [stack: 0x000000035c400000,0x000000035c500000] [id=14660]
  0x00000124f1e31800 GCTaskThread "GC Thread#2" [stack: 0x000000035c500000,0x000000035c600000] [id=13724]
  0x00000124f1e32000 GCTaskThread "GC Thread#3" [stack: 0x000000035c600000,0x000000035c700000] [id=12292]
  0x00000124d7137800 ConcurrentGCThread "G1 Main Marker" [stack: 0x000000035b400000,0x000000035b500000] [id=2528]
  0x00000124d7139000 ConcurrentGCThread "G1 Conc#0" [stack: 0x000000035b500000,0x000000035b600000] [id=6268]
  0x00000124f09ce800 ConcurrentGCThread "G1 Refine#0" [stack: 0x000000035b600000,0x000000035b700000] [id=7436]
  0x00000124f09cf000 ConcurrentGCThread "G1 Young RemSet Sampling" [stack: 0x000000035b700000,0x000000035b800000] [id=9184]

Threads with active compile tasks:
C2 CompilerThread0   9082 5513   !   4       java.util.jar.Attributes::read (388 bytes)
C1 CompilerThread0   9082 5624       2       sun.reflect.annotation.AnnotationParser::parseIntArray (84 bytes)
C2 CompilerThread1   9082 5477   !   4       com.google.common.reflect.TypeVisitor::visit (225 bytes)

VM state:not at safepoint (normal execution)

VM Mutex/Monitor currently owned by a thread: None

Heap address: 0x0000000080000000, size: 2048 MB, Compressed Oops mode: 32-bit
Narrow klass base: 0x0000000000000000, Narrow klass shift: 3
Compressed class space size: 1073741824 Address: 0x0000000100000000

Heap:
 garbage-first heap   total 236544K, used 83198K [0x0000000080000000, 0x0000000100000000)
  region size 1024K, 20 young (20480K), 6 survivors (6144K)
 Metaspace       used 59462K, capacity 61091K, committed 61348K, reserved 1103872K
  class space    used 7566K, capacity 8061K, committed 8064K, reserved 1048576K
Heap Regions: E=young(eden), S=young(survivor), O=old, HS=humongous(starts), HC=humongous(continues), CS=collection set, F=free, A=archive, TAMS=top-at-mark-start (previous, next)
|   0|0x0000000080000000, 0x0000000080100000, 0x0000000080100000|100%| O|  |TAMS 0x0000000080100000, 0x0000000080000000| Untracked 
|   1|0x0000000080100000, 0x0000000080200000, 0x0000000080200000|100%| O|  |TAMS 0x0000000080200000, 0x0000000080100000| Untracked 
|   2|0x0000000080200000, 0x0000000080300000, 0x0000000080300000|100%| O|  |TAMS 0x0000000080300000, 0x0000000080200000| Untracked 
|   3|0x0000000080300000, 0x0000000080400000, 0x0000000080400000|100%|HS|  |TAMS 0x0000000080400000, 0x0000000080300000| Complete 
|   4|0x0000000080400000, 0x0000000080500000, 0x0000000080500000|100%|HC|  |TAMS 0x0000000080500000, 0x0000000080400000| Complete 
|   5|0x0000000080500000, 0x0000000080600000, 0x0000000080600000|100%|HC|  |TAMS 0x0000000080600000, 0x0000000080500000| Complete 
|   6|0x0000000080600000, 0x0000000080700000, 0x0000000080700000|100%| O|  |TAMS 0x0000000080700000, 0x0000000080600000| Untracked 
|   7|0x0000000080700000, 0x0000000080800000, 0x0000000080800000|100%| O|  |TAMS 0x0000000080800000, 0x0000000080700000| Untracked 
|   8|0x0000000080800000, 0x0000000080900000, 0x0000000080900000|100%| O|  |TAMS 0x0000000080900000, 0x0000000080800000| Untracked 
|   9|0x0000000080900000, 0x0000000080a00000, 0x0000000080a00000|100%| O|  |TAMS 0x0000000080a00000, 0x0000000080900000| Untracked 
|  10|0x0000000080a00000, 0x0000000080b00000, 0x0000000080b00000|100%| O|  |TAMS 0x0000000080b00000, 0x0000000080a00000| Untracked 
|  11|0x0000000080b00000, 0x0000000080c00000, 0x0000000080c00000|100%| O|  |TAMS 0x0000000080c00000, 0x0000000080b00000| Untracked 
|  12|0x0000000080c00000, 0x0000000080d00000, 0x0000000080d00000|100%| O|  |TAMS 0x0000000080d00000, 0x0000000080c00000| Untracked 
|  13|0x0000000080d00000, 0x0000000080e00000, 0x0000000080e00000|100%|HS|  |TAMS 0x0000000080e00000, 0x0000000080d00000| Complete 
|  14|0x0000000080e00000, 0x0000000080f00000, 0x0000000080f00000|100%|HC|  |TAMS 0x0000000080f00000, 0x0000000080e00000| Complete 
|  15|0x0000000080f00000, 0x0000000081000000, 0x0000000081000000|100%|HS|  |TAMS 0x0000000081000000, 0x0000000080f00000| Complete 
|  16|0x0000000081000000, 0x0000000081100000, 0x0000000081100000|100%|HC|  |TAMS 0x0000000081100000, 0x0000000081000000| Complete 
|  17|0x0000000081100000, 0x0000000081200000, 0x0000000081200000|100%|HC|  |TAMS 0x0000000081200000, 0x0000000081100000| Complete 
|  18|0x0000000081200000, 0x0000000081300000, 0x0000000081300000|100%|HS|  |TAMS 0x0000000081300000, 0x0000000081200000| Complete 
|  19|0x0000000081300000, 0x0000000081400000, 0x0000000081400000|100%|HC|  |TAMS 0x0000000081400000, 0x0000000081300000| Complete 
|  20|0x0000000081400000, 0x0000000081500000, 0x0000000081500000|100%|HC|  |TAMS 0x0000000081500000, 0x0000000081400000| Complete 
|  21|0x0000000081500000, 0x0000000081600000, 0x0000000081600000|100%|HC|  |TAMS 0x0000000081600000, 0x0000000081500000| Complete 
|  22|0x0000000081600000, 0x0000000081700000, 0x0000000081700000|100%| O|  |TAMS 0x0000000081700000, 0x0000000081600000| Untracked 
|  23|0x0000000081700000, 0x0000000081800000, 0x0000000081800000|100%| O|  |TAMS 0x0000000081800000, 0x0000000081700000| Untracked 
|  24|0x0000000081800000, 0x0000000081900000, 0x0000000081900000|100%| O|  |TAMS 0x0000000081900000, 0x0000000081800000| Untracked 
|  25|0x0000000081900000, 0x0000000081a00000, 0x0000000081a00000|100%|HS|  |TAMS 0x0000000081a00000, 0x0000000081900000| Complete 
|  26|0x0000000081a00000, 0x0000000081b00000, 0x0000000081b00000|100%| O|  |TAMS 0x0000000081b00000, 0x0000000081a00000| Untracked 
|  27|0x0000000081b00000, 0x0000000081c00000, 0x0000000081c00000|100%| O|  |TAMS 0x0000000081c00000, 0x0000000081b00000| Untracked 
|  28|0x0000000081c00000, 0x0000000081d00000, 0x0000000081d00000|100%|HS|  |TAMS 0x0000000081d00000, 0x0000000081c00000| Complete 
|  29|0x0000000081d00000, 0x0000000081e00000, 0x0000000081e00000|100%|HC|  |TAMS 0x0000000081e00000, 0x0000000081d00000| Complete 
|  30|0x0000000081e00000, 0x0000000081f00000, 0x0000000081f00000|100%|HC|  |TAMS 0x0000000081f00000, 0x0000000081e00000| Complete 
|  31|0x0000000081f00000, 0x0000000082000000, 0x0000000082000000|100%|HC|  |TAMS 0x0000000082000000, 0x0000000081f00000| Complete 
|  32|0x0000000082000000, 0x0000000082100000, 0x0000000082100000|100%|HS|  |TAMS 0x0000000082100000, 0x0000000082000000| Complete 
|  33|0x0000000082100000, 0x0000000082200000, 0x0000000082200000|100%|HC|  |TAMS 0x0000000082200000, 0x0000000082100000| Complete 
|  34|0x0000000082200000, 0x0000000082300000, 0x0000000082300000|100%|HC|  |TAMS 0x0000000082300000, 0x0000000082200000| Complete 
|  35|0x0000000082300000, 0x0000000082400000, 0x0000000082400000|100%| O|  |TAMS 0x0000000082400000, 0x0000000082300000| Untracked 
|  36|0x0000000082400000, 0x0000000082500000, 0x0000000082500000|100%| O|  |TAMS 0x0000000082500000, 0x0000000082400000| Untracked 
|  37|0x0000000082500000, 0x0000000082600000, 0x0000000082600000|100%| O|  |TAMS 0x0000000082600000, 0x0000000082500000| Untracked 
|  38|0x0000000082600000, 0x0000000082700000, 0x0000000082700000|100%| O|  |TAMS 0x0000000082700000, 0x0000000082600000| Untracked 
|  39|0x0000000082700000, 0x0000000082800000, 0x0000000082800000|100%| O|  |TAMS 0x0000000082800000, 0x0000000082700000| Untracked 
|  40|0x0000000082800000, 0x0000000082900000, 0x0000000082900000|100%| O|  |TAMS 0x0000000082900000, 0x0000000082800000| Untracked 
|  41|0x0000000082900000, 0x0000000082a00000, 0x0000000082a00000|100%| O|  |TAMS 0x0000000082a00000, 0x0000000082900000| Untracked 
|  42|0x0000000082a00000, 0x0000000082b00000, 0x0000000082b00000|100%|HS|  |TAMS 0x0000000082b00000, 0x0000000082a00000| Complete 
|  43|0x0000000082b00000, 0x0000000082c00000, 0x0000000082c00000|100%|HC|  |TAMS 0x0000000082c00000, 0x0000000082b00000| Complete 
|  44|0x0000000082c00000, 0x0000000082d00000, 0x0000000082d00000|100%|HC|  |TAMS 0x0000000082d00000, 0x0000000082c00000| Complete 
|  45|0x0000000082d00000, 0x0000000082e00000, 0x0000000082e00000|100%| O|  |TAMS 0x0000000082e00000, 0x0000000082d00000| Untracked 
|  46|0x0000000082e00000, 0x0000000082f00000, 0x0000000082f00000|100%| O|  |TAMS 0x0000000082f00000, 0x0000000082e00000| Untracked 
|  47|0x0000000082f00000, 0x0000000083000000, 0x0000000083000000|100%| O|  |TAMS 0x0000000083000000, 0x0000000082f00000| Untracked 
|  48|0x0000000083000000, 0x0000000083100000, 0x0000000083100000|100%| O|  |TAMS 0x0000000083100000, 0x0000000083000000| Untracked 
|  49|0x0000000083100000, 0x0000000083200000, 0x0000000083200000|100%| O|  |TAMS 0x0000000083200000, 0x0000000083100000| Untracked 
|  50|0x0000000083200000, 0x0000000083300000, 0x0000000083300000|100%| O|  |TAMS 0x0000000083300000, 0x0000000083200000| Untracked 
|  51|0x0000000083300000, 0x0000000083400000, 0x0000000083400000|100%| O|  |TAMS 0x0000000083400000, 0x0000000083300000| Untracked 
|  52|0x0000000083400000, 0x0000000083500000, 0x0000000083500000|100%|HS|  |TAMS 0x0000000083500000, 0x0000000083400000| Complete 
|  53|0x0000000083500000, 0x0000000083600000, 0x0000000083600000|100%|HC|  |TAMS 0x0000000083600000, 0x0000000083500000| Complete 
|  54|0x0000000083600000, 0x0000000083700000, 0x0000000083700000|100%| O|  |TAMS 0x0000000083700000, 0x0000000083600000| Untracked 
|  55|0x0000000083700000, 0x0000000083800000, 0x0000000083800000|100%| O|  |TAMS 0x0000000083800000, 0x0000000083700000| Untracked 
|  56|0x0000000083800000, 0x0000000083900000, 0x0000000083900000|100%| O|  |TAMS 0x0000000083900000, 0x0000000083800000| Untracked 
|  57|0x0000000083900000, 0x0000000083a00000, 0x0000000083a00000|100%| O|  |TAMS 0x0000000083a00000, 0x0000000083900000| Untracked 
|  58|0x0000000083a00000, 0x0000000083b00000, 0x0000000083b00000|100%| O|  |TAMS 0x0000000083b00000, 0x0000000083a00000| Untracked 
|  59|0x0000000083b00000, 0x0000000083c00000, 0x0000000083c00000|100%| O|  |TAMS 0x0000000083c00000, 0x0000000083b00000| Untracked 
|  60|0x0000000083c00000, 0x0000000083d00000, 0x0000000083d00000|100%| O|  |TAMS 0x0000000083d00000, 0x0000000083c00000| Untracked 
|  61|0x0000000083d00000, 0x0000000083e00000, 0x0000000083e00000|100%| O|  |TAMS 0x0000000083e00000, 0x0000000083d00000| Untracked 
|  62|0x0000000083e00000, 0x0000000083e52800, 0x0000000083f00000| 32%| O|  |TAMS 0x0000000083e52800, 0x0000000083e00000| Untracked 
|  63|0x0000000083f00000, 0x0000000083f00000, 0x0000000084000000|  0%| F|  |TAMS 0x0000000083f00000, 0x0000000083f00000| Untracked 
|  64|0x0000000084000000, 0x0000000084000000, 0x0000000084100000|  0%| F|  |TAMS 0x0000000084000000, 0x0000000084000000| Untracked 
|  65|0x0000000084100000, 0x0000000084100000, 0x0000000084200000|  0%| F|  |TAMS 0x0000000084100000, 0x0000000084100000| Untracked 
|  66|0x0000000084200000, 0x0000000084200000, 0x0000000084300000|  0%| F|  |TAMS 0x0000000084200000, 0x0000000084200000| Untracked 
|  67|0x0000000084300000, 0x0000000084300000, 0x0000000084400000|  0%| F|  |TAMS 0x0000000084300000, 0x0000000084300000| Untracked 
|  68|0x0000000084400000, 0x0000000084400000, 0x0000000084500000|  0%| F|  |TAMS 0x0000000084400000, 0x0000000084400000| Untracked 
|  69|0x0000000084500000, 0x0000000084500000, 0x0000000084600000|  0%| F|  |TAMS 0x0000000084500000, 0x0000000084500000| Untracked 
|  70|0x0000000084600000, 0x0000000084600000, 0x0000000084700000|  0%| F|  |TAMS 0x0000000084600000, 0x0000000084600000| Untracked 
|  71|0x0000000084700000, 0x0000000084700000, 0x0000000084800000|  0%| F|  |TAMS 0x0000000084700000, 0x0000000084700000| Untracked 
|  72|0x0000000084800000, 0x0000000084800000, 0x0000000084900000|  0%| F|  |TAMS 0x0000000084800000, 0x0000000084800000| Untracked 
|  73|0x0000000084900000, 0x0000000084900000, 0x0000000084a00000|  0%| F|  |TAMS 0x0000000084900000, 0x0000000084900000| Untracked 
|  74|0x0000000084a00000, 0x0000000084a00000, 0x0000000084b00000|  0%| F|  |TAMS 0x0000000084a00000, 0x0000000084a00000| Untracked 
|  75|0x0000000084b00000, 0x0000000084b00000, 0x0000000084c00000|  0%| F|  |TAMS 0x0000000084b00000, 0x0000000084b00000| Untracked 
|  76|0x0000000084c00000, 0x0000000084c00000, 0x0000000084d00000|  0%| F|  |TAMS 0x0000000084c00000, 0x0000000084c00000| Untracked 
|  77|0x0000000084d00000, 0x0000000084d00000, 0x0000000084e00000|  0%| F|  |TAMS 0x0000000084d00000, 0x0000000084d00000| Untracked 
|  78|0x0000000084e00000, 0x0000000084e00000, 0x0000000084f00000|  0%| F|  |TAMS 0x0000000084e00000, 0x0000000084e00000| Untracked 
|  79|0x0000000084f00000, 0x0000000084f00000, 0x0000000085000000|  0%| F|  |TAMS 0x0000000084f00000, 0x0000000084f00000| Untracked 
|  80|0x0000000085000000, 0x0000000085000000, 0x0000000085100000|  0%| F|  |TAMS 0x0000000085000000, 0x0000000085000000| Untracked 
|  81|0x0000000085100000, 0x0000000085100000, 0x0000000085200000|  0%| F|  |TAMS 0x0000000085100000, 0x0000000085100000| Untracked 
|  82|0x0000000085200000, 0x0000000085200000, 0x0000000085300000|  0%| F|  |TAMS 0x0000000085200000, 0x0000000085200000| Untracked 
|  83|0x0000000085300000, 0x0000000085300000, 0x0000000085400000|  0%| F|  |TAMS 0x0000000085300000, 0x0000000085300000| Untracked 
|  84|0x0000000085400000, 0x0000000085400000, 0x0000000085500000|  0%| F|  |TAMS 0x0000000085400000, 0x0000000085400000| Untracked 
|  85|0x0000000085500000, 0x0000000085500000, 0x0000000085600000|  0%| F|  |TAMS 0x0000000085500000, 0x0000000085500000| Untracked 
|  86|0x0000000085600000, 0x0000000085600000, 0x0000000085700000|  0%| F|  |TAMS 0x0000000085600000, 0x0000000085600000| Untracked 
|  87|0x0000000085700000, 0x0000000085700000, 0x0000000085800000|  0%| F|  |TAMS 0x0000000085700000, 0x0000000085700000| Untracked 
|  88|0x0000000085800000, 0x0000000085800000, 0x0000000085900000|  0%| F|  |TAMS 0x0000000085800000, 0x0000000085800000| Untracked 
|  89|0x0000000085900000, 0x0000000085900000, 0x0000000085a00000|  0%| F|  |TAMS 0x0000000085900000, 0x0000000085900000| Untracked 
|  90|0x0000000085a00000, 0x0000000085a00000, 0x0000000085b00000|  0%| F|  |TAMS 0x0000000085a00000, 0x0000000085a00000| Untracked 
|  91|0x0000000085b00000, 0x0000000085b00000, 0x0000000085c00000|  0%| F|  |TAMS 0x0000000085b00000, 0x0000000085b00000| Untracked 
|  92|0x0000000085c00000, 0x0000000085c00000, 0x0000000085d00000|  0%| F|  |TAMS 0x0000000085c00000, 0x0000000085c00000| Untracked 
|  93|0x0000000085d00000, 0x0000000085d00000, 0x0000000085e00000|  0%| F|  |TAMS 0x0000000085d00000, 0x0000000085d00000| Untracked 
|  94|0x0000000085e00000, 0x0000000085e00000, 0x0000000085f00000|  0%| F|  |TAMS 0x0000000085e00000, 0x0000000085e00000| Untracked 
|  95|0x0000000085f00000, 0x0000000085f00000, 0x0000000086000000|  0%| F|  |TAMS 0x0000000085f00000, 0x0000000085f00000| Untracked 
|  96|0x0000000086000000, 0x0000000086000000, 0x0000000086100000|  0%| F|  |TAMS 0x0000000086000000, 0x0000000086000000| Untracked 
|  97|0x0000000086100000, 0x0000000086100000, 0x0000000086200000|  0%| F|  |TAMS 0x0000000086100000, 0x0000000086100000| Untracked 
|  98|0x0000000086200000, 0x0000000086200000, 0x0000000086300000|  0%| F|  |TAMS 0x0000000086200000, 0x0000000086200000| Untracked 
|  99|0x0000000086300000, 0x0000000086300000, 0x0000000086400000|  0%| F|  |TAMS 0x0000000086300000, 0x0000000086300000| Untracked 
| 100|0x0000000086400000, 0x0000000086400000, 0x0000000086500000|  0%| F|  |TAMS 0x0000000086400000, 0x0000000086400000| Untracked 
| 101|0x0000000086500000, 0x0000000086500000, 0x0000000086600000|  0%| F|  |TAMS 0x0000000086500000, 0x0000000086500000| Untracked 
| 102|0x0000000086600000, 0x0000000086600000, 0x0000000086700000|  0%| F|  |TAMS 0x0000000086600000, 0x0000000086600000| Untracked 
| 103|0x0000000086700000, 0x0000000086700000, 0x0000000086800000|  0%| F|  |TAMS 0x0000000086700000, 0x0000000086700000| Untracked 
| 104|0x0000000086800000, 0x0000000086800000, 0x0000000086900000|  0%| F|  |TAMS 0x0000000086800000, 0x0000000086800000| Untracked 
| 105|0x0000000086900000, 0x0000000086900000, 0x0000000086a00000|  0%| F|  |TAMS 0x0000000086900000, 0x0000000086900000| Untracked 
| 106|0x0000000086a00000, 0x0000000086a00000, 0x0000000086b00000|  0%| F|  |TAMS 0x0000000086a00000, 0x0000000086a00000| Untracked 
| 107|0x0000000086b00000, 0x0000000086b00000, 0x0000000086c00000|  0%| F|  |TAMS 0x0000000086b00000, 0x0000000086b00000| Untracked 
| 108|0x0000000086c00000, 0x0000000086c00000, 0x0000000086d00000|  0%| F|  |TAMS 0x0000000086c00000, 0x0000000086c00000| Untracked 
| 109|0x0000000086d00000, 0x0000000086d00000, 0x0000000086e00000|  0%| F|  |TAMS 0x0000000086d00000, 0x0000000086d00000| Untracked 
| 110|0x0000000086e00000, 0x0000000086e00000, 0x0000000086f00000|  0%| F|  |TAMS 0x0000000086e00000, 0x0000000086e00000| Untracked 
| 111|0x0000000086f00000, 0x0000000086f00000, 0x0000000087000000|  0%| F|  |TAMS 0x0000000086f00000, 0x0000000086f00000| Untracked 
| 112|0x0000000087000000, 0x0000000087000000, 0x0000000087100000|  0%| F|  |TAMS 0x0000000087000000, 0x0000000087000000| Untracked 
| 113|0x0000000087100000, 0x0000000087100000, 0x0000000087200000|  0%| F|  |TAMS 0x0000000087100000, 0x0000000087100000| Untracked 
| 114|0x0000000087200000, 0x0000000087200000, 0x0000000087300000|  0%| F|  |TAMS 0x0000000087200000, 0x0000000087200000| Untracked 
| 115|0x0000000087300000, 0x0000000087300000, 0x0000000087400000|  0%| F|  |TAMS 0x0000000087300000, 0x0000000087300000| Untracked 
| 116|0x0000000087400000, 0x0000000087400000, 0x0000000087500000|  0%| F|  |TAMS 0x0000000087400000, 0x0000000087400000| Untracked 
| 117|0x0000000087500000, 0x0000000087500000, 0x0000000087600000|  0%| F|  |TAMS 0x0000000087500000, 0x0000000087500000| Untracked 
| 118|0x0000000087600000, 0x0000000087600000, 0x0000000087700000|  0%| F|  |TAMS 0x0000000087600000, 0x0000000087600000| Untracked 
| 119|0x0000000087700000, 0x0000000087700000, 0x0000000087800000|  0%| F|  |TAMS 0x0000000087700000, 0x0000000087700000| Untracked 
| 120|0x0000000087800000, 0x0000000087800000, 0x0000000087900000|  0%| F|  |TAMS 0x0000000087800000, 0x0000000087800000| Untracked 
| 121|0x0000000087900000, 0x0000000087900000, 0x0000000087a00000|  0%| F|  |TAMS 0x0000000087900000, 0x0000000087900000| Untracked 
| 122|0x0000000087a00000, 0x0000000087a00000, 0x0000000087b00000|  0%| F|  |TAMS 0x0000000087a00000, 0x0000000087a00000| Untracked 
| 123|0x0000000087b00000, 0x0000000087b00000, 0x0000000087c00000|  0%| F|  |TAMS 0x0000000087b00000, 0x0000000087b00000| Untracked 
| 124|0x0000000087c00000, 0x0000000087c00000, 0x0000000087d00000|  0%| F|  |TAMS 0x0000000087c00000, 0x0000000087c00000| Untracked 
| 125|0x0000000087d00000, 0x0000000087d00000, 0x0000000087e00000|  0%| F|  |TAMS 0x0000000087d00000, 0x0000000087d00000| Untracked 
| 126|0x0000000087e00000, 0x0000000087e00000, 0x0000000087f00000|  0%| F|  |TAMS 0x0000000087e00000, 0x0000000087e00000| Untracked 
| 127|0x0000000087f00000, 0x0000000087f00000, 0x0000000088000000|  0%| F|  |TAMS 0x0000000087f00000, 0x0000000087f00000| Untracked 
| 128|0x0000000088000000, 0x0000000088000000, 0x0000000088100000|  0%| F|  |TAMS 0x0000000088000000, 0x0000000088000000| Untracked 
| 129|0x0000000088100000, 0x0000000088100000, 0x0000000088200000|  0%| F|  |TAMS 0x0000000088100000, 0x0000000088100000| Untracked 
| 130|0x0000000088200000, 0x0000000088200000, 0x0000000088300000|  0%| F|  |TAMS 0x0000000088200000, 0x0000000088200000| Untracked 
| 131|0x0000000088300000, 0x0000000088300000, 0x0000000088400000|  0%| F|  |TAMS 0x0000000088300000, 0x0000000088300000| Untracked 
| 132|0x0000000088400000, 0x0000000088400000, 0x0000000088500000|  0%| F|  |TAMS 0x0000000088400000, 0x0000000088400000| Untracked 
| 133|0x0000000088500000, 0x0000000088500000, 0x0000000088600000|  0%| F|  |TAMS 0x0000000088500000, 0x0000000088500000| Untracked 
| 134|0x0000000088600000, 0x0000000088600000, 0x0000000088700000|  0%| F|  |TAMS 0x0000000088600000, 0x0000000088600000| Untracked 
| 135|0x0000000088700000, 0x0000000088700000, 0x0000000088800000|  0%| F|  |TAMS 0x0000000088700000, 0x0000000088700000| Untracked 
| 136|0x0000000088800000, 0x0000000088800000, 0x0000000088900000|  0%| F|  |TAMS 0x0000000088800000, 0x0000000088800000| Untracked 
| 137|0x0000000088900000, 0x0000000088900000, 0x0000000088a00000|  0%| F|  |TAMS 0x0000000088900000, 0x0000000088900000| Untracked 
| 138|0x0000000088a00000, 0x0000000088a00000, 0x0000000088b00000|  0%| F|  |TAMS 0x0000000088a00000, 0x0000000088a00000| Untracked 
| 139|0x0000000088b00000, 0x0000000088b00000, 0x0000000088c00000|  0%| F|  |TAMS 0x0000000088b00000, 0x0000000088b00000| Untracked 
| 140|0x0000000088c00000, 0x0000000088c00000, 0x0000000088d00000|  0%| F|  |TAMS 0x0000000088c00000, 0x0000000088c00000| Untracked 
| 141|0x0000000088d00000, 0x0000000088d00000, 0x0000000088e00000|  0%| F|  |TAMS 0x0000000088d00000, 0x0000000088d00000| Untracked 
| 142|0x0000000088e00000, 0x0000000088e00000, 0x0000000088f00000|  0%| F|  |TAMS 0x0000000088e00000, 0x0000000088e00000| Untracked 
| 143|0x0000000088f00000, 0x0000000088f00000, 0x0000000089000000|  0%| F|  |TAMS 0x0000000088f00000, 0x0000000088f00000| Untracked 
| 144|0x0000000089000000, 0x0000000089000000, 0x0000000089100000|  0%| F|  |TAMS 0x0000000089000000, 0x0000000089000000| Untracked 
| 145|0x0000000089100000, 0x0000000089100000, 0x0000000089200000|  0%| F|  |TAMS 0x0000000089100000, 0x0000000089100000| Untracked 
| 146|0x0000000089200000, 0x0000000089200000, 0x0000000089300000|  0%| F|  |TAMS 0x0000000089200000, 0x0000000089200000| Untracked 
| 147|0x0000000089300000, 0x0000000089300000, 0x0000000089400000|  0%| F|  |TAMS 0x0000000089300000, 0x0000000089300000| Untracked 
| 148|0x0000000089400000, 0x0000000089400000, 0x0000000089500000|  0%| F|  |TAMS 0x0000000089400000, 0x0000000089400000| Untracked 
| 149|0x0000000089500000, 0x0000000089500000, 0x0000000089600000|  0%| F|  |TAMS 0x0000000089500000, 0x0000000089500000| Untracked 
| 150|0x0000000089600000, 0x0000000089600000, 0x0000000089700000|  0%| F|  |TAMS 0x0000000089600000, 0x0000000089600000| Untracked 
| 151|0x0000000089700000, 0x0000000089700000, 0x0000000089800000|  0%| F|  |TAMS 0x0000000089700000, 0x0000000089700000| Untracked 
| 152|0x0000000089800000, 0x0000000089800000, 0x0000000089900000|  0%| F|  |TAMS 0x0000000089800000, 0x0000000089800000| Untracked 
| 153|0x0000000089900000, 0x0000000089900000, 0x0000000089a00000|  0%| F|  |TAMS 0x0000000089900000, 0x0000000089900000| Untracked 
| 154|0x0000000089a00000, 0x0000000089a00000, 0x0000000089b00000|  0%| F|  |TAMS 0x0000000089a00000, 0x0000000089a00000| Untracked 
| 155|0x0000000089b00000, 0x0000000089b00000, 0x0000000089c00000|  0%| F|  |TAMS 0x0000000089b00000, 0x0000000089b00000| Untracked 
| 156|0x0000000089c00000, 0x0000000089c00000, 0x0000000089d00000|  0%| F|  |TAMS 0x0000000089c00000, 0x0000000089c00000| Untracked 
| 157|0x0000000089d00000, 0x0000000089d00000, 0x0000000089e00000|  0%| F|  |TAMS 0x0000000089d00000, 0x0000000089d00000| Untracked 
| 158|0x0000000089e00000, 0x0000000089e00000, 0x0000000089f00000|  0%| F|  |TAMS 0x0000000089e00000, 0x0000000089e00000| Untracked 
| 159|0x0000000089f00000, 0x0000000089f00000, 0x000000008a000000|  0%| F|  |TAMS 0x0000000089f00000, 0x0000000089f00000| Untracked 
| 160|0x000000008a000000, 0x000000008a000000, 0x000000008a100000|  0%| F|  |TAMS 0x000000008a000000, 0x000000008a000000| Untracked 
| 161|0x000000008a100000, 0x000000008a100000, 0x000000008a200000|  0%| F|  |TAMS 0x000000008a100000, 0x000000008a100000| Untracked 
| 162|0x000000008a200000, 0x000000008a200000, 0x000000008a300000|  0%| F|  |TAMS 0x000000008a200000, 0x000000008a200000| Untracked 
| 163|0x000000008a300000, 0x000000008a300000, 0x000000008a400000|  0%| F|  |TAMS 0x000000008a300000, 0x000000008a300000| Untracked 
| 164|0x000000008a400000, 0x000000008a400000, 0x000000008a500000|  0%| F|  |TAMS 0x000000008a400000, 0x000000008a400000| Untracked 
| 165|0x000000008a500000, 0x000000008a500000, 0x000000008a600000|  0%| F|  |TAMS 0x000000008a500000, 0x000000008a500000| Untracked 
| 166|0x000000008a600000, 0x000000008a600000, 0x000000008a700000|  0%| F|  |TAMS 0x000000008a600000, 0x000000008a600000| Untracked 
| 167|0x000000008a700000, 0x000000008a700000, 0x000000008a800000|  0%| F|  |TAMS 0x000000008a700000, 0x000000008a700000| Untracked 
| 168|0x000000008a800000, 0x000000008a800000, 0x000000008a900000|  0%| F|  |TAMS 0x000000008a800000, 0x000000008a800000| Untracked 
| 169|0x000000008a900000, 0x000000008a900000, 0x000000008aa00000|  0%| F|  |TAMS 0x000000008a900000, 0x000000008a900000| Untracked 
| 170|0x000000008aa00000, 0x000000008aa00000, 0x000000008ab00000|  0%| F|  |TAMS 0x000000008aa00000, 0x000000008aa00000| Untracked 
| 171|0x000000008ab00000, 0x000000008ab00000, 0x000000008ac00000|  0%| F|  |TAMS 0x000000008ab00000, 0x000000008ab00000| Untracked 
| 172|0x000000008ac00000, 0x000000008ac00000, 0x000000008ad00000|  0%| F|  |TAMS 0x000000008ac00000, 0x000000008ac00000| Untracked 
| 173|0x000000008ad00000, 0x000000008ad00000, 0x000000008ae00000|  0%| F|  |TAMS 0x000000008ad00000, 0x000000008ad00000| Untracked 
| 174|0x000000008ae00000, 0x000000008ae00000, 0x000000008af00000|  0%| F|  |TAMS 0x000000008ae00000, 0x000000008ae00000| Untracked 
| 175|0x000000008af00000, 0x000000008af00000, 0x000000008b000000|  0%| F|  |TAMS 0x000000008af00000, 0x000000008af00000| Untracked 
| 176|0x000000008b000000, 0x000000008b000000, 0x000000008b100000|  0%| F|  |TAMS 0x000000008b000000, 0x000000008b000000| Untracked 
| 177|0x000000008b100000, 0x000000008b100000, 0x000000008b200000|  0%| F|  |TAMS 0x000000008b100000, 0x000000008b100000| Untracked 
| 178|0x000000008b200000, 0x000000008b200000, 0x000000008b300000|  0%| F|  |TAMS 0x000000008b200000, 0x000000008b200000| Untracked 
| 179|0x000000008b300000, 0x000000008b300000, 0x000000008b400000|  0%| F|  |TAMS 0x000000008b300000, 0x000000008b300000| Untracked 
| 180|0x000000008b400000, 0x000000008b400000, 0x000000008b500000|  0%| F|  |TAMS 0x000000008b400000, 0x000000008b400000| Untracked 
| 181|0x000000008b500000, 0x000000008b500000, 0x000000008b600000|  0%| F|  |TAMS 0x000000008b500000, 0x000000008b500000| Untracked 
| 182|0x000000008b600000, 0x000000008b600000, 0x000000008b700000|  0%| F|  |TAMS 0x000000008b600000, 0x000000008b600000| Untracked 
| 183|0x000000008b700000, 0x000000008b700000, 0x000000008b800000|  0%| F|  |TAMS 0x000000008b700000, 0x000000008b700000| Untracked 
| 184|0x000000008b800000, 0x000000008b800000, 0x000000008b900000|  0%| F|  |TAMS 0x000000008b800000, 0x000000008b800000| Untracked 
| 185|0x000000008b900000, 0x000000008b900000, 0x000000008ba00000|  0%| F|  |TAMS 0x000000008b900000, 0x000000008b900000| Untracked 
| 186|0x000000008ba00000, 0x000000008ba00000, 0x000000008bb00000|  0%| F|  |TAMS 0x000000008ba00000, 0x000000008ba00000| Untracked 
| 187|0x000000008bb00000, 0x000000008bb00000, 0x000000008bc00000|  0%| F|  |TAMS 0x000000008bb00000, 0x000000008bb00000| Untracked 
| 188|0x000000008bc00000, 0x000000008bc00000, 0x000000008bd00000|  0%| F|  |TAMS 0x000000008bc00000, 0x000000008bc00000| Untracked 
| 189|0x000000008bd00000, 0x000000008bd00000, 0x000000008be00000|  0%| F|  |TAMS 0x000000008bd00000, 0x000000008bd00000| Untracked 
| 190|0x000000008be00000, 0x000000008be00000, 0x000000008bf00000|  0%| F|  |TAMS 0x000000008be00000, 0x000000008be00000| Untracked 
| 191|0x000000008bf00000, 0x000000008bf00000, 0x000000008c000000|  0%| F|  |TAMS 0x000000008bf00000, 0x000000008bf00000| Untracked 
| 192|0x000000008c000000, 0x000000008c000000, 0x000000008c100000|  0%| F|  |TAMS 0x000000008c000000, 0x000000008c000000| Untracked 
| 193|0x000000008c100000, 0x000000008c100000, 0x000000008c200000|  0%| F|  |TAMS 0x000000008c100000, 0x000000008c100000| Untracked 
| 194|0x000000008c200000, 0x000000008c200000, 0x000000008c300000|  0%| F|  |TAMS 0x000000008c200000, 0x000000008c200000| Untracked 
| 195|0x000000008c300000, 0x000000008c300000, 0x000000008c400000|  0%| F|  |TAMS 0x000000008c300000, 0x000000008c300000| Untracked 
| 196|0x000000008c400000, 0x000000008c400000, 0x000000008c500000|  0%| F|  |TAMS 0x000000008c400000, 0x000000008c400000| Untracked 
| 197|0x000000008c500000, 0x000000008c500000, 0x000000008c600000|  0%| F|  |TAMS 0x000000008c500000, 0x000000008c500000| Untracked 
| 198|0x000000008c600000, 0x000000008c600000, 0x000000008c700000|  0%| F|  |TAMS 0x000000008c600000, 0x000000008c600000| Untracked 
| 199|0x000000008c700000, 0x000000008c700000, 0x000000008c800000|  0%| F|  |TAMS 0x000000008c700000, 0x000000008c700000| Untracked 
| 200|0x000000008c800000, 0x000000008c800000, 0x000000008c900000|  0%| F|  |TAMS 0x000000008c800000, 0x000000008c800000| Untracked 
| 201|0x000000008c900000, 0x000000008c900000, 0x000000008ca00000|  0%| F|  |TAMS 0x000000008c900000, 0x000000008c900000| Untracked 
| 202|0x000000008ca00000, 0x000000008ca00000, 0x000000008cb00000|  0%| F|  |TAMS 0x000000008ca00000, 0x000000008ca00000| Untracked 
| 203|0x000000008cb00000, 0x000000008cb00000, 0x000000008cc00000|  0%| F|  |TAMS 0x000000008cb00000, 0x000000008cb00000| Untracked 
| 204|0x000000008cc00000, 0x000000008cc00000, 0x000000008cd00000|  0%| F|  |TAMS 0x000000008cc00000, 0x000000008cc00000| Untracked 
| 205|0x000000008cd00000, 0x000000008cd00000, 0x000000008ce00000|  0%| F|  |TAMS 0x000000008cd00000, 0x000000008cd00000| Untracked 
| 206|0x000000008ce00000, 0x000000008ce00000, 0x000000008cf00000|  0%| F|  |TAMS 0x000000008ce00000, 0x000000008ce00000| Untracked 
| 207|0x000000008cf00000, 0x000000008cf00000, 0x000000008d000000|  0%| F|  |TAMS 0x000000008cf00000, 0x000000008cf00000| Untracked 
| 208|0x000000008d000000, 0x000000008d000000, 0x000000008d100000|  0%| F|  |TAMS 0x000000008d000000, 0x000000008d000000| Untracked 
| 209|0x000000008d100000, 0x000000008d100000, 0x000000008d200000|  0%| F|  |TAMS 0x000000008d100000, 0x000000008d100000| Untracked 
| 210|0x000000008d200000, 0x000000008d280800, 0x000000008d300000| 50%| E|  |TAMS 0x000000008d200000, 0x000000008d200000| Complete 
| 211|0x000000008d300000, 0x000000008d400000, 0x000000008d400000|100%| E|CS|TAMS 0x000000008d300000, 0x000000008d300000| Complete 
| 212|0x000000008d400000, 0x000000008d500000, 0x000000008d500000|100%| E|CS|TAMS 0x000000008d400000, 0x000000008d400000| Complete 
| 213|0x000000008d500000, 0x000000008d600000, 0x000000008d600000|100%| E|CS|TAMS 0x000000008d500000, 0x000000008d500000| Complete 
| 214|0x000000008d600000, 0x000000008d700000, 0x000000008d700000|100%| E|CS|TAMS 0x000000008d600000, 0x000000008d600000| Complete 
| 215|0x000000008d700000, 0x000000008d800000, 0x000000008d800000|100%| E|CS|TAMS 0x000000008d700000, 0x000000008d700000| Complete 
| 216|0x000000008d800000, 0x000000008d900000, 0x000000008d900000|100%| E|CS|TAMS 0x000000008d800000, 0x000000008d800000| Complete 
| 217|0x000000008d900000, 0x000000008da00000, 0x000000008da00000|100%| E|CS|TAMS 0x000000008d900000, 0x000000008d900000| Complete 
| 218|0x000000008da00000, 0x000000008db00000, 0x000000008db00000|100%| E|CS|TAMS 0x000000008da00000, 0x000000008da00000| Complete 
| 219|0x000000008db00000, 0x000000008dbed3c0, 0x000000008dc00000| 92%| S|CS|TAMS 0x000000008db00000, 0x000000008db00000| Complete 
| 220|0x000000008dc00000, 0x000000008dd00000, 0x000000008dd00000|100%| S|CS|TAMS 0x000000008dc00000, 0x000000008dc00000| Complete 
| 221|0x000000008dd00000, 0x000000008de00000, 0x000000008de00000|100%| S|CS|TAMS 0x000000008dd00000, 0x000000008dd00000| Complete 
| 222|0x000000008de00000, 0x000000008df00000, 0x000000008df00000|100%| S|CS|TAMS 0x000000008de00000, 0x000000008de00000| Complete 
| 223|0x000000008df00000, 0x000000008e000000, 0x000000008e000000|100%| S|CS|TAMS 0x000000008df00000, 0x000000008df00000| Complete 
| 224|0x000000008e000000, 0x000000008e100000, 0x000000008e100000|100%| S|CS|TAMS 0x000000008e000000, 0x000000008e000000| Complete 
| 225|0x000000008e100000, 0x000000008e200000, 0x000000008e200000|100%| E|CS|TAMS 0x000000008e100000, 0x000000008e100000| Complete 
| 226|0x000000008e200000, 0x000000008e300000, 0x000000008e300000|100%| E|CS|TAMS 0x000000008e200000, 0x000000008e200000| Complete 
| 227|0x000000008e300000, 0x000000008e400000, 0x000000008e400000|100%| E|CS|TAMS 0x000000008e300000, 0x000000008e300000| Complete 
| 228|0x000000008e400000, 0x000000008e500000, 0x000000008e500000|100%| E|CS|TAMS 0x000000008e400000, 0x000000008e400000| Complete 
| 229|0x000000008e500000, 0x000000008e600000, 0x000000008e600000|100%| E|CS|TAMS 0x000000008e500000, 0x000000008e500000| Complete 
| 230|0x000000008e600000, 0x000000008e700000, 0x000000008e700000|100%| E|CS|TAMS 0x000000008e600000, 0x000000008e600000| Complete 

Card table byte_map: [0x00000124e9e70000,0x00000124ea270000] _byte_map_base: 0x00000124e9a70000

Marking Bits (Prev, Next): (CMBitMap*) 0x00000124d712ea60, (CMBitMap*) 0x00000124d712ea28
 Prev Bits: [0x00000124ec670000, 0x00000124ee670000)
 Next Bits: [0x00000124ea670000, 0x00000124ec670000)

Polling page: 0x00000124d50d0000

Metaspace:

Usage:
  Non-class:     51.85 MB capacity,    50.72 MB ( 98%) used,  1019.17 KB (  2%) free+waste,   135.56 KB ( <1%) overhead. 
      Class:      7.90 MB capacity,     7.40 MB ( 94%) used,   455.16 KB (  6%) free+waste,    64.63 KB ( <1%) overhead. 
       Both:     59.75 MB capacity,    58.12 MB ( 97%) used,     1.44 MB (  2%) free+waste,   200.19 KB ( <1%) overhead. 

Virtual space:
  Non-class space:       54.00 MB reserved,      52.04 MB ( 96%) committed 
      Class space:        1.00 GB reserved,       8.00 MB ( <1%) committed 
             Both:        1.05 GB reserved,      60.04 MB (  6%) committed 

Chunk freelists:
   Non-Class:  62.00 KB
       Class:  3.00 KB
        Both:  65.00 KB

MaxMetaspaceSize: 17179869184.00 GB
CompressedClassSpaceSize: 1.00 GB

CodeHeap 'non-profiled nmethods': size=120064Kb used=3032Kb max_used=3032Kb free=117032Kb
 bounds [0x00000124e2530000, 0x00000124e2830000, 0x00000124e9a70000]
CodeHeap 'profiled nmethods': size=120000Kb used=11537Kb max_used=11537Kb free=108463Kb
 bounds [0x00000124db000000, 0x00000124dbb50000, 0x00000124e2530000]
CodeHeap 'non-nmethods': size=5696Kb used=2231Kb max_used=2285Kb free=3465Kb
 bounds [0x00000124daa70000, 0x00000124dace0000, 0x00000124db000000]
 total_blobs=6174 nmethods=5357 adapters=727
 compilation: enabled
              stopped_count=0, restarted_count=0
 full_count=0

Compilation events (20 events):
Event: 9.009 Thread 0x00000124f13ae000 5601       2       java.util.regex.Matcher::search (154 bytes)
Event: 9.009 Thread 0x00000124f13ae000 nmethod 5601 0x00000124dbb36910 code [0x00000124dbb36b00, 0x00000124dbb36e08]
Event: 9.016 Thread 0x00000124f13ae000 5602       3       org.gradle.internal.instantiation.generator.AbstractClassGenerator$PropertyMetadata::addSetter (41 bytes)
Event: 9.017 Thread 0x00000124f13ae000 nmethod 5602 0x00000124dbb37010 code [0x00000124dbb37200, 0x00000124dbb376d8]
Event: 9.017 Thread 0x00000124f13ae000 5603       3       java.lang.reflect.ProxyGenerator$ProxyMethod::<init> (71 bytes)
Event: 9.017 Thread 0x00000124f13ae000 nmethod 5603 0x00000124dbb37890 code [0x00000124dbb37b00, 0x00000124dbb38568]
Event: 9.036 Thread 0x00000124f13ae000 5604       3       org.objectweb.asm.AnnotationWriter::visitEnd (44 bytes)
Event: 9.036 Thread 0x00000124f13ae000 nmethod 5604 0x00000124dbb38890 code [0x00000124dbb38a40, 0x00000124dbb38bd8]
Event: 9.039 Thread 0x00000124f13ae000 5606       2       org.gradle.cache.internal.DefaultCrossBuildInMemoryCacheFactory$DefaultClassMap::maybeGetRetainedValue (9 bytes)
Event: 9.039 Thread 0x00000124f13ae000 nmethod 5606 0x00000124dbb38d10 code [0x00000124dbb38ee0, 0x00000124dbb39058]
Event: 9.040 Thread 0x00000124f13ae000 5607       2       org.gradle.cache.internal.DefaultCrossBuildInMemoryCacheFactory$DefaultClassMap::maybeGetRetainedValue (12 bytes)
Event: 9.040 Thread 0x00000124f13ae000 nmethod 5607 0x00000124dbb39190 code [0x00000124dbb39360, 0x00000124dbb39498]
Event: 9.041 Thread 0x00000124f13ae000 5608       2       org.gradle.cache.internal.DefaultCrossBuildInMemoryCacheFactory$DefaultClassMap::retainValue (10 bytes)
Event: 9.041 Thread 0x00000124f13ae000 nmethod 5608 0x00000124dbb39590 code [0x00000124dbb39760, 0x00000124dbb398f8]
Event: 9.046 Thread 0x00000124f13ae000 5609       2       jdk.internal.org.objectweb.asm.ClassReader::readUTF (194 bytes)
Event: 9.047 Thread 0x00000124f13ae000 nmethod 5609 0x00000124dbb39a10 code [0x00000124dbb39c00, 0x00000124dbb39f98]
Event: 9.047 Thread 0x00000124f13ae000 5610   !   2       org.gradle.internal.instantiation.generator.AbstractClassGenerator::generateUnderLock (658 bytes)
Event: 9.051 Thread 0x00000124f13ae000 nmethod 5610 0x00000124dbb3a210 code [0x00000124dbb3a8e0, 0x00000124dbb3d998]
Event: 9.051 Thread 0x00000124f13ae000 5611       1       org.gradle.internal.reflect.MutableClassDetails::getInstanceFields (5 bytes)
Event: 9.051 Thread 0x00000124f13ae000 nmethod 5611 0x00000124e2825710 code [0x00000124e28258c0, 0x00000124e2825978]

GC Heap History (20 events):
Event: 1.302 GC heap before
{Heap before GC invocations=1 (full 0):
 garbage-first heap   total 196608K, used 20051K [0x0000000080000000, 0x0000000100000000)
  region size 1024K, 14 young (14336K), 2 survivors (2048K)
 Metaspace       used 10857K, capacity 11131K, committed 11264K, reserved 1058816K
  class space    used 1145K, capacity 1201K, committed 1280K, reserved 1048576K
}
Event: 1.304 GC heap after
{Heap after GC invocations=2 (full 0):
 garbage-first heap   total 196608K, used 8919K [0x0000000080000000, 0x0000000100000000)
  region size 1024K, 1 young (1024K), 1 survivors (1024K)
 Metaspace       used 10857K, capacity 11131K, committed 11264K, reserved 1058816K
  class space    used 1145K, capacity 1201K, committed 1280K, reserved 1048576K
}
Event: 1.531 GC heap before
{Heap before GC invocations=2 (full 0):
 garbage-first heap   total 196608K, used 37591K [0x0000000080000000, 0x0000000100000000)
  region size 1024K, 30 young (30720K), 1 survivors (1024K)
 Metaspace       used 11028K, capacity 11260K, committed 11520K, reserved 1058816K
  class space    used 1147K, capacity 1201K, committed 1280K, reserved 1048576K
}
Event: 1.534 GC heap after
{Heap after GC invocations=3 (full 0):
 garbage-first heap   total 196608K, used 13080K [0x0000000080000000, 0x0000000100000000)
  region size 1024K, 4 young (4096K), 4 survivors (4096K)
 Metaspace       used 11028K, capacity 11260K, committed 11520K, reserved 1058816K
  class space    used 1147K, capacity 1201K, committed 1280K, reserved 1048576K
}
Event: 2.940 GC heap before
{Heap before GC invocations=3 (full 0):
 garbage-first heap   total 196608K, used 56088K [0x0000000080000000, 0x0000000100000000)
  region size 1024K, 46 young (47104K), 4 survivors (4096K)
 Metaspace       used 18988K, capacity 19521K, committed 19712K, reserved 1067008K
  class space    used 2294K, capacity 2469K, committed 2560K, reserved 1048576K
}
Event: 2.954 GC heap after
{Heap after GC invocations=4 (full 0):
 garbage-first heap   total 196608K, used 16254K [0x0000000080000000, 0x0000000100000000)
  region size 1024K, 3 young (3072K), 3 survivors (3072K)
 Metaspace       used 18988K, capacity 19521K, committed 19712K, reserved 1067008K
  class space    used 2294K, capacity 2469K, committed 2560K, reserved 1048576K
}
Event: 3.079 GC heap before
{Heap before GC invocations=4 (full 0):
 garbage-first heap   total 196608K, used 27518K [0x0000000080000000, 0x0000000100000000)
  region size 1024K, 15 young (15360K), 3 survivors (3072K)
 Metaspace       used 20535K, capacity 21123K, committed 21296K, reserved 1069056K
  class space    used 2508K, capacity 2688K, committed 2688K, reserved 1048576K
}
Event: 3.083 GC heap after
{Heap after GC invocations=5 (full 0):
 garbage-first heap   total 196608K, used 16620K [0x0000000080000000, 0x0000000100000000)
  region size 1024K, 4 young (4096K), 4 survivors (4096K)
 Metaspace       used 20535K, capacity 21123K, committed 21296K, reserved 1069056K
  class space    used 2508K, capacity 2688K, committed 2688K, reserved 1048576K
}
Event: 3.776 GC heap before
{Heap before GC invocations=6 (full 0):
 garbage-first heap   total 196608K, used 82156K [0x0000000080000000, 0x0000000100000000)
  region size 1024K, 60 young (61440K), 4 survivors (4096K)
 Metaspace       used 26511K, capacity 27314K, committed 27568K, reserved 1073152K
  class space    used 3465K, capacity 3730K, committed 3840K, reserved 1048576K
}
Event: 3.784 GC heap after
{Heap after GC invocations=7 (full 0):
 garbage-first heap   total 196608K, used 30569K [0x0000000080000000, 0x0000000100000000)
  region size 1024K, 8 young (8192K), 8 survivors (8192K)
 Metaspace       used 26511K, capacity 27314K, committed 27568K, reserved 1073152K
  class space    used 3465K, capacity 3730K, committed 3840K, reserved 1048576K
}
Event: 4.449 GC heap before
{Heap before GC invocations=7 (full 0):
 garbage-first heap   total 196608K, used 79721K [0x0000000080000000, 0x0000000100000000)
  region size 1024K, 57 young (58368K), 8 survivors (8192K)
 Metaspace       used 34865K, capacity 35659K, committed 35708K, reserved 1081344K
  class space    used 4505K, capacity 4832K, committed 4864K, reserved 1048576K
}
Event: 4.461 GC heap after
{Heap after GC invocations=8 (full 0):
 garbage-first heap   total 196608K, used 33598K [0x0000000080000000, 0x0000000100000000)
  region size 1024K, 9 young (9216K), 9 survivors (9216K)
 Metaspace       used 34865K, capacity 35659K, committed 35708K, reserved 1081344K
  class space    used 4505K, capacity 4832K, committed 4864K, reserved 1048576K
}
Event: 5.769 GC heap before
{Heap before GC invocations=9 (full 0):
 garbage-first heap   total 196608K, used 127806K [0x0000000080000000, 0x0000000100000000)
  region size 1024K, 91 young (93184K), 9 survivors (9216K)
 Metaspace       used 43193K, capacity 44343K, committed 44412K, reserved 1087488K
  class space    used 5477K, capacity 5844K, committed 5888K, reserved 1048576K
}
Event: 5.789 GC heap after
{Heap after GC invocations=10 (full 0):
 garbage-first heap   total 196608K, used 48938K [0x0000000080000000, 0x0000000100000000)
  region size 1024K, 11 young (11264K), 11 survivors (11264K)
 Metaspace       used 43193K, capacity 44343K, committed 44412K, reserved 1087488K
  class space    used 5477K, capacity 5844K, committed 5888K, reserved 1048576K
}
Event: 7.005 GC heap before
{Heap before GC invocations=10 (full 0):
 garbage-first heap   total 196608K, used 140074K [0x0000000080000000, 0x0000000100000000)
  region size 1024K, 97 young (99328K), 11 survivors (11264K)
 Metaspace       used 47286K, capacity 48746K, committed 48892K, reserved 1091584K
  class space    used 6033K, capacity 6472K, committed 6528K, reserved 1048576K
}
Event: 7.021 GC heap after
{Heap after GC invocations=11 (full 0):
 garbage-first heap   total 196608K, used 61852K [0x0000000080000000, 0x0000000100000000)
  region size 1024K, 9 young (9216K), 9 survivors (9216K)
 Metaspace       used 47286K, capacity 48746K, committed 48892K, reserved 1091584K
  class space    used 6033K, capacity 6472K, committed 6528K, reserved 1048576K
}
Event: 8.775 GC heap before
{Heap before GC invocations=11 (full 0):
 garbage-first heap   total 196608K, used 144796K [0x0000000080000000, 0x0000000100000000)
  region size 1024K, 89 young (91136K), 9 survivors (9216K)
 Metaspace       used 58048K, capacity 59673K, committed 59772K, reserved 1101824K
  class space    used 7370K, capacity 7894K, committed 7936K, reserved 1048576K
}
Event: 8.800 GC heap after
{Heap after GC invocations=12 (full 0):
 garbage-first heap   total 236544K, used 69659K [0x0000000080000000, 0x0000000100000000)
  region size 1024K, 6 young (6144K), 6 survivors (6144K)
 Metaspace       used 58048K, capacity 59673K, committed 59772K, reserved 1101824K
  class space    used 7370K, capacity 7894K, committed 7936K, reserved 1048576K
}
Event: 8.842 GC heap before
{Heap before GC invocations=12 (full 0):
 garbage-first heap   total 236544K, used 74779K [0x0000000080000000, 0x0000000100000000)
  region size 1024K, 12 young (12288K), 6 survivors (6144K)
 Metaspace       used 58157K, capacity 59807K, committed 59940K, reserved 1101824K
  class space    used 7382K, capacity 7896K, committed 7936K, reserved 1048576K
}
Event: 8.850 GC heap after
{Heap after GC invocations=13 (full 0):
 garbage-first heap   total 236544K, used 69886K [0x0000000080000000, 0x0000000100000000)
  region size 1024K, 6 young (6144K), 6 survivors (6144K)
 Metaspace       used 58157K, capacity 59807K, committed 59940K, reserved 1101824K
  class space    used 7382K, capacity 7896K, committed 7936K, reserved 1048576K
}

Deoptimization events (20 events):
Event: 8.825 Thread 0x00000124f2f85800 Uncommon trap: trap_request=0xffffff4d fr.pc=0x00000124e2777aac relative=0x000000000000026c
Event: 8.825 Thread 0x00000124f2f85800 Uncommon trap: reason=unstable_if action=reinterpret pc=0x00000124e2777aac method=java.util.LinkedHashMap.get(Ljava/lang/Object;)Ljava/lang/Object; @ 20 c2
Event: 8.825 Thread 0x00000124f2f85800 DEOPT PACKING pc=0x00000124e2777aac sp=0x000000035cef4070
Event: 8.825 Thread 0x00000124f2f85800 DEOPT UNPACKING pc=0x00000124daa974af sp=0x000000035cef4028 mode 2
Event: 8.925 Thread 0x00000124f2f85800 Uncommon trap: trap_request=0xffffffc6 fr.pc=0x00000124e27e6fc0 relative=0x00000000000009e0
Event: 8.925 Thread 0x00000124f2f85800 Uncommon trap: reason=bimorphic_or_optimized_type_check action=maybe_recompile pc=0x00000124e27e6fc0 method=java.util.regex.Pattern$Start.match(Ljava/util/regex/Matcher;ILjava/lang/CharSequence;)Z @ 44 c2
Event: 8.934 Thread 0x00000124f2f85800 DEOPT PACKING pc=0x00000124e27e6fc0 sp=0x000000035cef78a0
Event: 8.934 Thread 0x00000124f2f85800 DEOPT UNPACKING pc=0x00000124daa974af sp=0x000000035cef7800 mode 2
Event: 8.934 Thread 0x00000124f2f85800 Uncommon trap: trap_request=0xffffffc6 fr.pc=0x00000124e27e6fc0 relative=0x00000000000009e0
Event: 8.934 Thread 0x00000124f2f85800 Uncommon trap: reason=bimorphic_or_optimized_type_check action=maybe_recompile pc=0x00000124e27e6fc0 method=java.util.regex.Pattern$Start.match(Ljava/util/regex/Matcher;ILjava/lang/CharSequence;)Z @ 44 c2
Event: 8.934 Thread 0x00000124f2f85800 DEOPT PACKING pc=0x00000124e27e6fc0 sp=0x000000035cef78a0
Event: 8.934 Thread 0x00000124f2f85800 DEOPT UNPACKING pc=0x00000124daa974af sp=0x000000035cef7800 mode 2
Event: 8.956 Thread 0x00000124f2f85800 Uncommon trap: trap_request=0xffffffc6 fr.pc=0x00000124e27e6fc0 relative=0x00000000000009e0
Event: 8.956 Thread 0x00000124f2f85800 Uncommon trap: reason=bimorphic_or_optimized_type_check action=maybe_recompile pc=0x00000124e27e6fc0 method=java.util.regex.Pattern$Start.match(Ljava/util/regex/Matcher;ILjava/lang/CharSequence;)Z @ 44 c2
Event: 8.956 Thread 0x00000124f2f85800 DEOPT PACKING pc=0x00000124e27e6fc0 sp=0x000000035cef78a0
Event: 8.956 Thread 0x00000124f2f85800 DEOPT UNPACKING pc=0x00000124daa974af sp=0x000000035cef7800 mode 2
Event: 8.960 Thread 0x00000124f2f85800 Uncommon trap: trap_request=0xffffffc6 fr.pc=0x00000124e27e6fc0 relative=0x00000000000009e0
Event: 8.960 Thread 0x00000124f2f85800 Uncommon trap: reason=bimorphic_or_optimized_type_check action=maybe_recompile pc=0x00000124e27e6fc0 method=java.util.regex.Pattern$Start.match(Ljava/util/regex/Matcher;ILjava/lang/CharSequence;)Z @ 44 c2
Event: 8.960 Thread 0x00000124f2f85800 DEOPT PACKING pc=0x00000124e27e6fc0 sp=0x000000035cef7870
Event: 8.960 Thread 0x00000124f2f85800 DEOPT UNPACKING pc=0x00000124daa974af sp=0x000000035cef77d0 mode 2

Classes redefined (0 events):
No events

Internal exceptions (20 events):
Event: 7.050 Thread 0x00000124f2f85800 Exception <a 'java/lang/ClassNotFoundException'{0x000000008bc70270}: org/gradle/api/DefaultTaskCustomizer> (0x000000008bc70270) thrown at [./src/hotspot/share/classfile/systemDictionary.cpp, line 231]
Event: 7.053 Thread 0x00000124f2f85800 Exception <a 'java/lang/ClassNotFoundException'{0x000000008bceb080}: org/gradle/api/internal/ConventionTaskCustomizer> (0x000000008bceb080) thrown at [./src/hotspot/share/classfile/systemDictionary.cpp, line 231]
Event: 7.055 Thread 0x00000124f2f85800 Exception <a 'java/lang/ClassNotFoundException'{0x000000008bb1d9e0}: org/gradle/api/tasks/DeleteCustomizer> (0x000000008bb1d9e0) thrown at [./src/hotspot/share/classfile/systemDictionary.cpp, line 231]
Event: 7.056 Thread 0x00000124f2f85800 Exception <a 'java/lang/ClassNotFoundException'{0x000000008bb566c0}: org/gradle/api/tasks/Delete_DecoratedCustomizer> (0x000000008bb566c0) thrown at [./src/hotspot/share/classfile/systemDictionary.cpp, line 231]
Event: 7.127 Thread 0x00000124f2f85800 Exception <a 'java/lang/ClassNotFoundException'{0x000000008baa91c8}: build_2vdvk03kwg8ye9lg561479232BeanInfo> (0x000000008baa91c8) thrown at [./src/hotspot/share/classfile/systemDictionary.cpp, line 231]
Event: 7.127 Thread 0x00000124f2f85800 Exception <a 'java/lang/ClassNotFoundException'{0x000000008bab1fd0}: build_2vdvk03kwg8ye9lg561479232Customizer> (0x000000008bab1fd0) thrown at [./src/hotspot/share/classfile/systemDictionary.cpp, line 231]
Event: 7.134 Thread 0x00000124f2f85800 Exception <a 'java/lang/ClassNotFoundException'{0x000000008b933c60}: org/gradle/plugin/use/internal/PluginRequestCollector$PluginDependenciesSpecImplBeanInfo> (0x000000008b933c60) thrown at [./src/hotspot/share/classfile/systemDictionary.cpp, line 231]
Event: 7.135 Thread 0x00000124f2f85800 Exception <a 'java/lang/ClassNotFoundException'{0x000000008b9599d0}: org/gradle/plugin/use/internal/PluginRequestCollector$PluginDependenciesSpecImplCustomizer> (0x000000008b9599d0) thrown at [./src/hotspot/share/classfile/systemDictionary.cpp, line 231]
Event: 7.141 Thread 0x00000124f2f85800 Exception <a 'java/lang/NoSuchMethodError'{0x000000008b9d2500}: 'void java.lang.invoke.DirectMethodHandle$Holder.invokeInterface(java.lang.Object, java.lang.Object)'> (0x000000008b9d2500) thrown at [./src/hotspot/share/interpreter/linkResolver.cpp, line 773]
Event: 7.494 Thread 0x00000124f2f85800 Exception <a 'java/lang/NoSuchMethodError'{0x000000008aeb26b8}: 'java.lang.Object java.lang.invoke.DirectMethodHandle$Holder.invokeStatic(java.lang.Object, java.lang.Object, java.lang.Object, java.lang.Object, int)'> (0x000000008aeb26b8) thrown at [./src/hotspot/share/interpreter/linkResolver.cpp, line 773]
Event: 7.494 Thread 0x00000124f2f85800 Exception <a 'java/lang/NoSuchMethodError'{0x000000008aeb70b0}: 'java.lang.Object java.lang.invoke.DirectMethodHandle$Holder.invokeSpecial(java.lang.Object, java.lang.Object, java.lang.Object, java.lang.Object, java.lang.Object, int)'> (0x000000008aeb70b0) thrown at [./src/hotspot/share/interpreter/linkResolver.cpp, line 773]
Event: 7.495 Thread 0x00000124f2f85800 Exception <a 'java/lang/NoSuchMethodError'{0x000000008aebb6f0}: 'java.lang.Object java.lang.invoke.Invokers$Holder.linkToTargetMethod(java.lang.Object, java.lang.Object, java.lang.Object, int, java.lang.Object)'> (0x000000008aebb6f0) thrown at [./src/hotspot/share/interpreter/linkResolver.cpp, line 773]
Event: 7.916 Thread 0x00000124f2f85800 Exception <a 'java/lang/NoSuchMethodError'{0x00000000899dbb88}: 'java.lang.Object java.lang.invoke.DirectMethodHandle$Holder.invokeSpecial(java.lang.Object, java.lang.Object, int, int, java.lang.Object, java.lang.Object, java.lang.Object)'> (0x00000000899dbb88) thrown at [./src/hotspot/share/interpreter/linkResolver.cpp, line 773]
Event: 7.916 Thread 0x00000124f2f85800 Exception <a 'java/lang/NoSuchMethodError'{0x00000000899e0108}: 'java.lang.Object java.lang.invoke.DelegatingMethodHandle$Holder.reinvoke_L(java.lang.Object, int, int, java.lang.Object, java.lang.Object, java.lang.Object)'> (0x00000000899e0108) thrown at [./src/hotspot/share/interpreter/linkResolver.cpp, line 773]
Event: 8.146 Thread 0x00000124f2f85800 Exception <a 'java/lang/NoSuchMethodError'{0x0000000088b29208}: 'int java.lang.invoke.DirectMethodHandle$Holder.invokeInterface(java.lang.Object, java.lang.Object, java.lang.Object, java.lang.Object)'> (0x0000000088b29208) thrown at [./src/hotspot/share/interpreter/linkResolver.cpp, line 773]
Event: 8.309 Thread 0x00000124f2f85800 Exception <a 'java/lang/NoSuchMethodError'{0x00000000882f3ab0}: 'void java.lang.invoke.DirectMethodHandle$Holder.invokeInterface(java.lang.Object, java.lang.Object, java.lang.Object, java.lang.Object)'> (0x00000000882f3ab0) thrown at [./src/hotspot/share/interpreter/linkResolver.cpp, line 773]
Event: 8.414 Thread 0x00000124f2f85800 Exception <a 'java/lang/IncompatibleClassChangeError'{0x0000000087a2b490}: Found class java.lang.Object, but interface was expected> (0x0000000087a2b490) thrown at [./src/hotspot/share/interpreter/linkResolver.cpp, line 839]
Event: 8.450 Thread 0x00000124f2f85800 Exception <a 'java/lang/NoSuchMethodError'{0x0000000087ac7478}: 'void java.lang.invoke.DirectMethodHandle$Holder.invokeStatic(java.lang.Object, java.lang.Object, java.lang.Object, java.lang.Object, java.lang.Object)'> (0x0000000087ac7478) thrown at [./src/hotspot/share/interpreter/linkResolver.cpp, line 773]
Event: 8.496 Thread 0x00000124f2f85800 Implicit null exception at 0x00000124e27a0674 to 0x00000124e27a0840
Event: 8.701 Thread 0x00000124f2f85800 Implicit null exception at 0x00000124e262228b to 0x00000124e2622364

Events (20 events):
Event: 9.042 loading class com/android/build/api/dsl/Splits
Event: 9.042 loading class com/android/build/api/dsl/Splits done
Event: 9.042 loading class com/android/build/gradle/internal/dsl/LanguageSplitOptions
Event: 9.042 loading class com/android/build/gradle/internal/dsl/LanguageSplitOptions done
Event: 9.043 loading class com/android/build/gradle/internal/dsl/DensitySplitOptions
Event: 9.043 loading class com/android/build/gradle/internal/dsl/DensitySplitOptions done
Event: 9.043 loading class com/android/build/api/dsl/DensitySplit
Event: 9.043 loading class com/android/build/api/dsl/DensitySplit done
Event: 9.043 loading class com/android/build/api/dsl/SplitOptions
Event: 9.043 loading class com/android/build/api/dsl/SplitOptions done
Event: 9.044 loading class com/android/build/gradle/internal/dsl/SplitOptions
Event: 9.044 loading class com/android/build/gradle/internal/dsl/SplitOptions done
Event: 9.044 loading class com/android/build/gradle/internal/dsl/AbiSplitOptions
Event: 9.044 loading class com/android/build/gradle/internal/dsl/AbiSplitOptions done
Event: 9.044 loading class com/android/build/api/dsl/AbiSplit
Event: 9.044 loading class com/android/build/api/dsl/AbiSplit done
Event: 9.050 loading class com/android/build/gradle/internal/core/Abi
Event: 9.050 loading class com/android/build/gradle/internal/core/Abi done
Event: 9.051 loading class com/google/common/collect/ImmutableList$Builder
Event: 9.051 loading class com/google/common/collect/ImmutableList$Builder done


Dynamic libraries:
0x00007ff6594a0000 - 0x00007ff6594aa000 	C:\Program Files\Android\Android Studio\jre\bin\java.exe
0x00007ffb5eef0000 - 0x00007ffb5f0e5000 	C:\WINDOWS\SYSTEM32\ntdll.dll
0x00007ffb5cfa0000 - 0x00007ffb5d05e000 	C:\WINDOWS\System32\KERNEL32.DLL
0x00007ffb5c980000 - 0x00007ffb5cc49000 	C:\WINDOWS\System32\KERNELBASE.dll
0x00007ffb5c640000 - 0x00007ffb5c740000 	C:\WINDOWS\System32\ucrtbase.dll
0x00007ffb3f2d0000 - 0x00007ffb3f2e7000 	C:\Program Files\Android\Android Studio\jre\bin\VCRUNTIME140.dll
0x00007ffb3f2a0000 - 0x00007ffb3f2b9000 	C:\Program Files\Android\Android Studio\jre\bin\jli.dll
0x00007ffb5e8b0000 - 0x00007ffb5ea51000 	C:\WINDOWS\System32\USER32.dll
0x00007ffb5ce60000 - 0x00007ffb5ce82000 	C:\WINDOWS\System32\win32u.dll
0x00007ffb4cc70000 - 0x00007ffb4cf0a000 	C:\WINDOWS\WinSxS\amd64_microsoft.windows.common-controls_6595b64144ccf1df_6.0.19041.1110_none_60b5254171f9507e\COMCTL32.dll
0x00007ffb5d750000 - 0x00007ffb5d77b000 	C:\WINDOWS\System32\GDI32.dll
0x00007ffb5ddb0000 - 0x00007ffb5de4e000 	C:\WINDOWS\System32\msvcrt.dll
0x00007ffb5c7d0000 - 0x00007ffb5c8db000 	C:\WINDOWS\System32\gdi32full.dll
0x00007ffb5c8e0000 - 0x00007ffb5c97d000 	C:\WINDOWS\System32\msvcp_win.dll
0x00007ffb5dd80000 - 0x00007ffb5ddb0000 	C:\WINDOWS\System32\IMM32.DLL
0x00007ffb30050000 - 0x00007ffb300ed000 	C:\Program Files\Android\Android Studio\jre\bin\msvcp140.dll
0x00007ffb23390000 - 0x00007ffb23e4c000 	C:\Program Files\Android\Android Studio\jre\bin\server\jvm.dll
0x00007ffb5ece0000 - 0x00007ffb5ed8c000 	C:\WINDOWS\System32\ADVAPI32.dll
0x00007ffb5e590000 - 0x00007ffb5e62b000 	C:\WINDOWS\System32\sechost.dll
0x00007ffb5d060000 - 0x00007ffb5d18a000 	C:\WINDOWS\System32\RPCRT4.dll
0x00007ffb5e840000 - 0x00007ffb5e848000 	C:\WINDOWS\System32\PSAPI.DLL
0x00007ffb48ea0000 - 0x00007ffb48ea9000 	C:\WINDOWS\SYSTEM32\WSOCK32.dll
0x00007ffb5d780000 - 0x00007ffb5d7eb000 	C:\WINDOWS\System32\WS2_32.dll
0x00007ffb4cb10000 - 0x00007ffb4cb37000 	C:\WINDOWS\SYSTEM32\WINMM.dll
0x00007ffb54c60000 - 0x00007ffb54c6a000 	C:\WINDOWS\SYSTEM32\VERSION.dll
0x00007ffb5b1e0000 - 0x00007ffb5b1f2000 	C:\WINDOWS\SYSTEM32\kernel.appcore.dll
0x00007ffb4f590000 - 0x00007ffb4f5a1000 	C:\Program Files\Android\Android Studio\jre\bin\verify.dll
0x00007ffb5aeb0000 - 0x00007ffb5b094000 	C:\WINDOWS\SYSTEM32\DBGHELP.DLL
0x00007ffb46580000 - 0x00007ffb465ac000 	C:\WINDOWS\SYSTEM32\dbgcore.DLL
0x00007ffb5c740000 - 0x00007ffb5c7c3000 	C:\WINDOWS\System32\bcryptPrimitives.dll
0x00007ffb3f840000 - 0x00007ffb3f869000 	C:\Program Files\Android\Android Studio\jre\bin\java.dll
0x00007ffb57460000 - 0x00007ffb5746b000 	C:\Program Files\Android\Android Studio\jre\bin\jimage.dll
0x00007ffb4a5f0000 - 0x00007ffb4a608000 	C:\Program Files\Android\Android Studio\jre\bin\zip.dll
0x00007ffb5de50000 - 0x00007ffb5e58f000 	C:\WINDOWS\System32\SHELL32.dll
0x00007ffb5a300000 - 0x00007ffb5aa90000 	C:\WINDOWS\SYSTEM32\windows.storage.dll
0x00007ffb5d850000 - 0x00007ffb5dba5000 	C:\WINDOWS\System32\combase.dll
0x00007ffb5bf90000 - 0x00007ffb5bfbc000 	C:\WINDOWS\SYSTEM32\Wldp.dll
0x00007ffb5dc10000 - 0x00007ffb5dcbe000 	C:\WINDOWS\System32\SHCORE.dll
0x00007ffb5e850000 - 0x00007ffb5e8a5000 	C:\WINDOWS\System32\shlwapi.dll
0x00007ffb5c550000 - 0x00007ffb5c56f000 	C:\WINDOWS\SYSTEM32\profapi.dll
0x00007ffb3f350000 - 0x00007ffb3f36a000 	C:\Program Files\Android\Android Studio\jre\bin\net.dll
0x00007ffb49e40000 - 0x00007ffb49f48000 	C:\WINDOWS\SYSTEM32\WINHTTP.dll
0x00007ffb5bcf0000 - 0x00007ffb5bd5a000 	C:\WINDOWS\system32\mswsock.dll
0x00007ffb3f330000 - 0x00007ffb3f344000 	C:\Program Files\Android\Android Studio\jre\bin\nio.dll
0x00007ffb3f0c0000 - 0x00007ffb3f0e7000 	C:\Users\asus\Desktop\JavaLearning\native\fdc75f09e3144964f2cf3f50f0aa648679c211496f362492102eb8c894070792\windows-amd64\native-platform.dll
0x00007ffb30f70000 - 0x00007ffb31106000 	C:\Users\asus\Desktop\JavaLearning\native\12488b8bf47d2d4c9fbf2f6322a914ad602e24e48041cd04a747c6da556b65c4\windows-amd64\native-platform-file-events.dll
0x00007ffb55c40000 - 0x00007ffb55c4a000 	C:\Program Files\Android\Android Studio\jre\bin\management.dll
0x00007ffb559b0000 - 0x00007ffb559bc000 	C:\Program Files\Android\Android Studio\jre\bin\management_ext.dll
0x00007ffb5bee0000 - 0x00007ffb5bef8000 	C:\WINDOWS\SYSTEM32\CRYPTSP.dll
0x00007ffb5b670000 - 0x00007ffb5b6a4000 	C:\WINDOWS\system32\rsaenh.dll
0x00007ffb5c610000 - 0x00007ffb5c637000 	C:\WINDOWS\System32\bcrypt.dll
0x00007ffb5c510000 - 0x00007ffb5c53e000 	C:\WINDOWS\SYSTEM32\USERENV.dll
0x00007ffb5bf00000 - 0x00007ffb5bf0c000 	C:\WINDOWS\SYSTEM32\CRYPTBASE.dll
0x00007ffb5b9e0000 - 0x00007ffb5ba1b000 	C:\WINDOWS\SYSTEM32\IPHLPAPI.DLL
0x00007ffb5d230000 - 0x00007ffb5d238000 	C:\WINDOWS\System32\NSI.dll
0x00007ffb56090000 - 0x00007ffb560a7000 	C:\WINDOWS\SYSTEM32\dhcpcsvc6.DLL
0x00007ffb563b0000 - 0x00007ffb563cd000 	C:\WINDOWS\SYSTEM32\dhcpcsvc.DLL
0x00007ffb5ba20000 - 0x00007ffb5baec000 	C:\WINDOWS\SYSTEM32\DNSAPI.dll
0x00007ffb564c0000 - 0x00007ffb564cb000 	C:\WINDOWS\SYSTEM32\WINNSI.DLL

dbghelp: loaded successfully - version: 4.0.5 - missing functions: none
symbol engine: initialized successfully - sym options: 0x614 - pdb path: .;C:\Program Files\Android\Android Studio\jre\bin;C:\WINDOWS\SYSTEM32;C:\WINDOWS\WinSxS\amd64_microsoft.windows.common-controls_6595b64144ccf1df_6.0.19041.1110_none_60b5254171f9507e;C:\Program Files\Android\Android Studio\jre\bin\server;C:\Users\asus\Desktop\JavaLearning\native\fdc75f09e3144964f2cf3f50f0aa648679c211496f362492102eb8c894070792\windows-amd64;C:\Users\asus\Desktop\JavaLearning\native\12488b8bf47d2d4c9fbf2f6322a914ad602e24e48041cd04a747c6da556b65c4\windows-amd64

VM Arguments:
jvm_args: --add-opens=java.base/java.util=ALL-UNNAMED --add-opens=java.base/java.lang=ALL-UNNAMED --add-opens=java.base/java.lang.invoke=ALL-UNNAMED --add-opens=java.prefs/java.util.prefs=ALL-UNNAMED -Xmx2048m -Dfile.encoding=UTF-8 -Duser.country=TR -Duser.language=tr -Duser.variant 
java_command: org.gradle.launcher.daemon.bootstrap.GradleDaemon 6.7.1
java_class_path (initial): C:\Users\asus\Desktop\JavaLearning\wrapper\dists\gradle-6.7.1-bin\bwlcbys1h7rz3272sye1xwiv6\gradle-6.7.1\lib\gradle-launcher-6.7.1.jar
Launcher Type: SUN_STANDARD

[Global flags]
     intx CICompilerCount                          = 3                                         {product} {ergonomic}
     uint ConcGCThreads                            = 1                                         {product} {ergonomic}
     uint G1ConcRefinementThreads                  = 4                                         {product} {ergonomic}
   size_t G1HeapRegionSize                         = 1048576                                   {product} {ergonomic}
    uintx GCDrainStackTargetSize                   = 64                                        {product} {ergonomic}
   size_t InitialHeapSize                          = 201326592                                 {product} {ergonomic}
   size_t MarkStackSize                            = 4194304                                   {product} {ergonomic}
   size_t MaxHeapSize                              = 2147483648                                {product} {command line}
   size_t MaxNewSize                               = 1287651328                                {product} {ergonomic}
   size_t MinHeapDeltaBytes                        = 1048576                                   {product} {ergonomic}
    uintx NonNMethodCodeHeapSize                   = 5830732                                {pd product} {ergonomic}
    uintx NonProfiledCodeHeapSize                  = 122913754                              {pd product} {ergonomic}
    uintx ProfiledCodeHeapSize                     = 122913754                              {pd product} {ergonomic}
    uintx ReservedCodeCacheSize                    = 251658240                              {pd product} {ergonomic}
     bool SegmentedCodeCache                       = true                                      {product} {ergonomic}
     bool UseCompressedClassPointers               = true                                 {lp64_product} {ergonomic}
     bool UseCompressedOops                        = true                                 {lp64_product} {ergonomic}
     bool UseG1GC                                  = true                                      {product} {ergonomic}
     bool UseLargePagesIndividualAllocation        = false                                  {pd product} {ergonomic}

Logging:
Log output configuration:
 #0: stdout all=warning uptime,level,tags
 #1: stderr all=off uptime,level,tags

Environment Variables:
JAVA_HOME=C:\Program Files\Java\jdk-11.0.7
JRE_HOME=C:\Program Files\Java\jre1.8.0_151
PATH=C:\Program Files (x86)\Common Files\Oracle\Java\javapath;C:\Program Files\nodejs;C:\Program Files\Microsoft SQL Server\Client SDK\ODBC\130\Tools\Binn\;C:\Program Files (x86)\Microsoft SQL Server\140\Tools\Binn\;C:\Program Files\Microsoft SQL Server\140\Tools\Binn\;C:\Program Files\Microsoft SQL Server\140\DTS\Binn\;C:\Program Files (x86)\Microsoft SQL Server\150\DTS\Binn\;C:\Program Files\dotnet\;C:\Program Files\Microsoft SQL Server\130\Tools\Binn\;C:\WINDOWS\system32;C:\WINDOWS;C:\WINDOWS\System32\Wbem;C:\WINDOWS\System32\WindowsPowerShell\v1.0\;C:\WINDOWS\System32\OpenSSH\;C:\Program Files\Gauge\bin;C:\Program Files\apache-maven-3.6.3-bin\apache-maven-3.6.3\bin;C:\Program Files\Git\cmd;C:\Program Files (x86)\dotnet\;C:\Program Files (x86)\NVIDIA Corporation\PhysX\Common;C:\Program Files\nodejs\;C:\Program Files\Graphviz\bin;C:\Program Files\MySQL\MySQL Shell 8.0\bin\;C:\Users\asus\Desktop\otomasyon;C:\Users\asus\AppData\Local\Programs\Microsoft VS Code\bin;C:\Users\asus\AppData\Local\Programs\MiKTeX 2.9\miktex\bin\x64\;C:\Users\asus\AppData\Local\Microsoft\WindowsApps;C:\Users\asus\AppData\Roaming\npm;C:\Program Files\Graphviz\bin;
USERNAME=asus
OS=Windows_NT
PROCESSOR_IDENTIFIER=Intel64 Family 6 Model 142 Stepping 9, GenuineIntel



---------------  S Y S T E M  ---------------

OS: Windows 10 , 64 bit Build 19041 (10.0.19041.1202)
OS uptime: 5 days 17:50 hours

CPU:total 4 (initial active 4) (2 cores per cpu, 2 threads per core) family 6 model 142 stepping 9, cmov, cx8, fxsr, mmx, sse, sse2, sse3, ssse3, sse4.1, sse4.2, popcnt, avx, avx2, aes, clmul, erms, 3dnowpref, lzcnt, ht, tsc, tscinvbit, bmi1, bmi2, adx, fma

Memory: 4k page, system-wide physical 12174M (1639M free)
TotalPageFile size 12174M (AvailPageFile size 6M)
current process WorkingSet (physical memory assigned to process): 393M, peak: 393M
current process commit charge ("private bytes"): 476M, peak: 478M

vm_info: OpenJDK 64-Bit Server VM (11.0.8+10-b944.6842174) for windows-amd64 JRE (11.0.8+10-b944.6842174), built on Sep 19 2020 01:11:42 by "builder" with MS VC++ 14.0 (VS2015)

END.
