#
# There is insufficient memory for the Java Runtime Environment to continue.
# Native memory allocation (malloc) failed to allocate 2315216 bytes for Chunk::new
# Possible reasons:
#   The system is out of physical RAM or swap space
#   The process is running with CompressedOops enabled, and the Java Heap may be blocking the growth of the native heap
# Possible solutions:
#   Reduce memory load on the system
#   Increase physical memory or swap space
#   Check if swap backing store is full
#   Decrease Java heap size (-Xmx/-Xms)
#   Decrease number of Java threads
#   Decrease Java thread stack sizes (-Xss)
#   Set larger code cache with -XX:ReservedCodeCacheSize=
#   JVM is running with Unscaled Compressed Oops mode in which the Java heap is
#     placed in the first 4GB address space. The Java Heap base address is the
#     maximum limit for the native heap growth. Please use -XX:HeapBaseMinAddress
#     to set the Java Heap base and to place the Java Heap above 4GB virtual address.
# This output file may be truncated or incomplete.
#
#  Out of Memory Error (./src/hotspot/share/memory/arena.cpp:197), pid=11432, tid=7232
#
# JRE version: OpenJDK Runtime Environment (11.0.8+10) (build 11.0.8+10-b944.6842174)
# Java VM: OpenJDK 64-Bit Server VM (11.0.8+10-b944.6842174, mixed mode, tiered, compressed oops, g1 gc, windows-amd64)
# No core dump will be written. Minidumps are not enabled by default on client versions of Windows
#

---------------  S U M M A R Y ------------

Command Line: --add-opens=java.base/java.util=ALL-UNNAMED --add-opens=java.base/java.lang=ALL-UNNAMED --add-opens=java.base/java.lang.invoke=ALL-UNNAMED --add-opens=java.prefs/java.util.prefs=ALL-UNNAMED -Xmx2048m -Dfile.encoding=UTF-8 -Duser.country=TR -Duser.language=tr -Duser.variant org.gradle.launcher.daemon.bootstrap.GradleDaemon 6.7.1

Host: Intel(R) Core(TM) i7-7500U CPU @ 2.70GHz, 4 cores, 11G,  Windows 10 , 64 bit Build 19041 (10.0.19041.1202)
Time: Wed Sep 29 15:38:50 2021 Türkiye Standart Saati elapsed time: 4311 seconds (0d 1h 11m 51s)

---------------  T H R E A D  ---------------

Current thread (0x0000025e7a25a800):  JavaThread "C2 CompilerThread0" daemon [_thread_in_native, id=7232, stack(0x000000d87d900000,0x000000d87da00000)]


Current CompileTask:
C2:4311139 24634   !   4       org.gradle.execution.plan.DefaultPlanExecutor$ExecutorWorker::lambda$executeNextNode$1 (111 bytes)

Stack: [0x000000d87d900000,0x000000d87da00000]
Native frames: (J=compiled Java code, j=interpreted, Vv=VM code, C=native code)
V  [jvm.dll+0x5de50a]
V  [jvm.dll+0x7122f5]
V  [jvm.dll+0x71384d]
V  [jvm.dll+0x713f03]
V  [jvm.dll+0x23e728]
V  [jvm.dll+0xb899c]
V  [jvm.dll+0xb8e9c]
V  [jvm.dll+0x35020b]
V  [jvm.dll+0x31dea3]
V  [jvm.dll+0x31d39a]
V  [jvm.dll+0x1f7702]
V  [jvm.dll+0x1f68d4]
V  [jvm.dll+0x17f32c]
V  [jvm.dll+0x205047]
V  [jvm.dll+0x203891]
V  [jvm.dll+0x6dad3f]
V  [jvm.dll+0x6d3895]
V  [jvm.dll+0x5dd4a6]
C  [ucrtbase.dll+0x21bb2]
C  [KERNEL32.DLL+0x17034]
C  [ntdll.dll+0x52651]


---------------  P R O C E S S  ---------------

Threads class SMR info:
_java_thread_list=0x0000025e1156db80, length=172, elements={
0x0000025e6ef9c000, 0x0000025e79a45800, 0x0000025e79a4c000, 0x0000025e7a255800,
0x0000025e7a257800, 0x0000025e7a25a800, 0x0000025e7a2a3800, 0x0000025e7a2d5800,
0x0000025e7a43d800, 0x0000025e7a448000, 0x0000025e7b8eb800, 0x0000025e7ba13000,
0x0000025e7be37800, 0x0000025e7a2a4800, 0x0000025e7a2a7000, 0x0000025e7a2a1800,
0x0000025e0f314000, 0x0000025e0f312800, 0x0000025e7df90800, 0x0000025e1337b000,
0x0000025e1337d800, 0x0000025e13384000, 0x0000025e13388000, 0x0000025e13385800,
0x0000025e7e4ab000, 0x0000025e7e4a9000, 0x0000025e7e4ac800, 0x0000025e7e4a7000,
0x0000025e7e4aa000, 0x0000025e7e4ad800, 0x0000025e7e4a7800, 0x0000025e7e4a8800,
0x0000025e7e4ae000, 0x0000025e7e4af000, 0x0000025e7e4af800, 0x0000025e7e4b0800,
0x0000025e7e4ab800, 0x0000025e7e4b4000, 0x0000025e7e4b7000, 0x0000025e7e4b1800,
0x0000025e7e4b6800, 0x0000025e7e4b5800, 0x0000025e7e4b8000, 0x0000025e7e4b3000,
0x0000025e7e4b2000, 0x0000025e7e4bd800, 0x0000025e7e4bd000, 0x0000025e7e4ba800,
0x0000025e7e4be800, 0x0000025e7e4b8800, 0x0000025e7e4bc000, 0x0000025e7e4b9800,
0x0000025e7e4bf800, 0x0000025e7e4c1000, 0x0000025e7e4c0000, 0x0000025e7e4bb000,
0x0000025e7e4c1800, 0x0000025e7e4c2800, 0x0000025e7e4c4000, 0x0000025e7e4c3800,
0x0000025e7e4c5000, 0x0000025e7e4c6000, 0x0000025e7df85000, 0x0000025e7df87800,
0x0000025e7df8b800, 0x0000025e7df88000, 0x0000025e7df85800, 0x0000025e7df86800,
0x0000025e7df89800, 0x0000025e7df89000, 0x0000025e7df8c000, 0x0000025e7df8f800,
0x0000025e7df8d000, 0x0000025e7df8a800, 0x0000025e7df91000, 0x0000025e7df92000,
0x0000025e7df93800, 0x0000025e7df92800, 0x0000025e7df8e000, 0x0000025e12c7c800,
0x0000025e12c7a000, 0x0000025e12c7b000, 0x0000025e12c7b800, 0x0000025e12c79800,
0x0000025e12c81800, 0x0000025e12c80800, 0x0000025e12c82800, 0x0000025e12c80000,
0x0000025e12c83000, 0x0000025e12c84000, 0x0000025e12c7f000, 0x0000025e12c86800,
0x0000025e12c84800, 0x0000025e12c85800, 0x0000025e12c87000, 0x0000025e12c88000,
0x0000025e0f315000, 0x0000025e0f311800, 0x0000025e0f313000, 0x0000025e0f310000,
0x0000025e0f317000, 0x0000025e0f319000, 0x0000025e0f316800, 0x0000025e0f31b800,
0x0000025e0f31d000, 0x0000025e0f31c000, 0x0000025e0f318000, 0x0000025e0f319800,
0x0000025e0f31e000, 0x0000025e0f31e800, 0x0000025e0f31a800, 0x0000025e1337f000,
0x0000025e1337c000, 0x0000025e1337c800, 0x0000025e1337a000, 0x0000025e1337e000,
0x0000025e13379800, 0x0000025e13380000, 0x0000025e13386800, 0x0000025e13382800,
0x0000025e13380800, 0x0000025e13387000, 0x0000025e13383000, 0x0000025e13381800,
0x0000025e13384800, 0x0000025e7a2a6000, 0x0000025e7a2a3000, 0x0000025e7a2a5800,
0x0000025e7a2a8000, 0x0000025e7a2a2000, 0x0000025e7ac95000, 0x0000025e7ac94800,
0x0000025e7ac97800, 0x0000025e7ac96000, 0x0000025e7ac96800, 0x0000025e7ac98800,
0x0000025e7ac99000, 0x0000025e7ac93800, 0x0000025e7ac9b800, 0x0000025e7ac9f800,
0x0000025e7ac9a000, 0x0000025e7aca0800, 0x0000025e7ac9d000, 0x0000025e7ac9b000,
0x0000025e7ac9e000, 0x0000025e7ac9f000, 0x0000025e7aca1800, 0x0000025e7aca2000,
0x0000025e7ac9c800, 0x0000025e12b15000, 0x0000025e12b13800, 0x0000025e12b16000,
0x0000025e12b10800, 0x0000025e12b17000, 0x0000025e12b11000, 0x0000025e12b13000,
0x0000025e12b17800, 0x0000025e12b12000, 0x0000025e12b18800, 0x0000025e12b1c000,
0x0000025e12b1f000, 0x0000025e12b1c800, 0x0000025e7e4b4800, 0x0000025e13a34000,
0x0000025e13a2f000, 0x0000025e13a2e800, 0x0000025e13a31000, 0x0000025e13a30000,
0x0000025e13a35000, 0x0000025e13a35800, 0x0000025e13a33800, 0x0000025e13a31800
}

Java Threads: ( => current thread )
  0x0000025e6ef9c000 JavaThread "main" [_thread_blocked, id=6988, stack(0x000000d87ce00000,0x000000d87cf00000)]
  0x0000025e79a45800 JavaThread "Reference Handler" daemon [_thread_blocked, id=9224, stack(0x000000d87d500000,0x000000d87d600000)]
  0x0000025e79a4c000 JavaThread "Finalizer" daemon [_thread_blocked, id=12188, stack(0x000000d87d600000,0x000000d87d700000)]
  0x0000025e7a255800 JavaThread "Signal Dispatcher" daemon [_thread_blocked, id=9688, stack(0x000000d87d700000,0x000000d87d800000)]
  0x0000025e7a257800 JavaThread "Attach Listener" daemon [_thread_blocked, id=10220, stack(0x000000d87d800000,0x000000d87d900000)]
=>0x0000025e7a25a800 JavaThread "C2 CompilerThread0" daemon [_thread_in_native, id=7232, stack(0x000000d87d900000,0x000000d87da00000)]
  0x0000025e7a2a3800 JavaThread "C1 CompilerThread0" daemon [_thread_blocked, id=10736, stack(0x000000d87da00000,0x000000d87db00000)]
  0x0000025e7a2d5800 JavaThread "Sweeper thread" daemon [_thread_blocked, id=5812, stack(0x000000d87db00000,0x000000d87dc00000)]
  0x0000025e7a43d800 JavaThread "Common-Cleaner" daemon [_thread_blocked, id=7228, stack(0x000000d87dc00000,0x000000d87dd00000)]
  0x0000025e7a448000 JavaThread "Service Thread" daemon [_thread_blocked, id=2888, stack(0x000000d87dd00000,0x000000d87de00000)]
  0x0000025e7b8eb800 JavaThread "Daemon health stats" [_thread_blocked, id=10160, stack(0x000000d87e300000,0x000000d87e400000)]
  0x0000025e7ba13000 JavaThread "Incoming local TCP Connector on port 54324" [_thread_in_native, id=6652, stack(0x000000d87e500000,0x000000d87e600000)]
  0x0000025e7be37800 JavaThread "Daemon periodic checks" [_thread_blocked, id=10648, stack(0x000000d87e800000,0x000000d87e900000)]
  0x0000025e7a2a4800 JavaThread "Cache worker for file hash cache (C:\Users\asus\Desktop\JavaLearning\caches\6.7.1\fileHashes)" [_thread_blocked, id=3392, stack(0x000000d87ee00000,0x000000d87ef00000)]
  0x0000025e7a2a7000 JavaThread "File lock request listener" [_thread_in_native, id=2040, stack(0x000000d87ef00000,0x000000d87f000000)]
  0x0000025e7a2a1800 JavaThread "Cache worker for journal cache (C:\Users\asus\Desktop\JavaLearning\caches\journal-1)" [_thread_blocked, id=11360, stack(0x000000d87f000000,0x000000d87f100000)]
  0x0000025e0f314000 JavaThread "Cache worker for execution history cache (C:\Users\asus\Desktop\JavaLearning\caches\6.7.1\executionHistory)" [_thread_blocked, id=5284, stack(0x000000d87f600000,0x000000d87f700000)]
  0x0000025e0f312800 JavaThread "Cache worker for file content cache (C:\Users\asus\Desktop\JavaLearning\caches\6.7.1\fileContent)" [_thread_blocked, id=2760, stack(0x000000d87f800000,0x000000d87f900000)]
  0x0000025e7df90800 JavaThread "Memory manager" [_thread_blocked, id=7288, stack(0x000000d807200000,0x000000d807300000)]
  0x0000025e1337b000 JavaThread "RMI Scheduler(0)" daemon [_thread_blocked, id=9320, stack(0x000000d807900000,0x000000d807a00000)]
  0x0000025e1337d800 JavaThread "RMI GC Daemon" daemon [_thread_blocked, id=5676, stack(0x000000d808400000,0x000000d808500000)]
  0x0000025e13384000 JavaThread "RMI TCP Accept-0" daemon [_thread_in_native, id=9388, stack(0x000000d808600000,0x000000d808700000)]
  0x0000025e13388000 JavaThread "RMI Reaper" [_thread_blocked, id=1248, stack(0x000000d808700000,0x000000d808800000)]
  0x0000025e13385800 JavaThread "Cache worker for Java compile cache (C:\Users\asus\Desktop\JavaLearning\caches\6.7.1\javaCompile)" [_thread_blocked, id=9240, stack(0x000000d808300000,0x000000d808400000)]
  0x0000025e7e4ab000 JavaThread "ForkJoinPool.commonPool-worker-5" daemon [_thread_blocked, id=6532, stack(0x000000d809d00000,0x000000d809e00000)]
  0x0000025e7e4a9000 JavaThread "RMI TCP Connection(48)-127.0.0.1" daemon [_thread_in_native, id=11688, stack(0x000000d800000000,0x000000d800100000)]
  0x0000025e7e4ac800 JavaThread "Daemon Thread 12" [_thread_blocked, id=8596, stack(0x000000d800100000,0x000000d800200000)]
  0x0000025e7e4a7000 JavaThread "Handler for socket connection from /127.0.0.1:54324 to /127.0.0.1:61389" [_thread_in_native, id=11060, stack(0x000000d800200000,0x000000d800300000)]
  0x0000025e7e4aa000 JavaThread "Cancel handler" [_thread_blocked, id=7752, stack(0x000000d800300000,0x000000d800400000)]
  0x0000025e7e4ad800 JavaThread "Daemon worker Thread 12" [_thread_in_vm, id=6008, stack(0x000000d800400000,0x000000d800500000)]
  0x0000025e7e4a7800 JavaThread "Asynchronous log dispatcher for DefaultDaemonConnection: socket connection from /127.0.0.1:54324 to /127.0.0.1:61389" [_thread_blocked, id=11512, stack(0x000000d800500000,0x000000d800600000)]
  0x0000025e7e4a8800 JavaThread "Stdin handler" [_thread_blocked, id=10772, stack(0x000000d800600000,0x000000d800700000)]
  0x0000025e7e4ae000 JavaThread "Thread-1656" [_thread_blocked, id=7300, stack(0x000000d800700000,0x000000d800800000)]
  0x0000025e7e4af000 JavaThread "Cache worker for file hash cache (C:\Users\asus\Desktop\MyNotebookProject\.gradle\6.7.1\fileHashes)" [_thread_blocked, id=12084, stack(0x000000d800800000,0x000000d800900000)]
  0x0000025e7e4af800 JavaThread "Cache worker for checksums cache (C:\Users\asus\Desktop\MyNotebookProject\.gradle\checksums)" [_thread_blocked, id=6640, stack(0x000000d800900000,0x000000d800a00000)]
  0x0000025e7e4b0800 JavaThread "Cache worker for cache directory md-supplier (C:\Users\asus\Desktop\JavaLearning\caches\6.7.1\md-supplier)" [_thread_blocked, id=11368, stack(0x000000d800a00000,0x000000d800b00000)]
  0x0000025e7e4ab800 JavaThread "Cache worker for cache directory md-rule (C:\Users\asus\Desktop\JavaLearning\caches\6.7.1\md-rule)" [_thread_blocked, id=3092, stack(0x000000d800b00000,0x000000d800c00000)]
  0x0000025e7e4b4000 JavaThread "Cache worker for Build Output Cleanup Cache (C:\Users\asus\Desktop\MyNotebookProject\.gradle\buildOutputCleanup)" [_thread_blocked, id=9568, stack(0x000000d800c00000,0x000000d800d00000)]
  0x0000025e7e4b7000 JavaThread "Build operations" [_thread_blocked, id=1476, stack(0x000000d800d00000,0x000000d800e00000)]
  0x0000025e7e4b1800 JavaThread "Build operations Thread 2" [_thread_blocked, id=11336, stack(0x000000d800e00000,0x000000d800f00000)]
  0x0000025e7e4b6800 JavaThread "Build operations Thread 3" [_thread_blocked, id=8780, stack(0x000000d800f00000,0x000000d801000000)]
  0x0000025e7e4b5800 JavaThread "Build operations Thread 4" [_thread_blocked, id=9188, stack(0x000000d801000000,0x000000d801100000)]
  0x0000025e7e4b8000 JavaThread "jar transforms Thread 1288" [_thread_blocked, id=2628, stack(0x000000d801200000,0x000000d801300000)]
  0x0000025e7e4b3000 JavaThread "jar transforms Thread 1289" [_thread_blocked, id=9868, stack(0x000000d801300000,0x000000d801400000)]
  0x0000025e7e4b2000 JavaThread "jar transforms Thread 1290" [_thread_blocked, id=12120, stack(0x000000d801400000,0x000000d801500000)]
  0x0000025e7e4bd800 JavaThread "jar transforms Thread 1291" [_thread_blocked, id=3316, stack(0x000000d801500000,0x000000d801600000)]
  0x0000025e7e4bd000 JavaThread "jar transforms Thread 1292" [_thread_blocked, id=4628, stack(0x000000d801600000,0x000000d801700000)]
  0x0000025e7e4ba800 JavaThread "jar transforms Thread 1293" [_thread_blocked, id=12224, stack(0x000000d801700000,0x000000d801800000)]
  0x0000025e7e4be800 JavaThread "jar transforms Thread 1294" [_thread_blocked, id=12220, stack(0x000000d801800000,0x000000d801900000)]
  0x0000025e7e4b8800 JavaThread "jar transforms Thread 1295" [_thread_blocked, id=9340, stack(0x000000d801900000,0x000000d801a00000)]
  0x0000025e7e4bc000 JavaThread "jar transforms Thread 1296" [_thread_blocked, id=6516, stack(0x000000d801a00000,0x000000d801b00000)]
  0x0000025e7e4b9800 JavaThread "jar transforms Thread 1297" [_thread_blocked, id=2192, stack(0x000000d801b00000,0x000000d801c00000)]
  0x0000025e7e4bf800 JavaThread "jar transforms Thread 1298" [_thread_blocked, id=8036, stack(0x000000d801c00000,0x000000d801d00000)]
  0x0000025e7e4c1000 JavaThread "jar transforms Thread 1299" [_thread_blocked, id=7372, stack(0x000000d801d00000,0x000000d801e00000)]
  0x0000025e7e4c0000 JavaThread "jar transforms Thread 1300" [_thread_blocked, id=10580, stack(0x000000d801e00000,0x000000d801f00000)]
  0x0000025e7e4bb000 JavaThread "jar transforms Thread 1301" [_thread_blocked, id=10536, stack(0x000000d801f00000,0x000000d802000000)]
  0x0000025e7e4c1800 JavaThread "jar transforms Thread 1302" [_thread_blocked, id=11340, stack(0x000000d802000000,0x000000d802100000)]
  0x0000025e7e4c2800 JavaThread "jar transforms Thread 1303" [_thread_blocked, id=5004, stack(0x000000d802100000,0x000000d802200000)]
  0x0000025e7e4c4000 JavaThread "jar transforms Thread 1304" [_thread_blocked, id=5436, stack(0x000000d802200000,0x000000d802300000)]
  0x0000025e7e4c3800 JavaThread "jar transforms Thread 1305" [_thread_blocked, id=7396, stack(0x000000d802300000,0x000000d802400000)]
  0x0000025e7e4c5000 JavaThread "jar transforms Thread 1306" [_thread_blocked, id=10012, stack(0x000000d802400000,0x000000d802500000)]
  0x0000025e7e4c6000 JavaThread "jar transforms Thread 1307" [_thread_blocked, id=6920, stack(0x000000d802500000,0x000000d802600000)]
  0x0000025e7df85000 JavaThread "jar transforms Thread 1308" [_thread_blocked, id=3292, stack(0x000000d802600000,0x000000d802700000)]
  0x0000025e7df87800 JavaThread "jar transforms Thread 1309" [_thread_blocked, id=668, stack(0x000000d802700000,0x000000d802800000)]
  0x0000025e7df8b800 JavaThread "jar transforms Thread 1310" [_thread_blocked, id=3352, stack(0x000000d802800000,0x000000d802900000)]
  0x0000025e7df88000 JavaThread "jar transforms Thread 1311" [_thread_blocked, id=5064, stack(0x000000d802900000,0x000000d802a00000)]
  0x0000025e7df85800 JavaThread "jar transforms Thread 1312" [_thread_blocked, id=11484, stack(0x000000d802a00000,0x000000d802b00000)]
  0x0000025e7df86800 JavaThread "jar transforms Thread 1313" [_thread_blocked, id=10384, stack(0x000000d802b00000,0x000000d802c00000)]
  0x0000025e7df89800 JavaThread "jar transforms Thread 1314" [_thread_blocked, id=10904, stack(0x000000d802c00000,0x000000d802d00000)]
  0x0000025e7df89000 JavaThread "jar transforms Thread 1315" [_thread_blocked, id=5900, stack(0x000000d802d00000,0x000000d802e00000)]
  0x0000025e7df8c000 JavaThread "jar transforms Thread 1316" [_thread_blocked, id=10508, stack(0x000000d802e00000,0x000000d802f00000)]
  0x0000025e7df8f800 JavaThread "jar transforms Thread 1317" [_thread_blocked, id=9924, stack(0x000000d802f00000,0x000000d803000000)]
  0x0000025e7df8d000 JavaThread "jar transforms Thread 1318" [_thread_blocked, id=7900, stack(0x000000d803000000,0x000000d803100000)]
  0x0000025e7df8a800 JavaThread "jar transforms Thread 1319" [_thread_blocked, id=11012, stack(0x000000d803100000,0x000000d803200000)]
  0x0000025e7df91000 JavaThread "jar transforms Thread 1320" [_thread_blocked, id=9248, stack(0x000000d803200000,0x000000d803300000)]
  0x0000025e7df92000 JavaThread "jar transforms Thread 1321" [_thread_blocked, id=2136, stack(0x000000d803300000,0x000000d803400000)]
  0x0000025e7df93800 JavaThread "jar transforms Thread 1322" [_thread_blocked, id=4364, stack(0x000000d803400000,0x000000d803500000)]
  0x0000025e7df92800 JavaThread "jar transforms Thread 1323" [_thread_blocked, id=11968, stack(0x000000d803500000,0x000000d803600000)]
  0x0000025e7df8e000 JavaThread "jar transforms Thread 1324" [_thread_blocked, id=4960, stack(0x000000d803600000,0x000000d803700000)]
  0x0000025e12c7c800 JavaThread "jar transforms Thread 1325" [_thread_blocked, id=7716, stack(0x000000d803700000,0x000000d803800000)]
  0x0000025e12c7a000 JavaThread "jar transforms Thread 1326" [_thread_blocked, id=3612, stack(0x000000d803800000,0x000000d803900000)]
  0x0000025e12c7b000 JavaThread "jar transforms Thread 1327" [_thread_blocked, id=12036, stack(0x000000d803900000,0x000000d803a00000)]
  0x0000025e12c7b800 JavaThread "jar transforms Thread 1328" [_thread_blocked, id=7896, stack(0x000000d803a00000,0x000000d803b00000)]
  0x0000025e12c79800 JavaThread "jar transforms Thread 1329" [_thread_blocked, id=11016, stack(0x000000d803b00000,0x000000d803c00000)]
  0x0000025e12c81800 JavaThread "jar transforms Thread 1330" [_thread_blocked, id=9500, stack(0x000000d803c00000,0x000000d803d00000)]
  0x0000025e12c80800 JavaThread "jar transforms Thread 1331" [_thread_blocked, id=6540, stack(0x000000d803d00000,0x000000d803e00000)]
  0x0000025e12c82800 JavaThread "jar transforms Thread 1332" [_thread_blocked, id=4776, stack(0x000000d803e00000,0x000000d803f00000)]
  0x0000025e12c80000 JavaThread "jar transforms Thread 1333" [_thread_blocked, id=11520, stack(0x000000d803f00000,0x000000d804000000)]
  0x0000025e12c83000 JavaThread "jar transforms Thread 1334" [_thread_blocked, id=12148, stack(0x000000d804000000,0x000000d804100000)]
  0x0000025e12c84000 JavaThread "jar transforms Thread 1335" [_thread_blocked, id=5696, stack(0x000000d804100000,0x000000d804200000)]
  0x0000025e12c7f000 JavaThread "jar transforms Thread 1336" [_thread_blocked, id=5684, stack(0x000000d804200000,0x000000d804300000)]
  0x0000025e12c86800 JavaThread "jar transforms Thread 1337" [_thread_blocked, id=6560, stack(0x000000d804300000,0x000000d804400000)]
  0x0000025e12c84800 JavaThread "jar transforms Thread 1338" [_thread_blocked, id=10356, stack(0x000000d804400000,0x000000d804500000)]
  0x0000025e12c85800 JavaThread "jar transforms Thread 1339" [_thread_blocked, id=672, stack(0x000000d804500000,0x000000d804600000)]
  0x0000025e12c87000 JavaThread "jar transforms Thread 1340" [_thread_blocked, id=9212, stack(0x000000d804600000,0x000000d804700000)]
  0x0000025e12c88000 JavaThread "jar transforms Thread 1341" [_thread_blocked, id=7728, stack(0x000000d804700000,0x000000d804800000)]
  0x0000025e0f315000 JavaThread "jar transforms Thread 1342" [_thread_blocked, id=2160, stack(0x000000d804800000,0x000000d804900000)]
  0x0000025e0f311800 JavaThread "jar transforms Thread 1343" [_thread_blocked, id=1884, stack(0x000000d804900000,0x000000d804a00000)]
  0x0000025e0f313000 JavaThread "jar transforms Thread 1344" [_thread_blocked, id=10228, stack(0x000000d804a00000,0x000000d804b00000)]
  0x0000025e0f310000 JavaThread "jar transforms Thread 1345" [_thread_blocked, id=12200, stack(0x000000d804b00000,0x000000d804c00000)]
  0x0000025e0f317000 JavaThread "jar transforms Thread 1346" [_thread_blocked, id=6004, stack(0x000000d804c00000,0x000000d804d00000)]
  0x0000025e0f319000 JavaThread "jar transforms Thread 1347" [_thread_blocked, id=7692, stack(0x000000d804d00000,0x000000d804e00000)]
  0x0000025e0f316800 JavaThread "jar transforms Thread 1348" [_thread_blocked, id=7620, stack(0x000000d804e00000,0x000000d804f00000)]
  0x0000025e0f31b800 JavaThread "jar transforms Thread 1349" [_thread_blocked, id=2788, stack(0x000000d804f00000,0x000000d805000000)]
  0x0000025e0f31d000 JavaThread "jar transforms Thread 1350" [_thread_blocked, id=11168, stack(0x000000d805000000,0x000000d805100000)]
  0x0000025e0f31c000 JavaThread "jar transforms Thread 1351" [_thread_blocked, id=8432, stack(0x000000d805100000,0x000000d805200000)]
  0x0000025e0f318000 JavaThread "jar transforms Thread 1352" [_thread_blocked, id=10056, stack(0x000000d805200000,0x000000d805300000)]
  0x0000025e0f319800 JavaThread "jar transforms Thread 1353" [_thread_blocked, id=1684, stack(0x000000d805300000,0x000000d805400000)]
  0x0000025e0f31e000 JavaThread "jar transforms Thread 1354" [_thread_blocked, id=11464, stack(0x000000d805400000,0x000000d805500000)]
  0x0000025e0f31e800 JavaThread "jar transforms Thread 1355" [_thread_blocked, id=6624, stack(0x000000d805500000,0x000000d805600000)]
  0x0000025e0f31a800 JavaThread "jar transforms Thread 1356" [_thread_blocked, id=7664, stack(0x000000d805600000,0x000000d805700000)]
  0x0000025e1337f000 JavaThread "jar transforms Thread 1357" [_thread_blocked, id=10064, stack(0x000000d805700000,0x000000d805800000)]
  0x0000025e1337c000 JavaThread "jar transforms Thread 1358" [_thread_blocked, id=12236, stack(0x000000d805800000,0x000000d805900000)]
  0x0000025e1337c800 JavaThread "jar transforms Thread 1359" [_thread_blocked, id=12024, stack(0x000000d805900000,0x000000d805a00000)]
  0x0000025e1337a000 JavaThread "jar transforms Thread 1360" [_thread_blocked, id=9652, stack(0x000000d805a00000,0x000000d805b00000)]
  0x0000025e1337e000 JavaThread "jar transforms Thread 1361" [_thread_blocked, id=1408, stack(0x000000d805b00000,0x000000d805c00000)]
  0x0000025e13379800 JavaThread "jar transforms Thread 1362" [_thread_blocked, id=11764, stack(0x000000d805c00000,0x000000d805d00000)]
  0x0000025e13380000 JavaThread "jar transforms Thread 1363" [_thread_blocked, id=7164, stack(0x000000d805d00000,0x000000d805e00000)]
  0x0000025e13386800 JavaThread "jar transforms Thread 1364" [_thread_blocked, id=8152, stack(0x000000d805e00000,0x000000d805f00000)]
  0x0000025e13382800 JavaThread "jar transforms Thread 1365" [_thread_blocked, id=11396, stack(0x000000d805f00000,0x000000d806000000)]
  0x0000025e13380800 JavaThread "jar transforms Thread 1366" [_thread_blocked, id=11800, stack(0x000000d806000000,0x000000d806100000)]
  0x0000025e13387000 JavaThread "jar transforms Thread 1367" [_thread_blocked, id=1912, stack(0x000000d806100000,0x000000d806200000)]
  0x0000025e13383000 JavaThread "jar transforms Thread 1368" [_thread_blocked, id=7636, stack(0x000000d806200000,0x000000d806300000)]
  0x0000025e13381800 JavaThread "jar transforms Thread 1369" [_thread_blocked, id=1836, stack(0x000000d806300000,0x000000d806400000)]
  0x0000025e13384800 JavaThread "jar transforms Thread 1370" [_thread_blocked, id=10188, stack(0x000000d806400000,0x000000d806500000)]
  0x0000025e7a2a6000 JavaThread "jar transforms Thread 1371" [_thread_blocked, id=1508, stack(0x000000d806500000,0x000000d806600000)]
  0x0000025e7a2a3000 JavaThread "jar transforms Thread 1372" [_thread_blocked, id=9380, stack(0x000000d806600000,0x000000d806700000)]
  0x0000025e7a2a5800 JavaThread "jar transforms Thread 1373" [_thread_blocked, id=9448, stack(0x000000d806700000,0x000000d806800000)]
  0x0000025e7a2a8000 JavaThread "jar transforms Thread 1374" [_thread_blocked, id=6580, stack(0x000000d806800000,0x000000d806900000)]
  0x0000025e7a2a2000 JavaThread "jar transforms Thread 1375" [_thread_blocked, id=7028, stack(0x000000d806900000,0x000000d806a00000)]
  0x0000025e7ac95000 JavaThread "jar transforms Thread 1376" [_thread_blocked, id=1536, stack(0x000000d806a00000,0x000000d806b00000)]
  0x0000025e7ac94800 JavaThread "jar transforms Thread 1377" [_thread_blocked, id=4276, stack(0x000000d806b00000,0x000000d806c00000)]
  0x0000025e7ac97800 JavaThread "jar transforms Thread 1378" [_thread_blocked, id=10728, stack(0x000000d806c00000,0x000000d806d00000)]
  0x0000025e7ac96000 JavaThread "jar transforms Thread 1379" [_thread_blocked, id=6524, stack(0x000000d806d00000,0x000000d806e00000)]
  0x0000025e7ac96800 JavaThread "jar transforms Thread 1380" [_thread_blocked, id=6076, stack(0x000000d806e00000,0x000000d806f00000)]
  0x0000025e7ac98800 JavaThread "jar transforms Thread 1381" [_thread_blocked, id=264, stack(0x000000d806f00000,0x000000d807000000)]
  0x0000025e7ac99000 JavaThread "jar transforms Thread 1382" [_thread_blocked, id=9592, stack(0x000000d807000000,0x000000d807100000)]
  0x0000025e7ac93800 JavaThread "jar transforms Thread 1383" [_thread_blocked, id=10072, stack(0x000000d807100000,0x000000d807200000)]
  0x0000025e7ac9b800 JavaThread "jar transforms Thread 1384" [_thread_blocked, id=6136, stack(0x000000d807300000,0x000000d807400000)]
  0x0000025e7ac9f800 JavaThread "jar transforms Thread 1385" [_thread_blocked, id=11188, stack(0x000000d807400000,0x000000d807500000)]
  0x0000025e7ac9a000 JavaThread "jar transforms Thread 1386" [_thread_blocked, id=524, stack(0x000000d807500000,0x000000d807600000)]
  0x0000025e7aca0800 JavaThread "jar transforms Thread 1387" [_thread_blocked, id=10016, stack(0x000000d807600000,0x000000d807700000)]
  0x0000025e7ac9d000 JavaThread "jar transforms Thread 1388" [_thread_blocked, id=10556, stack(0x000000d807700000,0x000000d807800000)]
  0x0000025e7ac9b000 JavaThread "jar transforms Thread 1389" [_thread_blocked, id=6776, stack(0x000000d807800000,0x000000d807900000)]
  0x0000025e7ac9e000 JavaThread "jar transforms Thread 1390" [_thread_blocked, id=10200, stack(0x000000d807c00000,0x000000d807d00000)]
  0x0000025e7ac9f000 JavaThread "jar transforms Thread 1391" [_thread_blocked, id=6360, stack(0x000000d807d00000,0x000000d807e00000)]
  0x0000025e7aca1800 JavaThread "jar transforms Thread 1392" [_thread_blocked, id=6908, stack(0x000000d807e00000,0x000000d807f00000)]
  0x0000025e7aca2000 JavaThread "jar transforms Thread 1393" [_thread_blocked, id=4652, stack(0x000000d807f00000,0x000000d808000000)]
  0x0000025e7ac9c800 JavaThread "jar transforms Thread 1394" [_thread_blocked, id=1048, stack(0x000000d808000000,0x000000d808100000)]
  0x0000025e12b15000 JavaThread "jar transforms Thread 1395" [_thread_blocked, id=6024, stack(0x000000d808100000,0x000000d808200000)]
  0x0000025e12b13800 JavaThread "jar transforms Thread 1396" [_thread_blocked, id=9096, stack(0x000000d808200000,0x000000d808300000)]
  0x0000025e12b16000 JavaThread "jar transforms Thread 1397" [_thread_blocked, id=10836, stack(0x000000d808500000,0x000000d808600000)]
  0x0000025e12b10800 JavaThread "jar transforms Thread 1398" [_thread_blocked, id=11648, stack(0x000000d808800000,0x000000d808900000)]
  0x0000025e12b17000 JavaThread "jar transforms Thread 1399" [_thread_blocked, id=8080, stack(0x000000d808900000,0x000000d808a00000)]
  0x0000025e12b11000 JavaThread "jar transforms Thread 1400" [_thread_blocked, id=9144, stack(0x000000d808a00000,0x000000d808b00000)]
  0x0000025e12b13000 JavaThread "jar transforms Thread 1401" [_thread_blocked, id=10320, stack(0x000000d808b00000,0x000000d808c00000)]
  0x0000025e12b17800 JavaThread "jar transforms Thread 1402" [_thread_blocked, id=12040, stack(0x000000d808c00000,0x000000d808d00000)]
  0x0000025e12b12000 JavaThread "jar transforms Thread 1403" [_thread_blocked, id=1808, stack(0x000000d808d00000,0x000000d808e00000)]
  0x0000025e12b18800 JavaThread "jar transforms Thread 1404" [_thread_blocked, id=11668, stack(0x000000d808e00000,0x000000d808f00000)]
  0x0000025e12b1c000 JavaThread "Cache worker for execution history cache (C:\Users\asus\Desktop\MyNotebookProject\.gradle\6.7.1\executionHistory)" [_thread_blocked, id=3524, stack(0x000000d809400000,0x000000d809500000)]
  0x0000025e12b1f000 JavaThread "RMI TCP Connection(49)-127.0.0.1" daemon [_thread_in_native, id=8972, stack(0x000000d809500000,0x000000d809600000)]
  0x0000025e12b1c800 JavaThread "RMI TCP Connection(50)-127.0.0.1" daemon [_thread_in_native, id=10868, stack(0x000000d809600000,0x000000d809700000)]
  0x0000025e7e4b4800 JavaThread "RMI TCP Connection(52)-127.0.0.1" daemon [_thread_in_native, id=7180, stack(0x000000d809700000,0x000000d809800000)]
  0x0000025e13a34000 JavaThread "RMI TCP Connection(51)-127.0.0.1" daemon [_thread_in_native, id=8156, stack(0x000000d809800000,0x000000d809900000)]
  0x0000025e13a2f000 JavaThread "WorkerExecutor Queue" [_thread_blocked, id=9372, stack(0x000000d809900000,0x000000d809a00000)]
  0x0000025e13a2e800 JavaThread "WorkerExecutor Queue Thread 2" [_thread_blocked, id=3068, stack(0x000000d809a00000,0x000000d809b00000)]
  0x0000025e13a31000 JavaThread "WorkerExecutor Queue Thread 3" [_thread_blocked, id=11904, stack(0x000000d809b00000,0x000000d809c00000)]
  0x0000025e13a30000 JavaThread "WorkerExecutor Queue Thread 4" [_thread_blocked, id=8236, stack(0x000000d809c00000,0x000000d809d00000)]
  0x0000025e13a35000 JavaThread "WorkerExecutor Queue Thread 5" [_thread_blocked, id=2588, stack(0x000000d809e00000,0x000000d809f00000)]
  0x0000025e13a35800 JavaThread "C2 CompilerThread1" daemon [_thread_in_native, id=6052, stack(0x000000d809f00000,0x000000d80a000000)]
  0x0000025e13a33800 JavaThread "ForkJoinPool.commonPool-worker-7" daemon [_thread_blocked, id=3400, stack(0x000000d80a000000,0x000000d80a100000)]
  0x0000025e13a31800 JavaThread "ForkJoinPool.commonPool-worker-1" daemon [_thread_blocked, id=11004, stack(0x000000d80a100000,0x000000d80a200000)]

Other Threads:
  0x0000025e79a2e000 VMThread "VM Thread" [stack: 0x000000d87d400000,0x000000d87d500000] [id=11448]
  0x0000025e7a449800 WatcherThread [stack: 0x000000d87de00000,0x000000d87df00000] [id=420]
  0x0000025e6efb4800 GCTaskThread "GC Thread#0" [stack: 0x000000d87cf00000,0x000000d87d000000] [id=12276]
  0x0000025e7a845800 GCTaskThread "GC Thread#1" [stack: 0x000000d87e000000,0x000000d87e100000] [id=10468]
  0x0000025e7af37000 GCTaskThread "GC Thread#2" [stack: 0x000000d87e100000,0x000000d87e200000] [id=11308]
  0x0000025e7ab8c000 GCTaskThread "GC Thread#3" [stack: 0x000000d87e200000,0x000000d87e300000] [id=12256]
  0x0000025e6efe5800 ConcurrentGCThread "G1 Main Marker" [stack: 0x000000d87d000000,0x000000d87d100000] [id=7016]
  0x0000025e6efe9000 ConcurrentGCThread "G1 Conc#0" [stack: 0x000000d87d100000,0x000000d87d200000] [id=3440]
  0x0000025e7987e800 ConcurrentGCThread "G1 Refine#0" [stack: 0x000000d87d200000,0x000000d87d300000] [id=5016]
  0x0000025e7c6db000 ConcurrentGCThread "G1 Refine#1" [stack: 0x000000d807a00000,0x000000d807b00000] [id=9584]
  0x0000025e7c6de000 ConcurrentGCThread "G1 Refine#2" [stack: 0x000000d807b00000,0x000000d807c00000] [id=10104]
  0x0000025e7987f800 ConcurrentGCThread "G1 Young RemSet Sampling" [stack: 0x000000d87d300000,0x000000d87d400000] [id=11532]

Threads with active compile tasks:
C2 CompilerThread04311295 24634   !   4       org.gradle.execution.plan.DefaultPlanExecutor$ExecutorWorker::lambda$executeNextNode$1 (111 bytes)
C2 CompilerThread14311295 24635       4       org.gradle.execution.plan.DefaultPlanExecutor$ExecutorWorker$$Lambda$586/0x0000000100a4a040::transform (24 bytes)

VM state:not at safepoint (normal execution)

VM Mutex/Monitor currently owned by a thread: None

Heap address: 0x0000000080000000, size: 2048 MB, Compressed Oops mode: 32-bit
Narrow klass base: 0x0000000000000000, Narrow klass shift: 3
Compressed class space size: 1073741824 Address: 0x0000000100000000

Heap:
 garbage-first heap   total 236544K, used 109049K [0x0000000080000000, 0x0000000100000000)
  region size 1024K, 8 young (8192K), 2 survivors (2048K)
 Metaspace       used 129358K, capacity 132979K, committed 133744K, reserved 1165312K
  class space    used 15828K, capacity 17168K, committed 17472K, reserved 1048576K
Heap Regions: E=young(eden), S=young(survivor), O=old, HS=humongous(starts), HC=humongous(continues), CS=collection set, F=free, A=archive, TAMS=top-at-mark-start (previous, next)
|   0|0x0000000080000000, 0x0000000080100000, 0x0000000080100000|100%| O|  |TAMS 0x0000000080100000, 0x0000000080100000| Untracked 
|   1|0x0000000080100000, 0x0000000080200000, 0x0000000080200000|100%| O|  |TAMS 0x0000000080200000, 0x0000000080200000| Untracked 
|   2|0x0000000080200000, 0x0000000080300000, 0x0000000080300000|100%| O|  |TAMS 0x0000000080300000, 0x0000000080300000| Untracked 
|   3|0x0000000080300000, 0x0000000080400000, 0x0000000080400000|100%|HS|  |TAMS 0x0000000080400000, 0x0000000080400000| Complete 
|   4|0x0000000080400000, 0x0000000080500000, 0x0000000080500000|100%|HC|  |TAMS 0x0000000080500000, 0x0000000080500000| Complete 
|   5|0x0000000080500000, 0x0000000080600000, 0x0000000080600000|100%|HC|  |TAMS 0x0000000080600000, 0x0000000080600000| Complete 
|   6|0x0000000080600000, 0x0000000080700000, 0x0000000080700000|100%| O|  |TAMS 0x0000000080700000, 0x0000000080700000| Untracked 
|   7|0x0000000080700000, 0x0000000080800000, 0x0000000080800000|100%| O|  |TAMS 0x0000000080700000, 0x0000000080800000| Untracked 
|   8|0x0000000080800000, 0x0000000080900000, 0x0000000080900000|100%| O|  |TAMS 0x0000000080900000, 0x0000000080900000| Untracked 
|   9|0x0000000080900000, 0x0000000080a00000, 0x0000000080a00000|100%| O|  |TAMS 0x0000000080a00000, 0x0000000080a00000| Untracked 
|  10|0x0000000080a00000, 0x0000000080b00000, 0x0000000080b00000|100%| O|  |TAMS 0x0000000080b00000, 0x0000000080b00000| Untracked 
|  11|0x0000000080b00000, 0x0000000080c00000, 0x0000000080c00000|100%| O|  |TAMS 0x0000000080c00000, 0x0000000080c00000| Untracked 
|  12|0x0000000080c00000, 0x0000000080d00000, 0x0000000080d00000|100%| O|  |TAMS 0x0000000080d00000, 0x0000000080d00000| Untracked 
|  13|0x0000000080d00000, 0x0000000080e00000, 0x0000000080e00000|100%|HS|  |TAMS 0x0000000080e00000, 0x0000000080e00000| Complete 
|  14|0x0000000080e00000, 0x0000000080f00000, 0x0000000080f00000|100%|HS|  |TAMS 0x0000000080f00000, 0x0000000080f00000| Complete 
|  15|0x0000000080f00000, 0x0000000081000000, 0x0000000081000000|100%|HC|  |TAMS 0x0000000081000000, 0x0000000081000000| Complete 
|  16|0x0000000081000000, 0x0000000081100000, 0x0000000081100000|100%|HC|  |TAMS 0x0000000081100000, 0x0000000081100000| Complete 
|  17|0x0000000081100000, 0x0000000081200000, 0x0000000081200000|100%| O|  |TAMS 0x0000000081200000, 0x0000000081200000| Untracked 
|  18|0x0000000081200000, 0x0000000081300000, 0x0000000081300000|100%| O|  |TAMS 0x0000000081300000, 0x0000000081300000| Untracked 
|  19|0x0000000081300000, 0x0000000081400000, 0x0000000081400000|100%| O|  |TAMS 0x0000000081400000, 0x0000000081400000| Untracked 
|  20|0x0000000081400000, 0x0000000081500000, 0x0000000081500000|100%|HS|  |TAMS 0x0000000081500000, 0x0000000081500000| Complete 
|  21|0x0000000081500000, 0x0000000081600000, 0x0000000081600000|100%|HC|  |TAMS 0x0000000081600000, 0x0000000081600000| Complete 
|  22|0x0000000081600000, 0x0000000081700000, 0x0000000081700000|100%| O|  |TAMS 0x0000000081700000, 0x0000000081700000| Untracked 
|  23|0x0000000081700000, 0x0000000081800000, 0x0000000081800000|100%| O|  |TAMS 0x0000000081800000, 0x0000000081800000| Untracked 
|  24|0x0000000081800000, 0x0000000081900000, 0x0000000081900000|100%| O|  |TAMS 0x0000000081900000, 0x0000000081900000| Untracked 
|  25|0x0000000081900000, 0x0000000081a00000, 0x0000000081a00000|100%| O|  |TAMS 0x0000000081a00000, 0x0000000081a00000| Untracked 
|  26|0x0000000081a00000, 0x0000000081b00000, 0x0000000081b00000|100%| O|  |TAMS 0x0000000081b00000, 0x0000000081b00000| Untracked 
|  27|0x0000000081b00000, 0x0000000081c00000, 0x0000000081c00000|100%| O|  |TAMS 0x0000000081c00000, 0x0000000081c00000| Untracked 
|  28|0x0000000081c00000, 0x0000000081d00000, 0x0000000081d00000|100%| O|  |TAMS 0x0000000081d00000, 0x0000000081d00000| Untracked 
|  29|0x0000000081d00000, 0x0000000081e00000, 0x0000000081e00000|100%| O|  |TAMS 0x0000000081e00000, 0x0000000081e00000| Untracked 
|  30|0x0000000081e00000, 0x0000000081f00000, 0x0000000081f00000|100%| O|  |TAMS 0x0000000081f00000, 0x0000000081f00000| Untracked 
|  31|0x0000000081f00000, 0x0000000082000000, 0x0000000082000000|100%| O|  |TAMS 0x0000000082000000, 0x0000000082000000| Untracked 
|  32|0x0000000082000000, 0x0000000082100000, 0x0000000082100000|100%| O|  |TAMS 0x0000000082100000, 0x0000000082100000| Untracked 
|  33|0x0000000082100000, 0x0000000082200000, 0x0000000082200000|100%| O|  |TAMS 0x0000000082200000, 0x0000000082200000| Untracked 
|  34|0x0000000082200000, 0x0000000082300000, 0x0000000082300000|100%| O|  |TAMS 0x0000000082300000, 0x0000000082300000| Untracked 
|  35|0x0000000082300000, 0x0000000082300000, 0x0000000082400000|  0%| F|  |TAMS 0x0000000082300000, 0x0000000082300000| Untracked 
|  36|0x0000000082400000, 0x0000000082500000, 0x0000000082500000|100%| O|  |TAMS 0x0000000082500000, 0x0000000082500000| Untracked 
|  37|0x0000000082500000, 0x0000000082600000, 0x0000000082600000|100%| O|  |TAMS 0x0000000082600000, 0x0000000082600000| Untracked 
|  38|0x0000000082600000, 0x0000000082700000, 0x0000000082700000|100%| O|  |TAMS 0x0000000082700000, 0x0000000082700000| Untracked 
|  39|0x0000000082700000, 0x0000000082800000, 0x0000000082800000|100%| O|  |TAMS 0x0000000082800000, 0x0000000082800000| Untracked 
|  40|0x0000000082800000, 0x0000000082900000, 0x0000000082900000|100%| O|  |TAMS 0x0000000082900000, 0x0000000082900000| Untracked 
|  41|0x0000000082900000, 0x0000000082a00000, 0x0000000082a00000|100%| O|  |TAMS 0x0000000082a00000, 0x0000000082a00000| Untracked 
|  42|0x0000000082a00000, 0x0000000082b00000, 0x0000000082b00000|100%| O|  |TAMS 0x0000000082b00000, 0x0000000082b00000| Untracked 
|  43|0x0000000082b00000, 0x0000000082c00000, 0x0000000082c00000|100%| O|  |TAMS 0x0000000082c00000, 0x0000000082c00000| Untracked 
|  44|0x0000000082c00000, 0x0000000082d00000, 0x0000000082d00000|100%| O|  |TAMS 0x0000000082d00000, 0x0000000082d00000| Untracked 
|  45|0x0000000082d00000, 0x0000000082e00000, 0x0000000082e00000|100%| O|  |TAMS 0x0000000082e00000, 0x0000000082e00000| Untracked 
|  46|0x0000000082e00000, 0x0000000082f00000, 0x0000000082f00000|100%| O|  |TAMS 0x0000000082f00000, 0x0000000082f00000| Untracked 
|  47|0x0000000082f00000, 0x0000000083000000, 0x0000000083000000|100%| O|  |TAMS 0x0000000083000000, 0x0000000083000000| Untracked 
|  48|0x0000000083000000, 0x0000000083100000, 0x0000000083100000|100%| O|  |TAMS 0x0000000083100000, 0x0000000083100000| Untracked 
|  49|0x0000000083100000, 0x0000000083200000, 0x0000000083200000|100%| O|  |TAMS 0x0000000083200000, 0x0000000083200000| Untracked 
|  50|0x0000000083200000, 0x0000000083300000, 0x0000000083300000|100%| O|  |TAMS 0x0000000083300000, 0x0000000083300000| Untracked 
|  51|0x0000000083300000, 0x0000000083400000, 0x0000000083400000|100%| O|  |TAMS 0x0000000083400000, 0x0000000083400000| Untracked 
|  52|0x0000000083400000, 0x0000000083400000, 0x0000000083500000|  0%| F|  |TAMS 0x0000000083400000, 0x0000000083400000| Untracked 
|  53|0x0000000083500000, 0x0000000083600000, 0x0000000083600000|100%| O|  |TAMS 0x0000000083600000, 0x0000000083600000| Untracked 
|  54|0x0000000083600000, 0x0000000083700000, 0x0000000083700000|100%| O|  |TAMS 0x0000000083700000, 0x0000000083700000| Untracked 
|  55|0x0000000083700000, 0x0000000083800000, 0x0000000083800000|100%| O|  |TAMS 0x0000000083800000, 0x0000000083800000| Untracked 
|  56|0x0000000083800000, 0x0000000083900000, 0x0000000083900000|100%| O|  |TAMS 0x0000000083900000, 0x0000000083900000| Untracked 
|  57|0x0000000083900000, 0x0000000083a00000, 0x0000000083a00000|100%| O|  |TAMS 0x0000000083a00000, 0x0000000083a00000| Untracked 
|  58|0x0000000083a00000, 0x0000000083b00000, 0x0000000083b00000|100%| O|  |TAMS 0x0000000083b00000, 0x0000000083b00000| Untracked 
|  59|0x0000000083b00000, 0x0000000083c00000, 0x0000000083c00000|100%| O|  |TAMS 0x0000000083c00000, 0x0000000083c00000| Untracked 
|  60|0x0000000083c00000, 0x0000000083d00000, 0x0000000083d00000|100%| O|  |TAMS 0x0000000083d00000, 0x0000000083d00000| Untracked 
|  61|0x0000000083d00000, 0x0000000083e00000, 0x0000000083e00000|100%| O|  |TAMS 0x0000000083d00000, 0x0000000083e00000| Untracked 
|  62|0x0000000083e00000, 0x0000000083f00000, 0x0000000083f00000|100%| O|  |TAMS 0x0000000083f00000, 0x0000000083f00000| Untracked 
|  63|0x0000000083f00000, 0x0000000084000000, 0x0000000084000000|100%| O|  |TAMS 0x0000000083f6c600, 0x0000000084000000| Untracked 
|  64|0x0000000084000000, 0x0000000084100000, 0x0000000084100000|100%| O|  |TAMS 0x0000000084000000, 0x0000000084100000| Untracked 
|  65|0x0000000084100000, 0x0000000084200000, 0x0000000084200000|100%| O|  |TAMS 0x0000000084200000, 0x0000000084200000| Untracked 
|  66|0x0000000084200000, 0x0000000084300000, 0x0000000084300000|100%| O|  |TAMS 0x0000000084300000, 0x0000000084300000| Untracked 
|  67|0x0000000084300000, 0x0000000084400000, 0x0000000084400000|100%| O|  |TAMS 0x0000000084400000, 0x0000000084400000| Untracked 
|  68|0x0000000084400000, 0x0000000084500000, 0x0000000084500000|100%| O|  |TAMS 0x0000000084500000, 0x0000000084500000| Untracked 
|  69|0x0000000084500000, 0x0000000084600000, 0x0000000084600000|100%| O|  |TAMS 0x0000000084600000, 0x0000000084600000| Untracked 
|  70|0x0000000084600000, 0x0000000084600000, 0x0000000084700000|  0%| F|  |TAMS 0x0000000084600000, 0x0000000084600000| Untracked 
|  71|0x0000000084700000, 0x0000000084800000, 0x0000000084800000|100%| O|  |TAMS 0x0000000084800000, 0x0000000084800000| Untracked 
|  72|0x0000000084800000, 0x0000000084900000, 0x0000000084900000|100%| O|  |TAMS 0x0000000084900000, 0x0000000084900000| Untracked 
|  73|0x0000000084900000, 0x0000000084a00000, 0x0000000084a00000|100%| O|  |TAMS 0x0000000084a00000, 0x0000000084a00000| Untracked 
|  74|0x0000000084a00000, 0x0000000084b00000, 0x0000000084b00000|100%| O|  |TAMS 0x0000000084a00000, 0x0000000084b00000| Untracked 
|  75|0x0000000084b00000, 0x0000000084c00000, 0x0000000084c00000|100%| O|  |TAMS 0x0000000084b00000, 0x0000000084c00000| Untracked 
|  76|0x0000000084c00000, 0x0000000084d00000, 0x0000000084d00000|100%| O|  |TAMS 0x0000000084c00000, 0x0000000084d00000| Untracked 
|  77|0x0000000084d00000, 0x0000000084e00000, 0x0000000084e00000|100%| O|  |TAMS 0x0000000084d00000, 0x0000000084e00000| Untracked 
|  78|0x0000000084e00000, 0x0000000084f00000, 0x0000000084f00000|100%| O|  |TAMS 0x0000000084e00000, 0x0000000084f00000| Untracked 
|  79|0x0000000084f00000, 0x0000000084fb8200, 0x0000000085000000| 71%| O|  |TAMS 0x0000000084f00000, 0x0000000084fb8200| Untracked 
|  80|0x0000000085000000, 0x0000000085000000, 0x0000000085100000|  0%| F|  |TAMS 0x0000000085000000, 0x0000000085000000| Untracked 
|  81|0x0000000085100000, 0x0000000085200000, 0x0000000085200000|100%| O|  |TAMS 0x0000000085200000, 0x0000000085200000| Untracked 
|  82|0x0000000085200000, 0x0000000085300000, 0x0000000085300000|100%| O|  |TAMS 0x0000000085300000, 0x0000000085300000| Untracked 
|  83|0x0000000085300000, 0x0000000085300000, 0x0000000085400000|  0%| F|  |TAMS 0x0000000085300000, 0x0000000085300000| Untracked 
|  84|0x0000000085400000, 0x0000000085500000, 0x0000000085500000|100%| O|  |TAMS 0x0000000085500000, 0x0000000085500000| Untracked 
|  85|0x0000000085500000, 0x0000000085600000, 0x0000000085600000|100%| O|  |TAMS 0x0000000085600000, 0x0000000085600000| Untracked 
|  86|0x0000000085600000, 0x0000000085700000, 0x0000000085700000|100%|HS|  |TAMS 0x0000000085600000, 0x0000000085600000| Complete 
|  87|0x0000000085700000, 0x0000000085800000, 0x0000000085800000|100%|HC|  |TAMS 0x0000000085700000, 0x0000000085700000| Complete 
|  88|0x0000000085800000, 0x0000000085900000, 0x0000000085900000|100%|HS|  |TAMS 0x0000000085800000, 0x0000000085800000| Complete 
|  89|0x0000000085900000, 0x0000000085a00000, 0x0000000085a00000|100%|HC|  |TAMS 0x0000000085900000, 0x0000000085900000| Complete 
|  90|0x0000000085a00000, 0x0000000085b00000, 0x0000000085b00000|100%|HS|  |TAMS 0x0000000085a00000, 0x0000000085a00000| Complete 
|  91|0x0000000085b00000, 0x0000000085c00000, 0x0000000085c00000|100%|HC|  |TAMS 0x0000000085b00000, 0x0000000085b00000| Complete 
|  92|0x0000000085c00000, 0x0000000085d00000, 0x0000000085d00000|100%| O|  |TAMS 0x0000000085d00000, 0x0000000085d00000| Untracked 
|  93|0x0000000085d00000, 0x0000000085d00000, 0x0000000085e00000|  0%| F|  |TAMS 0x0000000085d00000, 0x0000000085d00000| Untracked 
|  94|0x0000000085e00000, 0x0000000085f00000, 0x0000000085f00000|100%| O|  |TAMS 0x0000000085f00000, 0x0000000085f00000| Untracked 
|  95|0x0000000085f00000, 0x0000000086000000, 0x0000000086000000|100%| O|  |TAMS 0x0000000086000000, 0x0000000086000000| Untracked 
|  96|0x0000000086000000, 0x0000000086100000, 0x0000000086100000|100%|HS|  |TAMS 0x0000000086000000, 0x0000000086000000| Complete 
|  97|0x0000000086100000, 0x0000000086200000, 0x0000000086200000|100%|HC|  |TAMS 0x0000000086100000, 0x0000000086100000| Complete 
|  98|0x0000000086200000, 0x0000000086200000, 0x0000000086300000|  0%| F|  |TAMS 0x0000000086200000, 0x0000000086200000| Untracked 
|  99|0x0000000086300000, 0x0000000086300000, 0x0000000086400000|  0%| F|  |TAMS 0x0000000086300000, 0x0000000086300000| Untracked 
| 100|0x0000000086400000, 0x0000000086400000, 0x0000000086500000|  0%| F|  |TAMS 0x0000000086400000, 0x0000000086400000| Untracked 
| 101|0x0000000086500000, 0x0000000086500000, 0x0000000086600000|  0%| F|  |TAMS 0x0000000086500000, 0x0000000086500000| Untracked 
| 102|0x0000000086600000, 0x0000000086600000, 0x0000000086700000|  0%| F|  |TAMS 0x0000000086600000, 0x0000000086600000| Untracked 
| 103|0x0000000086700000, 0x0000000086700000, 0x0000000086800000|  0%| F|  |TAMS 0x0000000086700000, 0x0000000086700000| Untracked 
| 104|0x0000000086800000, 0x0000000086900000, 0x0000000086900000|100%| O|  |TAMS 0x0000000086900000, 0x0000000086900000| Untracked 
| 105|0x0000000086900000, 0x0000000086a00000, 0x0000000086a00000|100%| O|  |TAMS 0x0000000086a00000, 0x0000000086a00000| Untracked 
| 106|0x0000000086a00000, 0x0000000086a00000, 0x0000000086b00000|  0%| F|  |TAMS 0x0000000086a00000, 0x0000000086a00000| Untracked 
| 107|0x0000000086b00000, 0x0000000086b00000, 0x0000000086c00000|  0%| F|  |TAMS 0x0000000086b00000, 0x0000000086b00000| Untracked 
| 108|0x0000000086c00000, 0x0000000086c00000, 0x0000000086d00000|  0%| F|  |TAMS 0x0000000086c00000, 0x0000000086c00000| Untracked 
| 109|0x0000000086d00000, 0x0000000086e00000, 0x0000000086e00000|100%| O|  |TAMS 0x0000000086e00000, 0x0000000086e00000| Untracked 
| 110|0x0000000086e00000, 0x0000000086f00000, 0x0000000086f00000|100%| O|  |TAMS 0x0000000086f00000, 0x0000000086f00000| Untracked 
| 111|0x0000000086f00000, 0x0000000087000000, 0x0000000087000000|100%| O|  |TAMS 0x0000000087000000, 0x0000000087000000| Untracked 
| 112|0x0000000087000000, 0x0000000087100000, 0x0000000087100000|100%| O|  |TAMS 0x0000000087100000, 0x0000000087100000| Untracked 
| 113|0x0000000087100000, 0x0000000087200000, 0x0000000087200000|100%| O|  |TAMS 0x0000000087200000, 0x0000000087200000| Untracked 
| 114|0x0000000087200000, 0x0000000087200000, 0x0000000087300000|  0%| F|  |TAMS 0x0000000087200000, 0x0000000087200000| Untracked 
| 115|0x0000000087300000, 0x0000000087300000, 0x0000000087400000|  0%| F|  |TAMS 0x0000000087300000, 0x0000000087300000| Untracked 
| 116|0x0000000087400000, 0x0000000087500000, 0x0000000087500000|100%| O|  |TAMS 0x0000000087500000, 0x0000000087500000| Untracked 
| 117|0x0000000087500000, 0x0000000087500000, 0x0000000087600000|  0%| F|  |TAMS 0x0000000087500000, 0x0000000087500000| Untracked 
| 118|0x0000000087600000, 0x0000000087600000, 0x0000000087700000|  0%| F|  |TAMS 0x0000000087600000, 0x0000000087600000| Untracked 
| 119|0x0000000087700000, 0x0000000087700000, 0x0000000087800000|  0%| F|  |TAMS 0x0000000087700000, 0x0000000087700000| Untracked 
| 120|0x0000000087800000, 0x0000000087800000, 0x0000000087900000|  0%| F|  |TAMS 0x0000000087800000, 0x0000000087800000| Untracked 
| 121|0x0000000087900000, 0x0000000087900000, 0x0000000087a00000|  0%| F|  |TAMS 0x0000000087900000, 0x0000000087900000| Untracked 
| 122|0x0000000087a00000, 0x0000000087a00000, 0x0000000087b00000|  0%| F|  |TAMS 0x0000000087a00000, 0x0000000087a00000| Untracked 
| 123|0x0000000087b00000, 0x0000000087b00000, 0x0000000087c00000|  0%| F|  |TAMS 0x0000000087b00000, 0x0000000087b00000| Untracked 
| 124|0x0000000087c00000, 0x0000000087c00000, 0x0000000087d00000|  0%| F|  |TAMS 0x0000000087c00000, 0x0000000087c00000| Untracked 
| 125|0x0000000087d00000, 0x0000000087d00000, 0x0000000087e00000|  0%| F|  |TAMS 0x0000000087d00000, 0x0000000087d00000| Untracked 
| 126|0x0000000087e00000, 0x0000000087e00000, 0x0000000087f00000|  0%| F|  |TAMS 0x0000000087e00000, 0x0000000087e00000| Untracked 
| 127|0x0000000087f00000, 0x0000000087f00000, 0x0000000088000000|  0%| F|  |TAMS 0x0000000087f00000, 0x0000000087f00000| Untracked 
| 128|0x0000000088000000, 0x0000000088000000, 0x0000000088100000|  0%| F|  |TAMS 0x0000000088000000, 0x0000000088000000| Untracked 
| 129|0x0000000088100000, 0x0000000088100000, 0x0000000088200000|  0%| F|  |TAMS 0x0000000088100000, 0x0000000088100000| Untracked 
| 130|0x0000000088200000, 0x0000000088200000, 0x0000000088300000|  0%| F|  |TAMS 0x0000000088200000, 0x0000000088200000| Untracked 
| 131|0x0000000088300000, 0x0000000088300000, 0x0000000088400000|  0%| F|  |TAMS 0x0000000088300000, 0x0000000088300000| Untracked 
| 132|0x0000000088400000, 0x0000000088400000, 0x0000000088500000|  0%| F|  |TAMS 0x0000000088400000, 0x0000000088400000| Untracked 
| 133|0x0000000088500000, 0x0000000088500000, 0x0000000088600000|  0%| F|  |TAMS 0x0000000088500000, 0x0000000088500000| Untracked 
| 134|0x0000000088600000, 0x0000000088600000, 0x0000000088700000|  0%| F|  |TAMS 0x0000000088600000, 0x0000000088600000| Untracked 
| 135|0x0000000088700000, 0x0000000088700000, 0x0000000088800000|  0%| F|  |TAMS 0x0000000088700000, 0x0000000088700000| Untracked 
| 136|0x0000000088800000, 0x0000000088800000, 0x0000000088900000|  0%| F|  |TAMS 0x0000000088800000, 0x0000000088800000| Untracked 
| 137|0x0000000088900000, 0x0000000088900000, 0x0000000088a00000|  0%| F|  |TAMS 0x0000000088900000, 0x0000000088900000| Untracked 
| 138|0x0000000088a00000, 0x0000000088a00000, 0x0000000088b00000|  0%| F|  |TAMS 0x0000000088a00000, 0x0000000088a00000| Untracked 
| 139|0x0000000088b00000, 0x0000000088b00000, 0x0000000088c00000|  0%| F|  |TAMS 0x0000000088b00000, 0x0000000088b00000| Untracked 
| 140|0x0000000088c00000, 0x0000000088c00000, 0x0000000088d00000|  0%| F|  |TAMS 0x0000000088c00000, 0x0000000088c00000| Untracked 
| 141|0x0000000088d00000, 0x0000000088d00000, 0x0000000088e00000|  0%| F|  |TAMS 0x0000000088d00000, 0x0000000088d00000| Untracked 
| 142|0x0000000088e00000, 0x0000000088e00000, 0x0000000088f00000|  0%| F|  |TAMS 0x0000000088e00000, 0x0000000088e00000| Untracked 
| 143|0x0000000088f00000, 0x0000000088f00000, 0x0000000089000000|  0%| F|  |TAMS 0x0000000088f00000, 0x0000000088f00000| Untracked 
| 144|0x0000000089000000, 0x0000000089000000, 0x0000000089100000|  0%| F|  |TAMS 0x0000000089000000, 0x0000000089000000| Untracked 
| 145|0x0000000089100000, 0x0000000089100000, 0x0000000089200000|  0%| F|  |TAMS 0x0000000089100000, 0x0000000089100000| Untracked 
| 146|0x0000000089200000, 0x0000000089200000, 0x0000000089300000|  0%| F|  |TAMS 0x0000000089200000, 0x0000000089200000| Untracked 
| 147|0x0000000089300000, 0x0000000089300000, 0x0000000089400000|  0%| F|  |TAMS 0x0000000089300000, 0x0000000089300000| Untracked 
| 148|0x0000000089400000, 0x0000000089400000, 0x0000000089500000|  0%| F|  |TAMS 0x0000000089400000, 0x0000000089400000| Untracked 
| 149|0x0000000089500000, 0x0000000089500000, 0x0000000089600000|  0%| F|  |TAMS 0x0000000089500000, 0x0000000089500000| Untracked 
| 150|0x0000000089600000, 0x0000000089600000, 0x0000000089700000|  0%| F|  |TAMS 0x0000000089600000, 0x0000000089600000| Untracked 
| 151|0x0000000089700000, 0x0000000089700000, 0x0000000089800000|  0%| F|  |TAMS 0x0000000089700000, 0x0000000089700000| Untracked 
| 152|0x0000000089800000, 0x0000000089800000, 0x0000000089900000|  0%| F|  |TAMS 0x0000000089800000, 0x0000000089800000| Untracked 
| 153|0x0000000089900000, 0x0000000089900000, 0x0000000089a00000|  0%| F|  |TAMS 0x0000000089900000, 0x0000000089900000| Untracked 
| 154|0x0000000089a00000, 0x0000000089a00000, 0x0000000089b00000|  0%| F|  |TAMS 0x0000000089a00000, 0x0000000089a00000| Untracked 
| 155|0x0000000089b00000, 0x0000000089b00000, 0x0000000089c00000|  0%| F|  |TAMS 0x0000000089b00000, 0x0000000089b00000| Untracked 
| 156|0x0000000089c00000, 0x0000000089c00000, 0x0000000089d00000|  0%| F|  |TAMS 0x0000000089c00000, 0x0000000089c00000| Untracked 
| 157|0x0000000089d00000, 0x0000000089d00000, 0x0000000089e00000|  0%| F|  |TAMS 0x0000000089d00000, 0x0000000089d00000| Untracked 
| 158|0x0000000089e00000, 0x0000000089e00000, 0x0000000089f00000|  0%| F|  |TAMS 0x0000000089e00000, 0x0000000089e00000| Untracked 
| 159|0x0000000089f00000, 0x0000000089f00000, 0x000000008a000000|  0%| F|  |TAMS 0x0000000089f00000, 0x0000000089f00000| Untracked 
| 160|0x000000008a000000, 0x000000008a000000, 0x000000008a100000|  0%| F|  |TAMS 0x000000008a000000, 0x000000008a000000| Untracked 
| 161|0x000000008a100000, 0x000000008a100000, 0x000000008a200000|  0%| F|  |TAMS 0x000000008a100000, 0x000000008a100000| Untracked 
| 162|0x000000008a200000, 0x000000008a2c65a0, 0x000000008a300000| 77%| S|CS|TAMS 0x000000008a200000, 0x000000008a200000| Complete 
| 163|0x000000008a300000, 0x000000008a400000, 0x000000008a400000|100%| S|CS|TAMS 0x000000008a300000, 0x000000008a300000| Complete 
| 164|0x000000008a400000, 0x000000008a400000, 0x000000008a500000|  0%| F|  |TAMS 0x000000008a400000, 0x000000008a400000| Untracked 
| 165|0x000000008a500000, 0x000000008a500000, 0x000000008a600000|  0%| F|  |TAMS 0x000000008a500000, 0x000000008a500000| Untracked 
| 166|0x000000008a600000, 0x000000008a600000, 0x000000008a700000|  0%| F|  |TAMS 0x000000008a600000, 0x000000008a600000| Untracked 
| 167|0x000000008a700000, 0x000000008a700000, 0x000000008a800000|  0%| F|  |TAMS 0x000000008a700000, 0x000000008a700000| Untracked 
| 168|0x000000008a800000, 0x000000008a800000, 0x000000008a900000|  0%| F|  |TAMS 0x000000008a800000, 0x000000008a800000| Untracked 
| 169|0x000000008a900000, 0x000000008a900000, 0x000000008aa00000|  0%| F|  |TAMS 0x000000008a900000, 0x000000008a900000| Untracked 
| 170|0x000000008aa00000, 0x000000008aa00000, 0x000000008ab00000|  0%| F|  |TAMS 0x000000008aa00000, 0x000000008aa00000| Untracked 
| 171|0x000000008ab00000, 0x000000008ab00000, 0x000000008ac00000|  0%| F|  |TAMS 0x000000008ab00000, 0x000000008ab00000| Untracked 
| 172|0x000000008ac00000, 0x000000008ac00000, 0x000000008ad00000|  0%| F|  |TAMS 0x000000008ac00000, 0x000000008ac00000| Untracked 
| 173|0x000000008ad00000, 0x000000008ad00000, 0x000000008ae00000|  0%| F|  |TAMS 0x000000008ad00000, 0x000000008ad00000| Untracked 
| 174|0x000000008ae00000, 0x000000008ae00000, 0x000000008af00000|  0%| F|  |TAMS 0x000000008ae00000, 0x000000008ae00000| Untracked 
| 175|0x000000008af00000, 0x000000008af00000, 0x000000008b000000|  0%| F|  |TAMS 0x000000008af00000, 0x000000008af00000| Untracked 
| 176|0x000000008b000000, 0x000000008b000000, 0x000000008b100000|  0%| F|  |TAMS 0x000000008b000000, 0x000000008b000000| Untracked 
| 177|0x000000008b100000, 0x000000008b100000, 0x000000008b200000|  0%| F|  |TAMS 0x000000008b100000, 0x000000008b100000| Untracked 
| 178|0x000000008b200000, 0x000000008b200000, 0x000000008b300000|  0%| F|  |TAMS 0x000000008b200000, 0x000000008b200000| Untracked 
| 179|0x000000008b300000, 0x000000008b300000, 0x000000008b400000|  0%| F|  |TAMS 0x000000008b300000, 0x000000008b300000| Untracked 
| 180|0x000000008b400000, 0x000000008b400000, 0x000000008b500000|  0%| F|  |TAMS 0x000000008b400000, 0x000000008b400000| Untracked 
| 181|0x000000008b500000, 0x000000008b500000, 0x000000008b600000|  0%| F|  |TAMS 0x000000008b500000, 0x000000008b500000| Untracked 
| 182|0x000000008b600000, 0x000000008b600000, 0x000000008b700000|  0%| F|  |TAMS 0x000000008b600000, 0x000000008b600000| Untracked 
| 183|0x000000008b700000, 0x000000008b700000, 0x000000008b800000|  0%| F|  |TAMS 0x000000008b700000, 0x000000008b700000| Untracked 
| 184|0x000000008b800000, 0x000000008b800000, 0x000000008b900000|  0%| F|  |TAMS 0x000000008b800000, 0x000000008b800000| Untracked 
| 185|0x000000008b900000, 0x000000008b900000, 0x000000008ba00000|  0%| F|  |TAMS 0x000000008b900000, 0x000000008b900000| Untracked 
| 186|0x000000008ba00000, 0x000000008ba00000, 0x000000008bb00000|  0%| F|  |TAMS 0x000000008ba00000, 0x000000008ba00000| Untracked 
| 187|0x000000008bb00000, 0x000000008bb00000, 0x000000008bc00000|  0%| F|  |TAMS 0x000000008bb00000, 0x000000008bb00000| Untracked 
| 188|0x000000008bc00000, 0x000000008bc00000, 0x000000008bd00000|  0%| F|  |TAMS 0x000000008bc00000, 0x000000008bc00000| Untracked 
| 189|0x000000008bd00000, 0x000000008bd00000, 0x000000008be00000|  0%| F|  |TAMS 0x000000008bd00000, 0x000000008bd00000| Untracked 
| 190|0x000000008be00000, 0x000000008be00000, 0x000000008bf00000|  0%| F|  |TAMS 0x000000008be00000, 0x000000008be00000| Untracked 
| 191|0x000000008bf00000, 0x000000008bf00000, 0x000000008c000000|  0%| F|  |TAMS 0x000000008bf00000, 0x000000008bf00000| Untracked 
| 192|0x000000008c000000, 0x000000008c000000, 0x000000008c100000|  0%| F|  |TAMS 0x000000008c000000, 0x000000008c000000| Untracked 
| 193|0x000000008c100000, 0x000000008c100000, 0x000000008c200000|  0%| F|  |TAMS 0x000000008c100000, 0x000000008c100000| Untracked 
| 194|0x000000008c200000, 0x000000008c200000, 0x000000008c300000|  0%| F|  |TAMS 0x000000008c200000, 0x000000008c200000| Untracked 
| 195|0x000000008c300000, 0x000000008c300000, 0x000000008c400000|  0%| F|  |TAMS 0x000000008c300000, 0x000000008c300000| Untracked 
| 196|0x000000008c400000, 0x000000008c400000, 0x000000008c500000|  0%| F|  |TAMS 0x000000008c400000, 0x000000008c400000| Untracked 
| 197|0x000000008c500000, 0x000000008c500000, 0x000000008c600000|  0%| F|  |TAMS 0x000000008c500000, 0x000000008c500000| Untracked 
| 198|0x000000008c600000, 0x000000008c600000, 0x000000008c700000|  0%| F|  |TAMS 0x000000008c600000, 0x000000008c600000| Untracked 
| 199|0x000000008c700000, 0x000000008c700000, 0x000000008c800000|  0%| F|  |TAMS 0x000000008c700000, 0x000000008c700000| Untracked 
| 200|0x000000008c800000, 0x000000008c800000, 0x000000008c900000|  0%| F|  |TAMS 0x000000008c800000, 0x000000008c800000| Untracked 
| 201|0x000000008c900000, 0x000000008c900000, 0x000000008ca00000|  0%| F|  |TAMS 0x000000008c900000, 0x000000008c900000| Untracked 
| 202|0x000000008ca00000, 0x000000008ca00000, 0x000000008cb00000|  0%| F|  |TAMS 0x000000008ca00000, 0x000000008ca00000| Untracked 
| 203|0x000000008cb00000, 0x000000008cb00000, 0x000000008cc00000|  0%| F|  |TAMS 0x000000008cb00000, 0x000000008cb00000| Untracked 
| 204|0x000000008cc00000, 0x000000008cc00000, 0x000000008cd00000|  0%| F|  |TAMS 0x000000008cc00000, 0x000000008cc00000| Untracked 
| 205|0x000000008cd00000, 0x000000008cd00000, 0x000000008ce00000|  0%| F|  |TAMS 0x000000008cd00000, 0x000000008cd00000| Untracked 
| 206|0x000000008ce00000, 0x000000008ce00000, 0x000000008cf00000|  0%| F|  |TAMS 0x000000008ce00000, 0x000000008ce00000| Untracked 
| 207|0x000000008cf00000, 0x000000008cf00000, 0x000000008d000000|  0%| F|  |TAMS 0x000000008cf00000, 0x000000008cf00000| Untracked 
| 208|0x000000008d000000, 0x000000008d000000, 0x000000008d100000|  0%| F|  |TAMS 0x000000008d000000, 0x000000008d000000| Untracked 
| 209|0x000000008d100000, 0x000000008d100000, 0x000000008d200000|  0%| F|  |TAMS 0x000000008d100000, 0x000000008d100000| Untracked 
| 210|0x000000008d200000, 0x000000008d200000, 0x000000008d300000|  0%| F|  |TAMS 0x000000008d200000, 0x000000008d200000| Untracked 
| 211|0x000000008d300000, 0x000000008d300000, 0x000000008d400000|  0%| F|  |TAMS 0x000000008d300000, 0x000000008d300000| Untracked 
| 212|0x000000008d400000, 0x000000008d400000, 0x000000008d500000|  0%| F|  |TAMS 0x000000008d400000, 0x000000008d400000| Untracked 
| 213|0x000000008d500000, 0x000000008d500000, 0x000000008d600000|  0%| F|  |TAMS 0x000000008d500000, 0x000000008d500000| Untracked 
| 214|0x000000008d600000, 0x000000008d600000, 0x000000008d700000|  0%| F|  |TAMS 0x000000008d600000, 0x000000008d600000| Untracked 
| 215|0x000000008d700000, 0x000000008d700000, 0x000000008d800000|  0%| F|  |TAMS 0x000000008d700000, 0x000000008d700000| Untracked 
| 216|0x000000008d800000, 0x000000008d800000, 0x000000008d900000|  0%| F|  |TAMS 0x000000008d800000, 0x000000008d800000| Untracked 
| 217|0x000000008d900000, 0x000000008d900000, 0x000000008da00000|  0%| F|  |TAMS 0x000000008d900000, 0x000000008d900000| Untracked 
| 218|0x000000008da00000, 0x000000008da00000, 0x000000008db00000|  0%| F|  |TAMS 0x000000008da00000, 0x000000008da00000| Untracked 
| 219|0x000000008db00000, 0x000000008db00000, 0x000000008dc00000|  0%| F|  |TAMS 0x000000008db00000, 0x000000008db00000| Untracked 
| 220|0x000000008dc00000, 0x000000008dc00000, 0x000000008dd00000|  0%| F|  |TAMS 0x000000008dc00000, 0x000000008dc00000| Untracked 
| 221|0x000000008dd00000, 0x000000008dd00000, 0x000000008de00000|  0%| F|  |TAMS 0x000000008dd00000, 0x000000008dd00000| Untracked 
| 222|0x000000008de00000, 0x000000008de00000, 0x000000008df00000|  0%| F|  |TAMS 0x000000008de00000, 0x000000008de00000| Untracked 
| 223|0x000000008df00000, 0x000000008df00000, 0x000000008e000000|  0%| F|  |TAMS 0x000000008df00000, 0x000000008df00000| Untracked 
| 224|0x000000008e000000, 0x000000008e000000, 0x000000008e100000|  0%| F|  |TAMS 0x000000008e000000, 0x000000008e000000| Untracked 
| 225|0x000000008e100000, 0x000000008e11dba8, 0x000000008e200000| 11%| E|  |TAMS 0x000000008e100000, 0x000000008e100000| Complete 
| 226|0x000000008e200000, 0x000000008e300000, 0x000000008e300000|100%| E|CS|TAMS 0x000000008e200000, 0x000000008e200000| Complete 
| 227|0x000000008e300000, 0x000000008e400000, 0x000000008e400000|100%| E|CS|TAMS 0x000000008e300000, 0x000000008e300000| Complete 
| 228|0x000000008e400000, 0x000000008e500000, 0x000000008e500000|100%| E|CS|TAMS 0x000000008e400000, 0x000000008e400000| Complete 
| 229|0x000000008e500000, 0x000000008e600000, 0x000000008e600000|100%| E|CS|TAMS 0x000000008e500000, 0x000000008e500000| Complete 
| 230|0x000000008e600000, 0x000000008e700000, 0x000000008e700000|100%| E|CS|TAMS 0x000000008e600000, 0x000000008e600000| Complete 

Card table byte_map: [0x0000025e72d20000,0x0000025e73120000] _byte_map_base: 0x0000025e72920000

Marking Bits (Prev, Next): (CMBitMap*) 0x0000025e6efdc948, (CMBitMap*) 0x0000025e6efdc980
 Prev Bits: [0x0000025e73520000, 0x0000025e75520000)
 Next Bits: [0x0000025e75520000, 0x0000025e77520000)

Polling page: 0x0000025e6e780000

Metaspace:

Usage:
  Non-class:    113.10 MB capacity,   110.87 MB ( 98%) used,     1.81 MB (  2%) free+waste,   426.50 KB ( <1%) overhead. 
      Class:     16.77 MB capacity,    15.46 MB ( 92%) used,     1.13 MB (  7%) free+waste,   185.88 KB (  1%) overhead. 
       Both:    129.86 MB capacity,   126.33 MB ( 97%) used,     2.94 MB (  2%) free+waste,   612.38 KB ( <1%) overhead. 

Virtual space:
  Non-class space:      114.00 MB reserved,     113.55 MB (>99%) committed 
      Class space:        1.00 GB reserved,      17.06 MB (  2%) committed 
             Both:        1.11 GB reserved,     130.61 MB ( 11%) committed 

Chunk freelists:
   Non-Class:  333.00 KB
       Class:  197.00 KB
        Both:  530.00 KB

MaxMetaspaceSize: 17179869184.00 GB
CompressedClassSpaceSize: 1.00 GB

CodeHeap 'non-profiled nmethods': size=120064Kb used=16277Kb max_used=16324Kb free=103786Kb
 bounds [0x0000025e07ac0000, 0x0000025e08ac0000, 0x0000025e0f000000]
CodeHeap 'profiled nmethods': size=120000Kb used=41280Kb max_used=42430Kb free=78719Kb
 bounds [0x0000025e00590000, 0x0000025e02fa0000, 0x0000025e07ac0000]
CodeHeap 'non-nmethods': size=5696Kb used=2369Kb max_used=2428Kb free=3326Kb
 bounds [0x0000025e00000000, 0x0000025e00270000, 0x0000025e00590000]
 total_blobs=20836 nmethods=19833 adapters=911
 compilation: enabled
              stopped_count=0, restarted_count=0
 full_count=0

Compilation events (20 events):
Event: 4311.096 Thread 0x0000025e7a2a3800 24676       3       com.android.tools.r8.code.T0::hashCode (21 bytes)
Event: 4311.096 Thread 0x0000025e7a2a3800 nmethod 24676 0x0000025e00cf1a90 code [0x0000025e00cf1c40, 0x0000025e00cf1e48]
Event: 4311.098 Thread 0x0000025e7a2a3800 24678       3       com.android.tools.r8.code.V::a (1 bytes)
Event: 4311.098 Thread 0x0000025e7a2a3800 nmethod 24678 0x0000025e009aff90 code [0x0000025e009b0140, 0x0000025e009b0238]
Event: 4311.099 Thread 0x0000025e7a2a3800 24679       3       com.android.tools.r8.w.a.a.a.h.V0::g (323 bytes)
Event: 4311.100 Thread 0x0000025e7a2a3800 nmethod 24679 0x0000025e012d3510 code [0x0000025e012d37a0, 0x0000025e012d45d8]
Event: 4311.100 Thread 0x0000025e7a2a3800 24680       3       com.android.tools.r8.code.Q1::D (4 bytes)
Event: 4311.100 Thread 0x0000025e7a2a3800 nmethod 24680 0x0000025e00a4dc90 code [0x0000025e00a4de40, 0x0000025e00a4df58]
Event: 4311.100 Thread 0x0000025e7a2a3800 24681       1       com.android.tools.r8.code.n2::q (3 bytes)
Event: 4311.100 Thread 0x0000025e7a2a3800 nmethod 24681 0x0000025e07f7b490 code [0x0000025e07f7b640, 0x0000025e07f7b6f8]
Event: 4311.100 Thread 0x0000025e7a2a3800 24682       3       com.android.tools.r8.code.V::a (27 bytes)
Event: 4311.101 Thread 0x0000025e7a2a3800 nmethod 24682 0x0000025e01103f10 code [0x0000025e01104100, 0x0000025e011046e8]
Event: 4311.101 Thread 0x0000025e7a2a3800 24683       3       com.android.tools.r8.dex.r$$Lambda$1479/0x0000000100f9c840::compare (16 bytes)
Event: 4311.101 Thread 0x0000025e7a2a3800 nmethod 24683 0x0000025e01103710 code [0x0000025e01103900, 0x0000025e01103d28]
Event: 4311.101 Thread 0x0000025e7a2a3800 24684       3       com.android.tools.r8.graph.t0$w::a (46 bytes)
Event: 4311.102 Thread 0x0000025e7a2a3800 nmethod 24684 0x0000025e01302490 code [0x0000025e01302760, 0x0000025e01303428]
Event: 4311.102 Thread 0x0000025e7a2a3800 24686       3       com.android.tools.r8.dex.r$$Lambda$1499/0x0000000100fa1840::applyAsInt (12 bytes)
Event: 4311.102 Thread 0x0000025e7a2a3800 nmethod 24686 0x0000025e01191810 code [0x0000025e01191a00, 0x0000025e01191e48]
Event: 4311.107 Thread 0x0000025e7a2a3800 24687       3       com.android.build.gradle.internal.tasks.DexMergingWorkAction$Inject::getParameters (31 bytes)
Event: 4311.107 Thread 0x0000025e7a2a3800 nmethod 24687 0x0000025e01196e90 code [0x0000025e01197080, 0x0000025e01197698]

GC Heap History (20 events):
Event: 1696.179 GC heap before
{Heap before GC invocations=64 (full 0):
 garbage-first heap   total 236544K, used 113600K [0x0000000080000000, 0x0000000100000000)
  region size 1024K, 11 young (11264K), 7 survivors (7168K)
 Metaspace       used 128989K, capacity 132927K, committed 133232K, reserved 1165312K
  class space    used 15918K, capacity 17365K, committed 17472K, reserved 1048576K
}
Event: 1696.190 GC heap after
{Heap after GC invocations=65 (full 0):
 garbage-first heap   total 236544K, used 106388K [0x0000000080000000, 0x0000000100000000)
  region size 1024K, 1 young (1024K), 1 survivors (1024K)
 Metaspace       used 128989K, capacity 132927K, committed 133232K, reserved 1165312K
  class space    used 15918K, capacity 17365K, committed 17472K, reserved 1048576K
}
Event: 3109.283 GC heap before
{Heap before GC invocations=65 (full 0):
 garbage-first heap   total 236544K, used 194452K [0x0000000080000000, 0x0000000100000000)
  region size 1024K, 88 young (90112K), 1 survivors (1024K)
 Metaspace       used 129101K, capacity 132930K, committed 133232K, reserved 1165312K
  class space    used 15918K, capacity 17365K, committed 17472K, reserved 1048576K
}
Event: 3109.299 GC heap after
{Heap after GC invocations=66 (full 0):
 garbage-first heap   total 236544K, used 110160K [0x0000000080000000, 0x0000000100000000)
  region size 1024K, 5 young (5120K), 5 survivors (5120K)
 Metaspace       used 129101K, capacity 132930K, committed 133232K, reserved 1165312K
  class space    used 15918K, capacity 17365K, committed 17472K, reserved 1048576K
}
Event: 3114.322 GC heap before
{Heap before GC invocations=67 (full 0):
 garbage-first heap   total 236544K, used 195152K [0x0000000080000000, 0x0000000100000000)
  region size 1024K, 90 young (92160K), 5 survivors (5120K)
 Metaspace       used 128685K, capacity 132359K, committed 133232K, reserved 1165312K
  class space    used 15797K, capacity 17126K, committed 17472K, reserved 1048576K
}
Event: 3114.336 GC heap after
{Heap after GC invocations=68 (full 0):
 garbage-first heap   total 236544K, used 111508K [0x0000000080000000, 0x0000000100000000)
  region size 1024K, 7 young (7168K), 7 survivors (7168K)
 Metaspace       used 128685K, capacity 132359K, committed 133232K, reserved 1165312K
  class space    used 15797K, capacity 17126K, committed 17472K, reserved 1048576K
}
Event: 3114.358 GC heap before
{Heap before GC invocations=68 (full 0):
 garbage-first heap   total 236544K, used 114580K [0x0000000080000000, 0x0000000100000000)
  region size 1024K, 11 young (11264K), 7 survivors (7168K)
 Metaspace       used 128685K, capacity 132359K, committed 133232K, reserved 1165312K
  class space    used 15797K, capacity 17126K, committed 17472K, reserved 1048576K
}
Event: 3114.383 GC heap after
{Heap after GC invocations=69 (full 0):
 garbage-first heap   total 236544K, used 99457K [0x0000000080000000, 0x0000000100000000)
  region size 1024K, 1 young (1024K), 1 survivors (1024K)
 Metaspace       used 128685K, capacity 132359K, committed 133232K, reserved 1165312K
  class space    used 15797K, capacity 17126K, committed 17472K, reserved 1048576K
}
Event: 3115.211 GC heap before
{Heap before GC invocations=69 (full 0):
 garbage-first heap   total 236544K, used 123009K [0x0000000080000000, 0x0000000100000000)
  region size 1024K, 26 young (26624K), 1 survivors (1024K)
 Metaspace       used 128749K, capacity 132366K, committed 133232K, reserved 1165312K
  class space    used 15797K, capacity 17126K, committed 17472K, reserved 1048576K
}
Event: 3115.221 GC heap after
{Heap after GC invocations=70 (full 0):
 garbage-first heap   total 236544K, used 99434K [0x0000000080000000, 0x0000000100000000)
  region size 1024K, 1 young (1024K), 1 survivors (1024K)
 Metaspace       used 128749K, capacity 132366K, committed 133232K, reserved 1165312K
  class space    used 15797K, capacity 17126K, committed 17472K, reserved 1048576K
}
Event: 3813.605 GC heap before
{Heap before GC invocations=71 (full 0):
 garbage-first heap   total 236544K, used 196714K [0x0000000080000000, 0x0000000100000000)
  region size 1024K, 89 young (91136K), 1 survivors (1024K)
 Metaspace       used 128799K, capacity 132430K, committed 133232K, reserved 1165312K
  class space    used 15798K, capacity 17126K, committed 17472K, reserved 1048576K
}
Event: 3813.619 GC heap after
{Heap after GC invocations=72 (full 0):
 garbage-first heap   total 236544K, used 104056K [0x0000000080000000, 0x0000000100000000)
  region size 1024K, 6 young (6144K), 6 survivors (6144K)
 Metaspace       used 128799K, capacity 132430K, committed 133232K, reserved 1165312K
  class space    used 15798K, capacity 17126K, committed 17472K, reserved 1048576K
}
Event: 3813.669 GC heap before
{Heap before GC invocations=72 (full 0):
 garbage-first heap   total 236544K, used 108152K [0x0000000080000000, 0x0000000100000000)
  region size 1024K, 11 young (11264K), 6 survivors (6144K)
 Metaspace       used 128799K, capacity 132430K, committed 133232K, reserved 1165312K
  class space    used 15798K, capacity 17126K, committed 17472K, reserved 1048576K
}
Event: 3813.681 GC heap after
{Heap after GC invocations=73 (full 0):
 garbage-first heap   total 236544K, used 94263K [0x0000000080000000, 0x0000000100000000)
  region size 1024K, 1 young (1024K), 1 survivors (1024K)
 Metaspace       used 128799K, capacity 132430K, committed 133232K, reserved 1165312K
  class space    used 15798K, capacity 17126K, committed 17472K, reserved 1048576K
}
Event: 3816.237 GC heap before
{Heap before GC invocations=73 (full 0):
 garbage-first heap   total 236544K, used 169015K [0x0000000080000000, 0x0000000100000000)
  region size 1024K, 76 young (77824K), 1 survivors (1024K)
 Metaspace       used 128899K, capacity 132514K, committed 133488K, reserved 1165312K
  class space    used 15799K, capacity 17128K, committed 17472K, reserved 1048576K
}
Event: 3816.250 GC heap after
{Heap after GC invocations=74 (full 0):
 garbage-first heap   total 236544K, used 95425K [0x0000000080000000, 0x0000000100000000)
  region size 1024K, 2 young (2048K), 2 survivors (2048K)
 Metaspace       used 128899K, capacity 132514K, committed 133488K, reserved 1165312K
  class space    used 15799K, capacity 17128K, committed 17472K, reserved 1048576K
}
Event: 4308.788 GC heap before
{Heap before GC invocations=75 (full 0):
 garbage-first heap   total 236544K, used 197825K [0x0000000080000000, 0x0000000100000000)
  region size 1024K, 95 young (97280K), 2 survivors (2048K)
 Metaspace       used 129004K, capacity 132599K, committed 133488K, reserved 1165312K
  class space    used 15801K, capacity 17132K, committed 17472K, reserved 1048576K
}
Event: 4308.800 GC heap after
{Heap after GC invocations=76 (full 0):
 garbage-first heap   total 236544K, used 99998K [0x0000000080000000, 0x0000000100000000)
  region size 1024K, 7 young (7168K), 7 survivors (7168K)
 Metaspace       used 129004K, capacity 132599K, committed 133488K, reserved 1165312K
  class space    used 15801K, capacity 17132K, committed 17472K, reserved 1048576K
}
Event: 4308.816 GC heap before
{Heap before GC invocations=76 (full 0):
 garbage-first heap   total 236544K, used 103070K [0x0000000080000000, 0x0000000100000000)
  region size 1024K, 11 young (11264K), 7 survivors (7168K)
 Metaspace       used 129004K, capacity 132599K, committed 133488K, reserved 1165312K
  class space    used 15801K, capacity 17132K, committed 17472K, reserved 1048576K
}
Event: 4308.836 GC heap after
{Heap after GC invocations=77 (full 0):
 garbage-first heap   total 236544K, used 94669K [0x0000000080000000, 0x0000000100000000)
  region size 1024K, 1 young (1024K), 1 survivors (1024K)
 Metaspace       used 129004K, capacity 132599K, committed 133488K, reserved 1165312K
  class space    used 15801K, capacity 17132K, committed 17472K, reserved 1048576K
}

Deoptimization events (20 events):
Event: 3815.981 Thread 0x0000025e7aca1800 Uncommon trap: trap_request=0xffffffbe fr.pc=0x0000025e089e5430 relative=0x0000000000000210
Event: 3815.981 Thread 0x0000025e7aca1800 Uncommon trap: reason=profile_predicate action=maybe_recompile pc=0x0000025e089e5430 method=com.android.tools.r8.graph.q0.a([C)I @ 8 c2
Event: 3815.981 Thread 0x0000025e7aca1800 DEOPT PACKING pc=0x0000025e089e5430 sp=0x000000d8096fc790
Event: 3815.981 Thread 0x0000025e7aca1800 DEOPT UNPACKING pc=0x0000025e000274af sp=0x000000d8096fc718 mode 2
Event: 3815.981 Thread 0x0000025e7aca1800 Uncommon trap: trap_request=0xffffffbe fr.pc=0x0000025e089e5430 relative=0x0000000000000210
Event: 3815.981 Thread 0x0000025e7aca1800 Uncommon trap: reason=profile_predicate action=maybe_recompile pc=0x0000025e089e5430 method=com.android.tools.r8.graph.q0.a([C)I @ 8 c2
Event: 3815.981 Thread 0x0000025e7aca1800 DEOPT PACKING pc=0x0000025e089e5430 sp=0x000000d8096fc780
Event: 3815.981 Thread 0x0000025e7aca1800 DEOPT UNPACKING pc=0x0000025e000274af sp=0x000000d8096fc708 mode 2
Event: 3815.981 Thread 0x0000025e7aca1800 Uncommon trap: trap_request=0xffffffbe fr.pc=0x0000025e089e5430 relative=0x0000000000000210
Event: 3815.981 Thread 0x0000025e7aca1800 Uncommon trap: reason=profile_predicate action=maybe_recompile pc=0x0000025e089e5430 method=com.android.tools.r8.graph.q0.a([C)I @ 8 c2
Event: 3815.981 Thread 0x0000025e7aca1800 DEOPT PACKING pc=0x0000025e089e5430 sp=0x000000d8096fc780
Event: 3815.981 Thread 0x0000025e7aca1800 DEOPT UNPACKING pc=0x0000025e000274af sp=0x000000d8096fc708 mode 2
Event: 4308.705 Thread 0x0000025e7e4b1800 Uncommon trap: trap_request=0xffffff4d fr.pc=0x0000025e0832a66c relative=0x000000000000080c
Event: 4308.705 Thread 0x0000025e7e4b1800 Uncommon trap: reason=unstable_if action=reinterpret pc=0x0000025e0832a66c method=com.google.common.cache.LongAdder.add(J)V @ 95 c2
Event: 4308.705 Thread 0x0000025e7e4b1800 DEOPT PACKING pc=0x0000025e0832a66c sp=0x000000d800efdfc0
Event: 4308.705 Thread 0x0000025e7e4b1800 DEOPT UNPACKING pc=0x0000025e000274af sp=0x000000d800efdea8 mode 2
Event: 4310.964 Thread 0x0000025e13a2f000 Uncommon trap: trap_request=0xffffff76 fr.pc=0x0000025e08a4f954 relative=0x0000000000000234
Event: 4310.964 Thread 0x0000025e13a2f000 Uncommon trap: reason=loop_limit_check action=maybe_recompile pc=0x0000025e08a4f954 method=com.android.tools.r8.graph.q0.a([C)I @ 8 c2
Event: 4310.964 Thread 0x0000025e13a2f000 DEOPT PACKING pc=0x0000025e08a4f954 sp=0x000000d8099fca80
Event: 4310.964 Thread 0x0000025e13a2f000 DEOPT UNPACKING pc=0x0000025e000274af sp=0x000000d8099fca18 mode 2

Classes redefined (0 events):
No events

Internal exceptions (20 events):
Event: 4308.893 Thread 0x0000025e12b14800 Exception <a 'sun/nio/fs/WindowsException'{0x000000008d882de8}> (0x000000008d882de8) thrown at [./src/hotspot/share/prims/jni.cpp, line 615]
Event: 4308.894 Thread 0x0000025e12b14800 Exception <a 'sun/nio/fs/WindowsException'{0x000000008d8912e0}> (0x000000008d8912e0) thrown at [./src/hotspot/share/prims/jni.cpp, line 615]
Event: 4308.895 Thread 0x0000025e12b14800 Exception <a 'sun/nio/fs/WindowsException'{0x000000008d891f18}> (0x000000008d891f18) thrown at [./src/hotspot/share/prims/jni.cpp, line 615]
Event: 4308.895 Thread 0x0000025e12b14800 Exception <a 'sun/nio/fs/WindowsException'{0x000000008d893ce0}> (0x000000008d893ce0) thrown at [./src/hotspot/share/prims/jni.cpp, line 615]
Event: 4308.895 Thread 0x0000025e12b14800 Exception <a 'sun/nio/fs/WindowsException'{0x000000008d894918}> (0x000000008d894918) thrown at [./src/hotspot/share/prims/jni.cpp, line 615]
Event: 4308.895 Thread 0x0000025e12b14800 Exception <a 'sun/nio/fs/WindowsException'{0x000000008d8966e0}> (0x000000008d8966e0) thrown at [./src/hotspot/share/prims/jni.cpp, line 615]
Event: 4308.895 Thread 0x0000025e12b14800 Exception <a 'sun/nio/fs/WindowsException'{0x000000008d897318}> (0x000000008d897318) thrown at [./src/hotspot/share/prims/jni.cpp, line 615]
Event: 4308.895 Thread 0x0000025e12b14800 Exception <a 'sun/nio/fs/WindowsException'{0x000000008d8990e0}> (0x000000008d8990e0) thrown at [./src/hotspot/share/prims/jni.cpp, line 615]
Event: 4308.895 Thread 0x0000025e12b14800 Exception <a 'sun/nio/fs/WindowsException'{0x000000008d899d18}> (0x000000008d899d18) thrown at [./src/hotspot/share/prims/jni.cpp, line 615]
Event: 4308.896 Thread 0x0000025e12b14800 Exception <a 'sun/nio/fs/WindowsException'{0x000000008d89cc88}> (0x000000008d89cc88) thrown at [./src/hotspot/share/prims/jni.cpp, line 615]
Event: 4308.896 Thread 0x0000025e12b14800 Exception <a 'sun/nio/fs/WindowsException'{0x000000008d89d8c0}> (0x000000008d89d8c0) thrown at [./src/hotspot/share/prims/jni.cpp, line 615]
Event: 4308.896 Thread 0x0000025e12b14800 Exception <a 'sun/nio/fs/WindowsException'{0x000000008d89f6b8}> (0x000000008d89f6b8) thrown at [./src/hotspot/share/prims/jni.cpp, line 615]
Event: 4308.896 Thread 0x0000025e12b14800 Exception <a 'sun/nio/fs/WindowsException'{0x000000008d8a02f0}> (0x000000008d8a02f0) thrown at [./src/hotspot/share/prims/jni.cpp, line 615]
Event: 4309.008 Thread 0x0000025e12b1e000 Exception <a 'java/lang/InterruptedException'{0x000000008d689d80}> (0x000000008d689d80) thrown at [./src/hotspot/share/runtime/objectMonitor.cpp, line 1635]
Event: 4310.824 Thread 0x0000025e12b14800 Exception <a 'sun/nio/fs/WindowsException'{0x000000008c814608}> (0x000000008c814608) thrown at [./src/hotspot/share/prims/jni.cpp, line 615]
Event: 4310.824 Thread 0x0000025e12b14800 Exception <a 'sun/nio/fs/WindowsException'{0x000000008c815270}> (0x000000008c815270) thrown at [./src/hotspot/share/prims/jni.cpp, line 615]
Event: 4310.947 Thread 0x0000025e13a2f000 Exception <a 'sun/nio/fs/WindowsException'{0x000000008b029488}> (0x000000008b029488) thrown at [./src/hotspot/share/prims/jni.cpp, line 615]
Event: 4310.967 Thread 0x0000025e13a2f000 Exception <a 'sun/nio/fs/WindowsException'{0x000000008ae90690}> (0x000000008ae90690) thrown at [./src/hotspot/share/prims/jni.cpp, line 615]
Event: 4311.082 Thread 0x0000025e13a2e800 Exception <a 'sun/nio/fs/WindowsException'{0x000000008a7d97b0}> (0x000000008a7d97b0) thrown at [./src/hotspot/share/prims/jni.cpp, line 615]
Event: 4311.103 Thread 0x0000025e13a2e800 Exception <a 'sun/nio/fs/WindowsException'{0x000000008a6ac218}> (0x000000008a6ac218) thrown at [./src/hotspot/share/prims/jni.cpp, line 615]

Events (20 events):
Event: 4310.941 Executing VM operation: RevokeBias
Event: 4310.941 Executing VM operation: RevokeBias done
Event: 4310.942 Thread 0x0000025e13a2f000 Thread added: 0x0000025e13a2f000
Event: 4310.942 Thread 0x0000025e13a2e800 Thread added: 0x0000025e13a2e800
Event: 4310.943 Executing VM operation: RevokeBias
Event: 4310.943 Executing VM operation: RevokeBias done
Event: 4310.943 Executing VM operation: RevokeBias
Event: 4310.943 Executing VM operation: RevokeBias done
Event: 4310.945 Thread 0x0000025e13a31000 Thread added: 0x0000025e13a31000
Event: 4310.946 Thread 0x0000025e13a30000 Thread added: 0x0000025e13a30000
Event: 4310.946 Thread 0x0000025e13a35000 Thread added: 0x0000025e13a35000
Event: 4310.969 Executing VM operation: RevokeBias
Event: 4310.969 Executing VM operation: RevokeBias done
Event: 4310.981 Thread 0x0000025e13a35800 Thread added: 0x0000025e13a35800
Event: 4311.004 Executing VM operation: RevokeBias
Event: 4311.004 Executing VM operation: RevokeBias done
Event: 4311.005 Executing VM operation: BulkRevokeBias
Event: 4311.008 Executing VM operation: BulkRevokeBias done
Event: 4311.081 Executing VM operation: RevokeBias
Event: 4311.081 Executing VM operation: RevokeBias done


Dynamic libraries:
0x00007ff66f040000 - 0x00007ff66f04a000 	C:\Program Files\Android\Android Studio\jre\bin\java.exe
0x00007ffde67f0000 - 0x00007ffde69e5000 	C:\WINDOWS\SYSTEM32\ntdll.dll
0x00007ffde53b0000 - 0x00007ffde546e000 	C:\WINDOWS\System32\KERNEL32.DLL
0x00007ffde4100000 - 0x00007ffde43c9000 	C:\WINDOWS\System32\KERNELBASE.dll
0x00007ffde43d0000 - 0x00007ffde44d0000 	C:\WINDOWS\System32\ucrtbase.dll
0x00007ffddd380000 - 0x00007ffddd397000 	C:\Program Files\Android\Android Studio\jre\bin\VCRUNTIME140.dll
0x00007ffdd5930000 - 0x00007ffdd5949000 	C:\Program Files\Android\Android Studio\jre\bin\jli.dll
0x00007ffde64f0000 - 0x00007ffde6691000 	C:\WINDOWS\System32\USER32.dll
0x00007ffde40d0000 - 0x00007ffde40f2000 	C:\WINDOWS\System32\win32u.dll
0x00007ffde5380000 - 0x00007ffde53ab000 	C:\WINDOWS\System32\GDI32.dll
0x00007ffdcddd0000 - 0x00007ffdce06a000 	C:\WINDOWS\WinSxS\amd64_microsoft.windows.common-controls_6595b64144ccf1df_6.0.19041.1110_none_60b5254171f9507e\COMCTL32.dll
0x00007ffde45c0000 - 0x00007ffde46cb000 	C:\WINDOWS\System32\gdi32full.dll
0x00007ffde52d0000 - 0x00007ffde536e000 	C:\WINDOWS\System32\msvcrt.dll
0x00007ffde4520000 - 0x00007ffde45bd000 	C:\WINDOWS\System32\msvcp_win.dll
0x00007ffde6040000 - 0x00007ffde6070000 	C:\WINDOWS\System32\IMM32.DLL
0x00007ffdcee70000 - 0x00007ffdcef0d000 	C:\Program Files\Android\Android Studio\jre\bin\msvcp140.dll
0x00007ffdacf20000 - 0x00007ffdad9dc000 	C:\Program Files\Android\Android Studio\jre\bin\server\jvm.dll
0x00007ffde57c0000 - 0x00007ffde586c000 	C:\WINDOWS\System32\ADVAPI32.dll
0x00007ffde5f20000 - 0x00007ffde5fbb000 	C:\WINDOWS\System32\sechost.dll
0x00007ffde5630000 - 0x00007ffde575a000 	C:\WINDOWS\System32\RPCRT4.dll
0x00007ffde5470000 - 0x00007ffde5478000 	C:\WINDOWS\System32\PSAPI.DLL
0x00007ffdcd100000 - 0x00007ffdcd109000 	C:\WINDOWS\SYSTEM32\WSOCK32.dll
0x00007ffdc88e0000 - 0x00007ffdc8907000 	C:\WINDOWS\SYSTEM32\WINMM.dll
0x00007ffddc510000 - 0x00007ffddc51a000 	C:\WINDOWS\SYSTEM32\VERSION.dll
0x00007ffde5870000 - 0x00007ffde58db000 	C:\WINDOWS\System32\WS2_32.dll
0x00007ffde2780000 - 0x00007ffde2792000 	C:\WINDOWS\SYSTEM32\kernel.appcore.dll
0x00007ffdc2e40000 - 0x00007ffdc2e51000 	C:\Program Files\Android\Android Studio\jre\bin\verify.dll
0x00007ffde1cc0000 - 0x00007ffde1ea4000 	C:\WINDOWS\SYSTEM32\DBGHELP.DLL
0x00007ffdcb1d0000 - 0x00007ffdcb1fc000 	C:\WINDOWS\SYSTEM32\dbgcore.DLL
0x00007ffde4700000 - 0x00007ffde4783000 	C:\WINDOWS\System32\bcryptPrimitives.dll
0x00007ffdc2e10000 - 0x00007ffdc2e39000 	C:\Program Files\Android\Android Studio\jre\bin\java.dll
0x00007ffdd5900000 - 0x00007ffdd590b000 	C:\Program Files\Android\Android Studio\jre\bin\jimage.dll
0x00007ffdc2df0000 - 0x00007ffdc2e08000 	C:\Program Files\Android\Android Studio\jre\bin\zip.dll
0x00007ffde4910000 - 0x00007ffde504f000 	C:\WINDOWS\System32\SHELL32.dll
0x00007ffde1ff0000 - 0x00007ffde2780000 	C:\WINDOWS\SYSTEM32\windows.storage.dll
0x00007ffde5a10000 - 0x00007ffde5d65000 	C:\WINDOWS\System32\combase.dll
0x00007ffde3960000 - 0x00007ffde398c000 	C:\WINDOWS\SYSTEM32\Wldp.dll
0x00007ffde5050000 - 0x00007ffde50fe000 	C:\WINDOWS\System32\SHCORE.dll
0x00007ffde6750000 - 0x00007ffde67a5000 	C:\WINDOWS\System32\shlwapi.dll
0x00007ffde3e50000 - 0x00007ffde3e6f000 	C:\WINDOWS\SYSTEM32\profapi.dll
0x00007ffdc2dd0000 - 0x00007ffdc2dea000 	C:\Program Files\Android\Android Studio\jre\bin\net.dll
0x00007ffdd18b0000 - 0x00007ffdd19b8000 	C:\WINDOWS\SYSTEM32\WINHTTP.dll
0x00007ffde36c0000 - 0x00007ffde372a000 	C:\WINDOWS\system32\mswsock.dll
0x00007ffdc2db0000 - 0x00007ffdc2dc4000 	C:\Program Files\Android\Android Studio\jre\bin\nio.dll
0x00007ffde0380000 - 0x00007ffde03a7000 	C:\Users\asus\Desktop\JavaLearning\native\fdc75f09e3144964f2cf3f50f0aa648679c211496f362492102eb8c894070792\windows-amd64\native-platform.dll
0x00007ffdaec40000 - 0x00007ffdaedd6000 	C:\Users\asus\Desktop\JavaLearning\native\12488b8bf47d2d4c9fbf2f6322a914ad602e24e48041cd04a747c6da556b65c4\windows-amd64\native-platform-file-events.dll
0x00007ffdcf150000 - 0x00007ffdcf15a000 	C:\Program Files\Android\Android Studio\jre\bin\management.dll
0x00007ffdce770000 - 0x00007ffdce77c000 	C:\Program Files\Android\Android Studio\jre\bin\management_ext.dll
0x00007ffde38b0000 - 0x00007ffde38c8000 	C:\WINDOWS\SYSTEM32\CRYPTSP.dll
0x00007ffde2fd0000 - 0x00007ffde3004000 	C:\WINDOWS\system32\rsaenh.dll
0x00007ffde46d0000 - 0x00007ffde46f7000 	C:\WINDOWS\System32\bcrypt.dll
0x00007ffde3e10000 - 0x00007ffde3e3e000 	C:\WINDOWS\SYSTEM32\USERENV.dll
0x00007ffde38d0000 - 0x00007ffde38dc000 	C:\WINDOWS\SYSTEM32\CRYPTBASE.dll
0x00007ffde3360000 - 0x00007ffde339b000 	C:\WINDOWS\SYSTEM32\IPHLPAPI.DLL
0x00007ffde5260000 - 0x00007ffde5268000 	C:\WINDOWS\System32\NSI.dll
0x00007ffdddd30000 - 0x00007ffdddd47000 	C:\WINDOWS\SYSTEM32\dhcpcsvc6.DLL
0x00007ffdde020000 - 0x00007ffdde03d000 	C:\WINDOWS\SYSTEM32\dhcpcsvc.DLL
0x00007ffde33a0000 - 0x00007ffde346c000 	C:\WINDOWS\SYSTEM32\DNSAPI.dll
0x00007ffdde0b0000 - 0x00007ffdde0bb000 	C:\WINDOWS\SYSTEM32\WINNSI.DLL
0x00007ffdde330000 - 0x00007ffdde34e000 	C:\Users\asus\AppData\Local\Temp\native-platform10602963016995654263dir\native-platform.dll
0x00007ffddbf90000 - 0x00007ffddbf98000 	C:\Program Files\Android\Android Studio\jre\bin\rmi.dll

dbghelp: loaded successfully - version: 4.0.5 - missing functions: none
symbol engine: initialized successfully - sym options: 0x614 - pdb path: .;C:\Program Files\Android\Android Studio\jre\bin;C:\WINDOWS\SYSTEM32;C:\WINDOWS\WinSxS\amd64_microsoft.windows.common-controls_6595b64144ccf1df_6.0.19041.1110_none_60b5254171f9507e;C:\Program Files\Android\Android Studio\jre\bin\server;C:\Users\asus\Desktop\JavaLearning\native\fdc75f09e3144964f2cf3f50f0aa648679c211496f362492102eb8c894070792\windows-amd64;C:\Users\asus\Desktop\JavaLearning\native\12488b8bf47d2d4c9fbf2f6322a914ad602e24e48041cd04a747c6da556b65c4\windows-amd64;C:\Users\asus\AppData\Local\Temp\native-platform10602963016995654263dir

VM Arguments:
jvm_args: --add-opens=java.base/java.util=ALL-UNNAMED --add-opens=java.base/java.lang=ALL-UNNAMED --add-opens=java.base/java.lang.invoke=ALL-UNNAMED --add-opens=java.prefs/java.util.prefs=ALL-UNNAMED -Xmx2048m -Dfile.encoding=UTF-8 -Duser.country=TR -Duser.language=tr -Duser.variant 
java_command: org.gradle.launcher.daemon.bootstrap.GradleDaemon 6.7.1
java_class_path (initial): C:\Users\asus\Desktop\JavaLearning\wrapper\dists\gradle-6.7.1-bin\bwlcbys1h7rz3272sye1xwiv6\gradle-6.7.1\lib\gradle-launcher-6.7.1.jar
Launcher Type: SUN_STANDARD

[Global flags]
     intx CICompilerCount                          = 3                                         {product} {ergonomic}
     uint ConcGCThreads                            = 1                                         {product} {ergonomic}
     uint G1ConcRefinementThreads                  = 4                                         {product} {ergonomic}
   size_t G1HeapRegionSize                         = 1048576                                   {product} {ergonomic}
    uintx GCDrainStackTargetSize                   = 64                                        {product} {ergonomic}
   size_t InitialHeapSize                          = 201326592                                 {product} {ergonomic}
   size_t MarkStackSize                            = 4194304                                   {product} {ergonomic}
   size_t MaxHeapSize                              = 2147483648                                {product} {command line}
   size_t MaxNewSize                               = 1287651328                                {product} {ergonomic}
   size_t MinHeapDeltaBytes                        = 1048576                                   {product} {ergonomic}
    uintx NonNMethodCodeHeapSize                   = 5830732                                {pd product} {ergonomic}
    uintx NonProfiledCodeHeapSize                  = 122913754                              {pd product} {ergonomic}
    uintx ProfiledCodeHeapSize                     = 122913754                              {pd product} {ergonomic}
    uintx ReservedCodeCacheSize                    = 251658240                              {pd product} {ergonomic}
     bool SegmentedCodeCache                       = true                                      {product} {ergonomic}
     bool UseCompressedClassPointers               = true                                 {lp64_product} {ergonomic}
     bool UseCompressedOops                        = true                                 {lp64_product} {ergonomic}
     bool UseG1GC                                  = true                                      {product} {ergonomic}
     bool UseLargePagesIndividualAllocation        = false                                  {pd product} {ergonomic}

Logging:
Log output configuration:
 #0: stdout all=warning uptime,level,tags
 #1: stderr all=off uptime,level,tags

Environment Variables:
JAVA_HOME=C:\Program Files\Java\jdk-11.0.7
JRE_HOME=C:\Program Files\Java\jre1.8.0_151
PATH=C:\Program Files (x86)\Common Files\Oracle\Java\javapath;C:\Program Files\nodejs;C:\Program Files\Microsoft SQL Server\Client SDK\ODBC\130\Tools\Binn\;C:\Program Files (x86)\Microsoft SQL Server\140\Tools\Binn\;C:\Program Files\Microsoft SQL Server\140\Tools\Binn\;C:\Program Files\Microsoft SQL Server\140\DTS\Binn\;C:\Program Files (x86)\Microsoft SQL Server\150\DTS\Binn\;C:\Program Files\dotnet\;C:\Program Files\Microsoft SQL Server\130\Tools\Binn\;C:\WINDOWS\system32;C:\WINDOWS;C:\WINDOWS\System32\Wbem;C:\WINDOWS\System32\WindowsPowerShell\v1.0\;C:\WINDOWS\System32\OpenSSH\;C:\Program Files\Gauge\bin;C:\Program Files\apache-maven-3.6.3-bin\apache-maven-3.6.3\bin;C:\Program Files\Git\cmd;C:\Program Files (x86)\dotnet\;C:\Program Files (x86)\NVIDIA Corporation\PhysX\Common;C:\Program Files\nodejs\;C:\Program Files\Graphviz\bin;C:\Program Files\MySQL\MySQL Shell 8.0\bin\;C:\Users\asus\Desktop\otomasyon;C:\Users\asus\AppData\Local\Programs\Microsoft VS Code\bin;C:\Users\asus\AppData\Local\Programs\MiKTeX 2.9\miktex\bin\x64\;C:\Users\asus\AppData\Local\Microsoft\WindowsApps;C:\Users\asus\AppData\Roaming\npm;C:\Program Files\Graphviz\bin;
USERNAME=asus
OS=Windows_NT
PROCESSOR_IDENTIFIER=Intel64 Family 6 Model 142 Stepping 9, GenuineIntel



---------------  S Y S T E M  ---------------

OS: Windows 10 , 64 bit Build 19041 (10.0.19041.1202)
OS uptime: 0 days 21:55 hours

CPU:total 4 (initial active 4) (2 cores per cpu, 2 threads per core) family 6 model 142 stepping 9, cmov, cx8, fxsr, mmx, sse, sse2, sse3, ssse3, sse4.1, sse4.2, popcnt, avx, avx2, aes, clmul, erms, 3dnowpref, lzcnt, ht, tsc, tscinvbit, bmi1, bmi2, adx, fma

Memory: 4k page, system-wide physical 12174M (1178M free)
TotalPageFile size 12174M (AvailPageFile size 5M)
current process WorkingSet (physical memory assigned to process): 514M, peak: 585M
current process commit charge ("private bytes"): 612M, peak: 617M

vm_info: OpenJDK 64-Bit Server VM (11.0.8+10-b944.6842174) for windows-amd64 JRE (11.0.8+10-b944.6842174), built on Sep 19 2020 01:11:42 by "builder" with MS VC++ 14.0 (VS2015)

END.
