#
# There is insufficient memory for the Java Runtime Environment to continue.
# Native memory allocation (malloc) failed to allocate 1862096 bytes for Chunk::new
# Possible reasons:
#   The system is out of physical RAM or swap space
#   The process is running with CompressedOops enabled, and the Java Heap may be blocking the growth of the native heap
# Possible solutions:
#   Reduce memory load on the system
#   Increase physical memory or swap space
#   Check if swap backing store is full
#   Decrease Java heap size (-Xmx/-Xms)
#   Decrease number of Java threads
#   Decrease Java thread stack sizes (-Xss)
#   Set larger code cache with -XX:ReservedCodeCacheSize=
#   JVM is running with Unscaled Compressed Oops mode in which the Java heap is
#     placed in the first 4GB address space. The Java Heap base address is the
#     maximum limit for the native heap growth. Please use -XX:HeapBaseMinAddress
#     to set the Java Heap base and to place the Java Heap above 4GB virtual address.
# This output file may be truncated or incomplete.
#
#  Out of Memory Error (./src/hotspot/share/memory/arena.cpp:197), pid=15116, tid=13844
#
# JRE version: OpenJDK Runtime Environment (11.0.8+10) (build 11.0.8+10-b944.6842174)
# Java VM: OpenJDK 64-Bit Server VM (11.0.8+10-b944.6842174, mixed mode, tiered, compressed oops, g1 gc, windows-amd64)
# No core dump will be written. Minidumps are not enabled by default on client versions of Windows
#

---------------  S U M M A R Y ------------

Command Line: --add-opens=java.base/java.util=ALL-UNNAMED --add-opens=java.base/java.lang=ALL-UNNAMED --add-opens=java.base/java.lang.invoke=ALL-UNNAMED --add-opens=java.prefs/java.util.prefs=ALL-UNNAMED -Xmx2048m -Dfile.encoding=UTF-8 -Duser.country=TR -Duser.language=tr -Duser.variant org.gradle.launcher.daemon.bootstrap.GradleDaemon 6.7.1

Host: Intel(R) Core(TM) i7-7500U CPU @ 2.70GHz, 4 cores, 11G,  Windows 10 , 64 bit Build 19041 (10.0.19041.1202)
Time: Tue Sep 28 16:39:11 2021 Türkiye Standart Saati elapsed time: 3 seconds (0d 0h 0m 3s)

---------------  T H R E A D  ---------------

Current thread (0x000001a76464f800):  JavaThread "C2 CompilerThread1" daemon [_thread_in_native, id=13844, stack(0x0000009765400000,0x0000009765500000)]


Current CompileTask:
C2:   3603 2210   !   4       java.net.URLClassLoader$1::run (63 bytes)

Stack: [0x0000009765400000,0x0000009765500000]
Native frames: (J=compiled Java code, j=interpreted, Vv=VM code, C=native code)
V  [jvm.dll+0x5de50a]
V  [jvm.dll+0x7122f5]
V  [jvm.dll+0x71384d]
V  [jvm.dll+0x713f03]
V  [jvm.dll+0x23e728]
V  [jvm.dll+0xb899c]
V  [jvm.dll+0xb8e9c]
V  [jvm.dll+0x35020b]
V  [jvm.dll+0x31dea3]
V  [jvm.dll+0x31d39a]
V  [jvm.dll+0x1f7702]
V  [jvm.dll+0x1f68d4]
V  [jvm.dll+0x17f32c]
V  [jvm.dll+0x205047]
V  [jvm.dll+0x203891]
V  [jvm.dll+0x6dad3f]
V  [jvm.dll+0x6d3895]
V  [jvm.dll+0x5dd4a6]
C  [ucrtbase.dll+0x21bb2]
C  [KERNEL32.DLL+0x17034]
C  [ntdll.dll+0x52651]


---------------  P R O C E S S  ---------------

Threads class SMR info:
_java_thread_list=0x000001a765aeac50, length=46, elements={
0x000001a748cfc800, 0x000001a7627a5000, 0x000001a7627a6800, 0x000001a762fb5800,
0x000001a762fb6800, 0x000001a762fba000, 0x000001a762fbd800, 0x000001a76300d000,
0x000001a763172800, 0x000001a76317c800, 0x000001a7650d8800, 0x000001a7644f5000,
0x000001a76516d000, 0x000001a764c0b800, 0x000001a764c0c000, 0x000001a7648c0000,
0x000001a76516c800, 0x000001a76464f800, 0x000001a764650800, 0x000001a764206800,
0x000001a764207800, 0x000001a7646e4800, 0x000001a7646e5000, 0x000001a7646e7800,
0x000001a7646e6800, 0x000001a7646eb000, 0x000001a7646ea000, 0x000001a7646e6000,
0x000001a7646e8800, 0x000001a7646e9000, 0x000001a767b9d800, 0x000001a767ba3000,
0x000001a767ba4000, 0x000001a767ba1800, 0x000001a767b9e000, 0x000001a767ba4800,
0x000001a767b9f000, 0x000001a767ba2800, 0x000001a767ba5800, 0x000001a767ba0000,
0x000001a767ba0800, 0x000001a767bab800, 0x000001a767ba8000, 0x000001a767ba9000,
0x000001a767ba9800, 0x000001a767bac000
}

Java Threads: ( => current thread )
  0x000001a748cfc800 JavaThread "main" [_thread_blocked, id=11536, stack(0x0000009763700000,0x0000009763800000)]
  0x000001a7627a5000 JavaThread "Reference Handler" daemon [_thread_blocked, id=13188, stack(0x0000009763e00000,0x0000009763f00000)]
  0x000001a7627a6800 JavaThread "Finalizer" daemon [_thread_blocked, id=280, stack(0x0000009763f00000,0x0000009764000000)]
  0x000001a762fb5800 JavaThread "Signal Dispatcher" daemon [_thread_blocked, id=13096, stack(0x0000009764000000,0x0000009764100000)]
  0x000001a762fb6800 JavaThread "Attach Listener" daemon [_thread_blocked, id=14640, stack(0x0000009764100000,0x0000009764200000)]
  0x000001a762fba000 JavaThread "C2 CompilerThread0" daemon [_thread_in_native, id=9744, stack(0x0000009764200000,0x0000009764300000)]
  0x000001a762fbd800 JavaThread "C1 CompilerThread0" daemon [_thread_blocked, id=13388, stack(0x0000009764300000,0x0000009764400000)]
  0x000001a76300d000 JavaThread "Sweeper thread" daemon [_thread_blocked, id=8840, stack(0x0000009764400000,0x0000009764500000)]
  0x000001a763172800 JavaThread "Common-Cleaner" daemon [_thread_blocked, id=7032, stack(0x0000009764500000,0x0000009764600000)]
  0x000001a76317c800 JavaThread "Service Thread" daemon [_thread_blocked, id=5976, stack(0x0000009764600000,0x0000009764700000)]
  0x000001a7650d8800 JavaThread "Daemon health stats" [_thread_blocked, id=9316, stack(0x0000009764c00000,0x0000009764d00000)]
  0x000001a7644f5000 JavaThread "Incoming local TCP Connector on port 51463" [_thread_in_native, id=12764, stack(0x0000009764e00000,0x0000009764f00000)]
  0x000001a76516d000 JavaThread "Daemon periodic checks" [_thread_blocked, id=6328, stack(0x0000009764f00000,0x0000009765000000)]
  0x000001a764c0b800 JavaThread "Daemon" [_thread_blocked, id=11816, stack(0x0000009765000000,0x0000009765100000)]
  0x000001a764c0c000 JavaThread "Handler for socket connection from /127.0.0.1:51463 to /127.0.0.1:51464" [_thread_in_native, id=6216, stack(0x0000009765100000,0x0000009765200000)]
  0x000001a7648c0000 JavaThread "Cancel handler" [_thread_blocked, id=14572, stack(0x0000009765200000,0x0000009765300000)]
  0x000001a76516c800 JavaThread "Daemon worker" [_thread_blocked, id=1852, stack(0x0000009765300000,0x0000009765400000)]
=>0x000001a76464f800 JavaThread "C2 CompilerThread1" daemon [_thread_in_native, id=13844, stack(0x0000009765400000,0x0000009765500000)]
  0x000001a764650800 JavaThread "Asynchronous log dispatcher for DefaultDaemonConnection: socket connection from /127.0.0.1:51463 to /127.0.0.1:51464" [_thread_blocked, id=6096, stack(0x0000009765500000,0x0000009765600000)]
  0x000001a764206800 JavaThread "Stdin handler" [_thread_blocked, id=6904, stack(0x0000009765600000,0x0000009765700000)]
  0x000001a764207800 JavaThread "Thread-8" [_thread_blocked, id=9992, stack(0x0000009765700000,0x0000009765800000)]
  0x000001a7646e4800 JavaThread "Cache worker for file hash cache (C:\Users\asus\Desktop\JavaLearning\caches\6.7.1\fileHashes)" [_thread_blocked, id=13876, stack(0x0000009765800000,0x0000009765900000)]
  0x000001a7646e5000 JavaThread "File lock request listener" [_thread_in_native, id=10480, stack(0x0000009765900000,0x0000009765a00000)]
  0x000001a7646e7800 JavaThread "Cache worker for journal cache (C:\Users\asus\Desktop\JavaLearning\caches\journal-1)" [_thread_blocked, id=14820, stack(0x0000009765a00000,0x0000009765b00000)]
  0x000001a7646e6800 JavaThread "Cache worker for file hash cache (C:\Users\asus\Desktop\MyNotebookProject\.gradle\6.7.1\fileHashes)" [_thread_blocked, id=12636, stack(0x0000009765b00000,0x0000009765c00000)]
  0x000001a7646eb000 JavaThread "jar transforms" [_thread_blocked, id=11708, stack(0x0000009765c00000,0x0000009765d00000)]
  0x000001a7646ea000 JavaThread "jar transforms Thread 2" [_thread_blocked, id=15032, stack(0x0000009765d00000,0x0000009765e00000)]
  0x000001a7646e6000 JavaThread "jar transforms Thread 3" [_thread_blocked, id=8620, stack(0x0000009765e00000,0x0000009765f00000)]
  0x000001a7646e8800 JavaThread "jar transforms Thread 4" [_thread_new, id=12268, stack(0x0000000000000000,0x0000000000000000)]
  0x000001a7646e9000 JavaThread "jar transforms Thread 5" [_thread_new, id=3524, stack(0x0000000000000000,0x0000000000000000)]
  0x000001a767b9d800 JavaThread "jar transforms Thread 6" [_thread_new, id=8792, stack(0x0000000000000000,0x0000000000000000)]
  0x000001a767ba3000 JavaThread "jar transforms Thread 7" [_thread_new, id=7088, stack(0x0000000000000000,0x0000000000000000)]
  0x000001a767ba4000 JavaThread "jar transforms Thread 8" [_thread_new, id=14328, stack(0x0000000000000000,0x0000000000000000)]
  0x000001a767ba1800 JavaThread "jar transforms Thread 9" [_thread_new, id=12640, stack(0x0000000000000000,0x0000000000000000)]
  0x000001a767b9e000 JavaThread "jar transforms Thread 10" [_thread_new, id=680, stack(0x0000000000000000,0x0000000000000000)]
  0x000001a767ba4800 JavaThread "jar transforms Thread 11" [_thread_new, id=10960, stack(0x0000000000000000,0x0000000000000000)]
  0x000001a767b9f000 JavaThread "jar transforms Thread 12" [_thread_new, id=7380, stack(0x0000000000000000,0x0000000000000000)]
  0x000001a767ba2800 JavaThread "jar transforms Thread 13" [_thread_new, id=9896, stack(0x0000000000000000,0x0000000000000000)]
  0x000001a767ba5800 JavaThread "jar transforms Thread 14" [_thread_new, id=9516, stack(0x0000000000000000,0x0000000000000000)]
  0x000001a767ba0000 JavaThread "jar transforms Thread 15" [_thread_new, id=4260, stack(0x0000000000000000,0x0000000000000000)]
  0x000001a767ba0800 JavaThread "jar transforms Thread 16" [_thread_new, id=13636, stack(0x0000000000000000,0x0000000000000000)]
  0x000001a767bab800 JavaThread "jar transforms Thread 17" [_thread_new, id=14056, stack(0x0000000000000000,0x0000000000000000)]
  0x000001a767ba8000 JavaThread "jar transforms Thread 18" [_thread_new, id=12780, stack(0x0000000000000000,0x0000000000000000)]
  0x000001a767ba9000 JavaThread "jar transforms Thread 19" [_thread_new, id=14272, stack(0x0000000000000000,0x0000000000000000)]
  0x000001a767ba9800 JavaThread "jar transforms Thread 20" [_thread_new, id=12016, stack(0x0000000000000000,0x0000000000000000)]
  0x000001a767bac000 JavaThread "jar transforms Thread 21" [_thread_new, id=3828, stack(0x0000000000000000,0x0000000000000000)]

Other Threads:
  0x000001a76278d800 VMThread "VM Thread" [stack: 0x0000009763d00000,0x0000009763e00000] [id=7772]
  0x000001a76318f000 WatcherThread [stack: 0x0000009764700000,0x0000009764800000] [id=10872]
  0x000001a748d13800 GCTaskThread "GC Thread#0" [stack: 0x0000009763800000,0x0000009763900000] [id=9572]
  0x000001a763c95800 GCTaskThread "GC Thread#1" [stack: 0x0000009764900000,0x0000009764a00000] [id=12868]
  0x000001a763754800 GCTaskThread "GC Thread#2" [stack: 0x0000009764a00000,0x0000009764b00000] [id=10060]
  0x000001a763510000 GCTaskThread "GC Thread#3" [stack: 0x0000009764b00000,0x0000009764c00000] [id=2392]
  0x000001a748d44800 ConcurrentGCThread "G1 Main Marker" [stack: 0x0000009763900000,0x0000009763a00000] [id=5536]
  0x000001a748d48000 ConcurrentGCThread "G1 Conc#0" [stack: 0x0000009763a00000,0x0000009763b00000] [id=11592]
  0x000001a748dde800 ConcurrentGCThread "G1 Refine#0" [stack: 0x0000009763b00000,0x0000009763c00000] [id=6944]
  0x000001a7625de800 ConcurrentGCThread "G1 Young RemSet Sampling" [stack: 0x0000009763c00000,0x0000009763d00000] [id=12892]

Threads with active compile tasks:
C2 CompilerThread0   3632 2209       4       java.net.URLClassLoader$1::run (5 bytes)
C2 CompilerThread1   3632 2210   !   4       java.net.URLClassLoader$1::run (63 bytes)

VM state:not at safepoint (normal execution)

VM Mutex/Monitor currently owned by a thread: None

Heap address: 0x0000000080000000, size: 2048 MB, Compressed Oops mode: 32-bit
Narrow klass base: 0x0000000000000000, Narrow klass shift: 3
Compressed class space size: 1073741824 Address: 0x0000000100000000

Heap:
 garbage-first heap   total 196608K, used 61293K [0x0000000080000000, 0x0000000100000000)
  region size 1024K, 49 young (50176K), 4 survivors (4096K)
 Metaspace       used 25924K, capacity 26574K, committed 26752K, reserved 1073152K
  class space    used 3368K, capacity 3595K, committed 3712K, reserved 1048576K
Heap Regions: E=young(eden), S=young(survivor), O=old, HS=humongous(starts), HC=humongous(continues), CS=collection set, F=free, A=archive, TAMS=top-at-mark-start (previous, next)
|   0|0x0000000080000000, 0x0000000080100000, 0x0000000080100000|100%| O|  |TAMS 0x0000000080100000, 0x0000000080000000| Untracked 
|   1|0x0000000080100000, 0x0000000080200000, 0x0000000080200000|100%| O|  |TAMS 0x0000000080200000, 0x0000000080100000| Untracked 
|   2|0x0000000080200000, 0x0000000080300000, 0x0000000080300000|100%| O|  |TAMS 0x0000000080300000, 0x0000000080200000| Untracked 
|   3|0x0000000080300000, 0x0000000080400000, 0x0000000080400000|100%|HS|  |TAMS 0x0000000080400000, 0x0000000080300000| Complete 
|   4|0x0000000080400000, 0x0000000080500000, 0x0000000080500000|100%|HC|  |TAMS 0x0000000080500000, 0x0000000080400000| Complete 
|   5|0x0000000080500000, 0x0000000080600000, 0x0000000080600000|100%|HC|  |TAMS 0x0000000080600000, 0x0000000080500000| Complete 
|   6|0x0000000080600000, 0x0000000080700000, 0x0000000080700000|100%| O|  |TAMS 0x0000000080700000, 0x0000000080600000| Untracked 
|   7|0x0000000080700000, 0x0000000080800000, 0x0000000080800000|100%| O|  |TAMS 0x0000000080800000, 0x0000000080700000| Untracked 
|   8|0x0000000080800000, 0x0000000080900000, 0x0000000080900000|100%| O|  |TAMS 0x0000000080900000, 0x0000000080800000| Untracked 
|   9|0x0000000080900000, 0x0000000080a00000, 0x0000000080a00000|100%| O|  |TAMS 0x0000000080a00000, 0x0000000080900000| Untracked 
|  10|0x0000000080a00000, 0x0000000080b00000, 0x0000000080b00000|100%| O|  |TAMS 0x0000000080b00000, 0x0000000080a00000| Untracked 
|  11|0x0000000080b00000, 0x0000000080c00000, 0x0000000080c00000|100%| O|  |TAMS 0x0000000080c00000, 0x0000000080b00000| Untracked 
|  12|0x0000000080c00000, 0x0000000080cbc800, 0x0000000080d00000| 73%| O|  |TAMS 0x0000000080cbc800, 0x0000000080c00000| Untracked 
|  13|0x0000000080d00000, 0x0000000080d00000, 0x0000000080e00000|  0%| F|  |TAMS 0x0000000080d00000, 0x0000000080d00000| Untracked 
|  14|0x0000000080e00000, 0x0000000080e00000, 0x0000000080f00000|  0%| F|  |TAMS 0x0000000080e00000, 0x0000000080e00000| Untracked 
|  15|0x0000000080f00000, 0x0000000080f00000, 0x0000000081000000|  0%| F|  |TAMS 0x0000000080f00000, 0x0000000080f00000| Untracked 
|  16|0x0000000081000000, 0x0000000081000000, 0x0000000081100000|  0%| F|  |TAMS 0x0000000081000000, 0x0000000081000000| Untracked 
|  17|0x0000000081100000, 0x0000000081100000, 0x0000000081200000|  0%| F|  |TAMS 0x0000000081100000, 0x0000000081100000| Untracked 
|  18|0x0000000081200000, 0x0000000081200000, 0x0000000081300000|  0%| F|  |TAMS 0x0000000081200000, 0x0000000081200000| Untracked 
|  19|0x0000000081300000, 0x0000000081300000, 0x0000000081400000|  0%| F|  |TAMS 0x0000000081300000, 0x0000000081300000| Untracked 
|  20|0x0000000081400000, 0x0000000081400000, 0x0000000081500000|  0%| F|  |TAMS 0x0000000081400000, 0x0000000081400000| Untracked 
|  21|0x0000000081500000, 0x0000000081500000, 0x0000000081600000|  0%| F|  |TAMS 0x0000000081500000, 0x0000000081500000| Untracked 
|  22|0x0000000081600000, 0x0000000081600000, 0x0000000081700000|  0%| F|  |TAMS 0x0000000081600000, 0x0000000081600000| Untracked 
|  23|0x0000000081700000, 0x0000000081700000, 0x0000000081800000|  0%| F|  |TAMS 0x0000000081700000, 0x0000000081700000| Untracked 
|  24|0x0000000081800000, 0x0000000081800000, 0x0000000081900000|  0%| F|  |TAMS 0x0000000081800000, 0x0000000081800000| Untracked 
|  25|0x0000000081900000, 0x0000000081900000, 0x0000000081a00000|  0%| F|  |TAMS 0x0000000081900000, 0x0000000081900000| Untracked 
|  26|0x0000000081a00000, 0x0000000081a00000, 0x0000000081b00000|  0%| F|  |TAMS 0x0000000081a00000, 0x0000000081a00000| Untracked 
|  27|0x0000000081b00000, 0x0000000081b00000, 0x0000000081c00000|  0%| F|  |TAMS 0x0000000081b00000, 0x0000000081b00000| Untracked 
|  28|0x0000000081c00000, 0x0000000081c00000, 0x0000000081d00000|  0%| F|  |TAMS 0x0000000081c00000, 0x0000000081c00000| Untracked 
|  29|0x0000000081d00000, 0x0000000081d00000, 0x0000000081e00000|  0%| F|  |TAMS 0x0000000081d00000, 0x0000000081d00000| Untracked 
|  30|0x0000000081e00000, 0x0000000081e00000, 0x0000000081f00000|  0%| F|  |TAMS 0x0000000081e00000, 0x0000000081e00000| Untracked 
|  31|0x0000000081f00000, 0x0000000081f00000, 0x0000000082000000|  0%| F|  |TAMS 0x0000000081f00000, 0x0000000081f00000| Untracked 
|  32|0x0000000082000000, 0x0000000082000000, 0x0000000082100000|  0%| F|  |TAMS 0x0000000082000000, 0x0000000082000000| Untracked 
|  33|0x0000000082100000, 0x0000000082100000, 0x0000000082200000|  0%| F|  |TAMS 0x0000000082100000, 0x0000000082100000| Untracked 
|  34|0x0000000082200000, 0x0000000082200000, 0x0000000082300000|  0%| F|  |TAMS 0x0000000082200000, 0x0000000082200000| Untracked 
|  35|0x0000000082300000, 0x0000000082300000, 0x0000000082400000|  0%| F|  |TAMS 0x0000000082300000, 0x0000000082300000| Untracked 
|  36|0x0000000082400000, 0x0000000082400000, 0x0000000082500000|  0%| F|  |TAMS 0x0000000082400000, 0x0000000082400000| Untracked 
|  37|0x0000000082500000, 0x0000000082500000, 0x0000000082600000|  0%| F|  |TAMS 0x0000000082500000, 0x0000000082500000| Untracked 
|  38|0x0000000082600000, 0x0000000082600000, 0x0000000082700000|  0%| F|  |TAMS 0x0000000082600000, 0x0000000082600000| Untracked 
|  39|0x0000000082700000, 0x0000000082700000, 0x0000000082800000|  0%| F|  |TAMS 0x0000000082700000, 0x0000000082700000| Untracked 
|  40|0x0000000082800000, 0x0000000082800000, 0x0000000082900000|  0%| F|  |TAMS 0x0000000082800000, 0x0000000082800000| Untracked 
|  41|0x0000000082900000, 0x0000000082900000, 0x0000000082a00000|  0%| F|  |TAMS 0x0000000082900000, 0x0000000082900000| Untracked 
|  42|0x0000000082a00000, 0x0000000082a00000, 0x0000000082b00000|  0%| F|  |TAMS 0x0000000082a00000, 0x0000000082a00000| Untracked 
|  43|0x0000000082b00000, 0x0000000082b00000, 0x0000000082c00000|  0%| F|  |TAMS 0x0000000082b00000, 0x0000000082b00000| Untracked 
|  44|0x0000000082c00000, 0x0000000082c00000, 0x0000000082d00000|  0%| F|  |TAMS 0x0000000082c00000, 0x0000000082c00000| Untracked 
|  45|0x0000000082d00000, 0x0000000082d00000, 0x0000000082e00000|  0%| F|  |TAMS 0x0000000082d00000, 0x0000000082d00000| Untracked 
|  46|0x0000000082e00000, 0x0000000082e00000, 0x0000000082f00000|  0%| F|  |TAMS 0x0000000082e00000, 0x0000000082e00000| Untracked 
|  47|0x0000000082f00000, 0x0000000082f00000, 0x0000000083000000|  0%| F|  |TAMS 0x0000000082f00000, 0x0000000082f00000| Untracked 
|  48|0x0000000083000000, 0x0000000083000000, 0x0000000083100000|  0%| F|  |TAMS 0x0000000083000000, 0x0000000083000000| Untracked 
|  49|0x0000000083100000, 0x0000000083100000, 0x0000000083200000|  0%| F|  |TAMS 0x0000000083100000, 0x0000000083100000| Untracked 
|  50|0x0000000083200000, 0x0000000083200000, 0x0000000083300000|  0%| F|  |TAMS 0x0000000083200000, 0x0000000083200000| Untracked 
|  51|0x0000000083300000, 0x0000000083300000, 0x0000000083400000|  0%| F|  |TAMS 0x0000000083300000, 0x0000000083300000| Untracked 
|  52|0x0000000083400000, 0x0000000083400000, 0x0000000083500000|  0%| F|  |TAMS 0x0000000083400000, 0x0000000083400000| Untracked 
|  53|0x0000000083500000, 0x0000000083500000, 0x0000000083600000|  0%| F|  |TAMS 0x0000000083500000, 0x0000000083500000| Untracked 
|  54|0x0000000083600000, 0x0000000083600000, 0x0000000083700000|  0%| F|  |TAMS 0x0000000083600000, 0x0000000083600000| Untracked 
|  55|0x0000000083700000, 0x0000000083700000, 0x0000000083800000|  0%| F|  |TAMS 0x0000000083700000, 0x0000000083700000| Untracked 
|  56|0x0000000083800000, 0x0000000083800000, 0x0000000083900000|  0%| F|  |TAMS 0x0000000083800000, 0x0000000083800000| Untracked 
|  57|0x0000000083900000, 0x0000000083900000, 0x0000000083a00000|  0%| F|  |TAMS 0x0000000083900000, 0x0000000083900000| Untracked 
|  58|0x0000000083a00000, 0x0000000083a00000, 0x0000000083b00000|  0%| F|  |TAMS 0x0000000083a00000, 0x0000000083a00000| Untracked 
|  59|0x0000000083b00000, 0x0000000083b00000, 0x0000000083c00000|  0%| F|  |TAMS 0x0000000083b00000, 0x0000000083b00000| Untracked 
|  60|0x0000000083c00000, 0x0000000083c00000, 0x0000000083d00000|  0%| F|  |TAMS 0x0000000083c00000, 0x0000000083c00000| Untracked 
|  61|0x0000000083d00000, 0x0000000083d00000, 0x0000000083e00000|  0%| F|  |TAMS 0x0000000083d00000, 0x0000000083d00000| Untracked 
|  62|0x0000000083e00000, 0x0000000083e00000, 0x0000000083f00000|  0%| F|  |TAMS 0x0000000083e00000, 0x0000000083e00000| Untracked 
|  63|0x0000000083f00000, 0x0000000083f00000, 0x0000000084000000|  0%| F|  |TAMS 0x0000000083f00000, 0x0000000083f00000| Untracked 
|  64|0x0000000084000000, 0x0000000084000000, 0x0000000084100000|  0%| F|  |TAMS 0x0000000084000000, 0x0000000084000000| Untracked 
|  65|0x0000000084100000, 0x0000000084100000, 0x0000000084200000|  0%| F|  |TAMS 0x0000000084100000, 0x0000000084100000| Untracked 
|  66|0x0000000084200000, 0x0000000084200000, 0x0000000084300000|  0%| F|  |TAMS 0x0000000084200000, 0x0000000084200000| Untracked 
|  67|0x0000000084300000, 0x0000000084300000, 0x0000000084400000|  0%| F|  |TAMS 0x0000000084300000, 0x0000000084300000| Untracked 
|  68|0x0000000084400000, 0x0000000084400000, 0x0000000084500000|  0%| F|  |TAMS 0x0000000084400000, 0x0000000084400000| Untracked 
|  69|0x0000000084500000, 0x0000000084500000, 0x0000000084600000|  0%| F|  |TAMS 0x0000000084500000, 0x0000000084500000| Untracked 
|  70|0x0000000084600000, 0x0000000084600000, 0x0000000084700000|  0%| F|  |TAMS 0x0000000084600000, 0x0000000084600000| Untracked 
|  71|0x0000000084700000, 0x0000000084700000, 0x0000000084800000|  0%| F|  |TAMS 0x0000000084700000, 0x0000000084700000| Untracked 
|  72|0x0000000084800000, 0x0000000084800000, 0x0000000084900000|  0%| F|  |TAMS 0x0000000084800000, 0x0000000084800000| Untracked 
|  73|0x0000000084900000, 0x0000000084900000, 0x0000000084a00000|  0%| F|  |TAMS 0x0000000084900000, 0x0000000084900000| Untracked 
|  74|0x0000000084a00000, 0x0000000084a00000, 0x0000000084b00000|  0%| F|  |TAMS 0x0000000084a00000, 0x0000000084a00000| Untracked 
|  75|0x0000000084b00000, 0x0000000084b00000, 0x0000000084c00000|  0%| F|  |TAMS 0x0000000084b00000, 0x0000000084b00000| Untracked 
|  76|0x0000000084c00000, 0x0000000084c00000, 0x0000000084d00000|  0%| F|  |TAMS 0x0000000084c00000, 0x0000000084c00000| Untracked 
|  77|0x0000000084d00000, 0x0000000084d00000, 0x0000000084e00000|  0%| F|  |TAMS 0x0000000084d00000, 0x0000000084d00000| Untracked 
|  78|0x0000000084e00000, 0x0000000084e00000, 0x0000000084f00000|  0%| F|  |TAMS 0x0000000084e00000, 0x0000000084e00000| Untracked 
|  79|0x0000000084f00000, 0x0000000084f00000, 0x0000000085000000|  0%| F|  |TAMS 0x0000000084f00000, 0x0000000084f00000| Untracked 
|  80|0x0000000085000000, 0x0000000085000000, 0x0000000085100000|  0%| F|  |TAMS 0x0000000085000000, 0x0000000085000000| Untracked 
|  81|0x0000000085100000, 0x0000000085100000, 0x0000000085200000|  0%| F|  |TAMS 0x0000000085100000, 0x0000000085100000| Untracked 
|  82|0x0000000085200000, 0x0000000085200000, 0x0000000085300000|  0%| F|  |TAMS 0x0000000085200000, 0x0000000085200000| Untracked 
|  83|0x0000000085300000, 0x0000000085300000, 0x0000000085400000|  0%| F|  |TAMS 0x0000000085300000, 0x0000000085300000| Untracked 
|  84|0x0000000085400000, 0x0000000085400000, 0x0000000085500000|  0%| F|  |TAMS 0x0000000085400000, 0x0000000085400000| Untracked 
|  85|0x0000000085500000, 0x0000000085500000, 0x0000000085600000|  0%| F|  |TAMS 0x0000000085500000, 0x0000000085500000| Untracked 
|  86|0x0000000085600000, 0x0000000085600000, 0x0000000085700000|  0%| F|  |TAMS 0x0000000085600000, 0x0000000085600000| Untracked 
|  87|0x0000000085700000, 0x0000000085700000, 0x0000000085800000|  0%| F|  |TAMS 0x0000000085700000, 0x0000000085700000| Untracked 
|  88|0x0000000085800000, 0x0000000085800000, 0x0000000085900000|  0%| F|  |TAMS 0x0000000085800000, 0x0000000085800000| Untracked 
|  89|0x0000000085900000, 0x0000000085900000, 0x0000000085a00000|  0%| F|  |TAMS 0x0000000085900000, 0x0000000085900000| Untracked 
|  90|0x0000000085a00000, 0x0000000085a00000, 0x0000000085b00000|  0%| F|  |TAMS 0x0000000085a00000, 0x0000000085a00000| Untracked 
|  91|0x0000000085b00000, 0x0000000085b00000, 0x0000000085c00000|  0%| F|  |TAMS 0x0000000085b00000, 0x0000000085b00000| Untracked 
|  92|0x0000000085c00000, 0x0000000085c00000, 0x0000000085d00000|  0%| F|  |TAMS 0x0000000085c00000, 0x0000000085c00000| Untracked 
|  93|0x0000000085d00000, 0x0000000085d00000, 0x0000000085e00000|  0%| F|  |TAMS 0x0000000085d00000, 0x0000000085d00000| Untracked 
|  94|0x0000000085e00000, 0x0000000085e00000, 0x0000000085f00000|  0%| F|  |TAMS 0x0000000085e00000, 0x0000000085e00000| Untracked 
|  95|0x0000000085f00000, 0x0000000085f00000, 0x0000000086000000|  0%| F|  |TAMS 0x0000000085f00000, 0x0000000085f00000| Untracked 
|  96|0x0000000086000000, 0x0000000086000000, 0x0000000086100000|  0%| F|  |TAMS 0x0000000086000000, 0x0000000086000000| Untracked 
|  97|0x0000000086100000, 0x0000000086100000, 0x0000000086200000|  0%| F|  |TAMS 0x0000000086100000, 0x0000000086100000| Untracked 
|  98|0x0000000086200000, 0x0000000086200000, 0x0000000086300000|  0%| F|  |TAMS 0x0000000086200000, 0x0000000086200000| Untracked 
|  99|0x0000000086300000, 0x0000000086300000, 0x0000000086400000|  0%| F|  |TAMS 0x0000000086300000, 0x0000000086300000| Untracked 
| 100|0x0000000086400000, 0x0000000086400000, 0x0000000086500000|  0%| F|  |TAMS 0x0000000086400000, 0x0000000086400000| Untracked 
| 101|0x0000000086500000, 0x0000000086500000, 0x0000000086600000|  0%| F|  |TAMS 0x0000000086500000, 0x0000000086500000| Untracked 
| 102|0x0000000086600000, 0x0000000086600000, 0x0000000086700000|  0%| F|  |TAMS 0x0000000086600000, 0x0000000086600000| Untracked 
| 103|0x0000000086700000, 0x0000000086700000, 0x0000000086800000|  0%| F|  |TAMS 0x0000000086700000, 0x0000000086700000| Untracked 
| 104|0x0000000086800000, 0x0000000086800000, 0x0000000086900000|  0%| F|  |TAMS 0x0000000086800000, 0x0000000086800000| Untracked 
| 105|0x0000000086900000, 0x0000000086900000, 0x0000000086a00000|  0%| F|  |TAMS 0x0000000086900000, 0x0000000086900000| Untracked 
| 106|0x0000000086a00000, 0x0000000086a00000, 0x0000000086b00000|  0%| F|  |TAMS 0x0000000086a00000, 0x0000000086a00000| Untracked 
| 107|0x0000000086b00000, 0x0000000086b00000, 0x0000000086c00000|  0%| F|  |TAMS 0x0000000086b00000, 0x0000000086b00000| Untracked 
| 108|0x0000000086c00000, 0x0000000086c00000, 0x0000000086d00000|  0%| F|  |TAMS 0x0000000086c00000, 0x0000000086c00000| Untracked 
| 109|0x0000000086d00000, 0x0000000086d00000, 0x0000000086e00000|  0%| F|  |TAMS 0x0000000086d00000, 0x0000000086d00000| Untracked 
| 110|0x0000000086e00000, 0x0000000086e00000, 0x0000000086f00000|  0%| F|  |TAMS 0x0000000086e00000, 0x0000000086e00000| Untracked 
| 111|0x0000000086f00000, 0x0000000086f00000, 0x0000000087000000|  0%| F|  |TAMS 0x0000000086f00000, 0x0000000086f00000| Untracked 
| 112|0x0000000087000000, 0x0000000087000000, 0x0000000087100000|  0%| F|  |TAMS 0x0000000087000000, 0x0000000087000000| Untracked 
| 113|0x0000000087100000, 0x0000000087100000, 0x0000000087200000|  0%| F|  |TAMS 0x0000000087100000, 0x0000000087100000| Untracked 
| 114|0x0000000087200000, 0x0000000087200000, 0x0000000087300000|  0%| F|  |TAMS 0x0000000087200000, 0x0000000087200000| Untracked 
| 115|0x0000000087300000, 0x0000000087300000, 0x0000000087400000|  0%| F|  |TAMS 0x0000000087300000, 0x0000000087300000| Untracked 
| 116|0x0000000087400000, 0x0000000087400000, 0x0000000087500000|  0%| F|  |TAMS 0x0000000087400000, 0x0000000087400000| Untracked 
| 117|0x0000000087500000, 0x0000000087500000, 0x0000000087600000|  0%| F|  |TAMS 0x0000000087500000, 0x0000000087500000| Untracked 
| 118|0x0000000087600000, 0x0000000087600000, 0x0000000087700000|  0%| F|  |TAMS 0x0000000087600000, 0x0000000087600000| Untracked 
| 119|0x0000000087700000, 0x0000000087700000, 0x0000000087800000|  0%| F|  |TAMS 0x0000000087700000, 0x0000000087700000| Untracked 
| 120|0x0000000087800000, 0x0000000087800000, 0x0000000087900000|  0%| F|  |TAMS 0x0000000087800000, 0x0000000087800000| Untracked 
| 121|0x0000000087900000, 0x0000000087900000, 0x0000000087a00000|  0%| F|  |TAMS 0x0000000087900000, 0x0000000087900000| Untracked 
| 122|0x0000000087a00000, 0x0000000087a00000, 0x0000000087b00000|  0%| F|  |TAMS 0x0000000087a00000, 0x0000000087a00000| Untracked 
| 123|0x0000000087b00000, 0x0000000087b00000, 0x0000000087c00000|  0%| F|  |TAMS 0x0000000087b00000, 0x0000000087b00000| Untracked 
| 124|0x0000000087c00000, 0x0000000087c00000, 0x0000000087d00000|  0%| F|  |TAMS 0x0000000087c00000, 0x0000000087c00000| Untracked 
| 125|0x0000000087d00000, 0x0000000087d00000, 0x0000000087e00000|  0%| F|  |TAMS 0x0000000087d00000, 0x0000000087d00000| Untracked 
| 126|0x0000000087e00000, 0x0000000087e00000, 0x0000000087f00000|  0%| F|  |TAMS 0x0000000087e00000, 0x0000000087e00000| Untracked 
| 127|0x0000000087f00000, 0x0000000087f00000, 0x0000000088000000|  0%| F|  |TAMS 0x0000000087f00000, 0x0000000087f00000| Untracked 
| 128|0x0000000088000000, 0x0000000088000000, 0x0000000088100000|  0%| F|  |TAMS 0x0000000088000000, 0x0000000088000000| Untracked 
| 129|0x0000000088100000, 0x0000000088100000, 0x0000000088200000|  0%| F|  |TAMS 0x0000000088100000, 0x0000000088100000| Untracked 
| 130|0x0000000088200000, 0x0000000088200000, 0x0000000088300000|  0%| F|  |TAMS 0x0000000088200000, 0x0000000088200000| Untracked 
| 131|0x0000000088300000, 0x0000000088300000, 0x0000000088400000|  0%| F|  |TAMS 0x0000000088300000, 0x0000000088300000| Untracked 
| 132|0x0000000088400000, 0x0000000088400000, 0x0000000088500000|  0%| F|  |TAMS 0x0000000088400000, 0x0000000088400000| Untracked 
| 133|0x0000000088500000, 0x0000000088500000, 0x0000000088600000|  0%| F|  |TAMS 0x0000000088500000, 0x0000000088500000| Untracked 
| 134|0x0000000088600000, 0x0000000088600000, 0x0000000088700000|  0%| F|  |TAMS 0x0000000088600000, 0x0000000088600000| Untracked 
| 135|0x0000000088700000, 0x0000000088700000, 0x0000000088800000|  0%| F|  |TAMS 0x0000000088700000, 0x0000000088700000| Untracked 
| 136|0x0000000088800000, 0x0000000088800000, 0x0000000088900000|  0%| F|  |TAMS 0x0000000088800000, 0x0000000088800000| Untracked 
| 137|0x0000000088900000, 0x0000000088900000, 0x0000000088a00000|  0%| F|  |TAMS 0x0000000088900000, 0x0000000088900000| Untracked 
| 138|0x0000000088a00000, 0x0000000088a00000, 0x0000000088b00000|  0%| F|  |TAMS 0x0000000088a00000, 0x0000000088a00000| Untracked 
| 139|0x0000000088b00000, 0x0000000088b00000, 0x0000000088c00000|  0%| F|  |TAMS 0x0000000088b00000, 0x0000000088b00000| Untracked 
| 140|0x0000000088c00000, 0x0000000088c00000, 0x0000000088d00000|  0%| F|  |TAMS 0x0000000088c00000, 0x0000000088c00000| Untracked 
| 141|0x0000000088d00000, 0x0000000088d00000, 0x0000000088e00000|  0%| F|  |TAMS 0x0000000088d00000, 0x0000000088d00000| Untracked 
| 142|0x0000000088e00000, 0x0000000088e00000, 0x0000000088f00000|  0%| F|  |TAMS 0x0000000088e00000, 0x0000000088e00000| Untracked 
| 143|0x0000000088f00000, 0x0000000088f711f8, 0x0000000089000000| 44%| E|  |TAMS 0x0000000088f00000, 0x0000000088f00000| Complete 
| 144|0x0000000089000000, 0x0000000089100000, 0x0000000089100000|100%| E|CS|TAMS 0x0000000089000000, 0x0000000089000000| Complete 
| 145|0x0000000089100000, 0x0000000089200000, 0x0000000089200000|100%| E|CS|TAMS 0x0000000089100000, 0x0000000089100000| Complete 
| 146|0x0000000089200000, 0x0000000089300000, 0x0000000089300000|100%| E|CS|TAMS 0x0000000089200000, 0x0000000089200000| Complete 
| 147|0x0000000089300000, 0x0000000089400000, 0x0000000089400000|100%| E|CS|TAMS 0x0000000089300000, 0x0000000089300000| Complete 
| 148|0x0000000089400000, 0x0000000089500000, 0x0000000089500000|100%| E|CS|TAMS 0x0000000089400000, 0x0000000089400000| Complete 
| 149|0x0000000089500000, 0x0000000089600000, 0x0000000089600000|100%| E|CS|TAMS 0x0000000089500000, 0x0000000089500000| Complete 
| 150|0x0000000089600000, 0x0000000089700000, 0x0000000089700000|100%| E|CS|TAMS 0x0000000089600000, 0x0000000089600000| Complete 
| 151|0x0000000089700000, 0x0000000089800000, 0x0000000089800000|100%| E|CS|TAMS 0x0000000089700000, 0x0000000089700000| Complete 
| 152|0x0000000089800000, 0x0000000089900000, 0x0000000089900000|100%| E|CS|TAMS 0x0000000089800000, 0x0000000089800000| Complete 
| 153|0x0000000089900000, 0x0000000089a00000, 0x0000000089a00000|100%| E|CS|TAMS 0x0000000089900000, 0x0000000089900000| Complete 
| 154|0x0000000089a00000, 0x0000000089b00000, 0x0000000089b00000|100%| E|CS|TAMS 0x0000000089a00000, 0x0000000089a00000| Complete 
| 155|0x0000000089b00000, 0x0000000089c00000, 0x0000000089c00000|100%| E|CS|TAMS 0x0000000089b00000, 0x0000000089b00000| Complete 
| 156|0x0000000089c00000, 0x0000000089d00000, 0x0000000089d00000|100%| E|CS|TAMS 0x0000000089c00000, 0x0000000089c00000| Complete 
| 157|0x0000000089d00000, 0x0000000089e00000, 0x0000000089e00000|100%| E|CS|TAMS 0x0000000089d00000, 0x0000000089d00000| Complete 
| 158|0x0000000089e00000, 0x0000000089f00000, 0x0000000089f00000|100%| E|CS|TAMS 0x0000000089e00000, 0x0000000089e00000| Complete 
| 159|0x0000000089f00000, 0x000000008a000000, 0x000000008a000000|100%| E|CS|TAMS 0x0000000089f00000, 0x0000000089f00000| Complete 
| 160|0x000000008a000000, 0x000000008a100000, 0x000000008a100000|100%| E|CS|TAMS 0x000000008a000000, 0x000000008a000000| Complete 
| 161|0x000000008a100000, 0x000000008a200000, 0x000000008a200000|100%| E|CS|TAMS 0x000000008a100000, 0x000000008a100000| Complete 
| 162|0x000000008a200000, 0x000000008a300000, 0x000000008a300000|100%| E|CS|TAMS 0x000000008a200000, 0x000000008a200000| Complete 
| 163|0x000000008a300000, 0x000000008a400000, 0x000000008a400000|100%| E|CS|TAMS 0x000000008a300000, 0x000000008a300000| Complete 
| 164|0x000000008a400000, 0x000000008a500000, 0x000000008a500000|100%| E|CS|TAMS 0x000000008a400000, 0x000000008a400000| Complete 
| 165|0x000000008a500000, 0x000000008a600000, 0x000000008a600000|100%| E|CS|TAMS 0x000000008a500000, 0x000000008a500000| Complete 
| 166|0x000000008a600000, 0x000000008a700000, 0x000000008a700000|100%| E|CS|TAMS 0x000000008a600000, 0x000000008a600000| Complete 
| 167|0x000000008a700000, 0x000000008a800000, 0x000000008a800000|100%| E|CS|TAMS 0x000000008a700000, 0x000000008a700000| Complete 
| 168|0x000000008a800000, 0x000000008a900000, 0x000000008a900000|100%| E|CS|TAMS 0x000000008a800000, 0x000000008a800000| Complete 
| 169|0x000000008a900000, 0x000000008aa00000, 0x000000008aa00000|100%| E|CS|TAMS 0x000000008a900000, 0x000000008a900000| Complete 
| 170|0x000000008aa00000, 0x000000008ab00000, 0x000000008ab00000|100%| E|CS|TAMS 0x000000008aa00000, 0x000000008aa00000| Complete 
| 171|0x000000008ab00000, 0x000000008ac00000, 0x000000008ac00000|100%| E|CS|TAMS 0x000000008ab00000, 0x000000008ab00000| Complete 
| 172|0x000000008ac00000, 0x000000008ad00000, 0x000000008ad00000|100%| E|CS|TAMS 0x000000008ac00000, 0x000000008ac00000| Complete 
| 173|0x000000008ad00000, 0x000000008ae00000, 0x000000008ae00000|100%| E|CS|TAMS 0x000000008ad00000, 0x000000008ad00000| Complete 
| 174|0x000000008ae00000, 0x000000008af00000, 0x000000008af00000|100%| E|CS|TAMS 0x000000008ae00000, 0x000000008ae00000| Complete 
| 175|0x000000008af00000, 0x000000008b000000, 0x000000008b000000|100%| E|CS|TAMS 0x000000008af00000, 0x000000008af00000| Complete 
| 176|0x000000008b000000, 0x000000008b100000, 0x000000008b100000|100%| E|CS|TAMS 0x000000008b000000, 0x000000008b000000| Complete 
| 177|0x000000008b100000, 0x000000008b200000, 0x000000008b200000|100%| E|CS|TAMS 0x000000008b100000, 0x000000008b100000| Complete 
| 178|0x000000008b200000, 0x000000008b300000, 0x000000008b300000|100%| E|CS|TAMS 0x000000008b200000, 0x000000008b200000| Complete 
| 179|0x000000008b300000, 0x000000008b400000, 0x000000008b400000|100%| E|CS|TAMS 0x000000008b300000, 0x000000008b300000| Complete 
| 180|0x000000008b400000, 0x000000008b41eda8, 0x000000008b500000| 12%| S|CS|TAMS 0x000000008b400000, 0x000000008b400000| Complete 
| 181|0x000000008b500000, 0x000000008b600000, 0x000000008b600000|100%| S|CS|TAMS 0x000000008b500000, 0x000000008b500000| Complete 
| 182|0x000000008b600000, 0x000000008b700000, 0x000000008b700000|100%| S|CS|TAMS 0x000000008b600000, 0x000000008b600000| Complete 
| 183|0x000000008b700000, 0x000000008b800000, 0x000000008b800000|100%| S|CS|TAMS 0x000000008b700000, 0x000000008b700000| Complete 
| 184|0x000000008b800000, 0x000000008b900000, 0x000000008b900000|100%| E|CS|TAMS 0x000000008b800000, 0x000000008b800000| Complete 
| 185|0x000000008b900000, 0x000000008ba00000, 0x000000008ba00000|100%| E|CS|TAMS 0x000000008b900000, 0x000000008b900000| Complete 
| 186|0x000000008ba00000, 0x000000008bb00000, 0x000000008bb00000|100%| E|CS|TAMS 0x000000008ba00000, 0x000000008ba00000| Complete 
| 187|0x000000008bb00000, 0x000000008bc00000, 0x000000008bc00000|100%| E|CS|TAMS 0x000000008bb00000, 0x000000008bb00000| Complete 
| 188|0x000000008bc00000, 0x000000008bd00000, 0x000000008bd00000|100%| E|CS|TAMS 0x000000008bc00000, 0x000000008bc00000| Complete 
| 189|0x000000008bd00000, 0x000000008be00000, 0x000000008be00000|100%| E|CS|TAMS 0x000000008bd00000, 0x000000008bd00000| Complete 
| 190|0x000000008be00000, 0x000000008bf00000, 0x000000008bf00000|100%| E|CS|TAMS 0x000000008be00000, 0x000000008be00000| Complete 
| 191|0x000000008bf00000, 0x000000008c000000, 0x000000008c000000|100%| E|CS|TAMS 0x000000008bf00000, 0x000000008bf00000| Complete 

Card table byte_map: [0x000001a75ba80000,0x000001a75be80000] _byte_map_base: 0x000001a75b680000

Marking Bits (Prev, Next): (CMBitMap*) 0x000001a748d3bf10, (CMBitMap*) 0x000001a748d3bed8
 Prev Bits: [0x000001a75e280000, 0x000001a760280000)
 Next Bits: [0x000001a75c280000, 0x000001a75e280000)

Polling page: 0x000001a746eb0000

Metaspace:

Usage:
  Non-class:     22.44 MB capacity,    22.03 MB ( 98%) used,   372.30 KB (  2%) free+waste,    50.00 KB ( <1%) overhead. 
      Class:      3.51 MB capacity,     3.29 MB ( 94%) used,   201.88 KB (  6%) free+waste,    25.00 KB ( <1%) overhead. 
       Both:     25.95 MB capacity,    25.32 MB ( 98%) used,   574.19 KB (  2%) free+waste,    75.00 KB ( <1%) overhead. 

Virtual space:
  Non-class space:       24.00 MB reserved,      22.50 MB ( 94%) committed 
      Class space:        1.00 GB reserved,       3.63 MB ( <1%) committed 
             Both:        1.02 GB reserved,      26.13 MB (  2%) committed 

Chunk freelists:
   Non-Class:  0 bytes
       Class:  0 bytes
        Both:  0 bytes

MaxMetaspaceSize: 17179869184.00 GB
CompressedClassSpaceSize: 1.00 GB

CodeHeap 'non-profiled nmethods': size=120064Kb used=985Kb max_used=985Kb free=119078Kb
 bounds [0x000001a754140000, 0x000001a7543b0000, 0x000001a75b680000]
CodeHeap 'profiled nmethods': size=120000Kb used=4381Kb max_used=4381Kb free=115618Kb
 bounds [0x000001a74cc10000, 0x000001a74d060000, 0x000001a754140000]
CodeHeap 'non-nmethods': size=5696Kb used=1144Kb max_used=1174Kb free=4551Kb
 bounds [0x000001a74c680000, 0x000001a74c8f0000, 0x000001a74cc10000]
 total_blobs=2604 nmethods=2119 adapters=396
 compilation: enabled
              stopped_count=0, restarted_count=0
 full_count=0

Compilation events (20 events):
Event: 3.550 Thread 0x000001a762fbd800 2283       3       sun.security.provider.MD5::II (31 bytes)
Event: 3.550 Thread 0x000001a762fbd800 nmethod 2283 0x000001a74d048410 code [0x000001a74d0485c0, 0x000001a74d0486d8]
Event: 3.556 Thread 0x000001a762fbd800 2284       3       java.util.concurrent.locks.ReentrantLock::lock (9 bytes)
Event: 3.556 Thread 0x000001a762fbd800 nmethod 2284 0x000001a74d048790 code [0x000001a74d0489a0, 0x000001a74d048dd8]
Event: 3.566 Thread 0x000001a762fbd800 2286       3       com.google.common.cache.LocalCache::evictsBySize (15 bytes)
Event: 3.566 Thread 0x000001a762fbd800 nmethod 2286 0x000001a74d048f90 code [0x000001a74d049140, 0x000001a74d0492b8]
Event: 3.566 Thread 0x000001a762fbd800 2287       3       com.google.common.io.CountingInputStream::read (25 bytes)
Event: 3.567 Thread 0x000001a762fbd800 nmethod 2287 0x000001a74d049390 code [0x000001a74d049540, 0x000001a74d049768]
Event: 3.571 Thread 0x000001a762fbd800 2288       3       java.io.DataInputStream::readInt (72 bytes)
Event: 3.571 Thread 0x000001a762fbd800 nmethod 2288 0x000001a74d049890 code [0x000001a74d049aa0, 0x000001a74d04a008]
Event: 3.574 Thread 0x000001a762fbd800 2289       3       com.google.common.cache.LocalCache::expiresAfterAccess (15 bytes)
Event: 3.574 Thread 0x000001a762fbd800 nmethod 2289 0x000001a74d04a210 code [0x000001a74d04a3c0, 0x000001a74d04a538]
Event: 3.574 Thread 0x000001a762fbd800 2291       3       jdk.internal.misc.Unsafe::weakCompareAndSetInt (11 bytes)
Event: 3.574 Thread 0x000001a762fbd800 nmethod 2291 0x000001a74d04a610 code [0x000001a74d04a7c0, 0x000001a74d04a8d8]
Event: 3.577 Thread 0x000001a762fbd800 2294       1       org.gradle.internal.snapshot.AbstractFileSystemNode::getPathToParent (5 bytes)
Event: 3.577 Thread 0x000001a762fbd800 nmethod 2294 0x000001a754235190 code [0x000001a754235340, 0x000001a7542353f8]
Event: 3.580 Thread 0x000001a762fbd800 2295       3       jdk.internal.misc.Unsafe::getAndAddInt (27 bytes)
Event: 3.580 Thread 0x000001a762fbd800 nmethod 2295 0x000001a74d04a990 code [0x000001a74d04ab40, 0x000001a74d04ad78]
Event: 3.595 Thread 0x000001a762fbd800 2296       3       java.net.URI::decode (379 bytes)
Event: 3.601 Thread 0x000001a762fbd800 nmethod 2296 0x000001a74d04ae90 code [0x000001a74d04b580, 0x000001a74d04f718]

GC Heap History (10 events):
Event: 0.661 GC heap before
{Heap before GC invocations=0 (full 0):
 garbage-first heap   total 196608K, used 19456K [0x0000000080000000, 0x0000000100000000)
  region size 1024K, 14 young (14336K), 0 survivors (0K)
 Metaspace       used 7393K, capacity 7503K, committed 7680K, reserved 1056768K
  class space    used 674K, capacity 716K, committed 768K, reserved 1048576K
}
Event: 0.696 GC heap after
{Heap after GC invocations=1 (full 0):
 garbage-first heap   total 196608K, used 7704K [0x0000000080000000, 0x0000000100000000)
  region size 1024K, 2 young (2048K), 2 survivors (2048K)
 Metaspace       used 7393K, capacity 7503K, committed 7680K, reserved 1056768K
  class space    used 674K, capacity 716K, committed 768K, reserved 1048576K
}
Event: 0.992 GC heap before
{Heap before GC invocations=1 (full 0):
 garbage-first heap   total 196608K, used 19992K [0x0000000080000000, 0x0000000100000000)
  region size 1024K, 14 young (14336K), 2 survivors (2048K)
 Metaspace       used 10839K, capacity 11063K, committed 11264K, reserved 1058816K
  class space    used 1145K, capacity 1201K, committed 1280K, reserved 1048576K
}
Event: 0.994 GC heap after
{Heap after GC invocations=2 (full 0):
 garbage-first heap   total 196608K, used 8824K [0x0000000080000000, 0x0000000100000000)
  region size 1024K, 1 young (1024K), 1 survivors (1024K)
 Metaspace       used 10839K, capacity 11063K, committed 11264K, reserved 1058816K
  class space    used 1145K, capacity 1201K, committed 1280K, reserved 1048576K
}
Event: 1.226 GC heap before
{Heap before GC invocations=2 (full 0):
 garbage-first heap   total 196608K, used 39544K [0x0000000080000000, 0x0000000100000000)
  region size 1024K, 32 young (32768K), 1 survivors (1024K)
 Metaspace       used 11027K, capacity 11256K, committed 11520K, reserved 1058816K
  class space    used 1147K, capacity 1201K, committed 1280K, reserved 1048576K
}
Event: 1.230 GC heap after
{Heap after GC invocations=3 (full 0):
 garbage-first heap   total 196608K, used 12958K [0x0000000080000000, 0x0000000100000000)
  region size 1024K, 4 young (4096K), 4 survivors (4096K)
 Metaspace       used 11027K, capacity 11256K, committed 11520K, reserved 1058816K
  class space    used 1147K, capacity 1201K, committed 1280K, reserved 1048576K
}
Event: 2.759 GC heap before
{Heap before GC invocations=3 (full 0):
 garbage-first heap   total 196608K, used 58014K [0x0000000080000000, 0x0000000100000000)
  region size 1024K, 48 young (49152K), 4 survivors (4096K)
 Metaspace       used 19290K, capacity 19813K, committed 19968K, reserved 1067008K
  class space    used 2347K, capacity 2504K, committed 2560K, reserved 1048576K
}
Event: 2.767 GC heap after
{Heap after GC invocations=4 (full 0):
 garbage-first heap   total 196608K, used 16022K [0x0000000080000000, 0x0000000100000000)
  region size 1024K, 3 young (3072K), 3 survivors (3072K)
 Metaspace       used 19290K, capacity 19813K, committed 19968K, reserved 1067008K
  class space    used 2347K, capacity 2504K, committed 2560K, reserved 1048576K
}
Event: 2.869 GC heap before
{Heap before GC invocations=4 (full 0):
 garbage-first heap   total 196608K, used 23190K [0x0000000080000000, 0x0000000100000000)
  region size 1024K, 11 young (11264K), 3 survivors (3072K)
 Metaspace       used 20623K, capacity 21126K, committed 21296K, reserved 1069056K
  class space    used 2523K, capacity 2691K, committed 2816K, reserved 1048576K
}
Event: 2.872 GC heap after
{Heap after GC invocations=5 (full 0):
 garbage-first heap   total 196608K, used 16237K [0x0000000080000000, 0x0000000100000000)
  region size 1024K, 4 young (4096K), 4 survivors (4096K)
 Metaspace       used 20623K, capacity 21126K, committed 21296K, reserved 1069056K
  class space    used 2523K, capacity 2691K, committed 2816K, reserved 1048576K
}

Deoptimization events (20 events):
Event: 3.444 Thread 0x000001a76516c800 Uncommon trap: trap_request=0xffffff7e fr.pc=0x000001a754215448 relative=0x0000000000000168
Event: 3.444 Thread 0x000001a76516c800 Uncommon trap: reason=predicate action=maybe_recompile pc=0x000001a754215448 method=com.google.common.base.CharMatcher.indexIn(Ljava/lang/CharSequence;I)I @ 19 c2
Event: 3.444 Thread 0x000001a76516c800 DEOPT PACKING pc=0x000001a754215448 sp=0x00000097653fbd20
Event: 3.444 Thread 0x000001a76516c800 DEOPT UNPACKING pc=0x000001a74c6a74af sp=0x00000097653fbcb0 mode 2
Event: 3.471 Thread 0x000001a76516c800 Uncommon trap: trap_request=0xffffffde fr.pc=0x000001a754203260 relative=0x0000000000000320
Event: 3.471 Thread 0x000001a76516c800 Uncommon trap: reason=class_check action=maybe_recompile pc=0x000001a754203260 method=java.util.Collections$SetFromMap.remove(Ljava/lang/Object;)Z @ 5 c2
Event: 3.471 Thread 0x000001a76516c800 DEOPT PACKING pc=0x000001a754203260 sp=0x00000097653fc760
Event: 3.471 Thread 0x000001a76516c800 DEOPT UNPACKING pc=0x000001a74c6a74af sp=0x00000097653fc748 mode 2
Event: 3.471 Thread 0x000001a76516c800 Uncommon trap: trap_request=0xffffffde fr.pc=0x000001a754203260 relative=0x0000000000000320
Event: 3.471 Thread 0x000001a76516c800 Uncommon trap: reason=class_check action=maybe_recompile pc=0x000001a754203260 method=java.util.Collections$SetFromMap.remove(Ljava/lang/Object;)Z @ 5 c2
Event: 3.471 Thread 0x000001a76516c800 DEOPT PACKING pc=0x000001a754203260 sp=0x00000097653fc6e0
Event: 3.471 Thread 0x000001a76516c800 DEOPT UNPACKING pc=0x000001a74c6a74af sp=0x00000097653fc6c8 mode 2
Event: 3.480 Thread 0x000001a76516c800 Uncommon trap: trap_request=0xffffff4d fr.pc=0x000001a75418d628 relative=0x00000000000001e8
Event: 3.480 Thread 0x000001a76516c800 Uncommon trap: reason=unstable_if action=reinterpret pc=0x000001a75418d628 method=java.net.URI.match(CJJ)Z @ 19 c2
Event: 3.480 Thread 0x000001a76516c800 DEOPT PACKING pc=0x000001a75418d628 sp=0x00000097653fbcd0
Event: 3.480 Thread 0x000001a76516c800 DEOPT UNPACKING pc=0x000001a74c6a74af sp=0x00000097653fbbd0 mode 2
Event: 3.480 Thread 0x000001a76516c800 Uncommon trap: trap_request=0xffffff4d fr.pc=0x000001a75415c468 relative=0x0000000000000048
Event: 3.480 Thread 0x000001a76516c800 Uncommon trap: reason=unstable_if action=reinterpret pc=0x000001a75415c468 method=java.net.URI.match(CJJ)Z @ 19 c2
Event: 3.480 Thread 0x000001a76516c800 DEOPT PACKING pc=0x000001a75415c468 sp=0x00000097653fbc10
Event: 3.480 Thread 0x000001a76516c800 DEOPT UNPACKING pc=0x000001a74c6a74af sp=0x00000097653fbbc0 mode 2

Classes redefined (0 events):
No events

Internal exceptions (20 events):
Event: 2.472 Thread 0x000001a764c0c000 Exception <a 'java/lang/NoSuchMethodError'{0x000000008a8460b0}: <clinit>> (0x000000008a8460b0) thrown at [./src/hotspot/share/prims/jni.cpp, line 1362]
Event: 2.526 Thread 0x000001a76516c800 Exception <a 'java/lang/NoSuchMethodError'{0x000000008a5820b8}: 'void java.lang.invoke.DelegatingMethodHandle$Holder.reinvoke_L(java.lang.Object, java.lang.Object, java.lang.Object, java.lang.Object)'> (0x000000008a5820b8) thrown at [./src/hotspot/share/interpreter/linkResolver.cpp, line 773]
Event: 2.536 Thread 0x000001a76516c800 Exception <a 'java/lang/NoSuchMethodError'{0x000000008a5b9210}: 'long java.lang.invoke.DirectMethodHandle$Holder.invokeInterface(java.lang.Object, java.lang.Object)'> (0x000000008a5b9210) thrown at [./src/hotspot/share/interpreter/linkResolver.cpp, line 773]
Event: 2.539 Thread 0x000001a76516c800 Exception <a 'java/lang/NoSuchMethodError'{0x000000008a5dad28}: 'void java.lang.invoke.DelegatingMethodHandle$Holder.reinvoke_L(java.lang.Object, java.lang.Object, java.lang.Object, java.lang.Object, java.lang.Object, java.lang.Object, java.lang.Object)'> (0x000000008a5dad28) thrown at [./src/hotspot/share/interpreter/linkResolver.cpp, line 773]
Event: 2.735 Thread 0x000001a76516c800 Exception <a 'java/lang/NoSuchMethodError'{0x0000000089237998}: 'java.lang.Object java.lang.invoke.DirectMethodHandle$Holder.invokeVirtual(java.lang.Object, java.lang.Object, java.lang.Object)'> (0x0000000089237998) thrown at [./src/hotspot/share/interpreter/linkResolver.cpp, line 773]
Event: 2.774 Thread 0x000001a76516c800 Exception <a 'java/lang/NoSuchMethodError'{0x000000008bfe14c8}: 'void java.lang.invoke.DirectMethodHandle$Holder.invokeStaticInit(java.lang.Object)'> (0x000000008bfe14c8) thrown at [./src/hotspot/share/interpreter/linkResolver.cpp, line 773]
Event: 2.862 Thread 0x000001a76516c800 Exception <a 'java/lang/NoSuchMethodError'{0x000000008b8467a0}: 'int java.lang.invoke.DirectMethodHandle$Holder.invokeSpecialIFC(java.lang.Object, java.lang.Object, java.lang.Object, java.lang.Object)'> (0x000000008b8467a0) thrown at [./src/hotspot/share/interpreter/linkResolver.cpp, line 773]
Event: 2.863 Thread 0x000001a76516c800 Exception <a 'java/lang/NoSuchMethodError'{0x000000008b854560}: 'java.lang.Object java.lang.invoke.DirectMethodHandle$Holder.invokeInterface(java.lang.Object, java.lang.Object, java.lang.Object)'> (0x000000008b854560) thrown at [./src/hotspot/share/interpreter/linkResolver.cpp, line 773]
Event: 2.863 Thread 0x000001a76516c800 Exception <a 'java/lang/IncompatibleClassChangeError'{0x000000008b857a38}: Found class java.lang.Object, but interface was expected> (0x000000008b857a38) thrown at [./src/hotspot/share/interpreter/linkResolver.cpp, line 839]
Event: 2.950 Thread 0x000001a76516c800 Exception <a 'java/lang/NoSuchMethodError'{0x000000008bceedd8}: 'void java.lang.invoke.DirectMethodHandle$Holder.invokeSpecial(java.lang.Object, java.lang.Object)'> (0x000000008bceedd8) thrown at [./src/hotspot/share/interpreter/linkResolver.cpp, line 773]
Event: 3.066 Thread 0x000001a76516c800 Exception <a 'java/lang/NoSuchMethodError'{0x000000008aea6158}: 'java.lang.Object java.lang.invoke.DirectMethodHandle$Holder.invokeVirtual(java.lang.Object, java.lang.Object, java.lang.Object, java.lang.Object)'> (0x000000008aea6158) thrown at [./src/hotspot/share/interpreter/linkResolver.cpp, line 773]
Event: 3.249 Thread 0x000001a76516c800 Exception <a 'java/lang/NoSuchMethodError'{0x000000008a19c000}: 'void java.lang.invoke.DirectMethodHandle$Holder.invokeSpecial(java.lang.Object, java.lang.Object, java.lang.Object, java.lang.Object, java.lang.Object, java.lang.Object)'> (0x000000008a19c000) thrown at [./src/hotspot/share/interpreter/linkResolver.cpp, line 773]
Event: 3.270 Thread 0x000001a76516c800 Exception <a 'java/lang/NoSuchMethodError'{0x0000000089f46e00}: 'java.lang.Object java.lang.invoke.Invokers$Holder.invoker(java.lang.Object, java.lang.Object, java.lang.Object)'> (0x0000000089f46e00) thrown at [./src/hotspot/share/interpreter/linkResolver.cpp, line 773]
Event: 3.289 Thread 0x000001a76516c800 Exception <a 'java/lang/NoSuchMethodError'{0x0000000089e46ff8}: 'void java.lang.invoke.DirectMethodHandle$Holder.invokeSpecial(java.lang.Object, java.lang.Object, java.lang.Object, java.lang.Object, java.lang.Object, java.lang.Object, java.lang.Object)'> (0x0000000089e46ff8) thrown at [./src/hotspot/share/interpreter/linkResolver.cpp, line 773]
Event: 3.292 Thread 0x000001a76516c800 Exception <a 'java/lang/NoSuchMethodError'{0x0000000089e4f240}: 'java.lang.Object java.lang.invoke.Invokers$Holder.linkToTargetMethod(java.lang.Object, java.lang.Object, java.lang.Object, java.lang.Object, java.lang.Object, java.lang.Object)'> (0x0000000089e4f240) thrown at [./src/hotspot/share/interpreter/linkResolver.cpp, line 773]
Event: 3.308 Thread 0x000001a76516c800 Exception <a 'java/lang/NoSuchMethodError'{0x0000000089d72ed8}: 'java.lang.Object java.lang.invoke.DirectMethodHandle$Holder.invokeVirtual(java.lang.Object, java.lang.Object, java.lang.Object, java.lang.Object, java.lang.Object, java.lang.Object, java.lang.Object, java.lang.Object, java.lang.Object, java.lang.Object, java.lang.Object, java.lang.Object, java.lang.Object, java.lang.Object, java.lang.Object, java.lang.Object, java.lang.Object)'> (0x0000000089d72ed8) thrown at [./src/hotspot/share/interpreter/
Event: 3.309 Thread 0x000001a76516c800 Exception <a 'java/lang/NoSuchMethodError'{0x0000000089da28a8}: 'java.lang.Object java.lang.invoke.DirectMethodHandle$Holder.invokeSpecial(java.lang.Object, java.lang.Object, java.lang.Object, java.lang.Object, java.lang.Object, java.lang.Object, java.lang.Object, java.lang.Object, java.lang.Object)'> (0x0000000089da28a8) thrown at [./src/hotspot/share/interpreter/linkResolver.cpp, line 773]
Event: 3.467 Thread 0x000001a76516c800 Exception <a 'java/lang/NoSuchMethodError'{0x00000000894d3d40}: 'java.lang.Object java.lang.invoke.DirectMethodHandle$Holder.invokeStatic(java.lang.Object, java.lang.Object, java.lang.Object, int, java.lang.Object, java.lang.Object)'> (0x00000000894d3d40) thrown at [./src/hotspot/share/interpreter/linkResolver.cpp, line 773]
Event: 3.468 Thread 0x000001a76516c800 Exception <a 'java/lang/NoSuchMethodError'{0x00000000894db0a8}: 'java.lang.Object java.lang.invoke.Invokers$Holder.linkToTargetMethod(java.lang.Object, java.lang.Object, int, java.lang.Object, java.lang.Object, java.lang.Object)'> (0x00000000894db0a8) thrown at [./src/hotspot/share/interpreter/linkResolver.cpp, line 773]
Event: 3.506 Thread 0x000001a76516c800 Exception <a 'java/lang/NoSuchMethodError'{0x00000000892ba790}: 'int java.lang.invoke.DirectMethodHandle$Holder.invokeStaticInit(java.lang.Object, java.lang.Object, java.lang.Object)'> (0x00000000892ba790) thrown at [./src/hotspot/share/interpreter/linkResolver.cpp, line 773]

Events (20 events):
Event: 3.519 loading class org/gradle/internal/snapshot/VfsRelativePath done
Event: 3.527 loading class org/gradle/internal/snapshot/SearchUtil
Event: 3.527 loading class org/gradle/internal/snapshot/SearchUtil done
Event: 3.528 Thread 0x000001a7646e6000 Thread added: 0x000001a7646e6000
Event: 3.538 Thread 0x000001a7646e8800 Thread added: 0x000001a7646e8800
Event: 3.542 loading class org/gradle/internal/snapshot/MetadataSnapshot$1
Event: 3.542 loading class org/gradle/internal/snapshot/MetadataSnapshot$1 done
Event: 3.543 Thread 0x000001a7646e9000 Thread added: 0x000001a7646e9000
Event: 3.555 Thread 0x000001a767b9d800 Thread added: 0x000001a767b9d800
Event: 3.557 Thread 0x000001a767ba3000 Thread added: 0x000001a767ba3000
Event: 3.569 Thread 0x000001a767ba4000 Thread added: 0x000001a767ba4000
Event: 3.573 Thread 0x000001a767ba1800 Thread added: 0x000001a767ba1800
Event: 3.577 Thread 0x000001a767b9e000 Thread added: 0x000001a767b9e000
Event: 3.588 Thread 0x000001a767ba4800 Thread added: 0x000001a767ba4800
Event: 3.591 Thread 0x000001a767b9f000 Thread added: 0x000001a767b9f000
Event: 3.595 Thread 0x000001a767ba2800 Thread added: 0x000001a767ba2800
Event: 3.598 Thread 0x000001a767ba5800 Thread added: 0x000001a767ba5800
Event: 3.599 Thread 0x000001a767ba0000 Thread added: 0x000001a767ba0000
Event: 3.600 Thread 0x000001a767ba0800 Thread added: 0x000001a767ba0800
Event: 3.601 Thread 0x000001a767bab800 Thread added: 0x000001a767bab800


Dynamic libraries:
0x00007ff6594a0000 - 0x00007ff6594aa000 	C:\Program Files\Android\Android Studio\jre\bin\java.exe
0x00007ffb5eef0000 - 0x00007ffb5f0e5000 	C:\WINDOWS\SYSTEM32\ntdll.dll
0x00007ffb5cfa0000 - 0x00007ffb5d05e000 	C:\WINDOWS\System32\KERNEL32.DLL
0x00007ffb5c980000 - 0x00007ffb5cc49000 	C:\WINDOWS\System32\KERNELBASE.dll
0x00007ffb5c640000 - 0x00007ffb5c740000 	C:\WINDOWS\System32\ucrtbase.dll
0x00007ffb3f2a0000 - 0x00007ffb3f2b9000 	C:\Program Files\Android\Android Studio\jre\bin\jli.dll
0x00007ffb3f2d0000 - 0x00007ffb3f2e7000 	C:\Program Files\Android\Android Studio\jre\bin\VCRUNTIME140.dll
0x00007ffb5e8b0000 - 0x00007ffb5ea51000 	C:\WINDOWS\System32\USER32.dll
0x00007ffb5ce60000 - 0x00007ffb5ce82000 	C:\WINDOWS\System32\win32u.dll
0x00007ffb4cc70000 - 0x00007ffb4cf0a000 	C:\WINDOWS\WinSxS\amd64_microsoft.windows.common-controls_6595b64144ccf1df_6.0.19041.1110_none_60b5254171f9507e\COMCTL32.dll
0x00007ffb5d750000 - 0x00007ffb5d77b000 	C:\WINDOWS\System32\GDI32.dll
0x00007ffb5ddb0000 - 0x00007ffb5de4e000 	C:\WINDOWS\System32\msvcrt.dll
0x00007ffb5c7d0000 - 0x00007ffb5c8db000 	C:\WINDOWS\System32\gdi32full.dll
0x00007ffb5c8e0000 - 0x00007ffb5c97d000 	C:\WINDOWS\System32\msvcp_win.dll
0x00007ffb5dd80000 - 0x00007ffb5ddb0000 	C:\WINDOWS\System32\IMM32.DLL
0x00007ffb38f40000 - 0x00007ffb38fdd000 	C:\Program Files\Android\Android Studio\jre\bin\msvcp140.dll
0x00007ffb23390000 - 0x00007ffb23e4c000 	C:\Program Files\Android\Android Studio\jre\bin\server\jvm.dll
0x00007ffb5ece0000 - 0x00007ffb5ed8c000 	C:\WINDOWS\System32\ADVAPI32.dll
0x00007ffb5e590000 - 0x00007ffb5e62b000 	C:\WINDOWS\System32\sechost.dll
0x00007ffb5d060000 - 0x00007ffb5d18a000 	C:\WINDOWS\System32\RPCRT4.dll
0x00007ffb5e840000 - 0x00007ffb5e848000 	C:\WINDOWS\System32\PSAPI.DLL
0x00007ffb48ea0000 - 0x00007ffb48ea9000 	C:\WINDOWS\SYSTEM32\WSOCK32.dll
0x00007ffb4cb10000 - 0x00007ffb4cb37000 	C:\WINDOWS\SYSTEM32\WINMM.dll
0x00007ffb5d780000 - 0x00007ffb5d7eb000 	C:\WINDOWS\System32\WS2_32.dll
0x00007ffb54c60000 - 0x00007ffb54c6a000 	C:\WINDOWS\SYSTEM32\VERSION.dll
0x00007ffb5b1e0000 - 0x00007ffb5b1f2000 	C:\WINDOWS\SYSTEM32\kernel.appcore.dll
0x00007ffb4f590000 - 0x00007ffb4f5a1000 	C:\Program Files\Android\Android Studio\jre\bin\verify.dll
0x00007ffb5aeb0000 - 0x00007ffb5b094000 	C:\WINDOWS\SYSTEM32\DBGHELP.DLL
0x00007ffb46580000 - 0x00007ffb465ac000 	C:\WINDOWS\SYSTEM32\dbgcore.DLL
0x00007ffb5c740000 - 0x00007ffb5c7c3000 	C:\WINDOWS\System32\bcryptPrimitives.dll
0x00007ffb3f840000 - 0x00007ffb3f869000 	C:\Program Files\Android\Android Studio\jre\bin\java.dll
0x00007ffb57460000 - 0x00007ffb5746b000 	C:\Program Files\Android\Android Studio\jre\bin\jimage.dll
0x00007ffb4a5f0000 - 0x00007ffb4a608000 	C:\Program Files\Android\Android Studio\jre\bin\zip.dll
0x00007ffb5de50000 - 0x00007ffb5e58f000 	C:\WINDOWS\System32\SHELL32.dll
0x00007ffb5a300000 - 0x00007ffb5aa90000 	C:\WINDOWS\SYSTEM32\windows.storage.dll
0x00007ffb5d850000 - 0x00007ffb5dba5000 	C:\WINDOWS\System32\combase.dll
0x00007ffb5bf90000 - 0x00007ffb5bfbc000 	C:\WINDOWS\SYSTEM32\Wldp.dll
0x00007ffb5dc10000 - 0x00007ffb5dcbe000 	C:\WINDOWS\System32\SHCORE.dll
0x00007ffb5e850000 - 0x00007ffb5e8a5000 	C:\WINDOWS\System32\shlwapi.dll
0x00007ffb5c550000 - 0x00007ffb5c56f000 	C:\WINDOWS\SYSTEM32\profapi.dll
0x00007ffb3f350000 - 0x00007ffb3f36a000 	C:\Program Files\Android\Android Studio\jre\bin\net.dll
0x00007ffb49e40000 - 0x00007ffb49f48000 	C:\WINDOWS\SYSTEM32\WINHTTP.dll
0x00007ffb5bcf0000 - 0x00007ffb5bd5a000 	C:\WINDOWS\system32\mswsock.dll
0x00007ffb3f330000 - 0x00007ffb3f344000 	C:\Program Files\Android\Android Studio\jre\bin\nio.dll
0x00007ffb3f0c0000 - 0x00007ffb3f0e7000 	C:\Users\asus\Desktop\JavaLearning\native\fdc75f09e3144964f2cf3f50f0aa648679c211496f362492102eb8c894070792\windows-amd64\native-platform.dll
0x00007ffb30f70000 - 0x00007ffb31106000 	C:\Users\asus\Desktop\JavaLearning\native\12488b8bf47d2d4c9fbf2f6322a914ad602e24e48041cd04a747c6da556b65c4\windows-amd64\native-platform-file-events.dll
0x00007ffb55c40000 - 0x00007ffb55c4a000 	C:\Program Files\Android\Android Studio\jre\bin\management.dll
0x00007ffb559b0000 - 0x00007ffb559bc000 	C:\Program Files\Android\Android Studio\jre\bin\management_ext.dll
0x00007ffb5bee0000 - 0x00007ffb5bef8000 	C:\WINDOWS\SYSTEM32\CRYPTSP.dll
0x00007ffb5b670000 - 0x00007ffb5b6a4000 	C:\WINDOWS\system32\rsaenh.dll
0x00007ffb5c610000 - 0x00007ffb5c637000 	C:\WINDOWS\System32\bcrypt.dll
0x00007ffb5c510000 - 0x00007ffb5c53e000 	C:\WINDOWS\SYSTEM32\USERENV.dll
0x00007ffb5bf00000 - 0x00007ffb5bf0c000 	C:\WINDOWS\SYSTEM32\CRYPTBASE.dll
0x00007ffb5b9e0000 - 0x00007ffb5ba1b000 	C:\WINDOWS\SYSTEM32\IPHLPAPI.DLL
0x00007ffb5d230000 - 0x00007ffb5d238000 	C:\WINDOWS\System32\NSI.dll
0x00007ffb56090000 - 0x00007ffb560a7000 	C:\WINDOWS\SYSTEM32\dhcpcsvc6.DLL
0x00007ffb563b0000 - 0x00007ffb563cd000 	C:\WINDOWS\SYSTEM32\dhcpcsvc.DLL
0x00007ffb5ba20000 - 0x00007ffb5baec000 	C:\WINDOWS\SYSTEM32\DNSAPI.dll
0x00007ffb564c0000 - 0x00007ffb564cb000 	C:\WINDOWS\SYSTEM32\WINNSI.DLL

dbghelp: loaded successfully - version: 4.0.5 - missing functions: none
symbol engine: initialized successfully - sym options: 0x614 - pdb path: .;C:\Program Files\Android\Android Studio\jre\bin;C:\WINDOWS\SYSTEM32;C:\WINDOWS\WinSxS\amd64_microsoft.windows.common-controls_6595b64144ccf1df_6.0.19041.1110_none_60b5254171f9507e;C:\Program Files\Android\Android Studio\jre\bin\server;C:\Users\asus\Desktop\JavaLearning\native\fdc75f09e3144964f2cf3f50f0aa648679c211496f362492102eb8c894070792\windows-amd64;C:\Users\asus\Desktop\JavaLearning\native\12488b8bf47d2d4c9fbf2f6322a914ad602e24e48041cd04a747c6da556b65c4\windows-amd64

VM Arguments:
jvm_args: --add-opens=java.base/java.util=ALL-UNNAMED --add-opens=java.base/java.lang=ALL-UNNAMED --add-opens=java.base/java.lang.invoke=ALL-UNNAMED --add-opens=java.prefs/java.util.prefs=ALL-UNNAMED -Xmx2048m -Dfile.encoding=UTF-8 -Duser.country=TR -Duser.language=tr -Duser.variant 
java_command: org.gradle.launcher.daemon.bootstrap.GradleDaemon 6.7.1
java_class_path (initial): C:\Users\asus\Desktop\JavaLearning\wrapper\dists\gradle-6.7.1-bin\bwlcbys1h7rz3272sye1xwiv6\gradle-6.7.1\lib\gradle-launcher-6.7.1.jar
Launcher Type: SUN_STANDARD

[Global flags]
     intx CICompilerCount                          = 3                                         {product} {ergonomic}
     uint ConcGCThreads                            = 1                                         {product} {ergonomic}
     uint G1ConcRefinementThreads                  = 4                                         {product} {ergonomic}
   size_t G1HeapRegionSize                         = 1048576                                   {product} {ergonomic}
    uintx GCDrainStackTargetSize                   = 64                                        {product} {ergonomic}
   size_t InitialHeapSize                          = 201326592                                 {product} {ergonomic}
   size_t MarkStackSize                            = 4194304                                   {product} {ergonomic}
   size_t MaxHeapSize                              = 2147483648                                {product} {command line}
   size_t MaxNewSize                               = 1287651328                                {product} {ergonomic}
   size_t MinHeapDeltaBytes                        = 1048576                                   {product} {ergonomic}
    uintx NonNMethodCodeHeapSize                   = 5830732                                {pd product} {ergonomic}
    uintx NonProfiledCodeHeapSize                  = 122913754                              {pd product} {ergonomic}
    uintx ProfiledCodeHeapSize                     = 122913754                              {pd product} {ergonomic}
    uintx ReservedCodeCacheSize                    = 251658240                              {pd product} {ergonomic}
     bool SegmentedCodeCache                       = true                                      {product} {ergonomic}
     bool UseCompressedClassPointers               = true                                 {lp64_product} {ergonomic}
     bool UseCompressedOops                        = true                                 {lp64_product} {ergonomic}
     bool UseG1GC                                  = true                                      {product} {ergonomic}
     bool UseLargePagesIndividualAllocation        = false                                  {pd product} {ergonomic}

Logging:
Log output configuration:
 #0: stdout all=warning uptime,level,tags
 #1: stderr all=off uptime,level,tags

Environment Variables:
JAVA_HOME=C:\Program Files\Java\jdk-11.0.7
JRE_HOME=C:\Program Files\Java\jre1.8.0_151
PATH=C:\Program Files (x86)\Common Files\Oracle\Java\javapath;C:\Program Files\nodejs;C:\Program Files\Microsoft SQL Server\Client SDK\ODBC\130\Tools\Binn\;C:\Program Files (x86)\Microsoft SQL Server\140\Tools\Binn\;C:\Program Files\Microsoft SQL Server\140\Tools\Binn\;C:\Program Files\Microsoft SQL Server\140\DTS\Binn\;C:\Program Files (x86)\Microsoft SQL Server\150\DTS\Binn\;C:\Program Files\dotnet\;C:\Program Files\Microsoft SQL Server\130\Tools\Binn\;C:\WINDOWS\system32;C:\WINDOWS;C:\WINDOWS\System32\Wbem;C:\WINDOWS\System32\WindowsPowerShell\v1.0\;C:\WINDOWS\System32\OpenSSH\;C:\Program Files\Gauge\bin;C:\Program Files\apache-maven-3.6.3-bin\apache-maven-3.6.3\bin;C:\Program Files\Git\cmd;C:\Program Files (x86)\dotnet\;C:\Program Files (x86)\NVIDIA Corporation\PhysX\Common;C:\Program Files\nodejs\;C:\Program Files\Graphviz\bin;C:\Program Files\MySQL\MySQL Shell 8.0\bin\;C:\Users\asus\Desktop\otomasyon;C:\Users\asus\AppData\Local\Programs\Microsoft VS Code\bin;C:\Users\asus\AppData\Local\Programs\MiKTeX 2.9\miktex\bin\x64\;C:\Users\asus\AppData\Local\Microsoft\WindowsApps;C:\Users\asus\AppData\Roaming\npm;C:\Program Files\Graphviz\bin;
USERNAME=asus
OS=Windows_NT
PROCESSOR_IDENTIFIER=Intel64 Family 6 Model 142 Stepping 9, GenuineIntel



---------------  S Y S T E M  ---------------

OS: Windows 10 , 64 bit Build 19041 (10.0.19041.1202)
OS uptime: 5 days 17:53 hours

CPU:total 4 (initial active 4) (2 cores per cpu, 2 threads per core) family 6 model 142 stepping 9, cmov, cx8, fxsr, mmx, sse, sse2, sse3, ssse3, sse4.1, sse4.2, popcnt, avx, avx2, aes, clmul, erms, 3dnowpref, lzcnt, ht, tsc, tscinvbit, bmi1, bmi2, adx, fma

Memory: 4k page, system-wide physical 12174M (1655M free)
TotalPageFile size 12174M (AvailPageFile size 6M)
current process WorkingSet (physical memory assigned to process): 188M, peak: 191M
current process commit charge ("private bytes"): 348M, peak: 349M

vm_info: OpenJDK 64-Bit Server VM (11.0.8+10-b944.6842174) for windows-amd64 JRE (11.0.8+10-b944.6842174), built on Sep 19 2020 01:11:42 by "builder" with MS VC++ 14.0 (VS2015)

END.
