#
# There is insufficient memory for the Java Runtime Environment to continue.
# Native memory allocation (malloc) failed to allocate 79648 bytes for Chunk::new
# Possible reasons:
#   The system is out of physical RAM or swap space
#   The process is running with CompressedOops enabled, and the Java Heap may be blocking the growth of the native heap
# Possible solutions:
#   Reduce memory load on the system
#   Increase physical memory or swap space
#   Check if swap backing store is full
#   Decrease Java heap size (-Xmx/-Xms)
#   Decrease number of Java threads
#   Decrease Java thread stack sizes (-Xss)
#   Set larger code cache with -XX:ReservedCodeCacheSize=
#   JVM is running with Zero Based Compressed Oops mode in which the Java heap is
#     placed in the first 32GB address space. The Java Heap base address is the
#     maximum limit for the native heap growth. Please use -XX:HeapBaseMinAddress
#     to set the Java Heap base and to place the Java Heap above 32GB virtual address.
# This output file may be truncated or incomplete.
#
#  Out of Memory Error (./src/hotspot/share/memory/arena.cpp:197), pid=11128, tid=10864
#
# JRE version: OpenJDK Runtime Environment (11.0.8+10) (build 11.0.8+10-b944.6842174)
# Java VM: OpenJDK 64-Bit Server VM (11.0.8+10-b944.6842174, mixed mode, tiered, compressed oops, g1 gc, windows-amd64)
# No core dump will be written. Minidumps are not enabled by default on client versions of Windows
#

---------------  S U M M A R Y ------------

Command Line: org.jetbrains.kotlin.cli.jvm.K2JVMCompiler @C:\Users\asus\Desktop\MyNotebookProject\app\build\20210928_1969906228062637642.compiler.options

Host: Intel(R) Core(TM) i7-7500U CPU @ 2.70GHz, 4 cores, 11G,  Windows 10 , 64 bit Build 19041 (10.0.19041.1202)
Time: Tue Sep 28 16:44:40 2021 Türkiye Standart Saati elapsed time: 3 seconds (0d 0h 0m 3s)

---------------  T H R E A D  ---------------

Current thread (0x000001f1d6eee000):  JavaThread "C2 CompilerThread0" daemon [_thread_in_native, id=10864, stack(0x000000a117a00000,0x000000a117b00000)]


Current CompileTask:
C2:   3098 2880       4       java.lang.ClassLoader::loadClass (7 bytes)

Stack: [0x000000a117a00000,0x000000a117b00000]
Native frames: (J=compiled Java code, j=interpreted, Vv=VM code, C=native code)
V  [jvm.dll+0x5de50a]
V  [jvm.dll+0x7122f5]
V  [jvm.dll+0x71384d]
V  [jvm.dll+0x713f03]
V  [jvm.dll+0x23e728]
V  [jvm.dll+0xb899c]
V  [jvm.dll+0xb8e9c]
V  [jvm.dll+0x2b2677]
V  [jvm.dll+0x502098]
V  [jvm.dll+0x1f8cde]
V  [jvm.dll+0x1f685f]
V  [jvm.dll+0x17f32c]
V  [jvm.dll+0x205047]
V  [jvm.dll+0x203891]
V  [jvm.dll+0x6dad3f]
V  [jvm.dll+0x6d3895]
V  [jvm.dll+0x5dd4a6]
C  [ucrtbase.dll+0x21bb2]
C  [KERNEL32.DLL+0x17034]
C  [ntdll.dll+0x52651]


---------------  P R O C E S S  ---------------

Threads class SMR info:
_java_thread_list=0x000001f1d7051540, length=11, elements={
0x000001f1b9f2c000, 0x000001f1d6e88000, 0x000001f1d6e95000, 0x000001f1d6ee9000,
0x000001f1d6eeb000, 0x000001f1d6eee000, 0x000001f1d6ef1800, 0x000001f1d6ef7800,
0x000001f1d704e800, 0x000001f1d705a000, 0x000001f1d7088000
}

Java Threads: ( => current thread )
  0x000001f1b9f2c000 JavaThread "main" [_thread_in_vm, id=12696, stack(0x000000a116f00000,0x000000a117000000)]
  0x000001f1d6e88000 JavaThread "Reference Handler" daemon [_thread_blocked, id=5168, stack(0x000000a117600000,0x000000a117700000)]
  0x000001f1d6e95000 JavaThread "Finalizer" daemon [_thread_blocked, id=11896, stack(0x000000a117700000,0x000000a117800000)]
  0x000001f1d6ee9000 JavaThread "Signal Dispatcher" daemon [_thread_blocked, id=15080, stack(0x000000a117800000,0x000000a117900000)]
  0x000001f1d6eeb000 JavaThread "Attach Listener" daemon [_thread_blocked, id=10352, stack(0x000000a117900000,0x000000a117a00000)]
=>0x000001f1d6eee000 JavaThread "C2 CompilerThread0" daemon [_thread_in_native, id=10864, stack(0x000000a117a00000,0x000000a117b00000)]
  0x000001f1d6ef1800 JavaThread "C1 CompilerThread0" daemon [_thread_blocked, id=8676, stack(0x000000a117b00000,0x000000a117c00000)]
  0x000001f1d6ef7800 JavaThread "Sweeper thread" daemon [_thread_blocked, id=13248, stack(0x000000a117c00000,0x000000a117d00000)]
  0x000001f1d704e800 JavaThread "Service Thread" daemon [_thread_blocked, id=12844, stack(0x000000a117d00000,0x000000a117e00000)]
  0x000001f1d705a000 JavaThread "Common-Cleaner" daemon [_thread_blocked, id=12960, stack(0x000000a117f00000,0x000000a118000000)]
  0x000001f1d7088000 JavaThread "C2 CompilerThread1" daemon [_thread_in_native, id=9904, stack(0x000000a118000000,0x000000a118100000)]

Other Threads:
  0x000001f1d6e62000 VMThread "VM Thread" [stack: 0x000000a117500000,0x000000a117600000] [id=12400]
  0x000001f1d7054000 WatcherThread [stack: 0x000000a117e00000,0x000000a117f00000] [id=7636]
  0x000001f1b9f44000 GCTaskThread "GC Thread#0" [stack: 0x000000a117000000,0x000000a117100000] [id=1464]
  0x000001f1d768a800 GCTaskThread "GC Thread#1" [stack: 0x000000a118100000,0x000000a118200000] [id=14024]
  0x000001f1d768b800 GCTaskThread "GC Thread#2" [stack: 0x000000a118200000,0x000000a118300000] [id=6376]
  0x000001f1d768c000 GCTaskThread "GC Thread#3" [stack: 0x000000a118300000,0x000000a118400000] [id=8760]
  0x000001f1b9f8a800 ConcurrentGCThread "G1 Main Marker" [stack: 0x000000a117100000,0x000000a117200000] [id=14100]
  0x000001f1b9f8c000 ConcurrentGCThread "G1 Conc#0" [stack: 0x000000a117200000,0x000000a117300000] [id=7556]
  0x000001f1d64c9000 ConcurrentGCThread "G1 Refine#0" [stack: 0x000000a117300000,0x000000a117400000] [id=12724]
  0x000001f1d64ca000 ConcurrentGCThread "G1 Young RemSet Sampling" [stack: 0x000000a117400000,0x000000a117500000] [id=4796]

Threads with active compile tasks:
C2 CompilerThread0   3118 2880       4       java.lang.ClassLoader::loadClass (7 bytes)
C1 CompilerThread0   3118 2919       3       org.jetbrains.org.objectweb.asm.Type::getTypeInternal (199 bytes)
C2 CompilerThread1   3118 2909       4       jdk.internal.loader.ClassLoaders$AppClassLoader::loadClass (40 bytes)

VM state:not at safepoint (normal execution)

VM Mutex/Monitor currently owned by a thread: None

Heap address: 0x0000000741c00000, size: 3044 MB, Compressed Oops mode: Zero based, Oop shift amount: 3
Narrow klass base: 0x0000000800000000, Narrow klass shift: 0
Compressed class space size: 1073741824 Address: 0x0000000800000000

Heap:
 garbage-first heap   total 196608K, used 59881K [0x0000000741c00000, 0x0000000800000000)
  region size 1024K, 43 young (44032K), 9 survivors (9216K)
 Metaspace       used 43469K, capacity 43944K, committed 44060K, reserved 1087488K
  class space    used 5187K, capacity 5370K, committed 5448K, reserved 1048576K
Heap Regions: E=young(eden), S=young(survivor), O=old, HS=humongous(starts), HC=humongous(continues), CS=collection set, F=free, A=archive, TAMS=top-at-mark-start (previous, next)
|   0|0x0000000741c00000, 0x0000000741d00000, 0x0000000741d00000|100%|HS|  |TAMS 0x0000000741d00000, 0x0000000741c00000| Complete 
|   1|0x0000000741d00000, 0x0000000741e00000, 0x0000000741e00000|100%|HC|  |TAMS 0x0000000741e00000, 0x0000000741d00000| Complete 
|   2|0x0000000741e00000, 0x0000000741f00000, 0x0000000741f00000|100%|HC|  |TAMS 0x0000000741f00000, 0x0000000741e00000| Complete 
|   3|0x0000000741f00000, 0x0000000742000000, 0x0000000742000000|100%| O|  |TAMS 0x0000000742000000, 0x0000000741f00000| Untracked 
|   4|0x0000000742000000, 0x0000000742100000, 0x0000000742100000|100%| O|  |TAMS 0x0000000742100000, 0x0000000742000000| Untracked 
|   5|0x0000000742100000, 0x0000000742200000, 0x0000000742200000|100%|HS|  |TAMS 0x0000000742200000, 0x0000000742100000| Complete 
|   6|0x0000000742200000, 0x0000000742300000, 0x0000000742300000|100%|HC|  |TAMS 0x0000000742300000, 0x0000000742200000| Complete 
|   7|0x0000000742300000, 0x0000000742400000, 0x0000000742400000|100%|HC|  |TAMS 0x0000000742400000, 0x0000000742300000| Complete 
|   8|0x0000000742400000, 0x0000000742500000, 0x0000000742500000|100%|HS|  |TAMS 0x0000000742500000, 0x0000000742400000| Complete 
|   9|0x0000000742500000, 0x0000000742600000, 0x0000000742600000|100%|HC|  |TAMS 0x0000000742600000, 0x0000000742500000| Complete 
|  10|0x0000000742600000, 0x0000000742700000, 0x0000000742700000|100%|HC|  |TAMS 0x0000000742700000, 0x0000000742600000| Complete 
|  11|0x0000000742700000, 0x0000000742800000, 0x0000000742800000|100%|HS|  |TAMS 0x0000000742800000, 0x0000000742700000| Complete 
|  12|0x0000000742800000, 0x0000000742900000, 0x0000000742900000|100%|HC|  |TAMS 0x0000000742900000, 0x0000000742800000| Complete 
|  13|0x0000000742900000, 0x0000000742a00000, 0x0000000742a00000|100%| O|  |TAMS 0x0000000742a00000, 0x0000000742900000| Untracked 
|  14|0x0000000742a00000, 0x0000000742b00000, 0x0000000742b00000|100%| O|  |TAMS 0x0000000742b00000, 0x0000000742a00000| Untracked 
|  15|0x0000000742b00000, 0x0000000742c00000, 0x0000000742c00000|100%| O|  |TAMS 0x0000000742c00000, 0x0000000742b00000| Untracked 
|  16|0x0000000742c00000, 0x0000000742d00000, 0x0000000742d00000|100%| O|  |TAMS 0x0000000742d00000, 0x0000000742c00000| Untracked 
|  17|0x0000000742d00000, 0x0000000742d3a000, 0x0000000742e00000| 22%| O|  |TAMS 0x0000000742d3a000, 0x0000000742d00000| Untracked 
|  18|0x0000000742e00000, 0x0000000742e00000, 0x0000000742f00000|  0%| F|  |TAMS 0x0000000742e00000, 0x0000000742e00000| Untracked 
|  19|0x0000000742f00000, 0x0000000742f00000, 0x0000000743000000|  0%| F|  |TAMS 0x0000000742f00000, 0x0000000742f00000| Untracked 
|  20|0x0000000743000000, 0x0000000743000000, 0x0000000743100000|  0%| F|  |TAMS 0x0000000743000000, 0x0000000743000000| Untracked 
|  21|0x0000000743100000, 0x0000000743100000, 0x0000000743200000|  0%| F|  |TAMS 0x0000000743100000, 0x0000000743100000| Untracked 
|  22|0x0000000743200000, 0x0000000743200000, 0x0000000743300000|  0%| F|  |TAMS 0x0000000743200000, 0x0000000743200000| Untracked 
|  23|0x0000000743300000, 0x0000000743300000, 0x0000000743400000|  0%| F|  |TAMS 0x0000000743300000, 0x0000000743300000| Untracked 
|  24|0x0000000743400000, 0x0000000743400000, 0x0000000743500000|  0%| F|  |TAMS 0x0000000743400000, 0x0000000743400000| Untracked 
|  25|0x0000000743500000, 0x0000000743500000, 0x0000000743600000|  0%| F|  |TAMS 0x0000000743500000, 0x0000000743500000| Untracked 
|  26|0x0000000743600000, 0x0000000743600000, 0x0000000743700000|  0%| F|  |TAMS 0x0000000743600000, 0x0000000743600000| Untracked 
|  27|0x0000000743700000, 0x0000000743700000, 0x0000000743800000|  0%| F|  |TAMS 0x0000000743700000, 0x0000000743700000| Untracked 
|  28|0x0000000743800000, 0x0000000743800000, 0x0000000743900000|  0%| F|  |TAMS 0x0000000743800000, 0x0000000743800000| Untracked 
|  29|0x0000000743900000, 0x0000000743900000, 0x0000000743a00000|  0%| F|  |TAMS 0x0000000743900000, 0x0000000743900000| Untracked 
|  30|0x0000000743a00000, 0x0000000743a00000, 0x0000000743b00000|  0%| F|  |TAMS 0x0000000743a00000, 0x0000000743a00000| Untracked 
|  31|0x0000000743b00000, 0x0000000743b00000, 0x0000000743c00000|  0%| F|  |TAMS 0x0000000743b00000, 0x0000000743b00000| Untracked 
|  32|0x0000000743c00000, 0x0000000743c00000, 0x0000000743d00000|  0%| F|  |TAMS 0x0000000743c00000, 0x0000000743c00000| Untracked 
|  33|0x0000000743d00000, 0x0000000743d00000, 0x0000000743e00000|  0%| F|  |TAMS 0x0000000743d00000, 0x0000000743d00000| Untracked 
|  34|0x0000000743e00000, 0x0000000743e00000, 0x0000000743f00000|  0%| F|  |TAMS 0x0000000743e00000, 0x0000000743e00000| Untracked 
|  35|0x0000000743f00000, 0x0000000743f00000, 0x0000000744000000|  0%| F|  |TAMS 0x0000000743f00000, 0x0000000743f00000| Untracked 
|  36|0x0000000744000000, 0x0000000744000000, 0x0000000744100000|  0%| F|  |TAMS 0x0000000744000000, 0x0000000744000000| Untracked 
|  37|0x0000000744100000, 0x0000000744100000, 0x0000000744200000|  0%| F|  |TAMS 0x0000000744100000, 0x0000000744100000| Untracked 
|  38|0x0000000744200000, 0x0000000744200000, 0x0000000744300000|  0%| F|  |TAMS 0x0000000744200000, 0x0000000744200000| Untracked 
|  39|0x0000000744300000, 0x0000000744300000, 0x0000000744400000|  0%| F|  |TAMS 0x0000000744300000, 0x0000000744300000| Untracked 
|  40|0x0000000744400000, 0x0000000744400000, 0x0000000744500000|  0%| F|  |TAMS 0x0000000744400000, 0x0000000744400000| Untracked 
|  41|0x0000000744500000, 0x0000000744500000, 0x0000000744600000|  0%| F|  |TAMS 0x0000000744500000, 0x0000000744500000| Untracked 
|  42|0x0000000744600000, 0x0000000744600000, 0x0000000744700000|  0%| F|  |TAMS 0x0000000744600000, 0x0000000744600000| Untracked 
|  43|0x0000000744700000, 0x0000000744700000, 0x0000000744800000|  0%| F|  |TAMS 0x0000000744700000, 0x0000000744700000| Untracked 
|  44|0x0000000744800000, 0x0000000744800000, 0x0000000744900000|  0%| F|  |TAMS 0x0000000744800000, 0x0000000744800000| Untracked 
|  45|0x0000000744900000, 0x0000000744900000, 0x0000000744a00000|  0%| F|  |TAMS 0x0000000744900000, 0x0000000744900000| Untracked 
|  46|0x0000000744a00000, 0x0000000744a00000, 0x0000000744b00000|  0%| F|  |TAMS 0x0000000744a00000, 0x0000000744a00000| Untracked 
|  47|0x0000000744b00000, 0x0000000744b00000, 0x0000000744c00000|  0%| F|  |TAMS 0x0000000744b00000, 0x0000000744b00000| Untracked 
|  48|0x0000000744c00000, 0x0000000744c00000, 0x0000000744d00000|  0%| F|  |TAMS 0x0000000744c00000, 0x0000000744c00000| Untracked 
|  49|0x0000000744d00000, 0x0000000744d00000, 0x0000000744e00000|  0%| F|  |TAMS 0x0000000744d00000, 0x0000000744d00000| Untracked 
|  50|0x0000000744e00000, 0x0000000744e00000, 0x0000000744f00000|  0%| F|  |TAMS 0x0000000744e00000, 0x0000000744e00000| Untracked 
|  51|0x0000000744f00000, 0x0000000744f00000, 0x0000000745000000|  0%| F|  |TAMS 0x0000000744f00000, 0x0000000744f00000| Untracked 
|  52|0x0000000745000000, 0x0000000745000000, 0x0000000745100000|  0%| F|  |TAMS 0x0000000745000000, 0x0000000745000000| Untracked 
|  53|0x0000000745100000, 0x0000000745100000, 0x0000000745200000|  0%| F|  |TAMS 0x0000000745100000, 0x0000000745100000| Untracked 
|  54|0x0000000745200000, 0x0000000745200000, 0x0000000745300000|  0%| F|  |TAMS 0x0000000745200000, 0x0000000745200000| Untracked 
|  55|0x0000000745300000, 0x0000000745300000, 0x0000000745400000|  0%| F|  |TAMS 0x0000000745300000, 0x0000000745300000| Untracked 
|  56|0x0000000745400000, 0x0000000745400000, 0x0000000745500000|  0%| F|  |TAMS 0x0000000745400000, 0x0000000745400000| Untracked 
|  57|0x0000000745500000, 0x0000000745500000, 0x0000000745600000|  0%| F|  |TAMS 0x0000000745500000, 0x0000000745500000| Untracked 
|  58|0x0000000745600000, 0x0000000745600000, 0x0000000745700000|  0%| F|  |TAMS 0x0000000745600000, 0x0000000745600000| Untracked 
|  59|0x0000000745700000, 0x0000000745700000, 0x0000000745800000|  0%| F|  |TAMS 0x0000000745700000, 0x0000000745700000| Untracked 
|  60|0x0000000745800000, 0x0000000745800000, 0x0000000745900000|  0%| F|  |TAMS 0x0000000745800000, 0x0000000745800000| Untracked 
|  61|0x0000000745900000, 0x0000000745900000, 0x0000000745a00000|  0%| F|  |TAMS 0x0000000745900000, 0x0000000745900000| Untracked 
|  62|0x0000000745a00000, 0x0000000745a00000, 0x0000000745b00000|  0%| F|  |TAMS 0x0000000745a00000, 0x0000000745a00000| Untracked 
|  63|0x0000000745b00000, 0x0000000745b00000, 0x0000000745c00000|  0%| F|  |TAMS 0x0000000745b00000, 0x0000000745b00000| Untracked 
|  64|0x0000000745c00000, 0x0000000745c00000, 0x0000000745d00000|  0%| F|  |TAMS 0x0000000745c00000, 0x0000000745c00000| Untracked 
|  65|0x0000000745d00000, 0x0000000745d00000, 0x0000000745e00000|  0%| F|  |TAMS 0x0000000745d00000, 0x0000000745d00000| Untracked 
|  66|0x0000000745e00000, 0x0000000745e00000, 0x0000000745f00000|  0%| F|  |TAMS 0x0000000745e00000, 0x0000000745e00000| Untracked 
|  67|0x0000000745f00000, 0x0000000745f00000, 0x0000000746000000|  0%| F|  |TAMS 0x0000000745f00000, 0x0000000745f00000| Untracked 
|  68|0x0000000746000000, 0x0000000746000000, 0x0000000746100000|  0%| F|  |TAMS 0x0000000746000000, 0x0000000746000000| Untracked 
|  69|0x0000000746100000, 0x0000000746100000, 0x0000000746200000|  0%| F|  |TAMS 0x0000000746100000, 0x0000000746100000| Untracked 
|  70|0x0000000746200000, 0x0000000746200000, 0x0000000746300000|  0%| F|  |TAMS 0x0000000746200000, 0x0000000746200000| Untracked 
|  71|0x0000000746300000, 0x0000000746300000, 0x0000000746400000|  0%| F|  |TAMS 0x0000000746300000, 0x0000000746300000| Untracked 
|  72|0x0000000746400000, 0x0000000746400000, 0x0000000746500000|  0%| F|  |TAMS 0x0000000746400000, 0x0000000746400000| Untracked 
|  73|0x0000000746500000, 0x0000000746500000, 0x0000000746600000|  0%| F|  |TAMS 0x0000000746500000, 0x0000000746500000| Untracked 
|  74|0x0000000746600000, 0x0000000746600000, 0x0000000746700000|  0%| F|  |TAMS 0x0000000746600000, 0x0000000746600000| Untracked 
|  75|0x0000000746700000, 0x0000000746700000, 0x0000000746800000|  0%| F|  |TAMS 0x0000000746700000, 0x0000000746700000| Untracked 
|  76|0x0000000746800000, 0x0000000746800000, 0x0000000746900000|  0%| F|  |TAMS 0x0000000746800000, 0x0000000746800000| Untracked 
|  77|0x0000000746900000, 0x0000000746900000, 0x0000000746a00000|  0%| F|  |TAMS 0x0000000746900000, 0x0000000746900000| Untracked 
|  78|0x0000000746a00000, 0x0000000746a00000, 0x0000000746b00000|  0%| F|  |TAMS 0x0000000746a00000, 0x0000000746a00000| Untracked 
|  79|0x0000000746b00000, 0x0000000746b00000, 0x0000000746c00000|  0%| F|  |TAMS 0x0000000746b00000, 0x0000000746b00000| Untracked 
|  80|0x0000000746c00000, 0x0000000746c00000, 0x0000000746d00000|  0%| F|  |TAMS 0x0000000746c00000, 0x0000000746c00000| Untracked 
|  81|0x0000000746d00000, 0x0000000746d00000, 0x0000000746e00000|  0%| F|  |TAMS 0x0000000746d00000, 0x0000000746d00000| Untracked 
|  82|0x0000000746e00000, 0x0000000746e00000, 0x0000000746f00000|  0%| F|  |TAMS 0x0000000746e00000, 0x0000000746e00000| Untracked 
|  83|0x0000000746f00000, 0x0000000746f00000, 0x0000000747000000|  0%| F|  |TAMS 0x0000000746f00000, 0x0000000746f00000| Untracked 
|  84|0x0000000747000000, 0x0000000747000000, 0x0000000747100000|  0%| F|  |TAMS 0x0000000747000000, 0x0000000747000000| Untracked 
|  85|0x0000000747100000, 0x0000000747100000, 0x0000000747200000|  0%| F|  |TAMS 0x0000000747100000, 0x0000000747100000| Untracked 
|  86|0x0000000747200000, 0x0000000747200000, 0x0000000747300000|  0%| F|  |TAMS 0x0000000747200000, 0x0000000747200000| Untracked 
|  87|0x0000000747300000, 0x0000000747300000, 0x0000000747400000|  0%| F|  |TAMS 0x0000000747300000, 0x0000000747300000| Untracked 
|  88|0x0000000747400000, 0x0000000747400000, 0x0000000747500000|  0%| F|  |TAMS 0x0000000747400000, 0x0000000747400000| Untracked 
|  89|0x0000000747500000, 0x0000000747500000, 0x0000000747600000|  0%| F|  |TAMS 0x0000000747500000, 0x0000000747500000| Untracked 
|  90|0x0000000747600000, 0x0000000747600000, 0x0000000747700000|  0%| F|  |TAMS 0x0000000747600000, 0x0000000747600000| Untracked 
|  91|0x0000000747700000, 0x0000000747700000, 0x0000000747800000|  0%| F|  |TAMS 0x0000000747700000, 0x0000000747700000| Untracked 
|  92|0x0000000747800000, 0x0000000747800000, 0x0000000747900000|  0%| F|  |TAMS 0x0000000747800000, 0x0000000747800000| Untracked 
|  93|0x0000000747900000, 0x0000000747900000, 0x0000000747a00000|  0%| F|  |TAMS 0x0000000747900000, 0x0000000747900000| Untracked 
|  94|0x0000000747a00000, 0x0000000747a00000, 0x0000000747b00000|  0%| F|  |TAMS 0x0000000747a00000, 0x0000000747a00000| Untracked 
|  95|0x0000000747b00000, 0x0000000747b00000, 0x0000000747c00000|  0%| F|  |TAMS 0x0000000747b00000, 0x0000000747b00000| Untracked 
|  96|0x0000000747c00000, 0x0000000747c00000, 0x0000000747d00000|  0%| F|  |TAMS 0x0000000747c00000, 0x0000000747c00000| Untracked 
|  97|0x0000000747d00000, 0x0000000747d00000, 0x0000000747e00000|  0%| F|  |TAMS 0x0000000747d00000, 0x0000000747d00000| Untracked 
|  98|0x0000000747e00000, 0x0000000747e00000, 0x0000000747f00000|  0%| F|  |TAMS 0x0000000747e00000, 0x0000000747e00000| Untracked 
|  99|0x0000000747f00000, 0x0000000747f00000, 0x0000000748000000|  0%| F|  |TAMS 0x0000000747f00000, 0x0000000747f00000| Untracked 
| 100|0x0000000748000000, 0x0000000748000000, 0x0000000748100000|  0%| F|  |TAMS 0x0000000748000000, 0x0000000748000000| Untracked 
| 101|0x0000000748100000, 0x0000000748100000, 0x0000000748200000|  0%| F|  |TAMS 0x0000000748100000, 0x0000000748100000| Untracked 
| 102|0x0000000748200000, 0x0000000748200000, 0x0000000748300000|  0%| F|  |TAMS 0x0000000748200000, 0x0000000748200000| Untracked 
| 103|0x0000000748300000, 0x0000000748300000, 0x0000000748400000|  0%| F|  |TAMS 0x0000000748300000, 0x0000000748300000| Untracked 
| 104|0x0000000748400000, 0x0000000748400000, 0x0000000748500000|  0%| F|  |TAMS 0x0000000748400000, 0x0000000748400000| Untracked 
| 105|0x0000000748500000, 0x0000000748500000, 0x0000000748600000|  0%| F|  |TAMS 0x0000000748500000, 0x0000000748500000| Untracked 
| 106|0x0000000748600000, 0x0000000748600000, 0x0000000748700000|  0%| F|  |TAMS 0x0000000748600000, 0x0000000748600000| Untracked 
| 107|0x0000000748700000, 0x0000000748700000, 0x0000000748800000|  0%| F|  |TAMS 0x0000000748700000, 0x0000000748700000| Untracked 
| 108|0x0000000748800000, 0x0000000748800000, 0x0000000748900000|  0%| F|  |TAMS 0x0000000748800000, 0x0000000748800000| Untracked 
| 109|0x0000000748900000, 0x0000000748900000, 0x0000000748a00000|  0%| F|  |TAMS 0x0000000748900000, 0x0000000748900000| Untracked 
| 110|0x0000000748a00000, 0x0000000748a00000, 0x0000000748b00000|  0%| F|  |TAMS 0x0000000748a00000, 0x0000000748a00000| Untracked 
| 111|0x0000000748b00000, 0x0000000748b00000, 0x0000000748c00000|  0%| F|  |TAMS 0x0000000748b00000, 0x0000000748b00000| Untracked 
| 112|0x0000000748c00000, 0x0000000748c00000, 0x0000000748d00000|  0%| F|  |TAMS 0x0000000748c00000, 0x0000000748c00000| Untracked 
| 113|0x0000000748d00000, 0x0000000748d00000, 0x0000000748e00000|  0%| F|  |TAMS 0x0000000748d00000, 0x0000000748d00000| Untracked 
| 114|0x0000000748e00000, 0x0000000748e00000, 0x0000000748f00000|  0%| F|  |TAMS 0x0000000748e00000, 0x0000000748e00000| Untracked 
| 115|0x0000000748f00000, 0x0000000748f00000, 0x0000000749000000|  0%| F|  |TAMS 0x0000000748f00000, 0x0000000748f00000| Untracked 
| 116|0x0000000749000000, 0x0000000749000000, 0x0000000749100000|  0%| F|  |TAMS 0x0000000749000000, 0x0000000749000000| Untracked 
| 117|0x0000000749100000, 0x0000000749100000, 0x0000000749200000|  0%| F|  |TAMS 0x0000000749100000, 0x0000000749100000| Untracked 
| 118|0x0000000749200000, 0x0000000749200000, 0x0000000749300000|  0%| F|  |TAMS 0x0000000749200000, 0x0000000749200000| Untracked 
| 119|0x0000000749300000, 0x0000000749300000, 0x0000000749400000|  0%| F|  |TAMS 0x0000000749300000, 0x0000000749300000| Untracked 
| 120|0x0000000749400000, 0x0000000749400000, 0x0000000749500000|  0%| F|  |TAMS 0x0000000749400000, 0x0000000749400000| Untracked 
| 121|0x0000000749500000, 0x0000000749500000, 0x0000000749600000|  0%| F|  |TAMS 0x0000000749500000, 0x0000000749500000| Untracked 
| 122|0x0000000749600000, 0x0000000749600000, 0x0000000749700000|  0%| F|  |TAMS 0x0000000749600000, 0x0000000749600000| Untracked 
| 123|0x0000000749700000, 0x0000000749700000, 0x0000000749800000|  0%| F|  |TAMS 0x0000000749700000, 0x0000000749700000| Untracked 
| 124|0x0000000749800000, 0x0000000749800000, 0x0000000749900000|  0%| F|  |TAMS 0x0000000749800000, 0x0000000749800000| Untracked 
| 125|0x0000000749900000, 0x0000000749900000, 0x0000000749a00000|  0%| F|  |TAMS 0x0000000749900000, 0x0000000749900000| Untracked 
| 126|0x0000000749a00000, 0x0000000749a00000, 0x0000000749b00000|  0%| F|  |TAMS 0x0000000749a00000, 0x0000000749a00000| Untracked 
| 127|0x0000000749b00000, 0x0000000749b00000, 0x0000000749c00000|  0%| F|  |TAMS 0x0000000749b00000, 0x0000000749b00000| Untracked 
| 128|0x0000000749c00000, 0x0000000749c00000, 0x0000000749d00000|  0%| F|  |TAMS 0x0000000749c00000, 0x0000000749c00000| Untracked 
| 129|0x0000000749d00000, 0x0000000749d00000, 0x0000000749e00000|  0%| F|  |TAMS 0x0000000749d00000, 0x0000000749d00000| Untracked 
| 130|0x0000000749e00000, 0x0000000749e00000, 0x0000000749f00000|  0%| F|  |TAMS 0x0000000749e00000, 0x0000000749e00000| Untracked 
| 131|0x0000000749f00000, 0x0000000749f00000, 0x000000074a000000|  0%| F|  |TAMS 0x0000000749f00000, 0x0000000749f00000| Untracked 
| 132|0x000000074a000000, 0x000000074a000000, 0x000000074a100000|  0%| F|  |TAMS 0x000000074a000000, 0x000000074a000000| Untracked 
| 133|0x000000074a100000, 0x000000074a100000, 0x000000074a200000|  0%| F|  |TAMS 0x000000074a100000, 0x000000074a100000| Untracked 
| 134|0x000000074a200000, 0x000000074a200000, 0x000000074a300000|  0%| F|  |TAMS 0x000000074a200000, 0x000000074a200000| Untracked 
| 135|0x000000074a300000, 0x000000074a300000, 0x000000074a400000|  0%| F|  |TAMS 0x000000074a300000, 0x000000074a300000| Untracked 
| 136|0x000000074a400000, 0x000000074a400000, 0x000000074a500000|  0%| F|  |TAMS 0x000000074a400000, 0x000000074a400000| Untracked 
| 137|0x000000074a500000, 0x000000074a500000, 0x000000074a600000|  0%| F|  |TAMS 0x000000074a500000, 0x000000074a500000| Untracked 
| 138|0x000000074a600000, 0x000000074a600000, 0x000000074a700000|  0%| F|  |TAMS 0x000000074a600000, 0x000000074a600000| Untracked 
| 139|0x000000074a700000, 0x000000074a700000, 0x000000074a800000|  0%| F|  |TAMS 0x000000074a700000, 0x000000074a700000| Untracked 
| 140|0x000000074a800000, 0x000000074a800000, 0x000000074a900000|  0%| F|  |TAMS 0x000000074a800000, 0x000000074a800000| Untracked 
| 141|0x000000074a900000, 0x000000074a900000, 0x000000074aa00000|  0%| F|  |TAMS 0x000000074a900000, 0x000000074a900000| Untracked 
| 142|0x000000074aa00000, 0x000000074aa00000, 0x000000074ab00000|  0%| F|  |TAMS 0x000000074aa00000, 0x000000074aa00000| Untracked 
| 143|0x000000074ab00000, 0x000000074ab00000, 0x000000074ac00000|  0%| F|  |TAMS 0x000000074ab00000, 0x000000074ab00000| Untracked 
| 144|0x000000074ac00000, 0x000000074ac00000, 0x000000074ad00000|  0%| F|  |TAMS 0x000000074ac00000, 0x000000074ac00000| Untracked 
| 145|0x000000074ad00000, 0x000000074ad00000, 0x000000074ae00000|  0%| F|  |TAMS 0x000000074ad00000, 0x000000074ad00000| Untracked 
| 146|0x000000074ae00000, 0x000000074ae00000, 0x000000074af00000|  0%| F|  |TAMS 0x000000074ae00000, 0x000000074ae00000| Untracked 
| 147|0x000000074af00000, 0x000000074af00000, 0x000000074b000000|  0%| F|  |TAMS 0x000000074af00000, 0x000000074af00000| Untracked 
| 148|0x000000074b000000, 0x000000074b000000, 0x000000074b100000|  0%| F|  |TAMS 0x000000074b000000, 0x000000074b000000| Untracked 
| 149|0x000000074b100000, 0x000000074b180800, 0x000000074b200000| 50%| E|  |TAMS 0x000000074b100000, 0x000000074b100000| Complete 
| 150|0x000000074b200000, 0x000000074b300000, 0x000000074b300000|100%| E|CS|TAMS 0x000000074b200000, 0x000000074b200000| Complete 
| 151|0x000000074b300000, 0x000000074b400000, 0x000000074b400000|100%| E|CS|TAMS 0x000000074b300000, 0x000000074b300000| Complete 
| 152|0x000000074b400000, 0x000000074b500000, 0x000000074b500000|100%| E|CS|TAMS 0x000000074b400000, 0x000000074b400000| Complete 
| 153|0x000000074b500000, 0x000000074b600000, 0x000000074b600000|100%| E|CS|TAMS 0x000000074b500000, 0x000000074b500000| Complete 
| 154|0x000000074b600000, 0x000000074b700000, 0x000000074b700000|100%| E|CS|TAMS 0x000000074b600000, 0x000000074b600000| Complete 
| 155|0x000000074b700000, 0x000000074b800000, 0x000000074b800000|100%| E|CS|TAMS 0x000000074b700000, 0x000000074b700000| Complete 
| 156|0x000000074b800000, 0x000000074b900000, 0x000000074b900000|100%| E|CS|TAMS 0x000000074b800000, 0x000000074b800000| Complete 
| 157|0x000000074b900000, 0x000000074ba00000, 0x000000074ba00000|100%| E|CS|TAMS 0x000000074b900000, 0x000000074b900000| Complete 
| 158|0x000000074ba00000, 0x000000074bb00000, 0x000000074bb00000|100%| E|CS|TAMS 0x000000074ba00000, 0x000000074ba00000| Complete 
| 159|0x000000074bb00000, 0x000000074bc00000, 0x000000074bc00000|100%| E|CS|TAMS 0x000000074bb00000, 0x000000074bb00000| Complete 
| 160|0x000000074bc00000, 0x000000074bd00000, 0x000000074bd00000|100%| E|CS|TAMS 0x000000074bc00000, 0x000000074bc00000| Complete 
| 161|0x000000074bd00000, 0x000000074be00000, 0x000000074be00000|100%| E|CS|TAMS 0x000000074bd00000, 0x000000074bd00000| Complete 
| 162|0x000000074be00000, 0x000000074bf00000, 0x000000074bf00000|100%| E|CS|TAMS 0x000000074be00000, 0x000000074be00000| Complete 
| 163|0x000000074bf00000, 0x000000074bf40708, 0x000000074c000000| 25%| S|CS|TAMS 0x000000074bf00000, 0x000000074bf00000| Complete 
| 164|0x000000074c000000, 0x000000074c100000, 0x000000074c100000|100%| S|CS|TAMS 0x000000074c000000, 0x000000074c000000| Complete 
| 165|0x000000074c100000, 0x000000074c200000, 0x000000074c200000|100%| S|CS|TAMS 0x000000074c100000, 0x000000074c100000| Complete 
| 166|0x000000074c200000, 0x000000074c300000, 0x000000074c300000|100%| S|CS|TAMS 0x000000074c200000, 0x000000074c200000| Complete 
| 167|0x000000074c300000, 0x000000074c400000, 0x000000074c400000|100%| S|CS|TAMS 0x000000074c300000, 0x000000074c300000| Complete 
| 168|0x000000074c400000, 0x000000074c500000, 0x000000074c500000|100%| S|CS|TAMS 0x000000074c400000, 0x000000074c400000| Complete 
| 169|0x000000074c500000, 0x000000074c600000, 0x000000074c600000|100%| S|CS|TAMS 0x000000074c500000, 0x000000074c500000| Complete 
| 170|0x000000074c600000, 0x000000074c700000, 0x000000074c700000|100%| S|CS|TAMS 0x000000074c600000, 0x000000074c600000| Complete 
| 171|0x000000074c700000, 0x000000074c800000, 0x000000074c800000|100%| S|CS|TAMS 0x000000074c700000, 0x000000074c700000| Complete 
| 172|0x000000074c800000, 0x000000074c900000, 0x000000074c900000|100%| E|CS|TAMS 0x000000074c800000, 0x000000074c800000| Complete 
| 173|0x000000074c900000, 0x000000074ca00000, 0x000000074ca00000|100%| E|CS|TAMS 0x000000074c900000, 0x000000074c900000| Complete 
| 174|0x000000074ca00000, 0x000000074cb00000, 0x000000074cb00000|100%| E|CS|TAMS 0x000000074ca00000, 0x000000074ca00000| Complete 
| 175|0x000000074cb00000, 0x000000074cc00000, 0x000000074cc00000|100%| E|CS|TAMS 0x000000074cb00000, 0x000000074cb00000| Complete 
| 176|0x000000074cc00000, 0x000000074cd00000, 0x000000074cd00000|100%| E|CS|TAMS 0x000000074cc00000, 0x000000074cc00000| Complete 
| 177|0x000000074cd00000, 0x000000074ce00000, 0x000000074ce00000|100%| E|CS|TAMS 0x000000074cd00000, 0x000000074cd00000| Complete 
| 178|0x000000074ce00000, 0x000000074cf00000, 0x000000074cf00000|100%| E|CS|TAMS 0x000000074ce00000, 0x000000074ce00000| Complete 
| 179|0x000000074cf00000, 0x000000074d000000, 0x000000074d000000|100%| E|CS|TAMS 0x000000074cf00000, 0x000000074cf00000| Complete 
| 180|0x000000074d000000, 0x000000074d100000, 0x000000074d100000|100%| E|CS|TAMS 0x000000074d000000, 0x000000074d000000| Complete 
| 181|0x000000074d100000, 0x000000074d200000, 0x000000074d200000|100%| E|CS|TAMS 0x000000074d100000, 0x000000074d100000| Complete 
| 182|0x000000074d200000, 0x000000074d300000, 0x000000074d300000|100%| E|CS|TAMS 0x000000074d200000, 0x000000074d200000| Complete 
| 183|0x000000074d300000, 0x000000074d400000, 0x000000074d400000|100%| E|CS|TAMS 0x000000074d300000, 0x000000074d300000| Complete 
| 184|0x000000074d400000, 0x000000074d500000, 0x000000074d500000|100%| E|CS|TAMS 0x000000074d400000, 0x000000074d400000| Complete 
| 185|0x000000074d500000, 0x000000074d600000, 0x000000074d600000|100%| E|CS|TAMS 0x000000074d500000, 0x000000074d500000| Complete 
| 186|0x000000074d600000, 0x000000074d700000, 0x000000074d700000|100%| E|CS|TAMS 0x000000074d600000, 0x000000074d600000| Complete 
| 187|0x000000074d700000, 0x000000074d800000, 0x000000074d800000|100%| E|CS|TAMS 0x000000074d700000, 0x000000074d700000| Complete 
| 188|0x000000074d800000, 0x000000074d900000, 0x000000074d900000|100%| E|CS|TAMS 0x000000074d800000, 0x000000074d800000| Complete 
| 189|0x000000074d900000, 0x000000074da00000, 0x000000074da00000|100%| E|CS|TAMS 0x000000074d900000, 0x000000074d900000| Complete 
| 190|0x000000074da00000, 0x000000074db00000, 0x000000074db00000|100%| E|CS|TAMS 0x000000074da00000, 0x000000074da00000| Complete 
| 191|0x000000074db00000, 0x000000074dc00000, 0x000000074dc00000|100%| E|CS|TAMS 0x000000074db00000, 0x000000074db00000| Complete 

Card table byte_map: [0x000001f1cd4d0000,0x000001f1cdad0000] _byte_map_base: 0x000001f1c9ac2000

Marking Bits (Prev, Next): (CMBitMap*) 0x000001f1b9f7dfb8, (CMBitMap*) 0x000001f1b9f7dff0
 Prev Bits: [0x000001f1ce0d0000, 0x000001f1d1060000)
 Next Bits: [0x000001f1d1060000, 0x000001f1d3ff0000)

Polling page: 0x000001f1b8670000

Metaspace:

Usage:
  Non-class:     37.67 MB capacity,    37.41 MB (>99%) used,   206.09 KB ( <1%) free+waste,    61.31 KB ( <1%) overhead. 
      Class:      5.24 MB capacity,     5.07 MB ( 97%) used,   152.27 KB (  3%) free+waste,    26.13 KB ( <1%) overhead. 
       Both:     42.91 MB capacity,    42.48 MB ( 99%) used,   358.36 KB ( <1%) free+waste,    87.44 KB ( <1%) overhead. 

Virtual space:
  Non-class space:       38.00 MB reserved,      37.71 MB (>99%) committed 
      Class space:        1.00 GB reserved,       5.32 MB ( <1%) committed 
             Both:        1.04 GB reserved,      43.03 MB (  4%) committed 

Chunk freelists:
   Non-Class:  38.00 KB
       Class:  6.00 KB
        Both:  44.00 KB

MaxMetaspaceSize: 17179869184.00 GB
CompressedClassSpaceSize: 1.00 GB

CodeHeap 'non-profiled nmethods': size=120064Kb used=1155Kb max_used=1155Kb free=118908Kb
 bounds [0x000001f1c5370000, 0x000001f1c55e0000, 0x000001f1cc8b0000]
CodeHeap 'profiled nmethods': size=120000Kb used=5906Kb max_used=5906Kb free=114093Kb
 bounds [0x000001f1bde40000, 0x000001f1be410000, 0x000001f1c5370000]
CodeHeap 'non-nmethods': size=5696Kb used=1182Kb max_used=1218Kb free=4513Kb
 bounds [0x000001f1bd8b0000, 0x000001f1bdb20000, 0x000001f1bde40000]
 total_blobs=3448 nmethods=2923 adapters=435
 compilation: enabled
              stopped_count=0, restarted_count=0
 full_count=0

Compilation events (20 events):
Event: 3.077 Thread 0x000001f1d6ef1800 nmethod 2893 0x000001f1be3f4a90 code [0x000001f1be3f4c60, 0x000001f1be3f4f38]
Event: 3.079 Thread 0x000001f1d6ef1800 2894       1       kotlin.Pair::component1 (5 bytes)
Event: 3.079 Thread 0x000001f1d6ef1800 nmethod 2894 0x000001f1c548ef90 code [0x000001f1c548f140, 0x000001f1c548f1f8]
Event: 3.079 Thread 0x000001f1d6ef1800 2895       3       kotlin.LazyKt__LazyJVMKt::lazy (21 bytes)
Event: 3.080 Thread 0x000001f1d6ef1800 nmethod 2895 0x000001f1be3f5010 code [0x000001f1be3f5260, 0x000001f1be3f5908]
Event: 3.080 Thread 0x000001f1d6ef1800 2896       3       java.text.StringCharacterIterator::next (46 bytes)
Event: 3.080 Thread 0x000001f1d6ef1800 nmethod 2896 0x000001f1be3f5b90 code [0x000001f1be3f5da0, 0x000001f1be3f6398]
Event: 3.081 Thread 0x000001f1d6ef1800 2897       3       org.jetbrains.org.objectweb.asm.ClassReader::readUtf (44 bytes)
Event: 3.081 Thread 0x000001f1d6ef1800 nmethod 2897 0x000001f1be3f6610 code [0x000001f1be3f6800, 0x000001f1be3f6c88]
Event: 3.081 Thread 0x000001f1d6ef1800 2898       3       org.jetbrains.kotlin.load.java.structure.impl.classFiles.CommonMixinsKt::isSet (12 bytes)
Event: 3.081 Thread 0x000001f1d6ef1800 nmethod 2898 0x000001f1be3f6f10 code [0x000001f1be3f70c0, 0x000001f1be3f71f8]
Event: 3.091 Thread 0x000001f1d7088000 2899       4       java.lang.String::equalsIgnoreCase (45 bytes)
Event: 3.094 Thread 0x000001f1d6ef1800 2900       3       org.jetbrains.kotlin.name.FqName::<init> (18 bytes)
Event: 3.094 Thread 0x000001f1d6ef1800 nmethod 2900 0x000001f1be3f7290 code [0x000001f1be3f7460, 0x000001f1be3f7688]
Event: 3.094 Thread 0x000001f1d6ef1800 2901       3       org.jetbrains.kotlin.name.FqNameUnsafe::asString (13 bytes)
Event: 3.094 Thread 0x000001f1d6ef1800 nmethod 2901 0x000001f1be3f7790 code [0x000001f1be3f7940, 0x000001f1be3f7ac8]
Event: 3.094 Thread 0x000001f1d6ef1800 2902       3       org.jetbrains.kotlin.name.FqName::asString (16 bytes)
Event: 3.094 Thread 0x000001f1d6ef1800 nmethod 2902 0x000001f1be3f7b90 code [0x000001f1be3f7d60, 0x000001f1be3f7fb8]
Event: 3.094 Thread 0x000001f1d6ef1800 2903       3       org.jetbrains.kotlin.name.Name::asString (13 bytes)
Event: 3.095 Thread 0x000001f1d6ef1800 nmethod 2903 0x000001f1be3f8110 code [0x000001f1be3f82c0, 0x000001f1be3f8448]

GC Heap History (8 events):
Event: 0.386 GC heap before
{Heap before GC invocations=0 (full 0):
 garbage-first heap   total 196608K, used 17408K [0x0000000741c00000, 0x0000000800000000)
  region size 1024K, 14 young (14336K), 0 survivors (0K)
 Metaspace       used 9769K, capacity 9871K, committed 10112K, reserved 1058816K
  class space    used 829K, capacity 884K, committed 896K, reserved 1048576K
}
Event: 0.388 GC heap after
{Heap after GC invocations=1 (full 0):
 garbage-first heap   total 196608K, used 5130K [0x0000000741c00000, 0x0000000800000000)
  region size 1024K, 2 young (2048K), 2 survivors (2048K)
 Metaspace       used 9769K, capacity 9871K, committed 10112K, reserved 1058816K
  class space    used 829K, capacity 884K, committed 896K, reserved 1048576K
}
Event: 1.414 GC heap before
{Heap before GC invocations=1 (full 0):
 garbage-first heap   total 196608K, used 51210K [0x0000000741c00000, 0x0000000800000000)
  region size 1024K, 48 young (49152K), 2 survivors (2048K)
 Metaspace       used 21033K, capacity 21220K, committed 21248K, reserved 1069056K
  class space    used 2219K, capacity 2284K, committed 2304K, reserved 1048576K
}
Event: 1.424 GC heap after
{Heap after GC invocations=2 (full 0):
 garbage-first heap   total 196608K, used 9340K [0x0000000741c00000, 0x0000000800000000)
  region size 1024K, 7 young (7168K), 7 survivors (7168K)
 Metaspace       used 21033K, capacity 21220K, committed 21248K, reserved 1069056K
  class space    used 2219K, capacity 2284K, committed 2304K, reserved 1048576K
}
Event: 2.276 GC heap before
{Heap before GC invocations=3 (full 0):
 garbage-first heap   total 196608K, used 68732K [0x0000000741c00000, 0x0000000800000000)
  region size 1024K, 57 young (58368K), 7 survivors (7168K)
 Metaspace       used 31959K, capacity 32386K, committed 32764K, reserved 1077248K
  class space    used 3788K, capacity 3951K, committed 4092K, reserved 1048576K
}
Event: 2.294 GC heap after
{Heap after GC invocations=4 (full 0):
 garbage-first heap   total 196608K, used 23784K [0x0000000741c00000, 0x0000000800000000)
  region size 1024K, 6 young (6144K), 6 survivors (6144K)
 Metaspace       used 31959K, capacity 32386K, committed 32764K, reserved 1077248K
  class space    used 3788K, capacity 3951K, committed 4092K, reserved 1048576K
}
Event: 2.569 GC heap before
{Heap before GC invocations=4 (full 0):
 garbage-first heap   total 196608K, used 43240K [0x0000000741c00000, 0x0000000800000000)
  region size 1024K, 26 young (26624K), 6 survivors (6144K)
 Metaspace       used 35559K, capacity 35981K, committed 36048K, reserved 1081344K
  class space    used 4158K, capacity 4315K, committed 4348K, reserved 1048576K
}
Event: 2.580 GC heap after
{Heap after GC invocations=5 (full 0):
 garbage-first heap   total 196608K, used 26089K [0x0000000741c00000, 0x0000000800000000)
  region size 1024K, 9 young (9216K), 9 survivors (9216K)
 Metaspace       used 35559K, capacity 35981K, committed 36048K, reserved 1081344K
  class space    used 4158K, capacity 4315K, committed 4348K, reserved 1048576K
}

Deoptimization events (20 events):
Event: 3.017 Thread 0x000001f1b9f2c000 Uncommon trap: trap_request=0xffffffc6 fr.pc=0x000001f1c545d6e4 relative=0x0000000000000184
Event: 3.017 Thread 0x000001f1b9f2c000 Uncommon trap: reason=bimorphic_or_optimized_type_check action=maybe_recompile pc=0x000001f1c545d6e4 method=java.util.AbstractList$Itr.next()Ljava/lang/Object; @ 14 c2
Event: 3.017 Thread 0x000001f1b9f2c000 DEOPT PACKING pc=0x000001f1c545d6e4 sp=0x000000a116ffbfd0
Event: 3.017 Thread 0x000001f1b9f2c000 DEOPT UNPACKING pc=0x000001f1bd8d772f sp=0x000000a116ffbf78 mode 2
Event: 3.017 Thread 0x000001f1b9f2c000 Uncommon trap: trap_request=0xffffffc6 fr.pc=0x000001f1c545d6e4 relative=0x0000000000000184
Event: 3.017 Thread 0x000001f1b9f2c000 Uncommon trap: reason=bimorphic_or_optimized_type_check action=maybe_recompile pc=0x000001f1c545d6e4 method=java.util.AbstractList$Itr.next()Ljava/lang/Object; @ 14 c2
Event: 3.017 Thread 0x000001f1b9f2c000 DEOPT PACKING pc=0x000001f1c545d6e4 sp=0x000000a116ffbfd0
Event: 3.017 Thread 0x000001f1b9f2c000 DEOPT UNPACKING pc=0x000001f1bd8d772f sp=0x000000a116ffbf78 mode 2
Event: 3.017 Thread 0x000001f1b9f2c000 Uncommon trap: trap_request=0xffffffc6 fr.pc=0x000001f1c545d6e4 relative=0x0000000000000184
Event: 3.017 Thread 0x000001f1b9f2c000 Uncommon trap: reason=bimorphic_or_optimized_type_check action=maybe_recompile pc=0x000001f1c545d6e4 method=java.util.AbstractList$Itr.next()Ljava/lang/Object; @ 14 c2
Event: 3.017 Thread 0x000001f1b9f2c000 DEOPT PACKING pc=0x000001f1c545d6e4 sp=0x000000a116ffbfd0
Event: 3.017 Thread 0x000001f1b9f2c000 DEOPT UNPACKING pc=0x000001f1bd8d772f sp=0x000000a116ffbf78 mode 2
Event: 3.017 Thread 0x000001f1b9f2c000 Uncommon trap: trap_request=0xffffffc6 fr.pc=0x000001f1c545d6e4 relative=0x0000000000000184
Event: 3.017 Thread 0x000001f1b9f2c000 Uncommon trap: reason=bimorphic_or_optimized_type_check action=maybe_recompile pc=0x000001f1c545d6e4 method=java.util.AbstractList$Itr.next()Ljava/lang/Object; @ 14 c2
Event: 3.017 Thread 0x000001f1b9f2c000 DEOPT PACKING pc=0x000001f1c545d6e4 sp=0x000000a116ffbfd0
Event: 3.017 Thread 0x000001f1b9f2c000 DEOPT UNPACKING pc=0x000001f1bd8d772f sp=0x000000a116ffbf78 mode 2
Event: 3.043 Thread 0x000001f1b9f2c000 Uncommon trap: trap_request=0xffffffc6 fr.pc=0x000001f1c5426590 relative=0x0000000000001470
Event: 3.043 Thread 0x000001f1b9f2c000 Uncommon trap: reason=bimorphic_or_optimized_type_check action=maybe_recompile pc=0x000001f1c5426590 method=java.util.zip.ZipFile.getZipEntry(Ljava/lang/String;[BILjava/util/function/Function;)Ljava/util/zip/ZipEntry; @ 108 c2
Event: 3.043 Thread 0x000001f1b9f2c000 DEOPT PACKING pc=0x000001f1c5426590 sp=0x000000a116ffbb60
Event: 3.043 Thread 0x000001f1b9f2c000 DEOPT UNPACKING pc=0x000001f1bd8d772f sp=0x000000a116ffbb18 mode 2

Classes redefined (0 events):
No events

Internal exceptions (20 events):
Event: 1.349 Thread 0x000001f1b9f2c000 Exception <a 'java/lang/NoSuchMethodError'{0x000000074b10b0e0}: 'long java.lang.invoke.DirectMethodHandle$Holder.invokeStatic(java.lang.Object)'> (0x000000074b10b0e0) thrown at [./src/hotspot/share/interpreter/linkResolver.cpp, line 773]
Event: 1.349 Thread 0x000001f1b9f2c000 Exception <a 'java/lang/NoSuchMethodError'{0x000000074b10df38}: 'long java.lang.invoke.DirectMethodHandle$Holder.invokeStaticInit(java.lang.Object)'> (0x000000074b10df38) thrown at [./src/hotspot/share/interpreter/linkResolver.cpp, line 773]
Event: 1.389 Thread 0x000001f1b9f2c000 Exception <a 'java/lang/NoSuchMethodError'{0x000000074ae7e2c0}: 'int java.lang.invoke.DirectMethodHandle$Holder.invokeStaticInit(java.lang.Object, java.lang.Object, java.lang.Object)'> (0x000000074ae7e2c0) thrown at [./src/hotspot/share/interpreter/linkResolver.cpp, line 773]
Event: 1.393 Thread 0x000001f1b9f2c000 Exception <a 'java/lang/NoSuchMethodError'{0x000000074aeaa388}: 'int java.lang.invoke.DirectMethodHandle$Holder.invokeStaticInit(java.lang.Object, java.lang.Object)'> (0x000000074aeaa388) thrown at [./src/hotspot/share/interpreter/linkResolver.cpp, line 773]
Event: 1.584 Thread 0x000001f1b9f2c000 Exception <a 'java/lang/NoSuchMethodError'{0x000000074d344600}: 'java.lang.Object java.lang.invoke.DirectMethodHandle$Holder.invokeStatic(java.lang.Object, java.lang.Object, java.lang.Object, java.lang.Object, java.lang.Object, java.lang.Object, java.lang.Object, java.lang.Object, java.lang.Object, java.lang.Object, java.lang.Object, java.lang.Object, java.lang.Object, java.lang.Object, java.lang.Object)'> (0x000000074d344600) thrown at [./src/hotspot/share/interpreter/linkResolver.cpp, line 773]
Event: 1.586 Thread 0x000001f1b9f2c000 Exception <a 'java/lang/NoSuchMethodError'{0x000000074d3529d8}: 'java.lang.Object java.lang.invoke.DirectMethodHandle$Holder.invokeStatic(java.lang.Object, java.lang.Object, java.lang.Object, java.lang.Object, java.lang.Object, java.lang.Object, java.lang.Object, java.lang.Object, java.lang.Object, java.lang.Object, java.lang.Object, java.lang.Object, java.lang.Object, java.lang.Object, java.lang.Object, java.lang.Object)'> (0x000000074d3529d8) thrown at [./src/hotspot/share/interpreter/linkResolver.cpp, l
Event: 1.587 Thread 0x000001f1b9f2c000 Exception <a 'java/lang/NoSuchMethodError'{0x000000074d3608f0}: 'java.lang.Object java.lang.invoke.DirectMethodHandle$Holder.invokeSpecial(java.lang.Object, java.lang.Object, int, int, java.lang.Object, java.lang.Object, java.lang.Object)'> (0x000000074d3608f0) thrown at [./src/hotspot/share/interpreter/linkResolver.cpp, line 773]
Event: 1.587 Thread 0x000001f1b9f2c000 Exception <a 'java/lang/NoSuchMethodError'{0x000000074d364128}: 'java.lang.Object java.lang.invoke.DelegatingMethodHandle$Holder.reinvoke_L(java.lang.Object, int, int, java.lang.Object, java.lang.Object, java.lang.Object)'> (0x000000074d364128) thrown at [./src/hotspot/share/interpreter/linkResolver.cpp, line 773]
Event: 1.588 Thread 0x000001f1b9f2c000 Exception <a 'java/lang/NoSuchMethodError'{0x000000074d3684b0}: 'java.lang.Object java.lang.invoke.DirectMethodHandle$Holder.invokeStatic(java.lang.Object, java.lang.Object, java.lang.Object, java.lang.Object, int)'> (0x000000074d3684b0) thrown at [./src/hotspot/share/interpreter/linkResolver.cpp, line 773]
Event: 1.623 Thread 0x000001f1b9f2c000 Implicit null exception at 0x000001f1c53f752c to 0x000001f1c53f76da
Event: 1.649 Thread 0x000001f1b9f2c000 Exception <a 'java/lang/NoSuchMethodError'{0x000000074cece800}: 'void java.lang.invoke.DirectMethodHandle$Holder.invokeStatic(java.lang.Object, java.lang.Object, java.lang.Object, java.lang.Object)'> (0x000000074cece800) thrown at [./src/hotspot/share/interpreter/linkResolver.cpp, line 773]
Event: 1.666 Thread 0x000001f1b9f2c000 Exception <a 'java/lang/NoSuchMethodError'{0x000000074cc1f688}: 'void java.lang.invoke.DirectMethodHandle$Holder.invokeSpecial(java.lang.Object, java.lang.Object)'> (0x000000074cc1f688) thrown at [./src/hotspot/share/interpreter/linkResolver.cpp, line 773]
Event: 1.697 Thread 0x000001f1b9f2c000 Exception <a 'java/lang/NoSuchMethodError'{0x000000074cac7868}: 'void java.lang.invoke.DirectMethodHandle$Holder.invokeStaticInit(java.lang.Object, java.lang.Object)'> (0x000000074cac7868) thrown at [./src/hotspot/share/interpreter/linkResolver.cpp, line 773]
Event: 1.704 Thread 0x000001f1b9f2c000 Exception <a 'java/lang/NoSuchMethodError'{0x000000074c906658}: 'void java.lang.invoke.DirectMethodHandle$Holder.invokeInterface(java.lang.Object, java.lang.Object)'> (0x000000074c906658) thrown at [./src/hotspot/share/interpreter/linkResolver.cpp, line 773]
Event: 1.764 Thread 0x000001f1b9f2c000 Exception <a 'java/lang/NoSuchMethodError'{0x000000074c593158}: 'void java.lang.invoke.DirectMethodHandle$Holder.invokeVirtual(java.lang.Object, java.lang.Object)'> (0x000000074c593158) thrown at [./src/hotspot/share/interpreter/linkResolver.cpp, line 773]
Event: 1.772 Thread 0x000001f1b9f2c000 Exception <a 'java/lang/NoSuchMethodError'{0x000000074c40a870}: 'int java.lang.invoke.DirectMethodHandle$Holder.invokeVirtual(java.lang.Object, java.lang.Object)'> (0x000000074c40a870) thrown at [./src/hotspot/share/interpreter/linkResolver.cpp, line 773]
Event: 2.376 Thread 0x000001f1b9f2c000 Exception <a 'java/lang/NoSuchMethodError'{0x000000074d772608}: 'java.lang.Object java.lang.invoke.DirectMethodHandle$Holder.invokeVirtual(java.lang.Object, java.lang.Object, java.lang.Object)'> (0x000000074d772608) thrown at [./src/hotspot/share/interpreter/linkResolver.cpp, line 773]
Event: 2.981 Thread 0x000001f1b9f2c000 Exception <a 'java/lang/NoSuchMethodError'{0x000000074b995af8}: 'java.lang.Object java.lang.invoke.DirectMethodHandle$Holder.invokeStatic(java.lang.Object, java.lang.Object, java.lang.Object, int)'> (0x000000074b995af8) thrown at [./src/hotspot/share/interpreter/linkResolver.cpp, line 773]
Event: 2.982 Thread 0x000001f1b9f2c000 Exception <a 'java/lang/NoSuchMethodError'{0x000000074b999768}: 'java.lang.Object java.lang.invoke.DirectMethodHandle$Holder.invokeSpecial(java.lang.Object, java.lang.Object, java.lang.Object, java.lang.Object, int)'> (0x000000074b999768) thrown at [./src/hotspot/share/interpreter/linkResolver.cpp, line 773]
Event: 2.982 Thread 0x000001f1b9f2c000 Exception <a 'java/lang/NoSuchMethodError'{0x000000074b99ca78}: 'java.lang.Object java.lang.invoke.Invokers$Holder.linkToTargetMethod(java.lang.Object, java.lang.Object, int, java.lang.Object)'> (0x000000074b99ca78) thrown at [./src/hotspot/share/interpreter/linkResolver.cpp, line 773]

Events (20 events):
Event: 3.091 loading class org/jetbrains/kotlin/descriptors/ModuleDescriptor$DefaultImpls
Event: 3.091 loading class org/jetbrains/kotlin/descriptors/ModuleDescriptor$DefaultImpls done
Event: 3.091 loading class org/jetbrains/kotlin/descriptors/impl/TypeAliasConstructorDescriptor
Event: 3.091 loading class org/jetbrains/kotlin/descriptors/impl/TypeAliasConstructorDescriptor done
Event: 3.091 loading class org/jetbrains/kotlin/descriptors/impl/DescriptorDerivedFromTypeAlias
Event: 3.091 loading class org/jetbrains/kotlin/descriptors/impl/DescriptorDerivedFromTypeAlias done
Event: 3.091 loading class org/jetbrains/kotlin/resolve/PlatformClassesMappedToKotlinChecker
Event: 3.091 loading class org/jetbrains/kotlin/resolve/PlatformClassesMappedToKotlinChecker done
Event: 3.092 loading class org/jetbrains/kotlin/builtins/jvm/JavaToKotlinClassMap
Event: 3.092 loading class org/jetbrains/kotlin/builtins/jvm/JavaToKotlinClassMap done
Event: 3.093 loading class org/jetbrains/kotlin/builtins/jvm/JavaToKotlinClassMap$PlatformMutabilityMapping
Event: 3.093 loading class org/jetbrains/kotlin/builtins/jvm/JavaToKotlinClassMap$PlatformMutabilityMapping done
Event: 3.094 loading class org/jetbrains/kotlin/name/FqNamesUtilKt
Event: 3.094 loading class org/jetbrains/kotlin/name/FqNamesUtilKt done
Event: 3.095 loading class org/jetbrains/kotlin/resolve/jvm/JvmPrimitiveType
Event: 3.095 loading class org/jetbrains/kotlin/resolve/jvm/JvmPrimitiveType done
Event: 3.095 loading class org/jetbrains/kotlin/builtins/CompanionObjectMapping
Event: 3.095 loading class org/jetbrains/kotlin/builtins/CompanionObjectMapping done
Event: 3.096 loading class org/jetbrains/kotlin/builtins/CompanionObjectMapping$classIds$1
Event: 3.096 loading class org/jetbrains/kotlin/builtins/CompanionObjectMapping$classIds$1 done


Dynamic libraries:
0x00007ff6594a0000 - 0x00007ff6594aa000 	C:\Program Files\Android\Android Studio\jre\bin\java.exe
0x00007ffb5eef0000 - 0x00007ffb5f0e5000 	C:\WINDOWS\SYSTEM32\ntdll.dll
0x00007ffb5cfa0000 - 0x00007ffb5d05e000 	C:\WINDOWS\System32\KERNEL32.DLL
0x00007ffb5c980000 - 0x00007ffb5cc49000 	C:\WINDOWS\System32\KERNELBASE.dll
0x00007ffb5c640000 - 0x00007ffb5c740000 	C:\WINDOWS\System32\ucrtbase.dll
0x00007ffb574f0000 - 0x00007ffb57507000 	C:\Program Files\Android\Android Studio\jre\bin\VCRUNTIME140.dll
0x00007ffb574d0000 - 0x00007ffb574e9000 	C:\Program Files\Android\Android Studio\jre\bin\jli.dll
0x00007ffb5e8b0000 - 0x00007ffb5ea51000 	C:\WINDOWS\System32\USER32.dll
0x00007ffb4cc70000 - 0x00007ffb4cf0a000 	C:\WINDOWS\WinSxS\amd64_microsoft.windows.common-controls_6595b64144ccf1df_6.0.19041.1110_none_60b5254171f9507e\COMCTL32.dll
0x00007ffb5ce60000 - 0x00007ffb5ce82000 	C:\WINDOWS\System32\win32u.dll
0x00007ffb5ddb0000 - 0x00007ffb5de4e000 	C:\WINDOWS\System32\msvcrt.dll
0x00007ffb5d750000 - 0x00007ffb5d77b000 	C:\WINDOWS\System32\GDI32.dll
0x00007ffb5c7d0000 - 0x00007ffb5c8db000 	C:\WINDOWS\System32\gdi32full.dll
0x00007ffb5c8e0000 - 0x00007ffb5c97d000 	C:\WINDOWS\System32\msvcp_win.dll
0x00007ffb5dd80000 - 0x00007ffb5ddb0000 	C:\WINDOWS\System32\IMM32.DLL
0x00007ffb3d090000 - 0x00007ffb3d12d000 	C:\Program Files\Android\Android Studio\jre\bin\msvcp140.dll
0x00007ffb23390000 - 0x00007ffb23e4c000 	C:\Program Files\Android\Android Studio\jre\bin\server\jvm.dll
0x00007ffb5ece0000 - 0x00007ffb5ed8c000 	C:\WINDOWS\System32\ADVAPI32.dll
0x00007ffb5e590000 - 0x00007ffb5e62b000 	C:\WINDOWS\System32\sechost.dll
0x00007ffb5d060000 - 0x00007ffb5d18a000 	C:\WINDOWS\System32\RPCRT4.dll
0x00007ffb5e840000 - 0x00007ffb5e848000 	C:\WINDOWS\System32\PSAPI.DLL
0x00007ffb48ea0000 - 0x00007ffb48ea9000 	C:\WINDOWS\SYSTEM32\WSOCK32.dll
0x00007ffb54c60000 - 0x00007ffb54c6a000 	C:\WINDOWS\SYSTEM32\VERSION.dll
0x00007ffb5d780000 - 0x00007ffb5d7eb000 	C:\WINDOWS\System32\WS2_32.dll
0x00007ffb4cb10000 - 0x00007ffb4cb37000 	C:\WINDOWS\SYSTEM32\WINMM.dll
0x00007ffb5b1e0000 - 0x00007ffb5b1f2000 	C:\WINDOWS\SYSTEM32\kernel.appcore.dll
0x00007ffb4f590000 - 0x00007ffb4f5a1000 	C:\Program Files\Android\Android Studio\jre\bin\verify.dll
0x00007ffb5aeb0000 - 0x00007ffb5b094000 	C:\WINDOWS\SYSTEM32\DBGHELP.DLL
0x00007ffb46580000 - 0x00007ffb465ac000 	C:\WINDOWS\SYSTEM32\dbgcore.DLL
0x00007ffb5c740000 - 0x00007ffb5c7c3000 	C:\WINDOWS\System32\bcryptPrimitives.dll
0x00007ffb3f840000 - 0x00007ffb3f869000 	C:\Program Files\Android\Android Studio\jre\bin\java.dll
0x00007ffb57460000 - 0x00007ffb5746b000 	C:\Program Files\Android\Android Studio\jre\bin\jimage.dll
0x00007ffb4a5f0000 - 0x00007ffb4a608000 	C:\Program Files\Android\Android Studio\jre\bin\zip.dll
0x00007ffb5de50000 - 0x00007ffb5e58f000 	C:\WINDOWS\System32\SHELL32.dll
0x00007ffb5a300000 - 0x00007ffb5aa90000 	C:\WINDOWS\SYSTEM32\windows.storage.dll
0x00007ffb5d850000 - 0x00007ffb5dba5000 	C:\WINDOWS\System32\combase.dll
0x00007ffb5bf90000 - 0x00007ffb5bfbc000 	C:\WINDOWS\SYSTEM32\Wldp.dll
0x00007ffb5dc10000 - 0x00007ffb5dcbe000 	C:\WINDOWS\System32\SHCORE.dll
0x00007ffb5e850000 - 0x00007ffb5e8a5000 	C:\WINDOWS\System32\shlwapi.dll
0x00007ffb5c550000 - 0x00007ffb5c56f000 	C:\WINDOWS\SYSTEM32\profapi.dll
0x00007ffb3f350000 - 0x00007ffb3f36a000 	C:\Program Files\Android\Android Studio\jre\bin\net.dll
0x00007ffb49e40000 - 0x00007ffb49f48000 	C:\WINDOWS\SYSTEM32\WINHTTP.dll
0x00007ffb5bcf0000 - 0x00007ffb5bd5a000 	C:\WINDOWS\system32\mswsock.dll
0x00007ffb3f330000 - 0x00007ffb3f344000 	C:\Program Files\Android\Android Studio\jre\bin\nio.dll

dbghelp: loaded successfully - version: 4.0.5 - missing functions: none
symbol engine: initialized successfully - sym options: 0x614 - pdb path: .;C:\Program Files\Android\Android Studio\jre\bin;C:\WINDOWS\SYSTEM32;C:\WINDOWS\WinSxS\amd64_microsoft.windows.common-controls_6595b64144ccf1df_6.0.19041.1110_none_60b5254171f9507e;C:\Program Files\Android\Android Studio\jre\bin\server

VM Arguments:
java_command: org.jetbrains.kotlin.cli.jvm.K2JVMCompiler @C:\Users\asus\Desktop\MyNotebookProject\app\build\20210928_1969906228062637642.compiler.options
java_class_path (initial): C:\Users\asus\Desktop\JavaLearning\caches\modules-2\files-2.1\org.jetbrains.kotlin\kotlin-compiler-embeddable\1.5.0\6e53e0ca3cf7eff1a4df71171c8f9604b983e1d6\kotlin-compiler-embeddable-1.5.0.jar;C:\Users\asus\Desktop\JavaLearning\caches\modules-2\files-2.1\org.jetbrains.kotlin\kotlin-reflect\1.5.0\47806fe8ed30dbdf9e697eda5e9c9a3905ff3363\kotlin-reflect-1.5.0.jar;C:\Users\asus\Desktop\JavaLearning\caches\modules-2\files-2.1\org.jetbrains.kotlin\kotlin-stdlib\1.5.0\29dae2501ca094416d15af0e21470cb634780444\kotlin-stdlib-1.5.0.jar;C:\Users\asus\Desktop\JavaLearning\caches\modules-2\files-2.1\org.jetbrains.kotlin\kotlin-script-runtime\1.5.0\a2d66828077376fc1851a6fdbf25865935f4101d\kotlin-script-runtime-1.5.0.jar;C:\Users\asus\Desktop\JavaLearning\caches\modules-2\files-2.1\org.jetbrains.kotlin\kotlin-daemon-embeddable\1.5.0\7f3567acfef59ff865a99a584d814bde87226dd5\kotlin-daemon-embeddable-1.5.0.jar;C:\Users\asus\Desktop\JavaLearning\caches\modules-2\files-2.1\org.jetbrains.intellij.deps\trove4j\1.0.20181211\216c2e14b070f334479d800987affe4054cd563f\trove4j-1.0.20181211.jar;C:\Users\asus\Desktop\JavaLearning\caches\modules-2\files-2.1\org.jetbrains\annotations\13.0\919f0dfe192fb4e063e7dacadee7f8bb9a2672a9\annotations-13.0.jar;C:\Users\asus\Desktop\JavaLearning\caches\modules-2\files-2.1\org.jetbrains.kotlin\kotlin-stdlib-common\1.5.0\4080d69efca5e39e9b4972f125e40f1607bd6460\kotlin-stdlib-common-1.5.0.jar
Launcher Type: SUN_STANDARD

[Global flags]
     intx CICompilerCount                          = 3                                         {product} {ergonomic}
     uint ConcGCThreads                            = 1                                         {product} {ergonomic}
     uint G1ConcRefinementThreads                  = 4                                         {product} {ergonomic}
   size_t G1HeapRegionSize                         = 1048576                                   {product} {ergonomic}
    uintx GCDrainStackTargetSize                   = 64                                        {product} {ergonomic}
   size_t InitialHeapSize                          = 201326592                                 {product} {ergonomic}
   size_t MarkStackSize                            = 4194304                                   {product} {ergonomic}
   size_t MaxHeapSize                              = 3191865344                                {product} {ergonomic}
   size_t MaxNewSize                               = 1914699776                                {product} {ergonomic}
   size_t MinHeapDeltaBytes                        = 1048576                                   {product} {ergonomic}
    uintx NonNMethodCodeHeapSize                   = 5830732                                {pd product} {ergonomic}
    uintx NonProfiledCodeHeapSize                  = 122913754                              {pd product} {ergonomic}
    uintx ProfiledCodeHeapSize                     = 122913754                              {pd product} {ergonomic}
    uintx ReservedCodeCacheSize                    = 251658240                              {pd product} {ergonomic}
     bool SegmentedCodeCache                       = true                                      {product} {ergonomic}
     bool UseCompressedClassPointers               = true                                 {lp64_product} {ergonomic}
     bool UseCompressedOops                        = true                                 {lp64_product} {ergonomic}
     bool UseG1GC                                  = true                                      {product} {ergonomic}
     bool UseLargePagesIndividualAllocation        = false                                  {pd product} {ergonomic}

Logging:
Log output configuration:
 #0: stdout all=warning uptime,level,tags
 #1: stderr all=off uptime,level,tags

Environment Variables:
JAVA_HOME=C:\Program Files\Java\jdk-11.0.7
JRE_HOME=C:\Program Files\Java\jre1.8.0_151
PATH=C:\Program Files (x86)\Common Files\Oracle\Java\javapath;C:\Program Files\nodejs;C:\Program Files\Microsoft SQL Server\Client SDK\ODBC\130\Tools\Binn\;C:\Program Files (x86)\Microsoft SQL Server\140\Tools\Binn\;C:\Program Files\Microsoft SQL Server\140\Tools\Binn\;C:\Program Files\Microsoft SQL Server\140\DTS\Binn\;C:\Program Files (x86)\Microsoft SQL Server\150\DTS\Binn\;C:\Program Files\dotnet\;C:\Program Files\Microsoft SQL Server\130\Tools\Binn\;C:\WINDOWS\system32;C:\WINDOWS;C:\WINDOWS\System32\Wbem;C:\WINDOWS\System32\WindowsPowerShell\v1.0\;C:\WINDOWS\System32\OpenSSH\;C:\Program Files\Gauge\bin;C:\Program Files\apache-maven-3.6.3-bin\apache-maven-3.6.3\bin;C:\Program Files\Git\cmd;C:\Program Files (x86)\dotnet\;C:\Program Files (x86)\NVIDIA Corporation\PhysX\Common;C:\Program Files\nodejs\;C:\Program Files\Graphviz\bin;C:\Program Files\MySQL\MySQL Shell 8.0\bin\;C:\Users\asus\Desktop\otomasyon;C:\Users\asus\AppData\Local\Programs\Microsoft VS Code\bin;C:\Users\asus\AppData\Local\Programs\MiKTeX 2.9\miktex\bin\x64\;C:\Users\asus\AppData\Local\Microsoft\WindowsApps;C:\Users\asus\AppData\Roaming\npm;C:\Program Files\Graphviz\bin;
USERNAME=asus
OS=Windows_NT
PROCESSOR_IDENTIFIER=Intel64 Family 6 Model 142 Stepping 9, GenuineIntel



---------------  S Y S T E M  ---------------

OS: Windows 10 , 64 bit Build 19041 (10.0.19041.1202)
OS uptime: 5 days 17:58 hours

CPU:total 4 (initial active 4) (2 cores per cpu, 2 threads per core) family 6 model 142 stepping 9, cmov, cx8, fxsr, mmx, sse, sse2, sse3, ssse3, sse4.1, sse4.2, popcnt, avx, avx2, aes, clmul, erms, 3dnowpref, lzcnt, ht, tsc, tscinvbit, bmi1, bmi2, adx, fma

Memory: 4k page, system-wide physical 12174M (1195M free)
TotalPageFile size 12174M (AvailPageFile size 5M)
current process WorkingSet (physical memory assigned to process): 227M, peak: 227M
current process commit charge ("private bytes"): 370M, peak: 371M

vm_info: OpenJDK 64-Bit Server VM (11.0.8+10-b944.6842174) for windows-amd64 JRE (11.0.8+10-b944.6842174), built on Sep 19 2020 01:11:42 by "builder" with MS VC++ 14.0 (VS2015)

END.
