#
# There is insufficient memory for the Java Runtime Environment to continue.
# Native memory allocation (malloc) failed to allocate 1047216 bytes for Chunk::new
# Possible reasons:
#   The system is out of physical RAM or swap space
#   The process is running with CompressedOops enabled, and the Java Heap may be blocking the growth of the native heap
# Possible solutions:
#   Reduce memory load on the system
#   Increase physical memory or swap space
#   Check if swap backing store is full
#   Decrease Java heap size (-Xmx/-Xms)
#   Decrease number of Java threads
#   Decrease Java thread stack sizes (-Xss)
#   Set larger code cache with -XX:ReservedCodeCacheSize=
#   JVM is running with Unscaled Compressed Oops mode in which the Java heap is
#     placed in the first 4GB address space. The Java Heap base address is the
#     maximum limit for the native heap growth. Please use -XX:HeapBaseMinAddress
#     to set the Java Heap base and to place the Java Heap above 4GB virtual address.
# This output file may be truncated or incomplete.
#
#  Out of Memory Error (./src/hotspot/share/memory/arena.cpp:197), pid=640, tid=8984
#
# JRE version: OpenJDK Runtime Environment (11.0.8+10) (build 11.0.8+10-b944.6842174)
# Java VM: OpenJDK 64-Bit Server VM (11.0.8+10-b944.6842174, mixed mode, tiered, compressed oops, g1 gc, windows-amd64)
# No core dump will be written. Minidumps are not enabled by default on client versions of Windows
#

---------------  S U M M A R Y ------------

Command Line: --add-opens=java.base/java.util=ALL-UNNAMED --add-opens=java.base/java.lang=ALL-UNNAMED --add-opens=java.base/java.lang.invoke=ALL-UNNAMED --add-opens=java.prefs/java.util.prefs=ALL-UNNAMED -Xmx2048m -Dfile.encoding=UTF-8 -Duser.country=TR -Duser.language=tr -Duser.variant org.gradle.launcher.daemon.bootstrap.GradleDaemon 6.7.1

Host: Intel(R) Core(TM) i7-7500U CPU @ 2.70GHz, 4 cores, 11G,  Windows 10 , 64 bit Build 19041 (10.0.19041.1202)
Time: Tue Sep 28 14:21:36 2021 Türkiye Standart Saati elapsed time: 175 seconds (0d 0h 2m 55s)

---------------  T H R E A D  ---------------

Current thread (0x000001d95ccad000):  JavaThread "C2 CompilerThread1" daemon [_thread_in_native, id=8984, stack(0x000000ba03100000,0x000000ba03200000)]


Current CompileTask:
C2: 175136 12510       4       org.codehaus.groovy.runtime.metaclass.MetaMethodIndex::copyNonPrivateNonNewMetaMethods (171 bytes)

Stack: [0x000000ba03100000,0x000000ba03200000]
Native frames: (J=compiled Java code, j=interpreted, Vv=VM code, C=native code)
V  [jvm.dll+0x5de50a]
V  [jvm.dll+0x7122f5]
V  [jvm.dll+0x71384d]
V  [jvm.dll+0x713f03]
V  [jvm.dll+0x23e728]
V  [jvm.dll+0xb899c]
V  [jvm.dll+0xb8e9c]
V  [jvm.dll+0x35024d]
V  [jvm.dll+0x31dea3]
V  [jvm.dll+0x31d39a]
V  [jvm.dll+0x1f7702]
V  [jvm.dll+0x1f68d4]
V  [jvm.dll+0x17f32c]
V  [jvm.dll+0x205047]
V  [jvm.dll+0x203891]
V  [jvm.dll+0x6dad3f]
V  [jvm.dll+0x6d3895]
V  [jvm.dll+0x5dd4a6]
C  [ucrtbase.dll+0x21bb2]
C  [KERNEL32.DLL+0x17034]
C  [ntdll.dll+0x52651]


---------------  P R O C E S S  ---------------

Threads class SMR info:
_java_thread_list=0x000001d95d4b1980, length=33, elements={
0x000001d93bf8d800, 0x000001d955a39000, 0x000001d955a3a800, 0x000001d95624a000,
0x000001d95624c800, 0x000001d95624e800, 0x000001d956293800, 0x000001d956298000,
0x000001d9563fa800, 0x000001d9563fc000, 0x000001d957eed000, 0x000001d9564b1000,
0x000001d957e82000, 0x000001d957d4e800, 0x000001d957d4f800, 0x000001d957d4d000,
0x000001d956875000, 0x000001d956878000, 0x000001d95cca7800, 0x000001d95cca5000,
0x000001d95cca6800, 0x000001d95cca9000, 0x000001d95cca8000, 0x000001d95ccaa000,
0x000001d95ccab800, 0x000001d95cca5800, 0x000001d95ccaa800, 0x000001d95ccb1000,
0x000001d95ccad000, 0x000001d95ccae000, 0x000001d95ccac800, 0x000001d95ccae800,
0x000001d95ccb3000
}

Java Threads: ( => current thread )
  0x000001d93bf8d800 JavaThread "main" [_thread_blocked, id=13356, stack(0x000000ba00e00000,0x000000ba00f00000)]
  0x000001d955a39000 JavaThread "Reference Handler" daemon [_thread_blocked, id=2156, stack(0x000000ba01500000,0x000000ba01600000)]
  0x000001d955a3a800 JavaThread "Finalizer" daemon [_thread_blocked, id=7828, stack(0x000000ba01600000,0x000000ba01700000)]
  0x000001d95624a000 JavaThread "Signal Dispatcher" daemon [_thread_blocked, id=9940, stack(0x000000ba01700000,0x000000ba01800000)]
  0x000001d95624c800 JavaThread "Attach Listener" daemon [_thread_blocked, id=11624, stack(0x000000ba01800000,0x000000ba01900000)]
  0x000001d95624e800 JavaThread "C2 CompilerThread0" daemon [_thread_blocked, id=8428, stack(0x000000ba01900000,0x000000ba01a00000)]
  0x000001d956293800 JavaThread "C1 CompilerThread0" daemon [_thread_blocked, id=8068, stack(0x000000ba01a00000,0x000000ba01b00000)]
  0x000001d956298000 JavaThread "Sweeper thread" daemon [_thread_blocked, id=8248, stack(0x000000ba01b00000,0x000000ba01c00000)]
  0x000001d9563fa800 JavaThread "Common-Cleaner" daemon [_thread_blocked, id=4680, stack(0x000000ba01c00000,0x000000ba01d00000)]
  0x000001d9563fc000 JavaThread "Service Thread" daemon [_thread_blocked, id=8928, stack(0x000000ba01d00000,0x000000ba01e00000)]
  0x000001d957eed000 JavaThread "Daemon health stats" [_thread_blocked, id=10116, stack(0x000000ba02300000,0x000000ba02400000)]
  0x000001d9564b1000 JavaThread "Incoming local TCP Connector on port 57635" [_thread_in_native, id=7976, stack(0x000000ba02500000,0x000000ba02600000)]
  0x000001d957e82000 JavaThread "Daemon periodic checks" [_thread_blocked, id=8920, stack(0x000000ba02600000,0x000000ba02700000)]
  0x000001d957d4e800 JavaThread "Cache worker for file hash cache (C:\Users\asus\Desktop\JavaLearning\caches\6.7.1\fileHashes)" [_thread_blocked, id=12492, stack(0x000000ba02b00000,0x000000ba02c00000)]
  0x000001d957d4f800 JavaThread "File lock request listener" [_thread_in_native, id=12660, stack(0x000000ba02f00000,0x000000ba03000000)]
  0x000001d957d4d000 JavaThread "Cache worker for journal cache (C:\Users\asus\Desktop\JavaLearning\caches\journal-1)" [_thread_blocked, id=7616, stack(0x000000ba03000000,0x000000ba03100000)]
  0x000001d956875000 JavaThread "Cache worker for execution history cache (C:\Users\asus\Desktop\JavaLearning\caches\6.7.1\executionHistory)" [_thread_blocked, id=12756, stack(0x000000ba04a00000,0x000000ba04b00000)]
  0x000001d956878000 JavaThread "Cache worker for file content cache (C:\Users\asus\Desktop\JavaLearning\caches\6.7.1\fileContent)" [_thread_blocked, id=5792, stack(0x000000ba04b00000,0x000000ba04c00000)]
  0x000001d95cca7800 JavaThread "Memory manager" [_thread_blocked, id=11896, stack(0x000000ba0b100000,0x000000ba0b200000)]
  0x000001d95cca5000 JavaThread "Daemon Thread 2" [_thread_blocked, id=4796, stack(0x000000ba00c00000,0x000000ba00d00000)]
  0x000001d95cca6800 JavaThread "Handler for socket connection from /127.0.0.1:57635 to /127.0.0.1:63383" [_thread_in_native, id=2268, stack(0x000000ba00d00000,0x000000ba00e00000)]
  0x000001d95cca9000 JavaThread "Cancel handler" [_thread_blocked, id=11312, stack(0x000000ba02700000,0x000000ba02800000)]
  0x000001d95cca8000 JavaThread "Daemon worker Thread 2" [_thread_in_native, id=13804, stack(0x000000ba02800000,0x000000ba02900000)]
  0x000001d95ccaa000 JavaThread "Asynchronous log dispatcher for DefaultDaemonConnection: socket connection from /127.0.0.1:57635 to /127.0.0.1:63383" [_thread_blocked, id=1512, stack(0x000000ba02900000,0x000000ba02a00000)]
  0x000001d95ccab800 JavaThread "Stdin handler" [_thread_blocked, id=11536, stack(0x000000ba02a00000,0x000000ba02b00000)]
  0x000001d95cca5800 JavaThread "Thread-150" [_thread_blocked, id=11628, stack(0x000000ba02c00000,0x000000ba02d00000)]
  0x000001d95ccaa800 JavaThread "Cache worker for file hash cache (C:\Users\asus\Desktop\MyNotebookProject\.gradle\6.7.1\fileHashes)" [_thread_blocked, id=4048, stack(0x000000ba02d00000,0x000000ba02e00000)]
  0x000001d95ccb1000 JavaThread "Cache worker for checksums cache (C:\Users\asus\Desktop\MyNotebookProject\.gradle\checksums)" [_thread_blocked, id=11212, stack(0x000000ba02e00000,0x000000ba02f00000)]
=>0x000001d95ccad000 JavaThread "C2 CompilerThread1" daemon [_thread_in_native, id=8984, stack(0x000000ba03100000,0x000000ba03200000)]
  0x000001d95ccae000 JavaThread "Cache worker for cache directory md-supplier (C:\Users\asus\Desktop\JavaLearning\caches\6.7.1\md-supplier)" [_thread_blocked, id=4964, stack(0x000000ba03200000,0x000000ba03300000)]
  0x000001d95ccac800 JavaThread "Cache worker for cache directory md-rule (C:\Users\asus\Desktop\JavaLearning\caches\6.7.1\md-rule)" [_thread_blocked, id=14036, stack(0x000000ba03300000,0x000000ba03400000)]
  0x000001d95ccae800 JavaThread "jar transforms Thread 118" [_thread_blocked, id=12792, stack(0x000000ba03400000,0x000000ba03500000)]
  0x000001d95ccb3000 JavaThread "jar transforms Thread 119" [_thread_blocked, id=2456, stack(0x000000ba03500000,0x000000ba03600000)]

Other Threads:
  0x000001d955a21800 VMThread "VM Thread" [stack: 0x000000ba01400000,0x000000ba01500000] [id=10440]
  0x000001d95641c800 WatcherThread [stack: 0x000000ba01e00000,0x000000ba01f00000] [id=9768]
  0x000001d93bfa4000 GCTaskThread "GC Thread#0" [stack: 0x000000ba00f00000,0x000000ba01000000] [id=12020]
  0x000001d956f0a800 GCTaskThread "GC Thread#1" [stack: 0x000000ba02000000,0x000000ba02100000] [id=3100]
  0x000001d956eda800 GCTaskThread "GC Thread#2" [stack: 0x000000ba02100000,0x000000ba02200000] [id=5620]
  0x000001d956ef9800 GCTaskThread "GC Thread#3" [stack: 0x000000ba02200000,0x000000ba02300000] [id=2396]
  0x000001d93bfd6000 ConcurrentGCThread "G1 Main Marker" [stack: 0x000000ba01000000,0x000000ba01100000] [id=1620]
  0x000001d93bfd8800 ConcurrentGCThread "G1 Conc#0" [stack: 0x000000ba01100000,0x000000ba01200000] [id=9240]
  0x000001d95586e800 ConcurrentGCThread "G1 Refine#0" [stack: 0x000000ba01200000,0x000000ba01300000] [id=14024]
  0x000001d95586f000 ConcurrentGCThread "G1 Young RemSet Sampling" [stack: 0x000000ba01300000,0x000000ba01400000] [id=5516]

Threads with active compile tasks:
C2 CompilerThread1 175583 12510       4       org.codehaus.groovy.runtime.metaclass.MetaMethodIndex::copyNonPrivateNonNewMetaMethods (171 bytes)

VM state:not at safepoint (normal execution)

VM Mutex/Monitor currently owned by a thread: None

Heap address: 0x0000000080000000, size: 2048 MB, Compressed Oops mode: 32-bit
Narrow klass base: 0x0000000000000000, Narrow klass shift: 3
Compressed class space size: 1073741824 Address: 0x0000000100000000

Heap:
 garbage-first heap   total 196608K, used 140267K [0x0000000080000000, 0x0000000100000000)
  region size 1024K, 41 young (41984K), 7 survivors (7168K)
 Metaspace       used 110320K, capacity 113030K, committed 113152K, reserved 1146880K
  class space    used 13818K, capacity 14771K, committed 14848K, reserved 1048576K
Heap Regions: E=young(eden), S=young(survivor), O=old, HS=humongous(starts), HC=humongous(continues), CS=collection set, F=free, A=archive, TAMS=top-at-mark-start (previous, next)
|   0|0x0000000080000000, 0x0000000080100000, 0x0000000080100000|100%| O|  |TAMS 0x0000000080100000, 0x0000000080000000| Untracked 
|   1|0x0000000080100000, 0x0000000080200000, 0x0000000080200000|100%| O|  |TAMS 0x0000000080200000, 0x0000000080100000| Untracked 
|   2|0x0000000080200000, 0x0000000080300000, 0x0000000080300000|100%| O|  |TAMS 0x0000000080300000, 0x0000000080200000| Untracked 
|   3|0x0000000080300000, 0x0000000080400000, 0x0000000080400000|100%|HS|  |TAMS 0x0000000080400000, 0x0000000080300000| Complete 
|   4|0x0000000080400000, 0x0000000080500000, 0x0000000080500000|100%|HC|  |TAMS 0x0000000080500000, 0x0000000080400000| Complete 
|   5|0x0000000080500000, 0x0000000080600000, 0x0000000080600000|100%|HC|  |TAMS 0x0000000080600000, 0x0000000080500000| Complete 
|   6|0x0000000080600000, 0x0000000080700000, 0x0000000080700000|100%| O|  |TAMS 0x0000000080700000, 0x0000000080600000| Untracked 
|   7|0x0000000080700000, 0x0000000080800000, 0x0000000080800000|100%| O|  |TAMS 0x0000000080800000, 0x0000000080700000| Untracked 
|   8|0x0000000080800000, 0x0000000080900000, 0x0000000080900000|100%| O|  |TAMS 0x0000000080900000, 0x0000000080800000| Untracked 
|   9|0x0000000080900000, 0x0000000080a00000, 0x0000000080a00000|100%| O|  |TAMS 0x0000000080a00000, 0x0000000080900000| Untracked 
|  10|0x0000000080a00000, 0x0000000080b00000, 0x0000000080b00000|100%| O|  |TAMS 0x0000000080b00000, 0x0000000080a00000| Untracked 
|  11|0x0000000080b00000, 0x0000000080c00000, 0x0000000080c00000|100%| O|  |TAMS 0x0000000080c00000, 0x0000000080b00000| Untracked 
|  12|0x0000000080c00000, 0x0000000080d00000, 0x0000000080d00000|100%| O|  |TAMS 0x0000000080d00000, 0x0000000080c00000| Untracked 
|  13|0x0000000080d00000, 0x0000000080e00000, 0x0000000080e00000|100%|HS|  |TAMS 0x0000000080e00000, 0x0000000080d00000| Complete 
|  14|0x0000000080e00000, 0x0000000080f00000, 0x0000000080f00000|100%|HC|  |TAMS 0x0000000080f00000, 0x0000000080e00000| Complete 
|  15|0x0000000080f00000, 0x0000000081000000, 0x0000000081000000|100%|HS|  |TAMS 0x0000000081000000, 0x0000000080f00000| Complete 
|  16|0x0000000081000000, 0x0000000081100000, 0x0000000081100000|100%|HC|  |TAMS 0x0000000081100000, 0x0000000081000000| Complete 
|  17|0x0000000081100000, 0x0000000081200000, 0x0000000081200000|100%|HC|  |TAMS 0x0000000081200000, 0x0000000081100000| Complete 
|  18|0x0000000081200000, 0x0000000081300000, 0x0000000081300000|100%|HS|  |TAMS 0x0000000081300000, 0x0000000081200000| Complete 
|  19|0x0000000081300000, 0x0000000081400000, 0x0000000081400000|100%|HC|  |TAMS 0x0000000081400000, 0x0000000081300000| Complete 
|  20|0x0000000081400000, 0x0000000081500000, 0x0000000081500000|100%|HC|  |TAMS 0x0000000081500000, 0x0000000081400000| Complete 
|  21|0x0000000081500000, 0x0000000081600000, 0x0000000081600000|100%|HC|  |TAMS 0x0000000081600000, 0x0000000081500000| Complete 
|  22|0x0000000081600000, 0x0000000081700000, 0x0000000081700000|100%| O|  |TAMS 0x0000000081700000, 0x0000000081600000| Untracked 
|  23|0x0000000081700000, 0x0000000081800000, 0x0000000081800000|100%| O|  |TAMS 0x0000000081800000, 0x0000000081700000| Untracked 
|  24|0x0000000081800000, 0x0000000081900000, 0x0000000081900000|100%| O|  |TAMS 0x0000000081900000, 0x0000000081800000| Untracked 
|  25|0x0000000081900000, 0x0000000081a00000, 0x0000000081a00000|100%|HS|  |TAMS 0x0000000081a00000, 0x0000000081900000| Complete 
|  26|0x0000000081a00000, 0x0000000081b00000, 0x0000000081b00000|100%| O|  |TAMS 0x0000000081b00000, 0x0000000081a00000| Untracked 
|  27|0x0000000081b00000, 0x0000000081c00000, 0x0000000081c00000|100%| O|  |TAMS 0x0000000081c00000, 0x0000000081b00000| Untracked 
|  28|0x0000000081c00000, 0x0000000081d00000, 0x0000000081d00000|100%|HS|  |TAMS 0x0000000081d00000, 0x0000000081c00000| Complete 
|  29|0x0000000081d00000, 0x0000000081e00000, 0x0000000081e00000|100%|HC|  |TAMS 0x0000000081e00000, 0x0000000081d00000| Complete 
|  30|0x0000000081e00000, 0x0000000081f00000, 0x0000000081f00000|100%|HC|  |TAMS 0x0000000081f00000, 0x0000000081e00000| Complete 
|  31|0x0000000081f00000, 0x0000000082000000, 0x0000000082000000|100%|HC|  |TAMS 0x0000000082000000, 0x0000000081f00000| Complete 
|  32|0x0000000082000000, 0x0000000082100000, 0x0000000082100000|100%|HS|  |TAMS 0x0000000082100000, 0x0000000082000000| Complete 
|  33|0x0000000082100000, 0x0000000082200000, 0x0000000082200000|100%|HC|  |TAMS 0x0000000082200000, 0x0000000082100000| Complete 
|  34|0x0000000082200000, 0x0000000082300000, 0x0000000082300000|100%|HC|  |TAMS 0x0000000082300000, 0x0000000082200000| Complete 
|  35|0x0000000082300000, 0x0000000082400000, 0x0000000082400000|100%| O|  |TAMS 0x0000000082400000, 0x0000000082300000| Untracked 
|  36|0x0000000082400000, 0x0000000082500000, 0x0000000082500000|100%| O|  |TAMS 0x0000000082500000, 0x0000000082400000| Untracked 
|  37|0x0000000082500000, 0x0000000082600000, 0x0000000082600000|100%| O|  |TAMS 0x0000000082600000, 0x0000000082500000| Untracked 
|  38|0x0000000082600000, 0x0000000082700000, 0x0000000082700000|100%| O|  |TAMS 0x0000000082700000, 0x0000000082600000| Untracked 
|  39|0x0000000082700000, 0x0000000082800000, 0x0000000082800000|100%| O|  |TAMS 0x0000000082800000, 0x0000000082700000| Untracked 
|  40|0x0000000082800000, 0x0000000082900000, 0x0000000082900000|100%| O|  |TAMS 0x0000000082900000, 0x0000000082800000| Untracked 
|  41|0x0000000082900000, 0x0000000082a00000, 0x0000000082a00000|100%| O|  |TAMS 0x0000000082a00000, 0x0000000082900000| Untracked 
|  42|0x0000000082a00000, 0x0000000082b00000, 0x0000000082b00000|100%| O|  |TAMS 0x0000000082b00000, 0x0000000082a00000| Untracked 
|  43|0x0000000082b00000, 0x0000000082c00000, 0x0000000082c00000|100%| O|  |TAMS 0x0000000082c00000, 0x0000000082b00000| Untracked 
|  44|0x0000000082c00000, 0x0000000082d00000, 0x0000000082d00000|100%| O|  |TAMS 0x0000000082d00000, 0x0000000082c00000| Untracked 
|  45|0x0000000082d00000, 0x0000000082e00000, 0x0000000082e00000|100%| O|  |TAMS 0x0000000082e00000, 0x0000000082d00000| Untracked 
|  46|0x0000000082e00000, 0x0000000082f00000, 0x0000000082f00000|100%| O|  |TAMS 0x0000000082f00000, 0x0000000082e00000| Untracked 
|  47|0x0000000082f00000, 0x0000000083000000, 0x0000000083000000|100%| O|  |TAMS 0x0000000083000000, 0x0000000082f00000| Untracked 
|  48|0x0000000083000000, 0x0000000083100000, 0x0000000083100000|100%|HS|  |TAMS 0x0000000083100000, 0x0000000083000000| Complete 
|  49|0x0000000083100000, 0x0000000083200000, 0x0000000083200000|100%|HC|  |TAMS 0x0000000083200000, 0x0000000083100000| Complete 
|  50|0x0000000083200000, 0x0000000083300000, 0x0000000083300000|100%|HC|  |TAMS 0x0000000083300000, 0x0000000083200000| Complete 
|  51|0x0000000083300000, 0x0000000083400000, 0x0000000083400000|100%|HS|  |TAMS 0x0000000083400000, 0x0000000083300000| Complete 
|  52|0x0000000083400000, 0x0000000083500000, 0x0000000083500000|100%|HC|  |TAMS 0x0000000083500000, 0x0000000083400000| Complete 
|  53|0x0000000083500000, 0x0000000083600000, 0x0000000083600000|100%| O|  |TAMS 0x0000000083600000, 0x0000000083500000| Untracked 
|  54|0x0000000083600000, 0x0000000083700000, 0x0000000083700000|100%| O|  |TAMS 0x0000000083700000, 0x0000000083600000| Untracked 
|  55|0x0000000083700000, 0x0000000083800000, 0x0000000083800000|100%| O|  |TAMS 0x0000000083800000, 0x0000000083700000| Untracked 
|  56|0x0000000083800000, 0x0000000083900000, 0x0000000083900000|100%| O|  |TAMS 0x0000000083900000, 0x0000000083800000| Untracked 
|  57|0x0000000083900000, 0x0000000083a00000, 0x0000000083a00000|100%| O|  |TAMS 0x0000000083a00000, 0x0000000083900000| Untracked 
|  58|0x0000000083a00000, 0x0000000083b00000, 0x0000000083b00000|100%| O|  |TAMS 0x0000000083b00000, 0x0000000083a00000| Untracked 
|  59|0x0000000083b00000, 0x0000000083c00000, 0x0000000083c00000|100%| O|  |TAMS 0x0000000083c00000, 0x0000000083b00000| Untracked 
|  60|0x0000000083c00000, 0x0000000083d00000, 0x0000000083d00000|100%| O|  |TAMS 0x0000000083d00000, 0x0000000083c00000| Untracked 
|  61|0x0000000083d00000, 0x0000000083e00000, 0x0000000083e00000|100%| O|  |TAMS 0x0000000083e00000, 0x0000000083d00000| Untracked 
|  62|0x0000000083e00000, 0x0000000083f00000, 0x0000000083f00000|100%| O|  |TAMS 0x0000000083f00000, 0x0000000083e00000| Untracked 
|  63|0x0000000083f00000, 0x0000000084000000, 0x0000000084000000|100%| O|  |TAMS 0x0000000084000000, 0x0000000083f00000| Untracked 
|  64|0x0000000084000000, 0x0000000084100000, 0x0000000084100000|100%| O|  |TAMS 0x0000000084100000, 0x0000000084000000| Untracked 
|  65|0x0000000084100000, 0x0000000084200000, 0x0000000084200000|100%| O|  |TAMS 0x0000000084200000, 0x0000000084100000| Untracked 
|  66|0x0000000084200000, 0x0000000084300000, 0x0000000084300000|100%| O|  |TAMS 0x0000000084300000, 0x0000000084200000| Untracked 
|  67|0x0000000084300000, 0x0000000084400000, 0x0000000084400000|100%| O|  |TAMS 0x0000000084400000, 0x0000000084300000| Untracked 
|  68|0x0000000084400000, 0x0000000084500000, 0x0000000084500000|100%| O|  |TAMS 0x0000000084500000, 0x0000000084400000| Untracked 
|  69|0x0000000084500000, 0x0000000084600000, 0x0000000084600000|100%| O|  |TAMS 0x0000000084600000, 0x0000000084500000| Untracked 
|  70|0x0000000084600000, 0x0000000084700000, 0x0000000084700000|100%| O|  |TAMS 0x0000000084700000, 0x0000000084600000| Untracked 
|  71|0x0000000084700000, 0x0000000084800000, 0x0000000084800000|100%| O|  |TAMS 0x0000000084800000, 0x0000000084700000| Untracked 
|  72|0x0000000084800000, 0x0000000084900000, 0x0000000084900000|100%| O|  |TAMS 0x0000000084900000, 0x0000000084800000| Untracked 
|  73|0x0000000084900000, 0x0000000084a00000, 0x0000000084a00000|100%| O|  |TAMS 0x0000000084a00000, 0x0000000084900000| Untracked 
|  74|0x0000000084a00000, 0x0000000084b00000, 0x0000000084b00000|100%| O|  |TAMS 0x0000000084b00000, 0x0000000084a00000| Untracked 
|  75|0x0000000084b00000, 0x0000000084c00000, 0x0000000084c00000|100%| O|  |TAMS 0x0000000084c00000, 0x0000000084b00000| Untracked 
|  76|0x0000000084c00000, 0x0000000084d00000, 0x0000000084d00000|100%| O|  |TAMS 0x0000000084d00000, 0x0000000084c00000| Untracked 
|  77|0x0000000084d00000, 0x0000000084e00000, 0x0000000084e00000|100%| O|  |TAMS 0x0000000084e00000, 0x0000000084d00000| Untracked 
|  78|0x0000000084e00000, 0x0000000084f00000, 0x0000000084f00000|100%| O|  |TAMS 0x0000000084f00000, 0x0000000084e00000| Untracked 
|  79|0x0000000084f00000, 0x0000000085000000, 0x0000000085000000|100%| O|  |TAMS 0x0000000085000000, 0x0000000084f00000| Untracked 
|  80|0x0000000085000000, 0x0000000085100000, 0x0000000085100000|100%| O|  |TAMS 0x0000000085100000, 0x0000000085000000| Untracked 
|  81|0x0000000085100000, 0x0000000085200000, 0x0000000085200000|100%| O|  |TAMS 0x0000000085200000, 0x0000000085100000| Untracked 
|  82|0x0000000085200000, 0x0000000085300000, 0x0000000085300000|100%| O|  |TAMS 0x0000000085300000, 0x0000000085200000| Untracked 
|  83|0x0000000085300000, 0x0000000085400000, 0x0000000085400000|100%| O|  |TAMS 0x0000000085400000, 0x0000000085300000| Untracked 
|  84|0x0000000085400000, 0x0000000085500000, 0x0000000085500000|100%| O|  |TAMS 0x0000000085500000, 0x0000000085400000| Untracked 
|  85|0x0000000085500000, 0x0000000085600000, 0x0000000085600000|100%| O|  |TAMS 0x0000000085600000, 0x0000000085500000| Untracked 
|  86|0x0000000085600000, 0x0000000085700000, 0x0000000085700000|100%| O|  |TAMS 0x0000000085700000, 0x0000000085600000| Untracked 
|  87|0x0000000085700000, 0x0000000085800000, 0x0000000085800000|100%| O|  |TAMS 0x0000000085800000, 0x0000000085700000| Untracked 
|  88|0x0000000085800000, 0x0000000085900000, 0x0000000085900000|100%| O|  |TAMS 0x0000000085900000, 0x0000000085800000| Untracked 
|  89|0x0000000085900000, 0x0000000085a00000, 0x0000000085a00000|100%| O|  |TAMS 0x0000000085a00000, 0x0000000085900000| Untracked 
|  90|0x0000000085a00000, 0x0000000085b00000, 0x0000000085b00000|100%| O|  |TAMS 0x0000000085b00000, 0x0000000085a00000| Untracked 
|  91|0x0000000085b00000, 0x0000000085c00000, 0x0000000085c00000|100%| O|  |TAMS 0x0000000085c00000, 0x0000000085b00000| Untracked 
|  92|0x0000000085c00000, 0x0000000085d00000, 0x0000000085d00000|100%| O|  |TAMS 0x0000000085d00000, 0x0000000085c00000| Untracked 
|  93|0x0000000085d00000, 0x0000000085e00000, 0x0000000085e00000|100%| O|  |TAMS 0x0000000085e00000, 0x0000000085d00000| Untracked 
|  94|0x0000000085e00000, 0x0000000085f00000, 0x0000000085f00000|100%| O|  |TAMS 0x0000000085f00000, 0x0000000085e00000| Untracked 
|  95|0x0000000085f00000, 0x0000000086000000, 0x0000000086000000|100%| O|  |TAMS 0x0000000086000000, 0x0000000085f00000| Untracked 
|  96|0x0000000086000000, 0x0000000086100000, 0x0000000086100000|100%| O|  |TAMS 0x0000000086100000, 0x0000000086000000| Untracked 
|  97|0x0000000086100000, 0x00000000861a8800, 0x0000000086200000| 65%| O|  |TAMS 0x00000000861a8800, 0x0000000086100000| Untracked 
|  98|0x0000000086200000, 0x0000000086300000, 0x0000000086300000|100%|HS|  |TAMS 0x0000000086200000, 0x0000000086200000| Complete 
|  99|0x0000000086300000, 0x0000000086300000, 0x0000000086400000|  0%| F|  |TAMS 0x0000000086300000, 0x0000000086300000| Untracked 
| 100|0x0000000086400000, 0x0000000086400000, 0x0000000086500000|  0%| F|  |TAMS 0x0000000086400000, 0x0000000086400000| Untracked 
| 101|0x0000000086500000, 0x0000000086500000, 0x0000000086600000|  0%| F|  |TAMS 0x0000000086500000, 0x0000000086500000| Untracked 
| 102|0x0000000086600000, 0x0000000086600000, 0x0000000086700000|  0%| F|  |TAMS 0x0000000086600000, 0x0000000086600000| Untracked 
| 103|0x0000000086700000, 0x0000000086700000, 0x0000000086800000|  0%| F|  |TAMS 0x0000000086700000, 0x0000000086700000| Untracked 
| 104|0x0000000086800000, 0x0000000086800000, 0x0000000086900000|  0%| F|  |TAMS 0x0000000086800000, 0x0000000086800000| Untracked 
| 105|0x0000000086900000, 0x0000000086900000, 0x0000000086a00000|  0%| F|  |TAMS 0x0000000086900000, 0x0000000086900000| Untracked 
| 106|0x0000000086a00000, 0x0000000086a00000, 0x0000000086b00000|  0%| F|  |TAMS 0x0000000086a00000, 0x0000000086a00000| Untracked 
| 107|0x0000000086b00000, 0x0000000086b00000, 0x0000000086c00000|  0%| F|  |TAMS 0x0000000086b00000, 0x0000000086b00000| Untracked 
| 108|0x0000000086c00000, 0x0000000086c00000, 0x0000000086d00000|  0%| F|  |TAMS 0x0000000086c00000, 0x0000000086c00000| Untracked 
| 109|0x0000000086d00000, 0x0000000086d00000, 0x0000000086e00000|  0%| F|  |TAMS 0x0000000086d00000, 0x0000000086d00000| Untracked 
| 110|0x0000000086e00000, 0x0000000086e00000, 0x0000000086f00000|  0%| F|  |TAMS 0x0000000086e00000, 0x0000000086e00000| Untracked 
| 111|0x0000000086f00000, 0x0000000086f00000, 0x0000000087000000|  0%| F|  |TAMS 0x0000000086f00000, 0x0000000086f00000| Untracked 
| 112|0x0000000087000000, 0x0000000087000000, 0x0000000087100000|  0%| F|  |TAMS 0x0000000087000000, 0x0000000087000000| Untracked 
| 113|0x0000000087100000, 0x0000000087100000, 0x0000000087200000|  0%| F|  |TAMS 0x0000000087100000, 0x0000000087100000| Untracked 
| 114|0x0000000087200000, 0x0000000087200000, 0x0000000087300000|  0%| F|  |TAMS 0x0000000087200000, 0x0000000087200000| Untracked 
| 115|0x0000000087300000, 0x0000000087300000, 0x0000000087400000|  0%| F|  |TAMS 0x0000000087300000, 0x0000000087300000| Untracked 
| 116|0x0000000087400000, 0x0000000087400000, 0x0000000087500000|  0%| F|  |TAMS 0x0000000087400000, 0x0000000087400000| Untracked 
| 117|0x0000000087500000, 0x0000000087500000, 0x0000000087600000|  0%| F|  |TAMS 0x0000000087500000, 0x0000000087500000| Untracked 
| 118|0x0000000087600000, 0x0000000087600000, 0x0000000087700000|  0%| F|  |TAMS 0x0000000087600000, 0x0000000087600000| Untracked 
| 119|0x0000000087700000, 0x0000000087700000, 0x0000000087800000|  0%| F|  |TAMS 0x0000000087700000, 0x0000000087700000| Untracked 
| 120|0x0000000087800000, 0x0000000087800000, 0x0000000087900000|  0%| F|  |TAMS 0x0000000087800000, 0x0000000087800000| Untracked 
| 121|0x0000000087900000, 0x0000000087900000, 0x0000000087a00000|  0%| F|  |TAMS 0x0000000087900000, 0x0000000087900000| Untracked 
| 122|0x0000000087a00000, 0x0000000087a00000, 0x0000000087b00000|  0%| F|  |TAMS 0x0000000087a00000, 0x0000000087a00000| Untracked 
| 123|0x0000000087b00000, 0x0000000087b00000, 0x0000000087c00000|  0%| F|  |TAMS 0x0000000087b00000, 0x0000000087b00000| Untracked 
| 124|0x0000000087c00000, 0x0000000087c00000, 0x0000000087d00000|  0%| F|  |TAMS 0x0000000087c00000, 0x0000000087c00000| Untracked 
| 125|0x0000000087d00000, 0x0000000087d00000, 0x0000000087e00000|  0%| F|  |TAMS 0x0000000087d00000, 0x0000000087d00000| Untracked 
| 126|0x0000000087e00000, 0x0000000087e00000, 0x0000000087f00000|  0%| F|  |TAMS 0x0000000087e00000, 0x0000000087e00000| Untracked 
| 127|0x0000000087f00000, 0x0000000087f00000, 0x0000000088000000|  0%| F|  |TAMS 0x0000000087f00000, 0x0000000087f00000| Untracked 
| 128|0x0000000088000000, 0x0000000088000000, 0x0000000088100000|  0%| F|  |TAMS 0x0000000088000000, 0x0000000088000000| Untracked 
| 129|0x0000000088100000, 0x0000000088100000, 0x0000000088200000|  0%| F|  |TAMS 0x0000000088100000, 0x0000000088100000| Untracked 
| 130|0x0000000088200000, 0x0000000088200000, 0x0000000088300000|  0%| F|  |TAMS 0x0000000088200000, 0x0000000088200000| Untracked 
| 131|0x0000000088300000, 0x0000000088300000, 0x0000000088400000|  0%| F|  |TAMS 0x0000000088300000, 0x0000000088300000| Untracked 
| 132|0x0000000088400000, 0x0000000088400000, 0x0000000088500000|  0%| F|  |TAMS 0x0000000088400000, 0x0000000088400000| Untracked 
| 133|0x0000000088500000, 0x0000000088500000, 0x0000000088600000|  0%| F|  |TAMS 0x0000000088500000, 0x0000000088500000| Untracked 
| 134|0x0000000088600000, 0x0000000088600000, 0x0000000088700000|  0%| F|  |TAMS 0x0000000088600000, 0x0000000088600000| Untracked 
| 135|0x0000000088700000, 0x0000000088700000, 0x0000000088800000|  0%| F|  |TAMS 0x0000000088700000, 0x0000000088700000| Untracked 
| 136|0x0000000088800000, 0x0000000088800000, 0x0000000088900000|  0%| F|  |TAMS 0x0000000088800000, 0x0000000088800000| Untracked 
| 137|0x0000000088900000, 0x0000000088900000, 0x0000000088a00000|  0%| F|  |TAMS 0x0000000088900000, 0x0000000088900000| Untracked 
| 138|0x0000000088a00000, 0x0000000088a00000, 0x0000000088b00000|  0%| F|  |TAMS 0x0000000088a00000, 0x0000000088a00000| Untracked 
| 139|0x0000000088b00000, 0x0000000088b00000, 0x0000000088c00000|  0%| F|  |TAMS 0x0000000088b00000, 0x0000000088b00000| Untracked 
| 140|0x0000000088c00000, 0x0000000088c00000, 0x0000000088d00000|  0%| F|  |TAMS 0x0000000088c00000, 0x0000000088c00000| Untracked 
| 141|0x0000000088d00000, 0x0000000088d00000, 0x0000000088e00000|  0%| F|  |TAMS 0x0000000088d00000, 0x0000000088d00000| Untracked 
| 142|0x0000000088e00000, 0x0000000088e00000, 0x0000000088f00000|  0%| F|  |TAMS 0x0000000088e00000, 0x0000000088e00000| Untracked 
| 143|0x0000000088f00000, 0x0000000088f00000, 0x0000000089000000|  0%| F|  |TAMS 0x0000000088f00000, 0x0000000088f00000| Untracked 
| 144|0x0000000089000000, 0x0000000089000000, 0x0000000089100000|  0%| F|  |TAMS 0x0000000089000000, 0x0000000089000000| Untracked 
| 145|0x0000000089100000, 0x0000000089100000, 0x0000000089200000|  0%| F|  |TAMS 0x0000000089100000, 0x0000000089100000| Untracked 
| 146|0x0000000089200000, 0x0000000089200000, 0x0000000089300000|  0%| F|  |TAMS 0x0000000089200000, 0x0000000089200000| Untracked 
| 147|0x0000000089300000, 0x0000000089300000, 0x0000000089400000|  0%| F|  |TAMS 0x0000000089300000, 0x0000000089300000| Untracked 
| 148|0x0000000089400000, 0x0000000089400000, 0x0000000089500000|  0%| F|  |TAMS 0x0000000089400000, 0x0000000089400000| Untracked 
| 149|0x0000000089500000, 0x0000000089500000, 0x0000000089600000|  0%| F|  |TAMS 0x0000000089500000, 0x0000000089500000| Untracked 
| 150|0x0000000089600000, 0x0000000089600000, 0x0000000089700000|  0%| F|  |TAMS 0x0000000089600000, 0x0000000089600000| Untracked 
| 151|0x0000000089700000, 0x0000000089715c58, 0x0000000089800000|  8%| E|  |TAMS 0x0000000089700000, 0x0000000089700000| Complete 
| 152|0x0000000089800000, 0x00000000898527e0, 0x0000000089900000| 32%| S|CS|TAMS 0x0000000089800000, 0x0000000089800000| Complete 
| 153|0x0000000089900000, 0x0000000089a00000, 0x0000000089a00000|100%| S|CS|TAMS 0x0000000089900000, 0x0000000089900000| Complete 
| 154|0x0000000089a00000, 0x0000000089b00000, 0x0000000089b00000|100%| S|CS|TAMS 0x0000000089a00000, 0x0000000089a00000| Complete 
| 155|0x0000000089b00000, 0x0000000089c00000, 0x0000000089c00000|100%| S|CS|TAMS 0x0000000089b00000, 0x0000000089b00000| Complete 
| 156|0x0000000089c00000, 0x0000000089d00000, 0x0000000089d00000|100%| S|CS|TAMS 0x0000000089c00000, 0x0000000089c00000| Complete 
| 157|0x0000000089d00000, 0x0000000089e00000, 0x0000000089e00000|100%| S|CS|TAMS 0x0000000089d00000, 0x0000000089d00000| Complete 
| 158|0x0000000089e00000, 0x0000000089f00000, 0x0000000089f00000|100%| S|CS|TAMS 0x0000000089e00000, 0x0000000089e00000| Complete 
| 159|0x0000000089f00000, 0x000000008a000000, 0x000000008a000000|100%| E|CS|TAMS 0x0000000089f00000, 0x0000000089f00000| Complete 
| 160|0x000000008a000000, 0x000000008a100000, 0x000000008a100000|100%| E|CS|TAMS 0x000000008a000000, 0x000000008a000000| Complete 
| 161|0x000000008a100000, 0x000000008a200000, 0x000000008a200000|100%| E|CS|TAMS 0x000000008a100000, 0x000000008a100000| Complete 
| 162|0x000000008a200000, 0x000000008a300000, 0x000000008a300000|100%| E|CS|TAMS 0x000000008a200000, 0x000000008a200000| Complete 
| 163|0x000000008a300000, 0x000000008a400000, 0x000000008a400000|100%| E|CS|TAMS 0x000000008a300000, 0x000000008a300000| Complete 
| 164|0x000000008a400000, 0x000000008a500000, 0x000000008a500000|100%| E|  |TAMS 0x000000008a400000, 0x000000008a400000| Complete 
| 165|0x000000008a500000, 0x000000008a600000, 0x000000008a600000|100%| E|CS|TAMS 0x000000008a500000, 0x000000008a500000| Complete 
| 166|0x000000008a600000, 0x000000008a700000, 0x000000008a700000|100%| E|CS|TAMS 0x000000008a600000, 0x000000008a600000| Complete 
| 167|0x000000008a700000, 0x000000008a800000, 0x000000008a800000|100%| E|CS|TAMS 0x000000008a700000, 0x000000008a700000| Complete 
| 168|0x000000008a800000, 0x000000008a900000, 0x000000008a900000|100%| E|CS|TAMS 0x000000008a800000, 0x000000008a800000| Complete 
| 169|0x000000008a900000, 0x000000008aa00000, 0x000000008aa00000|100%| E|CS|TAMS 0x000000008a900000, 0x000000008a900000| Complete 
| 170|0x000000008aa00000, 0x000000008ab00000, 0x000000008ab00000|100%| E|CS|TAMS 0x000000008aa00000, 0x000000008aa00000| Complete 
| 171|0x000000008ab00000, 0x000000008ac00000, 0x000000008ac00000|100%| E|CS|TAMS 0x000000008ab00000, 0x000000008ab00000| Complete 
| 172|0x000000008ac00000, 0x000000008ad00000, 0x000000008ad00000|100%| E|CS|TAMS 0x000000008ac00000, 0x000000008ac00000| Complete 
| 173|0x000000008ad00000, 0x000000008ae00000, 0x000000008ae00000|100%| E|CS|TAMS 0x000000008ad00000, 0x000000008ad00000| Complete 
| 174|0x000000008ae00000, 0x000000008af00000, 0x000000008af00000|100%| E|CS|TAMS 0x000000008ae00000, 0x000000008ae00000| Complete 
| 175|0x000000008af00000, 0x000000008b000000, 0x000000008b000000|100%| E|CS|TAMS 0x000000008af00000, 0x000000008af00000| Complete 
| 176|0x000000008b000000, 0x000000008b100000, 0x000000008b100000|100%| E|CS|TAMS 0x000000008b000000, 0x000000008b000000| Complete 
| 177|0x000000008b100000, 0x000000008b200000, 0x000000008b200000|100%| E|CS|TAMS 0x000000008b100000, 0x000000008b100000| Complete 
| 178|0x000000008b200000, 0x000000008b300000, 0x000000008b300000|100%| E|CS|TAMS 0x000000008b200000, 0x000000008b200000| Complete 
| 179|0x000000008b300000, 0x000000008b400000, 0x000000008b400000|100%| E|CS|TAMS 0x000000008b300000, 0x000000008b300000| Complete 
| 180|0x000000008b400000, 0x000000008b500000, 0x000000008b500000|100%| E|CS|TAMS 0x000000008b400000, 0x000000008b400000| Complete 
| 181|0x000000008b500000, 0x000000008b600000, 0x000000008b600000|100%| E|CS|TAMS 0x000000008b500000, 0x000000008b500000| Complete 
| 182|0x000000008b600000, 0x000000008b700000, 0x000000008b700000|100%| E|CS|TAMS 0x000000008b600000, 0x000000008b600000| Complete 
| 183|0x000000008b700000, 0x000000008b800000, 0x000000008b800000|100%| E|CS|TAMS 0x000000008b700000, 0x000000008b700000| Complete 
| 184|0x000000008b800000, 0x000000008b900000, 0x000000008b900000|100%| E|CS|TAMS 0x000000008b800000, 0x000000008b800000| Complete 
| 185|0x000000008b900000, 0x000000008ba00000, 0x000000008ba00000|100%| E|CS|TAMS 0x000000008b900000, 0x000000008b900000| Complete 
| 186|0x000000008ba00000, 0x000000008bb00000, 0x000000008bb00000|100%| E|CS|TAMS 0x000000008ba00000, 0x000000008ba00000| Complete 
| 187|0x000000008bb00000, 0x000000008bc00000, 0x000000008bc00000|100%| E|CS|TAMS 0x000000008bb00000, 0x000000008bb00000| Complete 
| 188|0x000000008bc00000, 0x000000008bd00000, 0x000000008bd00000|100%| E|CS|TAMS 0x000000008bc00000, 0x000000008bc00000| Complete 
| 189|0x000000008bd00000, 0x000000008be00000, 0x000000008be00000|100%| E|CS|TAMS 0x000000008bd00000, 0x000000008bd00000| Complete 
| 190|0x000000008be00000, 0x000000008bf00000, 0x000000008bf00000|100%| E|CS|TAMS 0x000000008be00000, 0x000000008be00000| Complete 
| 191|0x000000008bf00000, 0x000000008c000000, 0x000000008c000000|100%| E|CS|TAMS 0x000000008bf00000, 0x000000008bf00000| Complete 

Card table byte_map: [0x000001d94ed10000,0x000001d94f110000] _byte_map_base: 0x000001d94e910000

Marking Bits (Prev, Next): (CMBitMap*) 0x000001d93bfcd308, (CMBitMap*) 0x000001d93bfcd340
 Prev Bits: [0x000001d94f510000, 0x000001d951510000)
 Next Bits: [0x000001d951510000, 0x000001d953510000)

Polling page: 0x000001d939dc0000

Metaspace:

Usage:
  Non-class:     95.96 MB capacity,    94.24 MB ( 98%) used,     1.45 MB (  2%) free+waste,   273.38 KB ( <1%) overhead. 
      Class:     14.42 MB capacity,    13.49 MB ( 94%) used,   826.88 KB (  6%) free+waste,   126.13 KB ( <1%) overhead. 
       Both:    110.38 MB capacity,   107.74 MB ( 98%) used,     2.26 MB (  2%) free+waste,   399.50 KB ( <1%) overhead. 

Virtual space:
  Non-class space:       96.00 MB reserved,      96.00 MB (100%) committed 
      Class space:        1.00 GB reserved,      14.50 MB (  1%) committed 
             Both:        1.09 GB reserved,     110.50 MB ( 10%) committed 

Chunk freelists:
   Non-Class:  1.00 KB
       Class:  13.00 KB
        Both:  14.00 KB

MaxMetaspaceSize: 17179869184.00 GB
CompressedClassSpaceSize: 1.00 GB

CodeHeap 'non-profiled nmethods': size=120064Kb used=7173Kb max_used=8543Kb free=112890Kb
 bounds [0x000001d9473d0000, 0x000001d947c30000, 0x000001d94e910000]
CodeHeap 'profiled nmethods': size=120000Kb used=24828Kb max_used=27699Kb free=95171Kb
 bounds [0x000001d93fea0000, 0x000001d9419c0000, 0x000001d9473d0000]
CodeHeap 'non-nmethods': size=5696Kb used=2339Kb max_used=2373Kb free=3356Kb
 bounds [0x000001d93f910000, 0x000001d93fb80000, 0x000001d93fea0000]
 total_blobs=12190 nmethods=11228 adapters=873
 compilation: enabled
              stopped_count=0, restarted_count=0
 full_count=0

Compilation events (20 events):
Event: 175.080 Thread 0x000001d956293800 12511       3       org.codehaus.groovy.reflection.CachedClass$3::initValue (232 bytes)
Event: 175.083 Thread 0x000001d956293800 nmethod 12511 0x000001d93fec5310 code [0x000001d93fec57a0, 0x000001d93fec7e88]
Event: 175.083 Thread 0x000001d956293800 12513       3       groovy.lang.MetaClassImpl::chooseMethod (29 bytes)
Event: 175.083 Thread 0x000001d956293800 nmethod 12513 0x000001d93feabf10 code [0x000001d93feac0e0, 0x000001d93feac458]
Event: 175.083 Thread 0x000001d956293800 12512       3       org.codehaus.groovy.reflection.CachedClass$3$1::<init> (10 bytes)
Event: 175.083 Thread 0x000001d956293800 nmethod 12512 0x000001d93feaba90 code [0x000001d93feabc40, 0x000001d93feabdf8]
Event: 175.088 Thread 0x000001d956293800 12514       3       sun.security.provider.HashDrbg::addBytes (130 bytes)
Event: 175.088 Thread 0x000001d956293800 nmethod 12514 0x000001d93fec4b90 code [0x000001d93fec4d60, 0x000001d93fec5118]
Event: 175.089 Thread 0x000001d956293800 12515       3       com.google.common.collect.ImmutableList::copyOf (32 bytes)
Event: 175.089 Thread 0x000001d956293800 nmethod 12515 0x000001d93fec4210 code [0x000001d93fec4420, 0x000001d93fec49d8]
Event: 175.089 Thread 0x000001d956293800 12516       3       org.gradle.internal.resolve.result.DefaultBuildableComponentResolveResult::<init> (5 bytes)
Event: 175.090 Thread 0x000001d956293800 nmethod 12516 0x000001d93fec3710 code [0x000001d93fec3940, 0x000001d93fec3f88]
Event: 175.090 Thread 0x000001d956293800 12517       3       org.gradle.internal.resolve.result.DefaultBuildableComponentResolveResult::getMetadata (9 bytes)
Event: 175.090 Thread 0x000001d95624e800 12518       4       org.gradle.api.attributes.Attribute::of (10 bytes)
Event: 175.090 Thread 0x000001d956293800 nmethod 12517 0x000001d93fec2f90 code [0x000001d93fec3180, 0x000001d93fec3588]
Event: 175.091 Thread 0x000001d956293800 12519       3       org.gradle.api.internal.artifacts.ivyservice.resolveengine.result.ComponentSelectionReasonSerializer::write (60 bytes)
Event: 175.092 Thread 0x000001d956293800 nmethod 12519 0x000001d93feed210 code [0x000001d93feed4a0, 0x000001d93feee008]
Event: 175.101 Thread 0x000001d956293800 12521       3       java.util.concurrent.SynchronousQueue$TransferStack$SNode::tryMatch (53 bytes)
Event: 175.102 Thread 0x000001d95624e800 nmethod 12518 0x000001d94741b190 code [0x000001d94741b340, 0x000001d94741b908]
Event: 175.102 Thread 0x000001d956293800 nmethod 12521 0x000001d93fee3a10 code [0x000001d93fee3ca0, 0x000001d93fee4788]

GC Heap History (20 events):
Event: 52.763 GC heap before
{Heap before GC invocations=16 (full 0):
 garbage-first heap   total 196608K, used 135416K [0x0000000080000000, 0x0000000100000000)
  region size 1024K, 61 young (62464K), 5 survivors (5120K)
 Metaspace       used 73963K, capacity 75919K, committed 76160K, reserved 1116160K
  class space    used 9420K, capacity 10004K, committed 10112K, reserved 1048576K
}
Event: 52.773 GC heap after
{Heap after GC invocations=17 (full 0):
 garbage-first heap   total 196608K, used 81423K [0x0000000080000000, 0x0000000100000000)
  region size 1024K, 4 young (4096K), 4 survivors (4096K)
 Metaspace       used 73963K, capacity 75919K, committed 76160K, reserved 1116160K
  class space    used 9420K, capacity 10004K, committed 10112K, reserved 1048576K
}
Event: 59.033 GC heap before
{Heap before GC invocations=17 (full 0):
 garbage-first heap   total 196608K, used 139791K [0x0000000080000000, 0x0000000100000000)
  region size 1024K, 62 young (63488K), 4 survivors (4096K)
 Metaspace       used 78941K, capacity 81011K, committed 81152K, reserved 1120256K
  class space    used 10015K, capacity 10647K, committed 10752K, reserved 1048576K
}
Event: 59.041 GC heap after
{Heap after GC invocations=18 (full 0):
 garbage-first heap   total 196608K, used 84747K [0x0000000080000000, 0x0000000100000000)
  region size 1024K, 7 young (7168K), 7 survivors (7168K)
 Metaspace       used 78941K, capacity 81011K, committed 81152K, reserved 1120256K
  class space    used 10015K, capacity 10647K, committed 10752K, reserved 1048576K
}
Event: 61.777 GC heap before
{Heap before GC invocations=18 (full 0):
 garbage-first heap   total 196608K, used 145163K [0x0000000080000000, 0x0000000100000000)
  region size 1024K, 66 young (67584K), 7 survivors (7168K)
 Metaspace       used 82623K, capacity 84787K, committed 84992K, reserved 1122304K
  class space    used 10578K, capacity 11245K, committed 11264K, reserved 1048576K
}
Event: 61.789 GC heap after
{Heap after GC invocations=19 (full 0):
 garbage-first heap   total 196608K, used 88064K [0x0000000080000000, 0x0000000100000000)
  region size 1024K, 7 young (7168K), 7 survivors (7168K)
 Metaspace       used 82623K, capacity 84787K, committed 84992K, reserved 1122304K
  class space    used 10578K, capacity 11245K, committed 11264K, reserved 1048576K
}
Event: 67.117 GC heap before
{Heap before GC invocations=19 (full 0):
 garbage-first heap   total 196608K, used 148480K [0x0000000080000000, 0x0000000100000000)
  region size 1024K, 66 young (67584K), 7 survivors (7168K)
 Metaspace       used 88201K, capacity 90433K, committed 90624K, reserved 1128448K
  class space    used 11327K, capacity 12020K, committed 12032K, reserved 1048576K
}
Event: 67.143 GC heap after
{Heap after GC invocations=20 (full 0):
 garbage-first heap   total 196608K, used 91083K [0x0000000080000000, 0x0000000100000000)
  region size 1024K, 7 young (7168K), 7 survivors (7168K)
 Metaspace       used 88201K, capacity 90433K, committed 90624K, reserved 1128448K
  class space    used 11327K, capacity 12020K, committed 12032K, reserved 1048576K
}
Event: 71.967 GC heap before
{Heap before GC invocations=20 (full 0):
 garbage-first heap   total 196608K, used 151499K [0x0000000080000000, 0x0000000100000000)
  region size 1024K, 67 young (68608K), 7 survivors (7168K)
 Metaspace       used 93505K, capacity 95805K, committed 95872K, reserved 1132544K
  class space    used 11936K, capacity 12658K, committed 12672K, reserved 1048576K
}
Event: 71.982 GC heap after
{Heap after GC invocations=21 (full 0):
 garbage-first heap   total 196608K, used 95384K [0x0000000080000000, 0x0000000100000000)
  region size 1024K, 7 young (7168K), 7 survivors (7168K)
 Metaspace       used 93505K, capacity 95805K, committed 95872K, reserved 1132544K
  class space    used 11936K, capacity 12658K, committed 12672K, reserved 1048576K
}
Event: 72.518 GC heap before
{Heap before GC invocations=21 (full 0):
 garbage-first heap   total 196608K, used 153752K [0x0000000080000000, 0x0000000100000000)
  region size 1024K, 65 young (66560K), 7 survivors (7168K)
 Metaspace       used 93786K, capacity 96080K, committed 96128K, reserved 1132544K
  class space    used 11949K, capacity 12672K, committed 12672K, reserved 1048576K
}
Event: 72.527 GC heap after
{Heap after GC invocations=22 (full 0):
 garbage-first heap   total 196608K, used 96073K [0x0000000080000000, 0x0000000100000000)
  region size 1024K, 5 young (5120K), 5 survivors (5120K)
 Metaspace       used 93786K, capacity 96080K, committed 96128K, reserved 1132544K
  class space    used 11949K, capacity 12672K, committed 12672K, reserved 1048576K
}
Event: 75.262 GC heap before
{Heap before GC invocations=23 (full 0):
 garbage-first heap   total 196608K, used 156489K [0x0000000080000000, 0x0000000100000000)
  region size 1024K, 64 young (65536K), 5 survivors (5120K)
 Metaspace       used 94993K, capacity 97266K, committed 97408K, reserved 1134592K
  class space    used 12110K, capacity 12802K, committed 12928K, reserved 1048576K
}
Event: 75.270 GC heap after
{Heap after GC invocations=24 (full 0):
 garbage-first heap   total 196608K, used 96829K [0x0000000080000000, 0x0000000100000000)
  region size 1024K, 3 young (3072K), 3 survivors (3072K)
 Metaspace       used 94993K, capacity 97266K, committed 97408K, reserved 1134592K
  class space    used 12110K, capacity 12802K, committed 12928K, reserved 1048576K
}
Event: 82.980 GC heap before
{Heap before GC invocations=24 (full 0):
 garbage-first heap   total 196608K, used 157245K [0x0000000080000000, 0x0000000100000000)
  region size 1024K, 63 young (64512K), 3 survivors (3072K)
 Metaspace       used 99855K, capacity 102306K, committed 102400K, reserved 1138688K
  class space    used 12677K, capacity 13488K, committed 13568K, reserved 1048576K
}
Event: 82.991 GC heap after
{Heap after GC invocations=25 (full 0):
 garbage-first heap   total 196608K, used 100132K [0x0000000080000000, 0x0000000100000000)
  region size 1024K, 6 young (6144K), 6 survivors (6144K)
 Metaspace       used 99855K, capacity 102306K, committed 102400K, reserved 1138688K
  class space    used 12677K, capacity 13488K, committed 13568K, reserved 1048576K
}
Event: 87.294 GC heap before
{Heap before GC invocations=26 (full 0):
 garbage-first heap   total 196608K, used 159524K [0x0000000080000000, 0x0000000100000000)
  region size 1024K, 65 young (66560K), 6 survivors (6144K)
 Metaspace       used 102167K, capacity 104635K, committed 104960K, reserved 1140736K
  class space    used 12964K, capacity 13741K, committed 13824K, reserved 1048576K
}
Event: 87.310 GC heap after
{Heap after GC invocations=27 (full 0):
 garbage-first heap   total 196608K, used 104174K [0x0000000080000000, 0x0000000100000000)
  region size 1024K, 8 young (8192K), 8 survivors (8192K)
 Metaspace       used 102167K, capacity 104635K, committed 104960K, reserved 1140736K
  class space    used 12964K, capacity 13741K, committed 13824K, reserved 1048576K
}
Event: 94.917 GC heap before
{Heap before GC invocations=27 (full 0):
 garbage-first heap   total 196608K, used 136942K [0x0000000080000000, 0x0000000100000000)
  region size 1024K, 41 young (41984K), 8 survivors (8192K)
 Metaspace       used 105799K, capacity 108417K, committed 108672K, reserved 1142784K
  class space    used 13478K, capacity 14352K, committed 14464K, reserved 1048576K
}
Event: 94.928 GC heap after
{Heap after GC invocations=28 (full 0):
 garbage-first heap   total 196608K, used 106475K [0x0000000080000000, 0x0000000100000000)
  region size 1024K, 7 young (7168K), 7 survivors (7168K)
 Metaspace       used 105799K, capacity 108417K, committed 108672K, reserved 1142784K
  class space    used 13478K, capacity 14352K, committed 14464K, reserved 1048576K
}

Deoptimization events (20 events):
Event: 174.992 Thread 0x000001d95cca8000 DEOPT PACKING pc=0x000001d947bb4f8c sp=0x000000ba028fc590
Event: 174.992 Thread 0x000001d95cca8000 DEOPT UNPACKING pc=0x000001d93f9374af sp=0x000000ba028fc520 mode 2
Event: 174.994 Thread 0x000001d95cca8000 Uncommon trap: trap_request=0xffffffc6 fr.pc=0x000001d947bf0708 relative=0x0000000000000c68
Event: 174.994 Thread 0x000001d95cca8000 Uncommon trap: reason=bimorphic_or_optimized_type_check action=maybe_recompile pc=0x000001d947bf0708 method=com.google.common.cache.LocalCache$Segment.get(Ljava/lang/Object;I)Ljava/lang/Object; @ 49 c2
Event: 174.994 Thread 0x000001d95cca8000 DEOPT PACKING pc=0x000001d947bf0708 sp=0x000000ba028fc140
Event: 174.994 Thread 0x000001d95cca8000 DEOPT UNPACKING pc=0x000001d93f9374af sp=0x000000ba028fc080 mode 2
Event: 174.994 Thread 0x000001d95cca8000 Uncommon trap: trap_request=0xffffffc6 fr.pc=0x000001d947bf0708 relative=0x0000000000000c68
Event: 174.994 Thread 0x000001d95cca8000 Uncommon trap: reason=bimorphic_or_optimized_type_check action=maybe_recompile pc=0x000001d947bf0708 method=com.google.common.cache.LocalCache$Segment.get(Ljava/lang/Object;I)Ljava/lang/Object; @ 49 c2
Event: 174.994 Thread 0x000001d95cca8000 DEOPT PACKING pc=0x000001d947bf0708 sp=0x000000ba028fbd00
Event: 174.994 Thread 0x000001d95cca8000 DEOPT UNPACKING pc=0x000001d93f9374af sp=0x000000ba028fbc40 mode 2
Event: 174.994 Thread 0x000001d95cca8000 Uncommon trap: trap_request=0xffffffc6 fr.pc=0x000001d947bf0708 relative=0x0000000000000c68
Event: 174.994 Thread 0x000001d95cca8000 Uncommon trap: reason=bimorphic_or_optimized_type_check action=maybe_recompile pc=0x000001d947bf0708 method=com.google.common.cache.LocalCache$Segment.get(Ljava/lang/Object;I)Ljava/lang/Object; @ 49 c2
Event: 174.994 Thread 0x000001d95cca8000 DEOPT PACKING pc=0x000001d947bf0708 sp=0x000000ba028fb8c0
Event: 174.994 Thread 0x000001d95cca8000 DEOPT UNPACKING pc=0x000001d93f9374af sp=0x000000ba028fb800 mode 2
Event: 175.002 Thread 0x000001d95cca8000 Uncommon trap: trap_request=0xffffffd6 fr.pc=0x000001d947bb121c relative=0x000000000000085c
Event: 175.002 Thread 0x000001d95cca8000 Uncommon trap: reason=array_check action=maybe_recompile pc=0x000001d947bb121c method=java.util.TimSort.binarySort([Ljava/lang/Object;IIILjava/util/Comparator;)V @ 183 c2
Event: 175.002 Thread 0x000001d95cca8000 DEOPT PACKING pc=0x000001d947bb121c sp=0x000000ba028f7690
Event: 175.002 Thread 0x000001d95cca8000 DEOPT UNPACKING pc=0x000001d93f9374af sp=0x000000ba028f7638 mode 2
Event: 175.022 Thread 0x000001d95cca8000 DEOPT PACKING pc=0x000001d940928dee sp=0x000000ba028fad90
Event: 175.022 Thread 0x000001d95cca8000 DEOPT UNPACKING pc=0x000001d93f9372ce sp=0x000000ba028fa348 mode 0

Classes redefined (0 events):
No events

Internal exceptions (20 events):
Event: 81.162 Thread 0x000001d956877800 Exception <a 'java/lang/NoSuchMethodError'{0x0000000089aee098}: 'void java.lang.invoke.DirectMethodHandle$Holder.invokeStatic(java.lang.Object, java.lang.Object, java.lang.Object, java.lang.Object, java.lang.Object, int, java.lang.Object)'> (0x0000000089aee098) thrown at [./src/hotspot/share/interpreter/linkResolver.cpp, line 773]
Event: 85.899 Thread 0x000001d957b06800 Exception <a 'java/lang/NoSuchMethodError'{0x0000000089dc3cb0}: 'int java.lang.invoke.DirectMethodHandle$Holder.invokeSpecialIFC(java.lang.Object, java.lang.Object, java.lang.Object)'> (0x0000000089dc3cb0) thrown at [./src/hotspot/share/interpreter/linkResolver.cpp, line 773]
Event: 93.244 Thread 0x000001d957b06800 Exception <a 'java/lang/NoSuchMethodError'{0x000000008b4fd7b0}: 'int java.lang.invoke.DirectMethodHandle$Holder.invokeVirtual(java.lang.Object, java.lang.Object, java.lang.Object)'> (0x000000008b4fd7b0) thrown at [./src/hotspot/share/interpreter/linkResolver.cpp, line 773]
Event: 93.757 Thread 0x000001d957b06800 Exception <a 'java/lang/NoSuchMethodError'{0x000000008b17e110}: 'java.lang.Object java.lang.invoke.DirectMethodHandle$Holder.invokeStatic(java.lang.Object, java.lang.Object, java.lang.Object, java.lang.Object, java.lang.Object, java.lang.Object, java.lang.Object, java.lang.Object, java.lang.Object, java.lang.Object, java.lang.Object, java.lang.Object, java.lang.Object, java.lang.Object, java.lang.Object, java.lang.Object, java.lang.Object, int, java.lang.Object)'> (0x000000008b17e110) thrown at [./src/hots
Event: 93.758 Thread 0x000001d957b06800 Exception <a 'java/lang/NoSuchMethodError'{0x000000008b184440}: 'java.lang.Object java.lang.invoke.DirectMethodHandle$Holder.invokeStaticInit(java.lang.Object, java.lang.Object, java.lang.Object, java.lang.Object, java.lang.Object, java.lang.Object, java.lang.Object, java.lang.Object, java.lang.Object, java.lang.Object, java.lang.Object, java.lang.Object, java.lang.Object, java.lang.Object, java.lang.Object, java.lang.Object, java.lang.Object, int, java.lang.Object)'> (0x000000008b184440) thrown at [./src/
Event: 94.074 Thread 0x000001d957b06800 Exception <a 'java/lang/NoSuchMethodError'{0x000000008ae093f0}: 'void java.lang.invoke.DirectMethodHandle$Holder.invokeStaticInit(java.lang.Object, java.lang.Object, java.lang.Object, java.lang.Object, java.lang.Object)'> (0x000000008ae093f0) thrown at [./src/hotspot/share/interpreter/linkResolver.cpp, line 773]
Event: 94.231 Thread 0x000001d957b06800 Exception <a 'java/lang/NoSuchMethodError'{0x000000008ad84ec0}: 'java.lang.Object java.lang.invoke.DirectMethodHandle$Holder.invokeStatic(java.lang.Object, int, java.lang.Object, java.lang.Object)'> (0x000000008ad84ec0) thrown at [./src/hotspot/share/interpreter/linkResolver.cpp, line 773]
Event: 96.317 Thread 0x000001d9587e7800 Exception <a 'java/lang/NoSuchMethodError'{0x000000008b1ab818}: <clinit>> (0x000000008b1ab818) thrown at [./src/hotspot/share/prims/jni.cpp, line 1362]
Event: 96.346 Thread 0x000001d9587e7800 Exception <a 'java/lang/NoSuchMethodError'{0x000000008b0ae438}: <clinit>> (0x000000008b0ae438) thrown at [./src/hotspot/share/prims/jni.cpp, line 1362]
Event: 96.347 Thread 0x000001d9587e7800 Exception <a 'java/lang/NoSuchMethodError'{0x000000008b0be1b0}: <clinit>> (0x000000008b0be1b0) thrown at [./src/hotspot/share/prims/jni.cpp, line 1362]
Event: 96.381 Thread 0x000001d957b06800 Exception <a 'java/lang/NoSuchMethodError'{0x000000008b02dc58}: 'java.lang.Object java.lang.invoke.DirectMethodHandle$Holder.invokeSpecial(java.lang.Object, java.lang.Object, java.lang.Object, int, int, java.lang.Object, java.lang.Object)'> (0x000000008b02dc58) thrown at [./src/hotspot/share/interpreter/linkResolver.cpp, line 773]
Event: 96.384 Thread 0x000001d957b06800 Exception <a 'java/lang/NoSuchMethodError'{0x000000008b036dc0}: 'java.lang.Object java.lang.invoke.DirectMethodHandle$Holder.invokeStatic(java.lang.Object, java.lang.Object, java.lang.Object, int, int, java.lang.Object)'> (0x000000008b036dc0) thrown at [./src/hotspot/share/interpreter/linkResolver.cpp, line 773]
Event: 96.384 Thread 0x000001d957b06800 Exception <a 'java/lang/NoSuchMethodError'{0x000000008b03aae0}: 'java.lang.Object java.lang.invoke.DirectMethodHandle$Holder.invokeSpecial(java.lang.Object, java.lang.Object, java.lang.Object, java.lang.Object, int, int, java.lang.Object)'> (0x000000008b03aae0) thrown at [./src/hotspot/share/interpreter/linkResolver.cpp, line 773]
Event: 96.384 Thread 0x000001d957b06800 Exception <a 'java/lang/NoSuchMethodError'{0x000000008b03e000}: 'java.lang.Object java.lang.invoke.Invokers$Holder.linkToTargetMethod(java.lang.Object, java.lang.Object, int, int, java.lang.Object, java.lang.Object)'> (0x000000008b03e000) thrown at [./src/hotspot/share/interpreter/linkResolver.cpp, line 773]
Event: 96.396 Thread 0x000001d957b06800 Implicit null exception at 0x000001d947b8e92f to 0x000001d947b8e97c
Event: 96.545 Thread 0x000001d957b06800 Implicit null exception at 0x000001d947b86267 to 0x000001d947b8661c
Event: 175.002 Thread 0x000001d95cca8000 Exception <a 'java/lang/NoSuchMethodError'{0x000000008a1bf040}: <clinit>> (0x000000008a1bf040) thrown at [./src/hotspot/share/prims/jni.cpp, line 1362]
Event: 175.003 Thread 0x000001d95cca8000 Exception <a 'java/lang/NoSuchMethodError'{0x000000008a1d12c0}: <clinit>> (0x000000008a1d12c0) thrown at [./src/hotspot/share/prims/jni.cpp, line 1362]
Event: 175.076 Thread 0x000001d95cca8000 Exception <a 'java/lang/ClassNotFoundException'{0x000000008a0e8ac0}: sync_studio_tooling2_5yf58rwacfgc1ggr7qgb18dzeBeanInfo> (0x000000008a0e8ac0) thrown at [./src/hotspot/share/classfile/systemDictionary.cpp, line 231]
Event: 175.076 Thread 0x000001d95cca8000 Exception <a 'java/lang/ClassNotFoundException'{0x000000008a0f27f8}: sync_studio_tooling2_5yf58rwacfgc1ggr7qgb18dzeCustomizer> (0x000000008a0f27f8) thrown at [./src/hotspot/share/classfile/systemDictionary.cpp, line 231]

Events (20 events):
Event: 175.091 Thread 0x000001d956298000 flushing nmethod 0x000001d940d61d10
Event: 175.091 Thread 0x000001d956298000 flushing nmethod 0x000001d940d91010
Event: 175.091 Thread 0x000001d956298000 flushing nmethod 0x000001d940d95010
Event: 175.091 Thread 0x000001d956298000 flushing nmethod 0x000001d940d96890
Event: 175.091 Thread 0x000001d956298000 flushing nmethod 0x000001d940db1d90
Event: 175.091 Thread 0x000001d956298000 flushing nmethod 0x000001d940db3010
Event: 175.091 Thread 0x000001d956298000 flushing nmethod 0x000001d940db3b10
Event: 175.091 Thread 0x000001d956298000 flushing nmethod 0x000001d940dd9c10
Event: 175.091 Thread 0x000001d956298000 flushing nmethod 0x000001d940ddd610
Event: 175.091 Thread 0x000001d956298000 flushing nmethod 0x000001d940dfdf90
Event: 175.091 Thread 0x000001d956298000 flushing nmethod 0x000001d940e06b10
Event: 175.091 Thread 0x000001d956298000 flushing nmethod 0x000001d940e0fa90
Event: 175.091 Thread 0x000001d956298000 flushing nmethod 0x000001d940e0ff10
Event: 175.091 Thread 0x000001d956298000 flushing nmethod 0x000001d940e1ea90
Event: 175.091 Thread 0x000001d956298000 flushing nmethod 0x000001d940e28d10
Event: 175.091 Thread 0x000001d956298000 flushing nmethod 0x000001d940e72610
Event: 175.091 Thread 0x000001d956298000 flushing nmethod 0x000001d940e7ec90
Event: 175.091 Thread 0x000001d956298000 flushing nmethod 0x000001d940e81110
Event: 175.093 Thread 0x000001d956298000 flushing nmethod 0x000001d94111e110
Event: 175.096 Thread 0x000001d95ccb3000 Thread added: 0x000001d95ccb3000


Dynamic libraries:
0x00007ff6594a0000 - 0x00007ff6594aa000 	C:\Program Files\Android\Android Studio\jre\bin\java.exe
0x00007ffb5eef0000 - 0x00007ffb5f0e5000 	C:\WINDOWS\SYSTEM32\ntdll.dll
0x00007ffb5cfa0000 - 0x00007ffb5d05e000 	C:\WINDOWS\System32\KERNEL32.DLL
0x00007ffb5c980000 - 0x00007ffb5cc49000 	C:\WINDOWS\System32\KERNELBASE.dll
0x00007ffb5c640000 - 0x00007ffb5c740000 	C:\WINDOWS\System32\ucrtbase.dll
0x00007ffb3dd10000 - 0x00007ffb3dd29000 	C:\Program Files\Android\Android Studio\jre\bin\jli.dll
0x00007ffb5e8b0000 - 0x00007ffb5ea51000 	C:\WINDOWS\System32\USER32.dll
0x00007ffb5ce60000 - 0x00007ffb5ce82000 	C:\WINDOWS\System32\win32u.dll
0x00007ffb4cc70000 - 0x00007ffb4cf0a000 	C:\WINDOWS\WinSxS\amd64_microsoft.windows.common-controls_6595b64144ccf1df_6.0.19041.1110_none_60b5254171f9507e\COMCTL32.dll
0x00007ffb5ddb0000 - 0x00007ffb5de4e000 	C:\WINDOWS\System32\msvcrt.dll
0x00007ffb5d750000 - 0x00007ffb5d77b000 	C:\WINDOWS\System32\GDI32.dll
0x00007ffb5c7d0000 - 0x00007ffb5c8db000 	C:\WINDOWS\System32\gdi32full.dll
0x00007ffb5c8e0000 - 0x00007ffb5c97d000 	C:\WINDOWS\System32\msvcp_win.dll
0x00007ffb3dd30000 - 0x00007ffb3dd47000 	C:\Program Files\Android\Android Studio\jre\bin\VCRUNTIME140.dll
0x00007ffb5dd80000 - 0x00007ffb5ddb0000 	C:\WINDOWS\System32\IMM32.DLL
0x00007ffb31450000 - 0x00007ffb314ed000 	C:\Program Files\Android\Android Studio\jre\bin\msvcp140.dll
0x00007ffb23390000 - 0x00007ffb23e4c000 	C:\Program Files\Android\Android Studio\jre\bin\server\jvm.dll
0x00007ffb5ece0000 - 0x00007ffb5ed8c000 	C:\WINDOWS\System32\ADVAPI32.dll
0x00007ffb5e590000 - 0x00007ffb5e62b000 	C:\WINDOWS\System32\sechost.dll
0x00007ffb5d060000 - 0x00007ffb5d18a000 	C:\WINDOWS\System32\RPCRT4.dll
0x00007ffb5e840000 - 0x00007ffb5e848000 	C:\WINDOWS\System32\PSAPI.DLL
0x00007ffb48ea0000 - 0x00007ffb48ea9000 	C:\WINDOWS\SYSTEM32\WSOCK32.dll
0x00007ffb4cb10000 - 0x00007ffb4cb37000 	C:\WINDOWS\SYSTEM32\WINMM.dll
0x00007ffb54c60000 - 0x00007ffb54c6a000 	C:\WINDOWS\SYSTEM32\VERSION.dll
0x00007ffb5d780000 - 0x00007ffb5d7eb000 	C:\WINDOWS\System32\WS2_32.dll
0x00007ffb5b1e0000 - 0x00007ffb5b1f2000 	C:\WINDOWS\SYSTEM32\kernel.appcore.dll
0x00007ffb4f590000 - 0x00007ffb4f5a1000 	C:\Program Files\Android\Android Studio\jre\bin\verify.dll
0x00007ffb5aeb0000 - 0x00007ffb5b094000 	C:\WINDOWS\SYSTEM32\DBGHELP.DLL
0x00007ffb46580000 - 0x00007ffb465ac000 	C:\WINDOWS\SYSTEM32\dbgcore.DLL
0x00007ffb5c740000 - 0x00007ffb5c7c3000 	C:\WINDOWS\System32\bcryptPrimitives.dll
0x00007ffb3f840000 - 0x00007ffb3f869000 	C:\Program Files\Android\Android Studio\jre\bin\java.dll
0x00007ffb57460000 - 0x00007ffb5746b000 	C:\Program Files\Android\Android Studio\jre\bin\jimage.dll
0x00007ffb4a5f0000 - 0x00007ffb4a608000 	C:\Program Files\Android\Android Studio\jre\bin\zip.dll
0x00007ffb5de50000 - 0x00007ffb5e58f000 	C:\WINDOWS\System32\SHELL32.dll
0x00007ffb5a300000 - 0x00007ffb5aa90000 	C:\WINDOWS\SYSTEM32\windows.storage.dll
0x00007ffb5d850000 - 0x00007ffb5dba5000 	C:\WINDOWS\System32\combase.dll
0x00007ffb5bf90000 - 0x00007ffb5bfbc000 	C:\WINDOWS\SYSTEM32\Wldp.dll
0x00007ffb5dc10000 - 0x00007ffb5dcbe000 	C:\WINDOWS\System32\SHCORE.dll
0x00007ffb5e850000 - 0x00007ffb5e8a5000 	C:\WINDOWS\System32\shlwapi.dll
0x00007ffb5c550000 - 0x00007ffb5c56f000 	C:\WINDOWS\SYSTEM32\profapi.dll
0x00007ffb3f350000 - 0x00007ffb3f36a000 	C:\Program Files\Android\Android Studio\jre\bin\net.dll
0x00007ffb49e40000 - 0x00007ffb49f48000 	C:\WINDOWS\SYSTEM32\WINHTTP.dll
0x00007ffb5bcf0000 - 0x00007ffb5bd5a000 	C:\WINDOWS\system32\mswsock.dll
0x00007ffb3f330000 - 0x00007ffb3f344000 	C:\Program Files\Android\Android Studio\jre\bin\nio.dll
0x00007ffb3f0c0000 - 0x00007ffb3f0e7000 	C:\Users\asus\Desktop\JavaLearning\native\fdc75f09e3144964f2cf3f50f0aa648679c211496f362492102eb8c894070792\windows-amd64\native-platform.dll
0x00007ffb30f70000 - 0x00007ffb31106000 	C:\Users\asus\Desktop\JavaLearning\native\12488b8bf47d2d4c9fbf2f6322a914ad602e24e48041cd04a747c6da556b65c4\windows-amd64\native-platform-file-events.dll
0x00007ffb55c40000 - 0x00007ffb55c4a000 	C:\Program Files\Android\Android Studio\jre\bin\management.dll
0x00007ffb559b0000 - 0x00007ffb559bc000 	C:\Program Files\Android\Android Studio\jre\bin\management_ext.dll
0x00007ffb5bee0000 - 0x00007ffb5bef8000 	C:\WINDOWS\SYSTEM32\CRYPTSP.dll
0x00007ffb5b670000 - 0x00007ffb5b6a4000 	C:\WINDOWS\system32\rsaenh.dll
0x00007ffb5c610000 - 0x00007ffb5c637000 	C:\WINDOWS\System32\bcrypt.dll
0x00007ffb5c510000 - 0x00007ffb5c53e000 	C:\WINDOWS\SYSTEM32\USERENV.dll
0x00007ffb5bf00000 - 0x00007ffb5bf0c000 	C:\WINDOWS\SYSTEM32\CRYPTBASE.dll
0x00007ffb5b9e0000 - 0x00007ffb5ba1b000 	C:\WINDOWS\SYSTEM32\IPHLPAPI.DLL
0x00007ffb5d230000 - 0x00007ffb5d238000 	C:\WINDOWS\System32\NSI.dll
0x00007ffb56090000 - 0x00007ffb560a7000 	C:\WINDOWS\SYSTEM32\dhcpcsvc6.DLL
0x00007ffb563b0000 - 0x00007ffb563cd000 	C:\WINDOWS\SYSTEM32\dhcpcsvc.DLL
0x00007ffb5ba20000 - 0x00007ffb5baec000 	C:\WINDOWS\SYSTEM32\DNSAPI.dll
0x00007ffb564c0000 - 0x00007ffb564cb000 	C:\WINDOWS\SYSTEM32\WINNSI.DLL
0x00007ffb3f190000 - 0x00007ffb3f1b7000 	C:\Program Files\Android\Android Studio\jre\bin\sunec.dll
0x00007ffb4aab0000 - 0x00007ffb4aaba000 	C:\Windows\System32\rasadhlp.dll
0x00007ffb49dc0000 - 0x00007ffb49e3f000 	C:\WINDOWS\System32\fwpuclnt.dll

dbghelp: loaded successfully - version: 4.0.5 - missing functions: none
symbol engine: initialized successfully - sym options: 0x614 - pdb path: .;C:\Program Files\Android\Android Studio\jre\bin;C:\WINDOWS\SYSTEM32;C:\WINDOWS\WinSxS\amd64_microsoft.windows.common-controls_6595b64144ccf1df_6.0.19041.1110_none_60b5254171f9507e;C:\Program Files\Android\Android Studio\jre\bin\server;C:\Users\asus\Desktop\JavaLearning\native\fdc75f09e3144964f2cf3f50f0aa648679c211496f362492102eb8c894070792\windows-amd64;C:\Users\asus\Desktop\JavaLearning\native\12488b8bf47d2d4c9fbf2f6322a914ad602e24e48041cd04a747c6da556b65c4\windows-amd64

VM Arguments:
jvm_args: --add-opens=java.base/java.util=ALL-UNNAMED --add-opens=java.base/java.lang=ALL-UNNAMED --add-opens=java.base/java.lang.invoke=ALL-UNNAMED --add-opens=java.prefs/java.util.prefs=ALL-UNNAMED -Xmx2048m -Dfile.encoding=UTF-8 -Duser.country=TR -Duser.language=tr -Duser.variant 
java_command: org.gradle.launcher.daemon.bootstrap.GradleDaemon 6.7.1
java_class_path (initial): C:\Users\asus\Desktop\JavaLearning\wrapper\dists\gradle-6.7.1-bin\bwlcbys1h7rz3272sye1xwiv6\gradle-6.7.1\lib\gradle-launcher-6.7.1.jar
Launcher Type: SUN_STANDARD

[Global flags]
     intx CICompilerCount                          = 3                                         {product} {ergonomic}
     uint ConcGCThreads                            = 1                                         {product} {ergonomic}
     uint G1ConcRefinementThreads                  = 4                                         {product} {ergonomic}
   size_t G1HeapRegionSize                         = 1048576                                   {product} {ergonomic}
    uintx GCDrainStackTargetSize                   = 64                                        {product} {ergonomic}
   size_t InitialHeapSize                          = 201326592                                 {product} {ergonomic}
   size_t MarkStackSize                            = 4194304                                   {product} {ergonomic}
   size_t MaxHeapSize                              = 2147483648                                {product} {command line}
   size_t MaxNewSize                               = 1287651328                                {product} {ergonomic}
   size_t MinHeapDeltaBytes                        = 1048576                                   {product} {ergonomic}
    uintx NonNMethodCodeHeapSize                   = 5830732                                {pd product} {ergonomic}
    uintx NonProfiledCodeHeapSize                  = 122913754                              {pd product} {ergonomic}
    uintx ProfiledCodeHeapSize                     = 122913754                              {pd product} {ergonomic}
    uintx ReservedCodeCacheSize                    = 251658240                              {pd product} {ergonomic}
     bool SegmentedCodeCache                       = true                                      {product} {ergonomic}
     bool UseCompressedClassPointers               = true                                 {lp64_product} {ergonomic}
     bool UseCompressedOops                        = true                                 {lp64_product} {ergonomic}
     bool UseG1GC                                  = true                                      {product} {ergonomic}
     bool UseLargePagesIndividualAllocation        = false                                  {pd product} {ergonomic}

Logging:
Log output configuration:
 #0: stdout all=warning uptime,level,tags
 #1: stderr all=off uptime,level,tags

Environment Variables:
JAVA_HOME=C:\Program Files\Java\jdk-11.0.7
JRE_HOME=C:\Program Files\Java\jre1.8.0_151
PATH=C:\Program Files (x86)\Common Files\Oracle\Java\javapath;C:\Program Files\nodejs;C:\Program Files\Microsoft SQL Server\Client SDK\ODBC\130\Tools\Binn\;C:\Program Files (x86)\Microsoft SQL Server\140\Tools\Binn\;C:\Program Files\Microsoft SQL Server\140\Tools\Binn\;C:\Program Files\Microsoft SQL Server\140\DTS\Binn\;C:\Program Files (x86)\Microsoft SQL Server\150\DTS\Binn\;C:\Program Files\dotnet\;C:\Program Files\Microsoft SQL Server\130\Tools\Binn\;C:\WINDOWS\system32;C:\WINDOWS;C:\WINDOWS\System32\Wbem;C:\WINDOWS\System32\WindowsPowerShell\v1.0\;C:\WINDOWS\System32\OpenSSH\;C:\Program Files\Gauge\bin;C:\Program Files\apache-maven-3.6.3-bin\apache-maven-3.6.3\bin;C:\Program Files\Git\cmd;C:\Program Files (x86)\dotnet\;C:\Program Files (x86)\NVIDIA Corporation\PhysX\Common;C:\Program Files\nodejs\;C:\Program Files\Graphviz\bin;C:\Program Files\MySQL\MySQL Shell 8.0\bin\;C:\Users\asus\Desktop\otomasyon;C:\Users\asus\AppData\Local\Programs\Microsoft VS Code\bin;C:\Users\asus\AppData\Local\Programs\MiKTeX 2.9\miktex\bin\x64\;C:\Users\asus\AppData\Local\Microsoft\WindowsApps;C:\Users\asus\AppData\Roaming\npm;C:\Program Files\Graphviz\bin;
USERNAME=asus
OS=Windows_NT
PROCESSOR_IDENTIFIER=Intel64 Family 6 Model 142 Stepping 9, GenuineIntel



---------------  S Y S T E M  ---------------

OS: Windows 10 , 64 bit Build 19041 (10.0.19041.1202)
OS uptime: 5 days 15:35 hours

CPU:total 4 (initial active 4) (2 cores per cpu, 2 threads per core) family 6 model 142 stepping 9, cmov, cx8, fxsr, mmx, sse, sse2, sse3, ssse3, sse4.1, sse4.2, popcnt, avx, avx2, aes, clmul, erms, 3dnowpref, lzcnt, ht, tsc, tscinvbit, bmi1, bmi2, adx, fma

Memory: 4k page, system-wide physical 12174M (941M free)
TotalPageFile size 12174M (AvailPageFile size 1M)
current process WorkingSet (physical memory assigned to process): 466M, peak: 466M
current process commit charge ("private bytes"): 498M, peak: 498M

vm_info: OpenJDK 64-Bit Server VM (11.0.8+10-b944.6842174) for windows-amd64 JRE (11.0.8+10-b944.6842174), built on Sep 19 2020 01:11:42 by "builder" with MS VC++ 14.0 (VS2015)

END.
