#
# There is insufficient memory for the Java Runtime Environment to continue.
# Native memory allocation (malloc) failed to allocate 1669456 bytes for Chunk::new
# Possible reasons:
#   The system is out of physical RAM or swap space
#   The process is running with CompressedOops enabled, and the Java Heap may be blocking the growth of the native heap
# Possible solutions:
#   Reduce memory load on the system
#   Increase physical memory or swap space
#   Check if swap backing store is full
#   Decrease Java heap size (-Xmx/-Xms)
#   Decrease number of Java threads
#   Decrease Java thread stack sizes (-Xss)
#   Set larger code cache with -XX:ReservedCodeCacheSize=
#   JVM is running with Unscaled Compressed Oops mode in which the Java heap is
#     placed in the first 4GB address space. The Java Heap base address is the
#     maximum limit for the native heap growth. Please use -XX:HeapBaseMinAddress
#     to set the Java Heap base and to place the Java Heap above 4GB virtual address.
# This output file may be truncated or incomplete.
#
#  Out of Memory Error (./src/hotspot/share/memory/arena.cpp:197), pid=12476, tid=11972
#
# JRE version: OpenJDK Runtime Environment (11.0.8+10) (build 11.0.8+10-b944.6842174)
# Java VM: OpenJDK 64-Bit Server VM (11.0.8+10-b944.6842174, mixed mode, tiered, compressed oops, g1 gc, windows-amd64)
# No core dump will be written. Minidumps are not enabled by default on client versions of Windows
#

---------------  S U M M A R Y ------------

Command Line: --add-opens=java.base/java.util=ALL-UNNAMED --add-opens=java.base/java.lang=ALL-UNNAMED --add-opens=java.base/java.lang.invoke=ALL-UNNAMED --add-opens=java.prefs/java.util.prefs=ALL-UNNAMED -Xmx2048m -Dfile.encoding=UTF-8 -Duser.country=TR -Duser.language=tr -Duser.variant org.gradle.launcher.daemon.bootstrap.GradleDaemon 6.7.1

Host: Intel(R) Core(TM) i7-7500U CPU @ 2.70GHz, 4 cores, 11G,  Windows 10 , 64 bit Build 19041 (10.0.19041.1202)
Time: Tue Sep 28 16:36:07 2021 Türkiye Standart Saati elapsed time: 9 seconds (0d 0h 0m 9s)

---------------  T H R E A D  ---------------

Current thread (0x0000028a9180c800):  JavaThread "C2 CompilerThread0" daemon [_thread_in_native, id=11972, stack(0x000000c3c7f00000,0x000000c3c8000000)]


Current CompileTask:
C2:   9050 5701 % !   4       java.util.jar.Attributes::read @ 185 (388 bytes)

Stack: [0x000000c3c7f00000,0x000000c3c8000000]
Native frames: (J=compiled Java code, j=interpreted, Vv=VM code, C=native code)
V  [jvm.dll+0x5de50a]
V  [jvm.dll+0x7122f5]
V  [jvm.dll+0x71384d]
V  [jvm.dll+0x713f03]
V  [jvm.dll+0x23e728]
V  [jvm.dll+0xb899c]
V  [jvm.dll+0xb8e9c]
V  [jvm.dll+0x35020b]
V  [jvm.dll+0x31dea3]
V  [jvm.dll+0x31d39a]
V  [jvm.dll+0x1f7702]
V  [jvm.dll+0x1f68d4]
V  [jvm.dll+0x17f32c]
V  [jvm.dll+0x205047]
V  [jvm.dll+0x203891]
V  [jvm.dll+0x6dad3f]
V  [jvm.dll+0x6d3895]
V  [jvm.dll+0x5dd4a6]
C  [ucrtbase.dll+0x21bb2]
C  [KERNEL32.DLL+0x17034]
C  [ntdll.dll+0x52651]


---------------  P R O C E S S  ---------------

Threads class SMR info:
_java_thread_list=0x0000028a954e4190, length=153, elements={
0x0000028af727c000, 0x0000028affd28800, 0x0000028affd2a000, 0x0000028a91808000,
0x0000028a9180a000, 0x0000028a9180c800, 0x0000028a91854800, 0x0000028a91856000,
0x0000028a919ba800, 0x0000028a919ec800, 0x0000028a9251a000, 0x0000028a93afc800,
0x0000028a9328b800, 0x0000028a92a67800, 0x0000028a931e5800, 0x0000028a92e8f800,
0x0000028a92e92000, 0x0000028a930fb000, 0x0000028a92e8a800, 0x0000028a9330c000,
0x0000028a92bd7000, 0x0000028a92bd8000, 0x0000028a92bd8800, 0x0000028a92bd3000,
0x0000028a92bd5800, 0x0000028a92bd9800, 0x0000028a92bd4000, 0x0000028a92bd4800,
0x0000028a92bd6000, 0x0000028a953f3000, 0x0000028a953f3800, 0x0000028a953f4800,
0x0000028a953f5000, 0x0000028a953f6000, 0x0000028a953f2000, 0x0000028a953f0800,
0x0000028a953f7000, 0x0000028a953f1000, 0x0000028a953fb800, 0x0000028a953fc800,
0x0000028a953fd800, 0x0000028a953f7800, 0x0000028a953f8800, 0x0000028a953fa000,
0x0000028a953fb000, 0x0000028a953ff000, 0x0000028a953fe000, 0x0000028a953f9800,
0x0000028a9473f000, 0x0000028a94740000, 0x0000028a95a1b000, 0x0000028a9473d800,
0x0000028a94741000, 0x0000028a94741800, 0x0000028a94744000, 0x0000028a9473e800,
0x0000028a94748000, 0x0000028a94749000, 0x0000028a94746800, 0x0000028a94747800,
0x0000028a9474a800, 0x0000028a9474a000, 0x0000028a94745000, 0x0000028a9474b800,
0x0000028a94745800, 0x0000028a9474c800, 0x0000028a9916e000, 0x0000028a9916c000,
0x0000028a9916d000, 0x0000028a99169800, 0x0000028a99168000, 0x0000028a9916e800,
0x0000028a99169000, 0x0000028a9916a800, 0x0000028a9916b800, 0x0000028a96ad3800,
0x0000028a96ad0800, 0x0000028a96ad3000, 0x0000028a96ad4800, 0x0000028a96ad5000,
0x0000028a96ad2000, 0x0000028a96ad6000, 0x0000028a96ad7000, 0x0000028a96ad1000,
0x0000028a96adc800, 0x0000028a96add800, 0x0000028a96ad7800, 0x0000028a96adb000,
0x0000028a96ad8800, 0x0000028a96adb800, 0x0000028a96ada000, 0x0000028a96ade000,
0x0000028a96ad9800, 0x0000028a96adf000, 0x0000028a92901000, 0x0000028a92902000,
0x0000028a92904800, 0x0000028a92900800, 0x0000028a92905800, 0x0000028a92906000,
0x0000028a92907000, 0x0000028a92903000, 0x0000028a92903800, 0x0000028a92908800,
0x0000028a9290b000, 0x0000028a9290c800, 0x0000028a9290a000, 0x0000028a9290c000,
0x0000028a9290d800, 0x0000028a92907800, 0x0000028a9290f000, 0x0000028a92909800,
0x0000028a9290e800, 0x0000028a925c2800, 0x0000028a925c4800, 0x0000028a925c3000,
0x0000028a925c7000, 0x0000028a925c9800, 0x0000028a925c4000, 0x0000028a925ca800,
0x0000028a925cb800, 0x0000028a925c5800, 0x0000028a925c8000, 0x0000028a925cc000,
0x0000028a925c6800, 0x0000028a925cd000, 0x0000028a925cd800, 0x0000028a925ce800,
0x0000028a925c9000, 0x0000028a925cf800, 0x0000028a925d0000, 0x0000028a925d1000,
0x0000028a943c4800, 0x0000028a943c6800, 0x0000028a943c7800, 0x0000028a943cb000,
0x0000028a943c8800, 0x0000028a943c9000, 0x0000028a943c5000, 0x0000028a943ca000,
0x0000028a943cb800, 0x0000028a943c6000, 0x0000028a943cc800, 0x0000028a943cf000,
0x0000028a943ce000, 0x0000028a943d0800, 0x0000028a943d1800, 0x0000028a943cf800,
0x0000028a943d2000, 0x0000028a943d3000, 0x0000028a943cd800, 0x0000028a944d9800,
0x0000028a944de800
}

Java Threads: ( => current thread )
  0x0000028af727c000 JavaThread "main" [_thread_blocked, id=12232, stack(0x000000c3c7400000,0x000000c3c7500000)]
  0x0000028affd28800 JavaThread "Reference Handler" daemon [_thread_blocked, id=4392, stack(0x000000c3c7b00000,0x000000c3c7c00000)]
  0x0000028affd2a000 JavaThread "Finalizer" daemon [_thread_blocked, id=14004, stack(0x000000c3c7c00000,0x000000c3c7d00000)]
  0x0000028a91808000 JavaThread "Signal Dispatcher" daemon [_thread_blocked, id=15252, stack(0x000000c3c7d00000,0x000000c3c7e00000)]
  0x0000028a9180a000 JavaThread "Attach Listener" daemon [_thread_blocked, id=3556, stack(0x000000c3c7e00000,0x000000c3c7f00000)]
=>0x0000028a9180c800 JavaThread "C2 CompilerThread0" daemon [_thread_in_native, id=11972, stack(0x000000c3c7f00000,0x000000c3c8000000)]
  0x0000028a91854800 JavaThread "C1 CompilerThread0" daemon [_thread_blocked, id=9536, stack(0x000000c3c8000000,0x000000c3c8100000)]
  0x0000028a91856000 JavaThread "Sweeper thread" daemon [_thread_blocked, id=7624, stack(0x000000c3c8100000,0x000000c3c8200000)]
  0x0000028a919ba800 JavaThread "Common-Cleaner" daemon [_thread_blocked, id=13924, stack(0x000000c3c8200000,0x000000c3c8300000)]
  0x0000028a919ec800 JavaThread "Service Thread" daemon [_thread_blocked, id=13068, stack(0x000000c3c8300000,0x000000c3c8400000)]
  0x0000028a9251a000 JavaThread "Daemon health stats" [_thread_blocked, id=15320, stack(0x000000c3c8900000,0x000000c3c8a00000)]
  0x0000028a93afc800 JavaThread "Incoming local TCP Connector on port 61627" [_thread_in_native, id=6708, stack(0x000000c3c8b00000,0x000000c3c8c00000)]
  0x0000028a9328b800 JavaThread "Daemon periodic checks" [_thread_blocked, id=1776, stack(0x000000c3c8c00000,0x000000c3c8d00000)]
  0x0000028a92a67800 JavaThread "Daemon" [_thread_blocked, id=9768, stack(0x000000c3c8d00000,0x000000c3c8e00000)]
  0x0000028a931e5800 JavaThread "Handler for socket connection from /127.0.0.1:61627 to /127.0.0.1:61628" [_thread_in_native, id=13196, stack(0x000000c3c8e00000,0x000000c3c8f00000)]
  0x0000028a92e8f800 JavaThread "Cancel handler" [_thread_blocked, id=10476, stack(0x000000c3c8f00000,0x000000c3c9000000)]
  0x0000028a92e92000 JavaThread "Daemon worker" [_thread_in_vm, id=9116, stack(0x000000c3c9000000,0x000000c3c9100000)]
  0x0000028a930fb000 JavaThread "Asynchronous log dispatcher for DefaultDaemonConnection: socket connection from /127.0.0.1:61627 to /127.0.0.1:61628" [_thread_blocked, id=11284, stack(0x000000c3c9100000,0x000000c3c9200000)]
  0x0000028a92e8a800 JavaThread "Stdin handler" [_thread_blocked, id=14320, stack(0x000000c3c9200000,0x000000c3c9300000)]
  0x0000028a9330c000 JavaThread "Thread-8" [_thread_blocked, id=2116, stack(0x000000c3c9300000,0x000000c3c9400000)]
  0x0000028a92bd7000 JavaThread "Cache worker for file hash cache (C:\Users\asus\Desktop\JavaLearning\caches\6.7.1\fileHashes)" [_thread_blocked, id=12732, stack(0x000000c3c9400000,0x000000c3c9500000)]
  0x0000028a92bd8000 JavaThread "File lock request listener" [_thread_in_native, id=11260, stack(0x000000c3c9500000,0x000000c3c9600000)]
  0x0000028a92bd8800 JavaThread "Cache worker for journal cache (C:\Users\asus\Desktop\JavaLearning\caches\journal-1)" [_thread_blocked, id=10516, stack(0x000000c3c9600000,0x000000c3c9700000)]
  0x0000028a92bd3000 JavaThread "Cache worker for file hash cache (C:\Users\asus\Desktop\MyNotebookProject\.gradle\6.7.1\fileHashes)" [_thread_blocked, id=14400, stack(0x000000c3c9800000,0x000000c3c9900000)]
  0x0000028a92bd5800 JavaThread "jar transforms" [_thread_blocked, id=14084, stack(0x000000c3c9900000,0x000000c3c9a00000)]
  0x0000028a92bd9800 JavaThread "jar transforms Thread 2" [_thread_blocked, id=6812, stack(0x000000c3c9a00000,0x000000c3c9b00000)]
  0x0000028a92bd4000 JavaThread "jar transforms Thread 3" [_thread_blocked, id=14752, stack(0x000000c3c9b00000,0x000000c3c9c00000)]
  0x0000028a92bd4800 JavaThread "jar transforms Thread 4" [_thread_blocked, id=14224, stack(0x000000c3c9c00000,0x000000c3c9d00000)]
  0x0000028a92bd6000 JavaThread "jar transforms Thread 5" [_thread_blocked, id=10604, stack(0x000000c3c9d00000,0x000000c3c9e00000)]
  0x0000028a953f3000 JavaThread "jar transforms Thread 6" [_thread_blocked, id=5256, stack(0x000000c3c9e00000,0x000000c3c9f00000)]
  0x0000028a953f3800 JavaThread "jar transforms Thread 7" [_thread_blocked, id=9948, stack(0x000000c3c9f00000,0x000000c3ca000000)]
  0x0000028a953f4800 JavaThread "jar transforms Thread 8" [_thread_blocked, id=15212, stack(0x000000c3ca000000,0x000000c3ca100000)]
  0x0000028a953f5000 JavaThread "jar transforms Thread 9" [_thread_blocked, id=13524, stack(0x000000c3ca100000,0x000000c3ca200000)]
  0x0000028a953f6000 JavaThread "jar transforms Thread 10" [_thread_blocked, id=7600, stack(0x000000c3ca200000,0x000000c3ca300000)]
  0x0000028a953f2000 JavaThread "jar transforms Thread 11" [_thread_blocked, id=3136, stack(0x000000c3ca300000,0x000000c3ca400000)]
  0x0000028a953f0800 JavaThread "jar transforms Thread 12" [_thread_blocked, id=14800, stack(0x000000c3ca400000,0x000000c3ca500000)]
  0x0000028a953f7000 JavaThread "jar transforms Thread 13" [_thread_blocked, id=6980, stack(0x000000c3ca500000,0x000000c3ca600000)]
  0x0000028a953f1000 JavaThread "jar transforms Thread 14" [_thread_blocked, id=1512, stack(0x000000c3ca600000,0x000000c3ca700000)]
  0x0000028a953fb800 JavaThread "jar transforms Thread 15" [_thread_blocked, id=15044, stack(0x000000c3ca700000,0x000000c3ca800000)]
  0x0000028a953fc800 JavaThread "jar transforms Thread 16" [_thread_blocked, id=5424, stack(0x000000c3ca800000,0x000000c3ca900000)]
  0x0000028a953fd800 JavaThread "jar transforms Thread 17" [_thread_blocked, id=9016, stack(0x000000c3ca900000,0x000000c3caa00000)]
  0x0000028a953f7800 JavaThread "jar transforms Thread 18" [_thread_blocked, id=14436, stack(0x000000c3caa00000,0x000000c3cab00000)]
  0x0000028a953f8800 JavaThread "jar transforms Thread 19" [_thread_blocked, id=14604, stack(0x000000c3cab00000,0x000000c3cac00000)]
  0x0000028a953fa000 JavaThread "jar transforms Thread 20" [_thread_blocked, id=11256, stack(0x000000c3cac00000,0x000000c3cad00000)]
  0x0000028a953fb000 JavaThread "jar transforms Thread 21" [_thread_blocked, id=10712, stack(0x000000c3cad00000,0x000000c3cae00000)]
  0x0000028a953ff000 JavaThread "Cache worker for checksums cache (C:\Users\asus\Desktop\MyNotebookProject\.gradle\checksums)" [_thread_blocked, id=15316, stack(0x000000c3cae00000,0x000000c3caf00000)]
  0x0000028a953fe000 JavaThread "Cache worker for cache directory md-supplier (C:\Users\asus\Desktop\JavaLearning\caches\6.7.1\md-supplier)" [_thread_blocked, id=15116, stack(0x000000c3caf00000,0x000000c3cb000000)]
  0x0000028a953f9800 JavaThread "Cache worker for cache directory md-rule (C:\Users\asus\Desktop\JavaLearning\caches\6.7.1\md-rule)" [_thread_blocked, id=11792, stack(0x000000c3cb000000,0x000000c3cb100000)]
  0x0000028a9473f000 JavaThread "Cache worker for execution history cache (C:\Users\asus\Desktop\JavaLearning\caches\6.7.1\executionHistory)" [_thread_blocked, id=12116, stack(0x000000c3cb100000,0x000000c3cb200000)]
  0x0000028a94740000 JavaThread "Cache worker for file content cache (C:\Users\asus\Desktop\JavaLearning\caches\6.7.1\fileContent)" [_thread_blocked, id=14524, stack(0x000000c3cb200000,0x000000c3cb300000)]
  0x0000028a95a1b000 JavaThread "C2 CompilerThread1" daemon [_thread_in_native, id=12240, stack(0x000000c3c9700000,0x000000c3c9800000)]
  0x0000028a9473d800 JavaThread "Cache worker for Build Output Cleanup Cache (C:\Users\asus\Desktop\MyNotebookProject\.gradle\buildOutputCleanup)" [_thread_blocked, id=12012, stack(0x000000c3cb300000,0x000000c3cb400000)]
  0x0000028a94741000 JavaThread "Build operations" [_thread_blocked, id=15012, stack(0x000000c3cb400000,0x000000c3cb500000)]
  0x0000028a94741800 JavaThread "Build operations Thread 2" [_thread_blocked, id=5240, stack(0x000000c3cb500000,0x000000c3cb600000)]
  0x0000028a94744000 JavaThread "Build operations Thread 3" [_thread_blocked, id=9152, stack(0x000000c3cb600000,0x000000c3cb700000)]
  0x0000028a9473e800 JavaThread "Build operations Thread 4" [_thread_blocked, id=8396, stack(0x000000c3cb700000,0x000000c3cb800000)]
  0x0000028a94748000 JavaThread "jar transforms Thread 22" [_thread_blocked, id=12452, stack(0x000000c3cb800000,0x000000c3cb900000)]
  0x0000028a94749000 JavaThread "jar transforms Thread 23" [_thread_blocked, id=12448, stack(0x000000c3cb900000,0x000000c3cba00000)]
  0x0000028a94746800 JavaThread "jar transforms Thread 24" [_thread_blocked, id=6288, stack(0x000000c3cba00000,0x000000c3cbb00000)]
  0x0000028a94747800 JavaThread "jar transforms Thread 25" [_thread_blocked, id=4268, stack(0x000000c3cbb00000,0x000000c3cbc00000)]
  0x0000028a9474a800 JavaThread "jar transforms Thread 26" [_thread_blocked, id=14824, stack(0x000000c3cbc00000,0x000000c3cbd00000)]
  0x0000028a9474a000 JavaThread "jar transforms Thread 27" [_thread_blocked, id=11536, stack(0x000000c3cbd00000,0x000000c3cbe00000)]
  0x0000028a94745000 JavaThread "jar transforms Thread 28" [_thread_blocked, id=9572, stack(0x000000c3cbe00000,0x000000c3cbf00000)]
  0x0000028a9474b800 JavaThread "jar transforms Thread 29" [_thread_blocked, id=5536, stack(0x000000c3cbf00000,0x000000c3cc000000)]
  0x0000028a94745800 JavaThread "jar transforms Thread 30" [_thread_blocked, id=11592, stack(0x000000c3cc000000,0x000000c3cc100000)]
  0x0000028a9474c800 JavaThread "jar transforms Thread 31" [_thread_blocked, id=6944, stack(0x000000c3cc100000,0x000000c3cc200000)]
  0x0000028a9916e000 JavaThread "jar transforms Thread 32" [_thread_blocked, id=12892, stack(0x000000c3cc200000,0x000000c3cc300000)]
  0x0000028a9916c000 JavaThread "jar transforms Thread 33" [_thread_blocked, id=7772, stack(0x000000c3cc300000,0x000000c3cc400000)]
  0x0000028a9916d000 JavaThread "jar transforms Thread 34" [_thread_blocked, id=13188, stack(0x000000c3cc400000,0x000000c3cc500000)]
  0x0000028a99169800 JavaThread "jar transforms Thread 35" [_thread_blocked, id=280, stack(0x000000c3cc500000,0x000000c3cc600000)]
  0x0000028a99168000 JavaThread "jar transforms Thread 36" [_thread_blocked, id=13096, stack(0x000000c3cc600000,0x000000c3cc700000)]
  0x0000028a9916e800 JavaThread "jar transforms Thread 37" [_thread_blocked, id=14640, stack(0x000000c3cc700000,0x000000c3cc800000)]
  0x0000028a99169000 JavaThread "jar transforms Thread 38" [_thread_blocked, id=9744, stack(0x000000c3cc800000,0x000000c3cc900000)]
  0x0000028a9916a800 JavaThread "jar transforms Thread 39" [_thread_blocked, id=13388, stack(0x000000c3cc900000,0x000000c3cca00000)]
  0x0000028a9916b800 JavaThread "jar transforms Thread 40" [_thread_blocked, id=8840, stack(0x000000c3cca00000,0x000000c3ccb00000)]
  0x0000028a96ad3800 JavaThread "jar transforms Thread 41" [_thread_blocked, id=7032, stack(0x000000c3ccb00000,0x000000c3ccc00000)]
  0x0000028a96ad0800 JavaThread "jar transforms Thread 42" [_thread_blocked, id=5976, stack(0x000000c3ccc00000,0x000000c3ccd00000)]
  0x0000028a96ad3000 JavaThread "jar transforms Thread 43" [_thread_blocked, id=10872, stack(0x000000c3ccd00000,0x000000c3cce00000)]
  0x0000028a96ad4800 JavaThread "jar transforms Thread 44" [_thread_blocked, id=13500, stack(0x000000c3cce00000,0x000000c3ccf00000)]
  0x0000028a96ad5000 JavaThread "jar transforms Thread 45" [_thread_blocked, id=12868, stack(0x000000c3ccf00000,0x000000c3cd000000)]
  0x0000028a96ad2000 JavaThread "jar transforms Thread 46" [_thread_blocked, id=10060, stack(0x000000c3cd000000,0x000000c3cd100000)]
  0x0000028a96ad6000 JavaThread "jar transforms Thread 47" [_thread_blocked, id=2392, stack(0x000000c3cd100000,0x000000c3cd200000)]
  0x0000028a96ad7000 JavaThread "jar transforms Thread 48" [_thread_blocked, id=9316, stack(0x000000c3cd200000,0x000000c3cd300000)]
  0x0000028a96ad1000 JavaThread "jar transforms Thread 49" [_thread_blocked, id=4468, stack(0x000000c3cd300000,0x000000c3cd400000)]
  0x0000028a96adc800 JavaThread "jar transforms Thread 50" [_thread_blocked, id=10244, stack(0x000000c3cd400000,0x000000c3cd500000)]
  0x0000028a96add800 JavaThread "jar transforms Thread 51" [_thread_blocked, id=12764, stack(0x000000c3cd500000,0x000000c3cd600000)]
  0x0000028a96ad7800 JavaThread "jar transforms Thread 52" [_thread_blocked, id=6328, stack(0x000000c3cd600000,0x000000c3cd700000)]
  0x0000028a96adb000 JavaThread "jar transforms Thread 53" [_thread_blocked, id=11816, stack(0x000000c3cd700000,0x000000c3cd800000)]
  0x0000028a96ad8800 JavaThread "jar transforms Thread 54" [_thread_blocked, id=6216, stack(0x000000c3cd800000,0x000000c3cd900000)]
  0x0000028a96adb800 JavaThread "jar transforms Thread 55" [_thread_blocked, id=14572, stack(0x000000c3cd900000,0x000000c3cda00000)]
  0x0000028a96ada000 JavaThread "jar transforms Thread 56" [_thread_blocked, id=1852, stack(0x000000c3cda00000,0x000000c3cdb00000)]
  0x0000028a96ade000 JavaThread "jar transforms Thread 57" [_thread_blocked, id=6276, stack(0x000000c3cdb00000,0x000000c3cdc00000)]
  0x0000028a96ad9800 JavaThread "jar transforms Thread 58" [_thread_blocked, id=13132, stack(0x000000c3cdc00000,0x000000c3cdd00000)]
  0x0000028a96adf000 JavaThread "jar transforms Thread 59" [_thread_blocked, id=13844, stack(0x000000c3cdd00000,0x000000c3cde00000)]
  0x0000028a92901000 JavaThread "jar transforms Thread 60" [_thread_blocked, id=6096, stack(0x000000c3cde00000,0x000000c3cdf00000)]
  0x0000028a92902000 JavaThread "jar transforms Thread 61" [_thread_blocked, id=6904, stack(0x000000c3cdf00000,0x000000c3ce000000)]
  0x0000028a92904800 JavaThread "jar transforms Thread 62" [_thread_blocked, id=9992, stack(0x000000c3ce000000,0x000000c3ce100000)]
  0x0000028a92900800 JavaThread "jar transforms Thread 63" [_thread_blocked, id=7304, stack(0x000000c3ce100000,0x000000c3ce200000)]
  0x0000028a92905800 JavaThread "jar transforms Thread 64" [_thread_blocked, id=4744, stack(0x000000c3ce200000,0x000000c3ce300000)]
  0x0000028a92906000 JavaThread "jar transforms Thread 65" [_thread_blocked, id=9436, stack(0x000000c3ce300000,0x000000c3ce400000)]
  0x0000028a92907000 JavaThread "jar transforms Thread 66" [_thread_blocked, id=11680, stack(0x000000c3ce400000,0x000000c3ce500000)]
  0x0000028a92903000 JavaThread "jar transforms Thread 67" [_thread_blocked, id=15332, stack(0x000000c3ce500000,0x000000c3ce600000)]
  0x0000028a92903800 JavaThread "jar transforms Thread 68" [_thread_blocked, id=10700, stack(0x000000c3ce600000,0x000000c3ce700000)]
  0x0000028a92908800 JavaThread "jar transforms Thread 69" [_thread_blocked, id=2256, stack(0x000000c3ce700000,0x000000c3ce800000)]
  0x0000028a9290b000 JavaThread "jar transforms Thread 70" [_thread_blocked, id=13876, stack(0x000000c3ce800000,0x000000c3ce900000)]
  0x0000028a9290c800 JavaThread "jar transforms Thread 71" [_thread_blocked, id=10480, stack(0x000000c3ce900000,0x000000c3cea00000)]
  0x0000028a9290a000 JavaThread "jar transforms Thread 72" [_thread_blocked, id=14820, stack(0x000000c3cea00000,0x000000c3ceb00000)]
  0x0000028a9290c000 JavaThread "jar transforms Thread 73" [_thread_blocked, id=12636, stack(0x000000c3ceb00000,0x000000c3cec00000)]
  0x0000028a9290d800 JavaThread "jar transforms Thread 74" [_thread_blocked, id=6296, stack(0x000000c3cec00000,0x000000c3ced00000)]
  0x0000028a92907800 JavaThread "jar transforms Thread 75" [_thread_blocked, id=11708, stack(0x000000c3ced00000,0x000000c3cee00000)]
  0x0000028a9290f000 JavaThread "jar transforms Thread 76" [_thread_blocked, id=15032, stack(0x000000c3cee00000,0x000000c3cef00000)]
  0x0000028a92909800 JavaThread "jar transforms Thread 77" [_thread_blocked, id=8620, stack(0x000000c3cef00000,0x000000c3cf000000)]
  0x0000028a9290e800 JavaThread "jar transforms Thread 78" [_thread_blocked, id=12788, stack(0x000000c3cf000000,0x000000c3cf100000)]
  0x0000028a925c2800 JavaThread "jar transforms Thread 79" [_thread_blocked, id=12268, stack(0x000000c3cf100000,0x000000c3cf200000)]
  0x0000028a925c4800 JavaThread "jar transforms Thread 80" [_thread_blocked, id=3524, stack(0x000000c3cf200000,0x000000c3cf300000)]
  0x0000028a925c3000 JavaThread "jar transforms Thread 81" [_thread_blocked, id=8792, stack(0x000000c3cf300000,0x000000c3cf400000)]
  0x0000028a925c7000 JavaThread "jar transforms Thread 82" [_thread_blocked, id=7088, stack(0x000000c3cf400000,0x000000c3cf500000)]
  0x0000028a925c9800 JavaThread "jar transforms Thread 83" [_thread_blocked, id=14328, stack(0x000000c3cf500000,0x000000c3cf600000)]
  0x0000028a925c4000 JavaThread "jar transforms Thread 84" [_thread_blocked, id=12640, stack(0x000000c3cf600000,0x000000c3cf700000)]
  0x0000028a925ca800 JavaThread "jar transforms Thread 85" [_thread_blocked, id=680, stack(0x000000c3cf700000,0x000000c3cf800000)]
  0x0000028a925cb800 JavaThread "jar transforms Thread 86" [_thread_blocked, id=10960, stack(0x000000c3cf800000,0x000000c3cf900000)]
  0x0000028a925c5800 JavaThread "jar transforms Thread 87" [_thread_blocked, id=7380, stack(0x000000c3cf900000,0x000000c3cfa00000)]
  0x0000028a925c8000 JavaThread "jar transforms Thread 88" [_thread_blocked, id=9896, stack(0x000000c3cfa00000,0x000000c3cfb00000)]
  0x0000028a925cc000 JavaThread "jar transforms Thread 89" [_thread_blocked, id=9516, stack(0x000000c3cfb00000,0x000000c3cfc00000)]
  0x0000028a925c6800 JavaThread "jar transforms Thread 90" [_thread_blocked, id=4260, stack(0x000000c3cfc00000,0x000000c3cfd00000)]
  0x0000028a925cd000 JavaThread "jar transforms Thread 91" [_thread_blocked, id=13636, stack(0x000000c3cfd00000,0x000000c3cfe00000)]
  0x0000028a925cd800 JavaThread "jar transforms Thread 92" [_thread_blocked, id=14056, stack(0x000000c3cfe00000,0x000000c3cff00000)]
  0x0000028a925ce800 JavaThread "jar transforms Thread 93" [_thread_blocked, id=12780, stack(0x000000c3cff00000,0x000000c3d0000000)]
  0x0000028a925c9000 JavaThread "jar transforms Thread 94" [_thread_blocked, id=14272, stack(0x000000c3d0000000,0x000000c3d0100000)]
  0x0000028a925cf800 JavaThread "jar transforms Thread 95" [_thread_blocked, id=12016, stack(0x000000c3d0100000,0x000000c3d0200000)]
  0x0000028a925d0000 JavaThread "jar transforms Thread 96" [_thread_blocked, id=3828, stack(0x000000c3d0200000,0x000000c3d0300000)]
  0x0000028a925d1000 JavaThread "jar transforms Thread 97" [_thread_blocked, id=7760, stack(0x000000c3d0300000,0x000000c3d0400000)]
  0x0000028a943c4800 JavaThread "jar transforms Thread 98" [_thread_blocked, id=14568, stack(0x000000c3d0400000,0x000000c3d0500000)]
  0x0000028a943c6800 JavaThread "jar transforms Thread 99" [_thread_blocked, id=15284, stack(0x000000c3d0500000,0x000000c3d0600000)]
  0x0000028a943c7800 JavaThread "jar transforms Thread 100" [_thread_blocked, id=10676, stack(0x000000c3d0600000,0x000000c3d0700000)]
  0x0000028a943cb000 JavaThread "jar transforms Thread 101" [_thread_blocked, id=8708, stack(0x000000c3d0700000,0x000000c3d0800000)]
  0x0000028a943c8800 JavaThread "jar transforms Thread 102" [_thread_blocked, id=4300, stack(0x000000c3d0800000,0x000000c3d0900000)]
  0x0000028a943c9000 JavaThread "jar transforms Thread 103" [_thread_blocked, id=10800, stack(0x000000c3d0900000,0x000000c3d0a00000)]
  0x0000028a943c5000 JavaThread "jar transforms Thread 104" [_thread_blocked, id=14860, stack(0x000000c3d0a00000,0x000000c3d0b00000)]
  0x0000028a943ca000 JavaThread "jar transforms Thread 105" [_thread_blocked, id=9756, stack(0x000000c3d0b00000,0x000000c3d0c00000)]
  0x0000028a943cb800 JavaThread "jar transforms Thread 106" [_thread_blocked, id=4572, stack(0x000000c3d0c00000,0x000000c3d0d00000)]
  0x0000028a943c6000 JavaThread "jar transforms Thread 107" [_thread_blocked, id=14948, stack(0x000000c3d0d00000,0x000000c3d0e00000)]
  0x0000028a943cc800 JavaThread "jar transforms Thread 108" [_thread_blocked, id=9416, stack(0x000000c3d0e00000,0x000000c3d0f00000)]
  0x0000028a943cf000 JavaThread "jar transforms Thread 109" [_thread_blocked, id=15340, stack(0x000000c3d0f00000,0x000000c3d1000000)]
  0x0000028a943ce000 JavaThread "jar transforms Thread 110" [_thread_blocked, id=15052, stack(0x000000c3d1000000,0x000000c3d1100000)]
  0x0000028a943d0800 JavaThread "jar transforms Thread 111" [_thread_blocked, id=5664, stack(0x000000c3d1100000,0x000000c3d1200000)]
  0x0000028a943d1800 JavaThread "jar transforms Thread 112" [_thread_blocked, id=13320, stack(0x000000c3d1200000,0x000000c3d1300000)]
  0x0000028a943cf800 JavaThread "jar transforms Thread 113" [_thread_blocked, id=10448, stack(0x000000c3d1300000,0x000000c3d1400000)]
  0x0000028a943d2000 JavaThread "jar transforms Thread 114" [_thread_blocked, id=8664, stack(0x000000c3d1400000,0x000000c3d1500000)]
  0x0000028a943d3000 JavaThread "jar transforms Thread 115" [_thread_blocked, id=2876, stack(0x000000c3d1500000,0x000000c3d1600000)]
  0x0000028a943cd800 JavaThread "jar transforms Thread 116" [_thread_blocked, id=14804, stack(0x000000c3d1600000,0x000000c3d1700000)]
  0x0000028a944d9800 JavaThread "jar transforms Thread 117" [_thread_blocked, id=11204, stack(0x000000c3d1700000,0x000000c3d1800000)]
  0x0000028a944de800 JavaThread "Memory manager" [_thread_blocked, id=14828, stack(0x000000c3d1800000,0x000000c3d1900000)]

Other Threads:
  0x0000028affd0f800 VMThread "VM Thread" [stack: 0x000000c3c7a00000,0x000000c3c7b00000] [id=11548]
  0x0000028a919ed000 WatcherThread [stack: 0x000000c3c8400000,0x000000c3c8500000] [id=2112]
  0x0000028af7294000 GCTaskThread "GC Thread#0" [stack: 0x000000c3c7500000,0x000000c3c7600000] [id=12884]
  0x0000028a920c4800 GCTaskThread "GC Thread#1" [stack: 0x000000c3c8600000,0x000000c3c8700000] [id=3352]
  0x0000028a91e0c800 GCTaskThread "GC Thread#2" [stack: 0x000000c3c8700000,0x000000c3c8800000] [id=1424]
  0x0000028a92157000 GCTaskThread "GC Thread#3" [stack: 0x000000c3c8800000,0x000000c3c8900000] [id=10916]
  0x0000028af72c5800 ConcurrentGCThread "G1 Main Marker" [stack: 0x000000c3c7600000,0x000000c3c7700000] [id=13464]
  0x0000028af72c9800 ConcurrentGCThread "G1 Conc#0" [stack: 0x000000c3c7700000,0x000000c3c7800000] [id=14284]
  0x0000028af735e000 ConcurrentGCThread "G1 Refine#0" [stack: 0x000000c3c7800000,0x000000c3c7900000] [id=524]
  0x0000028affb60800 ConcurrentGCThread "G1 Young RemSet Sampling" [stack: 0x000000c3c7900000,0x000000c3c7a00000] [id=10836]

Threads with active compile tasks:
C2 CompilerThread0   9083 5701 % !   4       java.util.jar.Attributes::read @ 185 (388 bytes)
C1 CompilerThread0   9083 5781       3       org.objectweb.asm.ClassWriter::toByteArray (1513 bytes)
C2 CompilerThread1   9083 5573       4       org.objectweb.asm.Frame::execute (2318 bytes)

VM state:not at safepoint (normal execution)

VM Mutex/Monitor currently owned by a thread: None

Heap address: 0x0000000080000000, size: 2048 MB, Compressed Oops mode: 32-bit
Narrow klass base: 0x0000000000000000, Narrow klass shift: 3
Compressed class space size: 1073741824 Address: 0x0000000100000000

Heap:
 garbage-first heap   total 236544K, used 90234K [0x0000000080000000, 0x0000000100000000)
  region size 1024K, 27 young (27648K), 4 survivors (4096K)
 Metaspace       used 61652K, capacity 63391K, committed 63652K, reserved 1103872K
  class space    used 7777K, capacity 8322K, committed 8396K, reserved 1048576K
Heap Regions: E=young(eden), S=young(survivor), O=old, HS=humongous(starts), HC=humongous(continues), CS=collection set, F=free, A=archive, TAMS=top-at-mark-start (previous, next)
|   0|0x0000000080000000, 0x0000000080100000, 0x0000000080100000|100%| O|  |TAMS 0x0000000080100000, 0x0000000080000000| Untracked 
|   1|0x0000000080100000, 0x0000000080200000, 0x0000000080200000|100%| O|  |TAMS 0x0000000080200000, 0x0000000080100000| Untracked 
|   2|0x0000000080200000, 0x0000000080300000, 0x0000000080300000|100%| O|  |TAMS 0x0000000080300000, 0x0000000080200000| Untracked 
|   3|0x0000000080300000, 0x0000000080400000, 0x0000000080400000|100%|HS|  |TAMS 0x0000000080400000, 0x0000000080300000| Complete 
|   4|0x0000000080400000, 0x0000000080500000, 0x0000000080500000|100%|HC|  |TAMS 0x0000000080500000, 0x0000000080400000| Complete 
|   5|0x0000000080500000, 0x0000000080600000, 0x0000000080600000|100%|HC|  |TAMS 0x0000000080600000, 0x0000000080500000| Complete 
|   6|0x0000000080600000, 0x0000000080700000, 0x0000000080700000|100%| O|  |TAMS 0x0000000080700000, 0x0000000080600000| Untracked 
|   7|0x0000000080700000, 0x0000000080800000, 0x0000000080800000|100%| O|  |TAMS 0x0000000080800000, 0x0000000080700000| Untracked 
|   8|0x0000000080800000, 0x0000000080900000, 0x0000000080900000|100%| O|  |TAMS 0x0000000080900000, 0x0000000080800000| Untracked 
|   9|0x0000000080900000, 0x0000000080a00000, 0x0000000080a00000|100%| O|  |TAMS 0x0000000080a00000, 0x0000000080900000| Untracked 
|  10|0x0000000080a00000, 0x0000000080b00000, 0x0000000080b00000|100%| O|  |TAMS 0x0000000080b00000, 0x0000000080a00000| Untracked 
|  11|0x0000000080b00000, 0x0000000080c00000, 0x0000000080c00000|100%| O|  |TAMS 0x0000000080c00000, 0x0000000080b00000| Untracked 
|  12|0x0000000080c00000, 0x0000000080d00000, 0x0000000080d00000|100%| O|  |TAMS 0x0000000080d00000, 0x0000000080c00000| Untracked 
|  13|0x0000000080d00000, 0x0000000080e00000, 0x0000000080e00000|100%|HS|  |TAMS 0x0000000080e00000, 0x0000000080d00000| Complete 
|  14|0x0000000080e00000, 0x0000000080f00000, 0x0000000080f00000|100%|HC|  |TAMS 0x0000000080f00000, 0x0000000080e00000| Complete 
|  15|0x0000000080f00000, 0x0000000081000000, 0x0000000081000000|100%|HS|  |TAMS 0x0000000081000000, 0x0000000080f00000| Complete 
|  16|0x0000000081000000, 0x0000000081100000, 0x0000000081100000|100%|HC|  |TAMS 0x0000000081100000, 0x0000000081000000| Complete 
|  17|0x0000000081100000, 0x0000000081200000, 0x0000000081200000|100%|HC|  |TAMS 0x0000000081200000, 0x0000000081100000| Complete 
|  18|0x0000000081200000, 0x0000000081300000, 0x0000000081300000|100%|HS|  |TAMS 0x0000000081300000, 0x0000000081200000| Complete 
|  19|0x0000000081300000, 0x0000000081400000, 0x0000000081400000|100%|HC|  |TAMS 0x0000000081400000, 0x0000000081300000| Complete 
|  20|0x0000000081400000, 0x0000000081500000, 0x0000000081500000|100%|HC|  |TAMS 0x0000000081500000, 0x0000000081400000| Complete 
|  21|0x0000000081500000, 0x0000000081600000, 0x0000000081600000|100%|HC|  |TAMS 0x0000000081600000, 0x0000000081500000| Complete 
|  22|0x0000000081600000, 0x0000000081700000, 0x0000000081700000|100%| O|  |TAMS 0x0000000081700000, 0x0000000081600000| Untracked 
|  23|0x0000000081700000, 0x0000000081800000, 0x0000000081800000|100%| O|  |TAMS 0x0000000081800000, 0x0000000081700000| Untracked 
|  24|0x0000000081800000, 0x0000000081900000, 0x0000000081900000|100%| O|  |TAMS 0x0000000081900000, 0x0000000081800000| Untracked 
|  25|0x0000000081900000, 0x0000000081a00000, 0x0000000081a00000|100%|HS|  |TAMS 0x0000000081a00000, 0x0000000081900000| Complete 
|  26|0x0000000081a00000, 0x0000000081b00000, 0x0000000081b00000|100%|HS|  |TAMS 0x0000000081b00000, 0x0000000081a00000| Complete 
|  27|0x0000000081b00000, 0x0000000081c00000, 0x0000000081c00000|100%|HC|  |TAMS 0x0000000081c00000, 0x0000000081b00000| Complete 
|  28|0x0000000081c00000, 0x0000000081d00000, 0x0000000081d00000|100%|HS|  |TAMS 0x0000000081d00000, 0x0000000081c00000| Complete 
|  29|0x0000000081d00000, 0x0000000081e00000, 0x0000000081e00000|100%|HC|  |TAMS 0x0000000081e00000, 0x0000000081d00000| Complete 
|  30|0x0000000081e00000, 0x0000000081f00000, 0x0000000081f00000|100%|HC|  |TAMS 0x0000000081f00000, 0x0000000081e00000| Complete 
|  31|0x0000000081f00000, 0x0000000082000000, 0x0000000082000000|100%|HC|  |TAMS 0x0000000082000000, 0x0000000081f00000| Complete 
|  32|0x0000000082000000, 0x0000000082100000, 0x0000000082100000|100%|HS|  |TAMS 0x0000000082100000, 0x0000000082000000| Complete 
|  33|0x0000000082100000, 0x0000000082200000, 0x0000000082200000|100%|HC|  |TAMS 0x0000000082200000, 0x0000000082100000| Complete 
|  34|0x0000000082200000, 0x0000000082300000, 0x0000000082300000|100%|HC|  |TAMS 0x0000000082300000, 0x0000000082200000| Complete 
|  35|0x0000000082300000, 0x0000000082400000, 0x0000000082400000|100%| O|  |TAMS 0x0000000082400000, 0x0000000082300000| Untracked 
|  36|0x0000000082400000, 0x0000000082500000, 0x0000000082500000|100%| O|  |TAMS 0x0000000082500000, 0x0000000082400000| Untracked 
|  37|0x0000000082500000, 0x0000000082600000, 0x0000000082600000|100%| O|  |TAMS 0x0000000082600000, 0x0000000082500000| Untracked 
|  38|0x0000000082600000, 0x0000000082700000, 0x0000000082700000|100%| O|  |TAMS 0x0000000082700000, 0x0000000082600000| Untracked 
|  39|0x0000000082700000, 0x0000000082800000, 0x0000000082800000|100%| O|  |TAMS 0x0000000082800000, 0x0000000082700000| Untracked 
|  40|0x0000000082800000, 0x0000000082900000, 0x0000000082900000|100%| O|  |TAMS 0x0000000082900000, 0x0000000082800000| Untracked 
|  41|0x0000000082900000, 0x0000000082a00000, 0x0000000082a00000|100%|HS|  |TAMS 0x0000000082a00000, 0x0000000082900000| Complete 
|  42|0x0000000082a00000, 0x0000000082b00000, 0x0000000082b00000|100%|HC|  |TAMS 0x0000000082b00000, 0x0000000082a00000| Complete 
|  43|0x0000000082b00000, 0x0000000082c00000, 0x0000000082c00000|100%|HC|  |TAMS 0x0000000082c00000, 0x0000000082b00000| Complete 
|  44|0x0000000082c00000, 0x0000000082d00000, 0x0000000082d00000|100%| O|  |TAMS 0x0000000082d00000, 0x0000000082c00000| Untracked 
|  45|0x0000000082d00000, 0x0000000082e00000, 0x0000000082e00000|100%| O|  |TAMS 0x0000000082e00000, 0x0000000082d00000| Untracked 
|  46|0x0000000082e00000, 0x0000000082f00000, 0x0000000082f00000|100%| O|  |TAMS 0x0000000082f00000, 0x0000000082e00000| Untracked 
|  47|0x0000000082f00000, 0x0000000083000000, 0x0000000083000000|100%| O|  |TAMS 0x0000000083000000, 0x0000000082f00000| Untracked 
|  48|0x0000000083000000, 0x0000000083100000, 0x0000000083100000|100%| O|  |TAMS 0x0000000083100000, 0x0000000083000000| Untracked 
|  49|0x0000000083100000, 0x0000000083200000, 0x0000000083200000|100%| O|  |TAMS 0x0000000083200000, 0x0000000083100000| Untracked 
|  50|0x0000000083200000, 0x0000000083300000, 0x0000000083300000|100%| O|  |TAMS 0x0000000083300000, 0x0000000083200000| Untracked 
|  51|0x0000000083300000, 0x0000000083400000, 0x0000000083400000|100%| O|  |TAMS 0x0000000083400000, 0x0000000083300000| Untracked 
|  52|0x0000000083400000, 0x0000000083500000, 0x0000000083500000|100%| O|  |TAMS 0x0000000083500000, 0x0000000083400000| Untracked 
|  53|0x0000000083500000, 0x0000000083600000, 0x0000000083600000|100%| O|  |TAMS 0x0000000083600000, 0x0000000083500000| Untracked 
|  54|0x0000000083600000, 0x0000000083700000, 0x0000000083700000|100%| O|  |TAMS 0x0000000083700000, 0x0000000083600000| Untracked 
|  55|0x0000000083700000, 0x0000000083800000, 0x0000000083800000|100%| O|  |TAMS 0x0000000083800000, 0x0000000083700000| Untracked 
|  56|0x0000000083800000, 0x0000000083900000, 0x0000000083900000|100%| O|  |TAMS 0x0000000083900000, 0x0000000083800000| Untracked 
|  57|0x0000000083900000, 0x0000000083a00000, 0x0000000083a00000|100%| O|  |TAMS 0x0000000083a00000, 0x0000000083900000| Untracked 
|  58|0x0000000083a00000, 0x0000000083b00000, 0x0000000083b00000|100%| O|  |TAMS 0x0000000083b00000, 0x0000000083a00000| Untracked 
|  59|0x0000000083b00000, 0x0000000083c00000, 0x0000000083c00000|100%| O|  |TAMS 0x0000000083c00000, 0x0000000083b00000| Untracked 
|  60|0x0000000083c00000, 0x0000000083d00000, 0x0000000083d00000|100%| O|  |TAMS 0x0000000083d00000, 0x0000000083c00000| Untracked 
|  61|0x0000000083d00000, 0x0000000083e00000, 0x0000000083e00000|100%| O|  |TAMS 0x0000000083e00000, 0x0000000083d00000| Untracked 
|  62|0x0000000083e00000, 0x0000000083f00000, 0x0000000083f00000|100%| O|  |TAMS 0x0000000083f00000, 0x0000000083e00000| Untracked 
|  63|0x0000000083f00000, 0x0000000083f9e800, 0x0000000084000000| 61%| O|  |TAMS 0x0000000083f9e800, 0x0000000083f00000| Untracked 
|  64|0x0000000084000000, 0x0000000084000000, 0x0000000084100000|  0%| F|  |TAMS 0x0000000084000000, 0x0000000084000000| Untracked 
|  65|0x0000000084100000, 0x0000000084100000, 0x0000000084200000|  0%| F|  |TAMS 0x0000000084100000, 0x0000000084100000| Untracked 
|  66|0x0000000084200000, 0x0000000084200000, 0x0000000084300000|  0%| F|  |TAMS 0x0000000084200000, 0x0000000084200000| Untracked 
|  67|0x0000000084300000, 0x0000000084300000, 0x0000000084400000|  0%| F|  |TAMS 0x0000000084300000, 0x0000000084300000| Untracked 
|  68|0x0000000084400000, 0x0000000084400000, 0x0000000084500000|  0%| F|  |TAMS 0x0000000084400000, 0x0000000084400000| Untracked 
|  69|0x0000000084500000, 0x0000000084500000, 0x0000000084600000|  0%| F|  |TAMS 0x0000000084500000, 0x0000000084500000| Untracked 
|  70|0x0000000084600000, 0x0000000084600000, 0x0000000084700000|  0%| F|  |TAMS 0x0000000084600000, 0x0000000084600000| Untracked 
|  71|0x0000000084700000, 0x0000000084700000, 0x0000000084800000|  0%| F|  |TAMS 0x0000000084700000, 0x0000000084700000| Untracked 
|  72|0x0000000084800000, 0x0000000084800000, 0x0000000084900000|  0%| F|  |TAMS 0x0000000084800000, 0x0000000084800000| Untracked 
|  73|0x0000000084900000, 0x0000000084900000, 0x0000000084a00000|  0%| F|  |TAMS 0x0000000084900000, 0x0000000084900000| Untracked 
|  74|0x0000000084a00000, 0x0000000084a00000, 0x0000000084b00000|  0%| F|  |TAMS 0x0000000084a00000, 0x0000000084a00000| Untracked 
|  75|0x0000000084b00000, 0x0000000084b00000, 0x0000000084c00000|  0%| F|  |TAMS 0x0000000084b00000, 0x0000000084b00000| Untracked 
|  76|0x0000000084c00000, 0x0000000084c00000, 0x0000000084d00000|  0%| F|  |TAMS 0x0000000084c00000, 0x0000000084c00000| Untracked 
|  77|0x0000000084d00000, 0x0000000084d00000, 0x0000000084e00000|  0%| F|  |TAMS 0x0000000084d00000, 0x0000000084d00000| Untracked 
|  78|0x0000000084e00000, 0x0000000084e00000, 0x0000000084f00000|  0%| F|  |TAMS 0x0000000084e00000, 0x0000000084e00000| Untracked 
|  79|0x0000000084f00000, 0x0000000084f00000, 0x0000000085000000|  0%| F|  |TAMS 0x0000000084f00000, 0x0000000084f00000| Untracked 
|  80|0x0000000085000000, 0x0000000085000000, 0x0000000085100000|  0%| F|  |TAMS 0x0000000085000000, 0x0000000085000000| Untracked 
|  81|0x0000000085100000, 0x0000000085100000, 0x0000000085200000|  0%| F|  |TAMS 0x0000000085100000, 0x0000000085100000| Untracked 
|  82|0x0000000085200000, 0x0000000085200000, 0x0000000085300000|  0%| F|  |TAMS 0x0000000085200000, 0x0000000085200000| Untracked 
|  83|0x0000000085300000, 0x0000000085300000, 0x0000000085400000|  0%| F|  |TAMS 0x0000000085300000, 0x0000000085300000| Untracked 
|  84|0x0000000085400000, 0x0000000085400000, 0x0000000085500000|  0%| F|  |TAMS 0x0000000085400000, 0x0000000085400000| Untracked 
|  85|0x0000000085500000, 0x0000000085500000, 0x0000000085600000|  0%| F|  |TAMS 0x0000000085500000, 0x0000000085500000| Untracked 
|  86|0x0000000085600000, 0x0000000085600000, 0x0000000085700000|  0%| F|  |TAMS 0x0000000085600000, 0x0000000085600000| Untracked 
|  87|0x0000000085700000, 0x0000000085700000, 0x0000000085800000|  0%| F|  |TAMS 0x0000000085700000, 0x0000000085700000| Untracked 
|  88|0x0000000085800000, 0x0000000085800000, 0x0000000085900000|  0%| F|  |TAMS 0x0000000085800000, 0x0000000085800000| Untracked 
|  89|0x0000000085900000, 0x0000000085900000, 0x0000000085a00000|  0%| F|  |TAMS 0x0000000085900000, 0x0000000085900000| Untracked 
|  90|0x0000000085a00000, 0x0000000085a00000, 0x0000000085b00000|  0%| F|  |TAMS 0x0000000085a00000, 0x0000000085a00000| Untracked 
|  91|0x0000000085b00000, 0x0000000085b00000, 0x0000000085c00000|  0%| F|  |TAMS 0x0000000085b00000, 0x0000000085b00000| Untracked 
|  92|0x0000000085c00000, 0x0000000085c00000, 0x0000000085d00000|  0%| F|  |TAMS 0x0000000085c00000, 0x0000000085c00000| Untracked 
|  93|0x0000000085d00000, 0x0000000085d00000, 0x0000000085e00000|  0%| F|  |TAMS 0x0000000085d00000, 0x0000000085d00000| Untracked 
|  94|0x0000000085e00000, 0x0000000085e00000, 0x0000000085f00000|  0%| F|  |TAMS 0x0000000085e00000, 0x0000000085e00000| Untracked 
|  95|0x0000000085f00000, 0x0000000085f00000, 0x0000000086000000|  0%| F|  |TAMS 0x0000000085f00000, 0x0000000085f00000| Untracked 
|  96|0x0000000086000000, 0x0000000086000000, 0x0000000086100000|  0%| F|  |TAMS 0x0000000086000000, 0x0000000086000000| Untracked 
|  97|0x0000000086100000, 0x0000000086100000, 0x0000000086200000|  0%| F|  |TAMS 0x0000000086100000, 0x0000000086100000| Untracked 
|  98|0x0000000086200000, 0x0000000086200000, 0x0000000086300000|  0%| F|  |TAMS 0x0000000086200000, 0x0000000086200000| Untracked 
|  99|0x0000000086300000, 0x0000000086300000, 0x0000000086400000|  0%| F|  |TAMS 0x0000000086300000, 0x0000000086300000| Untracked 
| 100|0x0000000086400000, 0x0000000086400000, 0x0000000086500000|  0%| F|  |TAMS 0x0000000086400000, 0x0000000086400000| Untracked 
| 101|0x0000000086500000, 0x0000000086500000, 0x0000000086600000|  0%| F|  |TAMS 0x0000000086500000, 0x0000000086500000| Untracked 
| 102|0x0000000086600000, 0x0000000086600000, 0x0000000086700000|  0%| F|  |TAMS 0x0000000086600000, 0x0000000086600000| Untracked 
| 103|0x0000000086700000, 0x0000000086700000, 0x0000000086800000|  0%| F|  |TAMS 0x0000000086700000, 0x0000000086700000| Untracked 
| 104|0x0000000086800000, 0x0000000086800000, 0x0000000086900000|  0%| F|  |TAMS 0x0000000086800000, 0x0000000086800000| Untracked 
| 105|0x0000000086900000, 0x0000000086900000, 0x0000000086a00000|  0%| F|  |TAMS 0x0000000086900000, 0x0000000086900000| Untracked 
| 106|0x0000000086a00000, 0x0000000086a00000, 0x0000000086b00000|  0%| F|  |TAMS 0x0000000086a00000, 0x0000000086a00000| Untracked 
| 107|0x0000000086b00000, 0x0000000086b00000, 0x0000000086c00000|  0%| F|  |TAMS 0x0000000086b00000, 0x0000000086b00000| Untracked 
| 108|0x0000000086c00000, 0x0000000086c00000, 0x0000000086d00000|  0%| F|  |TAMS 0x0000000086c00000, 0x0000000086c00000| Untracked 
| 109|0x0000000086d00000, 0x0000000086d00000, 0x0000000086e00000|  0%| F|  |TAMS 0x0000000086d00000, 0x0000000086d00000| Untracked 
| 110|0x0000000086e00000, 0x0000000086e00000, 0x0000000086f00000|  0%| F|  |TAMS 0x0000000086e00000, 0x0000000086e00000| Untracked 
| 111|0x0000000086f00000, 0x0000000086f00000, 0x0000000087000000|  0%| F|  |TAMS 0x0000000086f00000, 0x0000000086f00000| Untracked 
| 112|0x0000000087000000, 0x0000000087000000, 0x0000000087100000|  0%| F|  |TAMS 0x0000000087000000, 0x0000000087000000| Untracked 
| 113|0x0000000087100000, 0x0000000087100000, 0x0000000087200000|  0%| F|  |TAMS 0x0000000087100000, 0x0000000087100000| Untracked 
| 114|0x0000000087200000, 0x0000000087200000, 0x0000000087300000|  0%| F|  |TAMS 0x0000000087200000, 0x0000000087200000| Untracked 
| 115|0x0000000087300000, 0x0000000087300000, 0x0000000087400000|  0%| F|  |TAMS 0x0000000087300000, 0x0000000087300000| Untracked 
| 116|0x0000000087400000, 0x0000000087400000, 0x0000000087500000|  0%| F|  |TAMS 0x0000000087400000, 0x0000000087400000| Untracked 
| 117|0x0000000087500000, 0x0000000087500000, 0x0000000087600000|  0%| F|  |TAMS 0x0000000087500000, 0x0000000087500000| Untracked 
| 118|0x0000000087600000, 0x0000000087600000, 0x0000000087700000|  0%| F|  |TAMS 0x0000000087600000, 0x0000000087600000| Untracked 
| 119|0x0000000087700000, 0x0000000087700000, 0x0000000087800000|  0%| F|  |TAMS 0x0000000087700000, 0x0000000087700000| Untracked 
| 120|0x0000000087800000, 0x0000000087800000, 0x0000000087900000|  0%| F|  |TAMS 0x0000000087800000, 0x0000000087800000| Untracked 
| 121|0x0000000087900000, 0x0000000087900000, 0x0000000087a00000|  0%| F|  |TAMS 0x0000000087900000, 0x0000000087900000| Untracked 
| 122|0x0000000087a00000, 0x0000000087a00000, 0x0000000087b00000|  0%| F|  |TAMS 0x0000000087a00000, 0x0000000087a00000| Untracked 
| 123|0x0000000087b00000, 0x0000000087b00000, 0x0000000087c00000|  0%| F|  |TAMS 0x0000000087b00000, 0x0000000087b00000| Untracked 
| 124|0x0000000087c00000, 0x0000000087c00000, 0x0000000087d00000|  0%| F|  |TAMS 0x0000000087c00000, 0x0000000087c00000| Untracked 
| 125|0x0000000087d00000, 0x0000000087d00000, 0x0000000087e00000|  0%| F|  |TAMS 0x0000000087d00000, 0x0000000087d00000| Untracked 
| 126|0x0000000087e00000, 0x0000000087e00000, 0x0000000087f00000|  0%| F|  |TAMS 0x0000000087e00000, 0x0000000087e00000| Untracked 
| 127|0x0000000087f00000, 0x0000000087f00000, 0x0000000088000000|  0%| F|  |TAMS 0x0000000087f00000, 0x0000000087f00000| Untracked 
| 128|0x0000000088000000, 0x0000000088000000, 0x0000000088100000|  0%| F|  |TAMS 0x0000000088000000, 0x0000000088000000| Untracked 
| 129|0x0000000088100000, 0x0000000088100000, 0x0000000088200000|  0%| F|  |TAMS 0x0000000088100000, 0x0000000088100000| Untracked 
| 130|0x0000000088200000, 0x0000000088200000, 0x0000000088300000|  0%| F|  |TAMS 0x0000000088200000, 0x0000000088200000| Untracked 
| 131|0x0000000088300000, 0x0000000088300000, 0x0000000088400000|  0%| F|  |TAMS 0x0000000088300000, 0x0000000088300000| Untracked 
| 132|0x0000000088400000, 0x0000000088400000, 0x0000000088500000|  0%| F|  |TAMS 0x0000000088400000, 0x0000000088400000| Untracked 
| 133|0x0000000088500000, 0x0000000088500000, 0x0000000088600000|  0%| F|  |TAMS 0x0000000088500000, 0x0000000088500000| Untracked 
| 134|0x0000000088600000, 0x0000000088600000, 0x0000000088700000|  0%| F|  |TAMS 0x0000000088600000, 0x0000000088600000| Untracked 
| 135|0x0000000088700000, 0x0000000088700000, 0x0000000088800000|  0%| F|  |TAMS 0x0000000088700000, 0x0000000088700000| Untracked 
| 136|0x0000000088800000, 0x0000000088800000, 0x0000000088900000|  0%| F|  |TAMS 0x0000000088800000, 0x0000000088800000| Untracked 
| 137|0x0000000088900000, 0x0000000088900000, 0x0000000088a00000|  0%| F|  |TAMS 0x0000000088900000, 0x0000000088900000| Untracked 
| 138|0x0000000088a00000, 0x0000000088a00000, 0x0000000088b00000|  0%| F|  |TAMS 0x0000000088a00000, 0x0000000088a00000| Untracked 
| 139|0x0000000088b00000, 0x0000000088b00000, 0x0000000088c00000|  0%| F|  |TAMS 0x0000000088b00000, 0x0000000088b00000| Untracked 
| 140|0x0000000088c00000, 0x0000000088c00000, 0x0000000088d00000|  0%| F|  |TAMS 0x0000000088c00000, 0x0000000088c00000| Untracked 
| 141|0x0000000088d00000, 0x0000000088d00000, 0x0000000088e00000|  0%| F|  |TAMS 0x0000000088d00000, 0x0000000088d00000| Untracked 
| 142|0x0000000088e00000, 0x0000000088e00000, 0x0000000088f00000|  0%| F|  |TAMS 0x0000000088e00000, 0x0000000088e00000| Untracked 
| 143|0x0000000088f00000, 0x0000000088f00000, 0x0000000089000000|  0%| F|  |TAMS 0x0000000088f00000, 0x0000000088f00000| Untracked 
| 144|0x0000000089000000, 0x0000000089000000, 0x0000000089100000|  0%| F|  |TAMS 0x0000000089000000, 0x0000000089000000| Untracked 
| 145|0x0000000089100000, 0x0000000089100000, 0x0000000089200000|  0%| F|  |TAMS 0x0000000089100000, 0x0000000089100000| Untracked 
| 146|0x0000000089200000, 0x0000000089200000, 0x0000000089300000|  0%| F|  |TAMS 0x0000000089200000, 0x0000000089200000| Untracked 
| 147|0x0000000089300000, 0x0000000089300000, 0x0000000089400000|  0%| F|  |TAMS 0x0000000089300000, 0x0000000089300000| Untracked 
| 148|0x0000000089400000, 0x0000000089400000, 0x0000000089500000|  0%| F|  |TAMS 0x0000000089400000, 0x0000000089400000| Untracked 
| 149|0x0000000089500000, 0x0000000089500000, 0x0000000089600000|  0%| F|  |TAMS 0x0000000089500000, 0x0000000089500000| Untracked 
| 150|0x0000000089600000, 0x0000000089600000, 0x0000000089700000|  0%| F|  |TAMS 0x0000000089600000, 0x0000000089600000| Untracked 
| 151|0x0000000089700000, 0x0000000089700000, 0x0000000089800000|  0%| F|  |TAMS 0x0000000089700000, 0x0000000089700000| Untracked 
| 152|0x0000000089800000, 0x0000000089800000, 0x0000000089900000|  0%| F|  |TAMS 0x0000000089800000, 0x0000000089800000| Untracked 
| 153|0x0000000089900000, 0x0000000089900000, 0x0000000089a00000|  0%| F|  |TAMS 0x0000000089900000, 0x0000000089900000| Untracked 
| 154|0x0000000089a00000, 0x0000000089a00000, 0x0000000089b00000|  0%| F|  |TAMS 0x0000000089a00000, 0x0000000089a00000| Untracked 
| 155|0x0000000089b00000, 0x0000000089b80000, 0x0000000089c00000| 50%| S|CS|TAMS 0x0000000089b00000, 0x0000000089b00000| Complete 
| 156|0x0000000089c00000, 0x0000000089d00000, 0x0000000089d00000|100%| S|CS|TAMS 0x0000000089c00000, 0x0000000089c00000| Complete 
| 157|0x0000000089d00000, 0x0000000089e00000, 0x0000000089e00000|100%| S|CS|TAMS 0x0000000089d00000, 0x0000000089d00000| Complete 
| 158|0x0000000089e00000, 0x0000000089f00000, 0x0000000089f00000|100%| S|CS|TAMS 0x0000000089e00000, 0x0000000089e00000| Complete 
| 159|0x0000000089f00000, 0x0000000089f00000, 0x000000008a000000|  0%| F|  |TAMS 0x0000000089f00000, 0x0000000089f00000| Untracked 
| 160|0x000000008a000000, 0x000000008a000000, 0x000000008a100000|  0%| F|  |TAMS 0x000000008a000000, 0x000000008a000000| Untracked 
| 161|0x000000008a100000, 0x000000008a100000, 0x000000008a200000|  0%| F|  |TAMS 0x000000008a100000, 0x000000008a100000| Untracked 
| 162|0x000000008a200000, 0x000000008a200000, 0x000000008a300000|  0%| F|  |TAMS 0x000000008a200000, 0x000000008a200000| Untracked 
| 163|0x000000008a300000, 0x000000008a300000, 0x000000008a400000|  0%| F|  |TAMS 0x000000008a300000, 0x000000008a300000| Untracked 
| 164|0x000000008a400000, 0x000000008a400000, 0x000000008a500000|  0%| F|  |TAMS 0x000000008a400000, 0x000000008a400000| Untracked 
| 165|0x000000008a500000, 0x000000008a500000, 0x000000008a600000|  0%| F|  |TAMS 0x000000008a500000, 0x000000008a500000| Untracked 
| 166|0x000000008a600000, 0x000000008a600000, 0x000000008a700000|  0%| F|  |TAMS 0x000000008a600000, 0x000000008a600000| Untracked 
| 167|0x000000008a700000, 0x000000008a700000, 0x000000008a800000|  0%| F|  |TAMS 0x000000008a700000, 0x000000008a700000| Untracked 
| 168|0x000000008a800000, 0x000000008a800000, 0x000000008a900000|  0%| F|  |TAMS 0x000000008a800000, 0x000000008a800000| Untracked 
| 169|0x000000008a900000, 0x000000008a900000, 0x000000008aa00000|  0%| F|  |TAMS 0x000000008a900000, 0x000000008a900000| Untracked 
| 170|0x000000008aa00000, 0x000000008aa00000, 0x000000008ab00000|  0%| F|  |TAMS 0x000000008aa00000, 0x000000008aa00000| Untracked 
| 171|0x000000008ab00000, 0x000000008ab00000, 0x000000008ac00000|  0%| F|  |TAMS 0x000000008ab00000, 0x000000008ab00000| Untracked 
| 172|0x000000008ac00000, 0x000000008ac00000, 0x000000008ad00000|  0%| F|  |TAMS 0x000000008ac00000, 0x000000008ac00000| Untracked 
| 173|0x000000008ad00000, 0x000000008ad00000, 0x000000008ae00000|  0%| F|  |TAMS 0x000000008ad00000, 0x000000008ad00000| Untracked 
| 174|0x000000008ae00000, 0x000000008ae00000, 0x000000008af00000|  0%| F|  |TAMS 0x000000008ae00000, 0x000000008ae00000| Untracked 
| 175|0x000000008af00000, 0x000000008af00000, 0x000000008b000000|  0%| F|  |TAMS 0x000000008af00000, 0x000000008af00000| Untracked 
| 176|0x000000008b000000, 0x000000008b000000, 0x000000008b100000|  0%| F|  |TAMS 0x000000008b000000, 0x000000008b000000| Untracked 
| 177|0x000000008b100000, 0x000000008b100000, 0x000000008b200000|  0%| F|  |TAMS 0x000000008b100000, 0x000000008b100000| Untracked 
| 178|0x000000008b200000, 0x000000008b200000, 0x000000008b300000|  0%| F|  |TAMS 0x000000008b200000, 0x000000008b200000| Untracked 
| 179|0x000000008b300000, 0x000000008b300000, 0x000000008b400000|  0%| F|  |TAMS 0x000000008b300000, 0x000000008b300000| Untracked 
| 180|0x000000008b400000, 0x000000008b400000, 0x000000008b500000|  0%| F|  |TAMS 0x000000008b400000, 0x000000008b400000| Untracked 
| 181|0x000000008b500000, 0x000000008b500000, 0x000000008b600000|  0%| F|  |TAMS 0x000000008b500000, 0x000000008b500000| Untracked 
| 182|0x000000008b600000, 0x000000008b600000, 0x000000008b700000|  0%| F|  |TAMS 0x000000008b600000, 0x000000008b600000| Untracked 
| 183|0x000000008b700000, 0x000000008b700000, 0x000000008b800000|  0%| F|  |TAMS 0x000000008b700000, 0x000000008b700000| Untracked 
| 184|0x000000008b800000, 0x000000008b800000, 0x000000008b900000|  0%| F|  |TAMS 0x000000008b800000, 0x000000008b800000| Untracked 
| 185|0x000000008b900000, 0x000000008b900000, 0x000000008ba00000|  0%| F|  |TAMS 0x000000008b900000, 0x000000008b900000| Untracked 
| 186|0x000000008ba00000, 0x000000008ba00000, 0x000000008bb00000|  0%| F|  |TAMS 0x000000008ba00000, 0x000000008ba00000| Untracked 
| 187|0x000000008bb00000, 0x000000008bb00000, 0x000000008bc00000|  0%| F|  |TAMS 0x000000008bb00000, 0x000000008bb00000| Untracked 
| 188|0x000000008bc00000, 0x000000008bc00000, 0x000000008bd00000|  0%| F|  |TAMS 0x000000008bc00000, 0x000000008bc00000| Untracked 
| 189|0x000000008bd00000, 0x000000008bd00000, 0x000000008be00000|  0%| F|  |TAMS 0x000000008bd00000, 0x000000008bd00000| Untracked 
| 190|0x000000008be00000, 0x000000008be00000, 0x000000008bf00000|  0%| F|  |TAMS 0x000000008be00000, 0x000000008be00000| Untracked 
| 191|0x000000008bf00000, 0x000000008bf00000, 0x000000008c000000|  0%| F|  |TAMS 0x000000008bf00000, 0x000000008bf00000| Untracked 
| 192|0x000000008c000000, 0x000000008c000000, 0x000000008c100000|  0%| F|  |TAMS 0x000000008c000000, 0x000000008c000000| Untracked 
| 193|0x000000008c100000, 0x000000008c100000, 0x000000008c200000|  0%| F|  |TAMS 0x000000008c100000, 0x000000008c100000| Untracked 
| 194|0x000000008c200000, 0x000000008c200000, 0x000000008c300000|  0%| F|  |TAMS 0x000000008c200000, 0x000000008c200000| Untracked 
| 195|0x000000008c300000, 0x000000008c300000, 0x000000008c400000|  0%| F|  |TAMS 0x000000008c300000, 0x000000008c300000| Untracked 
| 196|0x000000008c400000, 0x000000008c400000, 0x000000008c500000|  0%| F|  |TAMS 0x000000008c400000, 0x000000008c400000| Untracked 
| 197|0x000000008c500000, 0x000000008c500000, 0x000000008c600000|  0%| F|  |TAMS 0x000000008c500000, 0x000000008c500000| Untracked 
| 198|0x000000008c600000, 0x000000008c600000, 0x000000008c700000|  0%| F|  |TAMS 0x000000008c600000, 0x000000008c600000| Untracked 
| 199|0x000000008c700000, 0x000000008c700000, 0x000000008c800000|  0%| F|  |TAMS 0x000000008c700000, 0x000000008c700000| Untracked 
| 200|0x000000008c800000, 0x000000008c800000, 0x000000008c900000|  0%| F|  |TAMS 0x000000008c800000, 0x000000008c800000| Untracked 
| 201|0x000000008c900000, 0x000000008c900000, 0x000000008ca00000|  0%| F|  |TAMS 0x000000008c900000, 0x000000008c900000| Untracked 
| 202|0x000000008ca00000, 0x000000008ca00000, 0x000000008cb00000|  0%| F|  |TAMS 0x000000008ca00000, 0x000000008ca00000| Untracked 
| 203|0x000000008cb00000, 0x000000008cb00000, 0x000000008cc00000|  0%| F|  |TAMS 0x000000008cb00000, 0x000000008cb00000| Untracked 
| 204|0x000000008cc00000, 0x000000008cc00000, 0x000000008cd00000|  0%| F|  |TAMS 0x000000008cc00000, 0x000000008cc00000| Untracked 
| 205|0x000000008cd00000, 0x000000008cd00000, 0x000000008ce00000|  0%| F|  |TAMS 0x000000008cd00000, 0x000000008cd00000| Untracked 
| 206|0x000000008ce00000, 0x000000008ce00000, 0x000000008cf00000|  0%| F|  |TAMS 0x000000008ce00000, 0x000000008ce00000| Untracked 
| 207|0x000000008cf00000, 0x000000008cf00000, 0x000000008d000000|  0%| F|  |TAMS 0x000000008cf00000, 0x000000008cf00000| Untracked 
| 208|0x000000008d000000, 0x000000008d100000, 0x000000008d100000|100%| E|  |TAMS 0x000000008d000000, 0x000000008d000000| Complete 
| 209|0x000000008d100000, 0x000000008d200000, 0x000000008d200000|100%| E|CS|TAMS 0x000000008d100000, 0x000000008d100000| Complete 
| 210|0x000000008d200000, 0x000000008d300000, 0x000000008d300000|100%| E|CS|TAMS 0x000000008d200000, 0x000000008d200000| Complete 
| 211|0x000000008d300000, 0x000000008d400000, 0x000000008d400000|100%| E|CS|TAMS 0x000000008d300000, 0x000000008d300000| Complete 
| 212|0x000000008d400000, 0x000000008d500000, 0x000000008d500000|100%| E|CS|TAMS 0x000000008d400000, 0x000000008d400000| Complete 
| 213|0x000000008d500000, 0x000000008d600000, 0x000000008d600000|100%| E|CS|TAMS 0x000000008d500000, 0x000000008d500000| Complete 
| 214|0x000000008d600000, 0x000000008d700000, 0x000000008d700000|100%| E|CS|TAMS 0x000000008d600000, 0x000000008d600000| Complete 
| 215|0x000000008d700000, 0x000000008d800000, 0x000000008d800000|100%| E|CS|TAMS 0x000000008d700000, 0x000000008d700000| Complete 
| 216|0x000000008d800000, 0x000000008d900000, 0x000000008d900000|100%| E|CS|TAMS 0x000000008d800000, 0x000000008d800000| Complete 
| 217|0x000000008d900000, 0x000000008da00000, 0x000000008da00000|100%| E|CS|TAMS 0x000000008d900000, 0x000000008d900000| Complete 
| 218|0x000000008da00000, 0x000000008db00000, 0x000000008db00000|100%| E|CS|TAMS 0x000000008da00000, 0x000000008da00000| Complete 
| 219|0x000000008db00000, 0x000000008dc00000, 0x000000008dc00000|100%| E|CS|TAMS 0x000000008db00000, 0x000000008db00000| Complete 
| 220|0x000000008dc00000, 0x000000008dd00000, 0x000000008dd00000|100%| E|  |TAMS 0x000000008dc00000, 0x000000008dc00000| Complete 
| 221|0x000000008dd00000, 0x000000008de00000, 0x000000008de00000|100%| E|CS|TAMS 0x000000008dd00000, 0x000000008dd00000| Complete 
| 222|0x000000008de00000, 0x000000008df00000, 0x000000008df00000|100%| E|CS|TAMS 0x000000008de00000, 0x000000008de00000| Complete 
| 223|0x000000008df00000, 0x000000008e000000, 0x000000008e000000|100%| E|CS|TAMS 0x000000008df00000, 0x000000008df00000| Complete 
| 224|0x000000008e000000, 0x000000008e100000, 0x000000008e100000|100%| E|CS|TAMS 0x000000008e000000, 0x000000008e000000| Complete 
| 225|0x000000008e100000, 0x000000008e200000, 0x000000008e200000|100%| E|CS|TAMS 0x000000008e100000, 0x000000008e100000| Complete 
| 226|0x000000008e200000, 0x000000008e300000, 0x000000008e300000|100%| E|CS|TAMS 0x000000008e200000, 0x000000008e200000| Complete 
| 227|0x000000008e300000, 0x000000008e400000, 0x000000008e400000|100%| E|CS|TAMS 0x000000008e300000, 0x000000008e300000| Complete 
| 228|0x000000008e400000, 0x000000008e500000, 0x000000008e500000|100%| E|CS|TAMS 0x000000008e400000, 0x000000008e400000| Complete 
| 229|0x000000008e500000, 0x000000008e600000, 0x000000008e600000|100%| E|CS|TAMS 0x000000008e500000, 0x000000008e500000| Complete 
| 230|0x000000008e600000, 0x000000008e700000, 0x000000008e700000|100%| E|CS|TAMS 0x000000008e600000, 0x000000008e600000| Complete 

Card table byte_map: [0x0000028afb000000,0x0000028afb400000] _byte_map_base: 0x0000028afac00000

Marking Bits (Prev, Next): (CMBitMap*) 0x0000028af72bc9f0, (CMBitMap*) 0x0000028af72bc9b8
 Prev Bits: [0x0000028afd800000, 0x0000028aff800000)
 Next Bits: [0x0000028afb800000, 0x0000028afd800000)

Polling page: 0x0000028af6a60000

Metaspace:

Usage:
  Non-class:     53.84 MB capacity,    52.66 MB ( 98%) used,     1.05 MB (  2%) free+waste,   137.38 KB ( <1%) overhead. 
      Class:      8.13 MB capacity,     7.60 MB ( 94%) used,   470.67 KB (  6%) free+waste,    65.31 KB ( <1%) overhead. 
       Both:     61.97 MB capacity,    60.26 MB ( 97%) used,     1.51 MB (  2%) free+waste,   202.69 KB ( <1%) overhead. 

Virtual space:
  Non-class space:       54.00 MB reserved,      53.96 MB (>99%) committed 
      Class space:        1.00 GB reserved,       8.20 MB ( <1%) committed 
             Both:        1.05 GB reserved,      62.16 MB (  6%) committed 

Chunk freelists:
   Non-Class:  59.00 KB
       Class:  30.00 KB
        Both:  89.00 KB

MaxMetaspaceSize: 17179869184.00 GB
CompressedClassSpaceSize: 1.00 GB

CodeHeap 'non-profiled nmethods': size=120064Kb used=3053Kb max_used=3053Kb free=117010Kb
 bounds [0x0000028a87ac0000, 0x0000028a87dc0000, 0x0000028a8f000000]
CodeHeap 'profiled nmethods': size=120000Kb used=12103Kb max_used=12103Kb free=107896Kb
 bounds [0x0000028a80590000, 0x0000028a81170000, 0x0000028a87ac0000]
CodeHeap 'non-nmethods': size=5696Kb used=2246Kb max_used=2321Kb free=3449Kb
 bounds [0x0000028a80000000, 0x0000028a80270000, 0x0000028a80590000]
 total_blobs=6362 nmethods=5521 adapters=750
 compilation: enabled
              stopped_count=0, restarted_count=0
 full_count=0

Compilation events (20 events):
Event: 9.009 Thread 0x0000028a91854800 5741       3       org.objectweb.asm.Frame::getInitializedType (153 bytes)
Event: 9.009 Thread 0x0000028a91854800 nmethod 5741 0x0000028a81146810 code [0x0000028a81146a20, 0x0000028a81146f58]
Event: 9.011 Thread 0x0000028a91854800 5742  s    3       org.gradle.internal.classloader.VisitableURLClassLoader::getUserData (48 bytes)
Event: 9.011 Thread 0x0000028a91854800 nmethod 5742 0x0000028a81147210 code [0x0000028a81147420, 0x0000028a81147ab8]
Event: 9.016 Thread 0x0000028a91854800 5743       3       java.lang.reflect.Constructor::hasGenericInformation (13 bytes)
Event: 9.016 Thread 0x0000028a91854800 nmethod 5743 0x0000028a81147c90 code [0x0000028a81147e40, 0x0000028a81147fb8]
Event: 9.018 Thread 0x0000028a91854800 5744       1       org.gradle.internal.instantiation.generator.AbstractClassGenerator$PropertyMetadata::access$1200 (5 bytes)
Event: 9.018 Thread 0x0000028a91854800 nmethod 5744 0x0000028a87db9e90 code [0x0000028a87dba040, 0x0000028a87dba0d8]
Event: 9.025 Thread 0x0000028a91854800 5746       3       com.google.common.base.Preconditions::checkArgument (13 bytes)
Event: 9.026 Thread 0x0000028a91854800 nmethod 5746 0x0000028a81148090 code [0x0000028a81148260, 0x0000028a81148428]
Event: 9.028 Thread 0x0000028a91854800 5747       1       org.gradle.internal.instantiation.generator.AbstractClassGenerator::getRoleHandler (5 bytes)
Event: 9.028 Thread 0x0000028a91854800 nmethod 5747 0x0000028a87dba190 code [0x0000028a87dba340, 0x0000028a87dba3f8]
Event: 9.034 Thread 0x0000028a91854800 5748       3       jdk.internal.loader.URLClassPath$JarLoader$2::getManifest (26 bytes)
Event: 9.034 Thread 0x0000028a91854800 nmethod 5748 0x0000028a81148510 code [0x0000028a81148720, 0x0000028a81148bc8]
Event: 9.035 Thread 0x0000028a91854800 5749       3       com.google.common.collect.CompactLinkedHashMap::insertEntry (26 bytes)
Event: 9.036 Thread 0x0000028a91854800 nmethod 5749 0x0000028a81148e10 code [0x0000028a81149020, 0x0000028a81149598]
Event: 9.043 Thread 0x0000028a91854800 5750       1       org.gradle.internal.typeconversion.TypeInfo::getTargetType (5 bytes)
Event: 9.043 Thread 0x0000028a91854800 nmethod 5750 0x0000028a87dba490 code [0x0000028a87dba640, 0x0000028a87dba6f8]
Event: 9.043 Thread 0x0000028a91854800 5751       2       java.security.CodeSource::matchCerts (254 bytes)
Event: 9.044 Thread 0x0000028a91854800 nmethod 5751 0x0000028a81149810 code [0x0000028a81149a20, 0x0000028a81149fb8]

GC Heap History (20 events):
Event: 0.462 GC heap before
{Heap before GC invocations=0 (full 0):
 garbage-first heap   total 196608K, used 19456K [0x0000000080000000, 0x0000000100000000)
  region size 1024K, 14 young (14336K), 0 survivors (0K)
 Metaspace       used 7389K, capacity 7503K, committed 7680K, reserved 1056768K
  class space    used 674K, capacity 716K, committed 768K, reserved 1048576K
}
Event: 0.466 GC heap after
{Heap after GC invocations=1 (full 0):
 garbage-first heap   total 196608K, used 7675K [0x0000000080000000, 0x0000000100000000)
  region size 1024K, 2 young (2048K), 2 survivors (2048K)
 Metaspace       used 7389K, capacity 7503K, committed 7680K, reserved 1056768K
  class space    used 674K, capacity 716K, committed 768K, reserved 1048576K
}
Event: 0.784 GC heap before
{Heap before GC invocations=1 (full 0):
 garbage-first heap   total 196608K, used 19963K [0x0000000080000000, 0x0000000100000000)
  region size 1024K, 14 young (14336K), 2 survivors (2048K)
 Metaspace       used 10841K, capacity 11064K, committed 11264K, reserved 1058816K
  class space    used 1145K, capacity 1201K, committed 1280K, reserved 1048576K
}
Event: 0.787 GC heap after
{Heap after GC invocations=2 (full 0):
 garbage-first heap   total 196608K, used 8723K [0x0000000080000000, 0x0000000100000000)
  region size 1024K, 1 young (1024K), 1 survivors (1024K)
 Metaspace       used 10841K, capacity 11064K, committed 11264K, reserved 1058816K
  class space    used 1145K, capacity 1201K, committed 1280K, reserved 1048576K
}
Event: 1.050 GC heap before
{Heap before GC invocations=2 (full 0):
 garbage-first heap   total 196608K, used 37395K [0x0000000080000000, 0x0000000100000000)
  region size 1024K, 30 young (30720K), 1 survivors (1024K)
 Metaspace       used 11021K, capacity 11257K, committed 11520K, reserved 1058816K
  class space    used 1147K, capacity 1201K, committed 1280K, reserved 1048576K
}
Event: 1.054 GC heap after
{Heap after GC invocations=3 (full 0):
 garbage-first heap   total 196608K, used 12881K [0x0000000080000000, 0x0000000100000000)
  region size 1024K, 4 young (4096K), 4 survivors (4096K)
 Metaspace       used 11021K, capacity 11257K, committed 11520K, reserved 1058816K
  class space    used 1147K, capacity 1201K, committed 1280K, reserved 1048576K
}
Event: 2.478 GC heap before
{Heap before GC invocations=3 (full 0):
 garbage-first heap   total 196608K, used 55889K [0x0000000080000000, 0x0000000100000000)
  region size 1024K, 46 young (47104K), 4 survivors (4096K)
 Metaspace       used 18994K, capacity 19518K, committed 19712K, reserved 1067008K
  class space    used 2295K, capacity 2469K, committed 2560K, reserved 1048576K
}
Event: 2.484 GC heap after
{Heap after GC invocations=4 (full 0):
 garbage-first heap   total 196608K, used 16060K [0x0000000080000000, 0x0000000100000000)
  region size 1024K, 3 young (3072K), 3 survivors (3072K)
 Metaspace       used 18994K, capacity 19518K, committed 19712K, reserved 1067008K
  class space    used 2295K, capacity 2469K, committed 2560K, reserved 1048576K
}
Event: 2.610 GC heap before
{Heap before GC invocations=4 (full 0):
 garbage-first heap   total 196608K, used 27324K [0x0000000080000000, 0x0000000100000000)
  region size 1024K, 15 young (15360K), 3 survivors (3072K)
 Metaspace       used 20595K, capacity 21127K, committed 21296K, reserved 1069056K
  class space    used 2522K, capacity 2691K, committed 2816K, reserved 1048576K
}
Event: 2.614 GC heap after
{Heap after GC invocations=5 (full 0):
 garbage-first heap   total 196608K, used 16421K [0x0000000080000000, 0x0000000100000000)
  region size 1024K, 4 young (4096K), 4 survivors (4096K)
 Metaspace       used 20595K, capacity 21127K, committed 21296K, reserved 1069056K
  class space    used 2522K, capacity 2691K, committed 2816K, reserved 1048576K
}
Event: 3.286 GC heap before
{Heap before GC invocations=6 (full 0):
 garbage-first heap   total 196608K, used 84005K [0x0000000080000000, 0x0000000100000000)
  region size 1024K, 61 young (62464K), 4 survivors (4096K)
 Metaspace       used 26594K, capacity 27414K, committed 27648K, reserved 1073152K
  class space    used 3482K, capacity 3725K, committed 3840K, reserved 1048576K
}
Event: 3.293 GC heap after
{Heap after GC invocations=7 (full 0):
 garbage-first heap   total 196608K, used 30515K [0x0000000080000000, 0x0000000100000000)
  region size 1024K, 8 young (8192K), 8 survivors (8192K)
 Metaspace       used 26594K, capacity 27414K, committed 27648K, reserved 1073152K
  class space    used 3482K, capacity 3725K, committed 3840K, reserved 1048576K
}
Event: 4.124 GC heap before
{Heap before GC invocations=7 (full 0):
 garbage-first heap   total 196608K, used 76595K [0x0000000080000000, 0x0000000100000000)
  region size 1024K, 54 young (55296K), 8 survivors (8192K)
 Metaspace       used 34991K, capacity 35791K, committed 35840K, reserved 1081344K
  class space    used 4543K, capacity 4859K, committed 4864K, reserved 1048576K
}
Event: 4.134 GC heap after
{Heap after GC invocations=8 (full 0):
 garbage-first heap   total 196608K, used 33411K [0x0000000080000000, 0x0000000100000000)
  region size 1024K, 9 young (9216K), 9 survivors (9216K)
 Metaspace       used 34991K, capacity 35791K, committed 35840K, reserved 1081344K
  class space    used 4543K, capacity 4859K, committed 4864K, reserved 1048576K
}
Event: 5.720 GC heap before
{Heap before GC invocations=9 (full 0):
 garbage-first heap   total 196608K, used 122499K [0x0000000080000000, 0x0000000100000000)
  region size 1024K, 86 young (88064K), 9 survivors (9216K)
 Metaspace       used 42899K, capacity 44073K, committed 44288K, reserved 1087488K
  class space    used 5436K, capacity 5801K, committed 5888K, reserved 1048576K
}
Event: 5.739 GC heap after
{Heap after GC invocations=10 (full 0):
 garbage-first heap   total 236544K, used 47360K [0x0000000080000000, 0x0000000100000000)
  region size 1024K, 10 young (10240K), 10 survivors (10240K)
 Metaspace       used 42899K, capacity 44073K, committed 44288K, reserved 1087488K
  class space    used 5436K, capacity 5801K, committed 5888K, reserved 1048576K
}
Event: 7.067 GC heap before
{Heap before GC invocations=10 (full 0):
 garbage-first heap   total 236544K, used 160000K [0x0000000080000000, 0x0000000100000000)
  region size 1024K, 115 young (117760K), 10 survivors (10240K)
 Metaspace       used 48875K, capacity 50310K, committed 50432K, reserved 1093632K
  class space    used 6205K, capacity 6634K, committed 6656K, reserved 1048576K
}
Event: 7.085 GC heap after
{Heap after GC invocations=11 (full 0):
 garbage-first heap   total 236544K, used 64072K [0x0000000080000000, 0x0000000100000000)
  region size 1024K, 15 young (15360K), 15 survivors (15360K)
 Metaspace       used 48875K, capacity 50310K, committed 50432K, reserved 1093632K
  class space    used 6205K, capacity 6634K, committed 6656K, reserved 1048576K
}
Event: 8.613 GC heap before
{Heap before GC invocations=11 (full 0):
 garbage-first heap   total 236544K, used 136776K [0x0000000080000000, 0x0000000100000000)
  region size 1024K, 87 young (89088K), 15 survivors (15360K)
 Metaspace       used 58755K, capacity 60313K, committed 60376K, reserved 1101824K
  class space    used 7411K, capacity 7918K, committed 7936K, reserved 1048576K
}
Event: 8.636 GC heap after
{Heap after GC invocations=12 (full 0):
 garbage-first heap   total 236544K, used 68730K [0x0000000080000000, 0x0000000100000000)
  region size 1024K, 4 young (4096K), 4 survivors (4096K)
 Metaspace       used 58755K, capacity 60313K, committed 60376K, reserved 1101824K
  class space    used 7411K, capacity 7918K, committed 7936K, reserved 1048576K
}

Deoptimization events (20 events):
Event: 8.945 Thread 0x0000028a92e92000 DEOPT PACKING pc=0x0000028a81124572 sp=0x000000c3c90f4290
Event: 8.945 Thread 0x0000028a92e92000 DEOPT UNPACKING pc=0x0000028a800272ce sp=0x000000c3c90f3708 mode 0
Event: 8.946 Thread 0x0000028a92e92000 DEOPT PACKING pc=0x0000028a81124572 sp=0x000000c3c90f4290
Event: 8.946 Thread 0x0000028a92e92000 DEOPT UNPACKING pc=0x0000028a800272ce sp=0x000000c3c90f3708 mode 0
Event: 8.946 Thread 0x0000028a92e92000 DEOPT PACKING pc=0x0000028a81124572 sp=0x000000c3c90f4290
Event: 8.946 Thread 0x0000028a92e92000 DEOPT UNPACKING pc=0x0000028a800272ce sp=0x000000c3c90f3708 mode 0
Event: 8.946 Thread 0x0000028a92e92000 DEOPT PACKING pc=0x0000028a81124572 sp=0x000000c3c90f4290
Event: 8.946 Thread 0x0000028a92e92000 DEOPT UNPACKING pc=0x0000028a800272ce sp=0x000000c3c90f3708 mode 0
Event: 8.947 Thread 0x0000028a92e92000 Uncommon trap: trap_request=0xffffff4d fr.pc=0x0000028a87cea6ac relative=0x000000000000026c
Event: 8.947 Thread 0x0000028a92e92000 Uncommon trap: reason=unstable_if action=reinterpret pc=0x0000028a87cea6ac method=java.util.LinkedHashMap.get(Ljava/lang/Object;)Ljava/lang/Object; @ 20 c2
Event: 8.947 Thread 0x0000028a92e92000 DEOPT PACKING pc=0x0000028a87cea6ac sp=0x000000c3c90f3e70
Event: 8.947 Thread 0x0000028a92e92000 DEOPT UNPACKING pc=0x0000028a800274af sp=0x000000c3c90f3e28 mode 2
Event: 9.038 Thread 0x0000028a92e92000 Uncommon trap: trap_request=0xffffffc6 fr.pc=0x0000028a87c34670 relative=0x0000000000000a90
Event: 9.038 Thread 0x0000028a92e92000 Uncommon trap: reason=bimorphic_or_optimized_type_check action=maybe_recompile pc=0x0000028a87c34670 method=java.util.regex.Pattern$Start.match(Ljava/util/regex/Matcher;ILjava/lang/CharSequence;)Z @ 44 c2
Event: 9.038 Thread 0x0000028a92e92000 DEOPT PACKING pc=0x0000028a87c34670 sp=0x000000c3c90f7650
Event: 9.038 Thread 0x0000028a92e92000 DEOPT UNPACKING pc=0x0000028a800274af sp=0x000000c3c90f75b0 mode 2
Event: 9.038 Thread 0x0000028a92e92000 Uncommon trap: trap_request=0xffffffc6 fr.pc=0x0000028a87c34670 relative=0x0000000000000a90
Event: 9.038 Thread 0x0000028a92e92000 Uncommon trap: reason=bimorphic_or_optimized_type_check action=maybe_recompile pc=0x0000028a87c34670 method=java.util.regex.Pattern$Start.match(Ljava/util/regex/Matcher;ILjava/lang/CharSequence;)Z @ 44 c2
Event: 9.038 Thread 0x0000028a92e92000 DEOPT PACKING pc=0x0000028a87c34670 sp=0x000000c3c90f7650
Event: 9.038 Thread 0x0000028a92e92000 DEOPT UNPACKING pc=0x0000028a800274af sp=0x000000c3c90f75b0 mode 2

Classes redefined (0 events):
No events

Internal exceptions (20 events):
Event: 6.859 Thread 0x0000028a92e92000 Exception <a 'java/lang/ClassNotFoundException'{0x00000000887bcae8}: org/gradle/api/DefaultTaskCustomizer> (0x00000000887bcae8) thrown at [./src/hotspot/share/classfile/systemDictionary.cpp, line 231]
Event: 6.862 Thread 0x0000028a92e92000 Exception <a 'java/lang/ClassNotFoundException'{0x0000000088637ba8}: org/gradle/api/internal/ConventionTaskCustomizer> (0x0000000088637ba8) thrown at [./src/hotspot/share/classfile/systemDictionary.cpp, line 231]
Event: 6.863 Thread 0x0000028a92e92000 Exception <a 'java/lang/ClassNotFoundException'{0x000000008866a040}: org/gradle/api/tasks/DeleteCustomizer> (0x000000008866a040) thrown at [./src/hotspot/share/classfile/systemDictionary.cpp, line 231]
Event: 6.865 Thread 0x0000028a92e92000 Exception <a 'java/lang/ClassNotFoundException'{0x00000000886a2fc8}: org/gradle/api/tasks/Delete_DecoratedCustomizer> (0x00000000886a2fc8) thrown at [./src/hotspot/share/classfile/systemDictionary.cpp, line 231]
Event: 7.400 Thread 0x0000028a92e92000 Exception <a 'java/lang/ClassNotFoundException'{0x000000008dd7ecf0}: build_2vdvk03kwg8ye9lg561479232BeanInfo> (0x000000008dd7ecf0) thrown at [./src/hotspot/share/classfile/systemDictionary.cpp, line 231]
Event: 7.400 Thread 0x0000028a92e92000 Exception <a 'java/lang/ClassNotFoundException'{0x000000008dc26028}: build_2vdvk03kwg8ye9lg561479232Customizer> (0x000000008dc26028) thrown at [./src/hotspot/share/classfile/systemDictionary.cpp, line 231]
Event: 7.410 Thread 0x0000028a92e92000 Exception <a 'java/lang/ClassNotFoundException'{0x000000008dc98720}: org/gradle/plugin/use/internal/PluginRequestCollector$PluginDependenciesSpecImplBeanInfo> (0x000000008dc98720) thrown at [./src/hotspot/share/classfile/systemDictionary.cpp, line 231]
Event: 7.410 Thread 0x0000028a92e92000 Exception <a 'java/lang/ClassNotFoundException'{0x000000008dcbdb48}: org/gradle/plugin/use/internal/PluginRequestCollector$PluginDependenciesSpecImplCustomizer> (0x000000008dcbdb48) thrown at [./src/hotspot/share/classfile/systemDictionary.cpp, line 231]
Event: 7.416 Thread 0x0000028a92e92000 Exception <a 'java/lang/NoSuchMethodError'{0x000000008db33d80}: 'void java.lang.invoke.DirectMethodHandle$Holder.invokeInterface(java.lang.Object, java.lang.Object)'> (0x000000008db33d80) thrown at [./src/hotspot/share/interpreter/linkResolver.cpp, line 773]
Event: 7.776 Thread 0x0000028a92e92000 Exception <a 'java/lang/NoSuchMethodError'{0x000000008d1d5500}: 'java.lang.Object java.lang.invoke.DirectMethodHandle$Holder.invokeStatic(java.lang.Object, java.lang.Object, java.lang.Object, java.lang.Object, int)'> (0x000000008d1d5500) thrown at [./src/hotspot/share/interpreter/linkResolver.cpp, line 773]
Event: 7.776 Thread 0x0000028a92e92000 Exception <a 'java/lang/NoSuchMethodError'{0x000000008d1d9ef8}: 'java.lang.Object java.lang.invoke.DirectMethodHandle$Holder.invokeSpecial(java.lang.Object, java.lang.Object, java.lang.Object, java.lang.Object, java.lang.Object, int)'> (0x000000008d1d9ef8) thrown at [./src/hotspot/share/interpreter/linkResolver.cpp, line 773]
Event: 7.778 Thread 0x0000028a92e92000 Exception <a 'java/lang/NoSuchMethodError'{0x000000008d1de538}: 'java.lang.Object java.lang.invoke.Invokers$Holder.linkToTargetMethod(java.lang.Object, java.lang.Object, java.lang.Object, int, java.lang.Object)'> (0x000000008d1de538) thrown at [./src/hotspot/share/interpreter/linkResolver.cpp, line 773]
Event: 8.157 Thread 0x0000028a92e92000 Exception <a 'java/lang/NoSuchMethodError'{0x000000008bc14870}: 'java.lang.Object java.lang.invoke.DirectMethodHandle$Holder.invokeSpecial(java.lang.Object, java.lang.Object, int, int, java.lang.Object, java.lang.Object, java.lang.Object)'> (0x000000008bc14870) thrown at [./src/hotspot/share/interpreter/linkResolver.cpp, line 773]
Event: 8.157 Thread 0x0000028a92e92000 Exception <a 'java/lang/NoSuchMethodError'{0x000000008bc18df0}: 'java.lang.Object java.lang.invoke.DelegatingMethodHandle$Holder.reinvoke_L(java.lang.Object, int, int, java.lang.Object, java.lang.Object, java.lang.Object)'> (0x000000008bc18df0) thrown at [./src/hotspot/share/interpreter/linkResolver.cpp, line 773]
Event: 8.353 Thread 0x0000028a92e92000 Exception <a 'java/lang/NoSuchMethodError'{0x000000008b0de780}: 'int java.lang.invoke.DirectMethodHandle$Holder.invokeInterface(java.lang.Object, java.lang.Object, java.lang.Object, java.lang.Object)'> (0x000000008b0de780) thrown at [./src/hotspot/share/interpreter/linkResolver.cpp, line 773]
Event: 8.484 Thread 0x0000028a92e92000 Exception <a 'java/lang/NoSuchMethodError'{0x000000008a68fae0}: 'void java.lang.invoke.DirectMethodHandle$Holder.invokeInterface(java.lang.Object, java.lang.Object, java.lang.Object, java.lang.Object)'> (0x000000008a68fae0) thrown at [./src/hotspot/share/interpreter/linkResolver.cpp, line 773]
Event: 8.646 Thread 0x0000028a92e92000 Exception <a 'java/lang/IncompatibleClassChangeError'{0x000000008e60c618}: Found class java.lang.Object, but interface was expected> (0x000000008e60c618) thrown at [./src/hotspot/share/interpreter/linkResolver.cpp, line 839]
Event: 8.766 Thread 0x0000028a92e92000 Exception <a 'java/lang/NoSuchMethodError'{0x000000008e6bcc58}: 'void java.lang.invoke.DirectMethodHandle$Holder.invokeStatic(java.lang.Object, java.lang.Object, java.lang.Object, java.lang.Object, java.lang.Object)'> (0x000000008e6bcc58) thrown at [./src/hotspot/share/interpreter/linkResolver.cpp, line 773]
Event: 8.802 Thread 0x0000028a92e92000 Implicit null exception at 0x0000028a87d58c08 to 0x0000028a87d5afa0
Event: 8.883 Thread 0x0000028a92e92000 Implicit null exception at 0x0000028a87b8d48b to 0x0000028a87b8d564

Events (20 events):
Event: 9.041 loading class org/gradle/api/tasks/util/PatternSet
Event: 9.041 loading class org/gradle/api/tasks/util/PatternSet done
Event: 9.042 loading class org/gradle/api/tasks/util/internal/IntersectionPatternSet
Event: 9.042 loading class org/gradle/api/tasks/util/internal/IntersectionPatternSet done
Event: 9.043 loading class org/gradle/internal/typeconversion/CharSequenceNotationParser
Event: 9.043 loading class org/gradle/internal/typeconversion/CharSequenceNotationParser done
Event: 9.043 loading class com/android/build/gradle/internal/api/artifact/SourceArtifactType$JAVA_RESOURCES
Event: 9.043 loading class com/android/build/gradle/internal/api/artifact/SourceArtifactType$JAVA_RESOURCES done
Event: 9.044 loading class com/android/build/gradle/internal/api/DefaultAndroidSourceFile
Event: 9.044 loading class com/android/build/gradle/internal/api/DefaultAndroidSourceFile done
Event: 9.045 loading class com/android/build/gradle/internal/api/artifact/SourceArtifactType$ASSETS
Event: 9.045 loading class com/android/build/gradle/internal/api/artifact/SourceArtifactType$ASSETS done
Event: 9.045 loading class com/android/build/gradle/internal/api/artifact/SourceArtifactType$ANDROID_RESOURCES
Event: 9.045 loading class com/android/build/gradle/internal/api/artifact/SourceArtifactType$ANDROID_RESOURCES done
Event: 9.045 loading class com/android/build/gradle/internal/api/artifact/SourceArtifactType$AIDL
Event: 9.045 loading class com/android/build/gradle/internal/api/artifact/SourceArtifactType$AIDL done
Event: 9.046 loading class com/android/build/gradle/internal/api/artifact/SourceArtifactType$RENDERSCRIPT
Event: 9.046 loading class com/android/build/gradle/internal/api/artifact/SourceArtifactType$RENDERSCRIPT done
Event: 9.046 loading class com/android/build/gradle/internal/api/artifact/SourceArtifactType$JNI
Event: 9.046 loading class com/android/build/gradle/internal/api/artifact/SourceArtifactType$JNI done


Dynamic libraries:
0x00007ff6594a0000 - 0x00007ff6594aa000 	C:\Program Files\Android\Android Studio\jre\bin\java.exe
0x00007ffb5eef0000 - 0x00007ffb5f0e5000 	C:\WINDOWS\SYSTEM32\ntdll.dll
0x00007ffb5cfa0000 - 0x00007ffb5d05e000 	C:\WINDOWS\System32\KERNEL32.DLL
0x00007ffb5c980000 - 0x00007ffb5cc49000 	C:\WINDOWS\System32\KERNELBASE.dll
0x00007ffb5c640000 - 0x00007ffb5c740000 	C:\WINDOWS\System32\ucrtbase.dll
0x00007ffb3f2d0000 - 0x00007ffb3f2e7000 	C:\Program Files\Android\Android Studio\jre\bin\VCRUNTIME140.dll
0x00007ffb3f2a0000 - 0x00007ffb3f2b9000 	C:\Program Files\Android\Android Studio\jre\bin\jli.dll
0x00007ffb5e8b0000 - 0x00007ffb5ea51000 	C:\WINDOWS\System32\USER32.dll
0x00007ffb5ce60000 - 0x00007ffb5ce82000 	C:\WINDOWS\System32\win32u.dll
0x00007ffb4cc70000 - 0x00007ffb4cf0a000 	C:\WINDOWS\WinSxS\amd64_microsoft.windows.common-controls_6595b64144ccf1df_6.0.19041.1110_none_60b5254171f9507e\COMCTL32.dll
0x00007ffb5d750000 - 0x00007ffb5d77b000 	C:\WINDOWS\System32\GDI32.dll
0x00007ffb5ddb0000 - 0x00007ffb5de4e000 	C:\WINDOWS\System32\msvcrt.dll
0x00007ffb5c7d0000 - 0x00007ffb5c8db000 	C:\WINDOWS\System32\gdi32full.dll
0x00007ffb5c8e0000 - 0x00007ffb5c97d000 	C:\WINDOWS\System32\msvcp_win.dll
0x00007ffb5dd80000 - 0x00007ffb5ddb0000 	C:\WINDOWS\System32\IMM32.DLL
0x00007ffb3dac0000 - 0x00007ffb3db5d000 	C:\Program Files\Android\Android Studio\jre\bin\msvcp140.dll
0x00007ffb23390000 - 0x00007ffb23e4c000 	C:\Program Files\Android\Android Studio\jre\bin\server\jvm.dll
0x00007ffb5ece0000 - 0x00007ffb5ed8c000 	C:\WINDOWS\System32\ADVAPI32.dll
0x00007ffb5e590000 - 0x00007ffb5e62b000 	C:\WINDOWS\System32\sechost.dll
0x00007ffb5d060000 - 0x00007ffb5d18a000 	C:\WINDOWS\System32\RPCRT4.dll
0x00007ffb5e840000 - 0x00007ffb5e848000 	C:\WINDOWS\System32\PSAPI.DLL
0x00007ffb48ea0000 - 0x00007ffb48ea9000 	C:\WINDOWS\SYSTEM32\WSOCK32.dll
0x00007ffb5d780000 - 0x00007ffb5d7eb000 	C:\WINDOWS\System32\WS2_32.dll
0x00007ffb4cb10000 - 0x00007ffb4cb37000 	C:\WINDOWS\SYSTEM32\WINMM.dll
0x00007ffb54c60000 - 0x00007ffb54c6a000 	C:\WINDOWS\SYSTEM32\VERSION.dll
0x00007ffb5b1e0000 - 0x00007ffb5b1f2000 	C:\WINDOWS\SYSTEM32\kernel.appcore.dll
0x00007ffb4f590000 - 0x00007ffb4f5a1000 	C:\Program Files\Android\Android Studio\jre\bin\verify.dll
0x00007ffb5aeb0000 - 0x00007ffb5b094000 	C:\WINDOWS\SYSTEM32\DBGHELP.DLL
0x00007ffb46580000 - 0x00007ffb465ac000 	C:\WINDOWS\SYSTEM32\dbgcore.DLL
0x00007ffb5c740000 - 0x00007ffb5c7c3000 	C:\WINDOWS\System32\bcryptPrimitives.dll
0x00007ffb3f840000 - 0x00007ffb3f869000 	C:\Program Files\Android\Android Studio\jre\bin\java.dll
0x00007ffb57460000 - 0x00007ffb5746b000 	C:\Program Files\Android\Android Studio\jre\bin\jimage.dll
0x00007ffb4a5f0000 - 0x00007ffb4a608000 	C:\Program Files\Android\Android Studio\jre\bin\zip.dll
0x00007ffb5de50000 - 0x00007ffb5e58f000 	C:\WINDOWS\System32\SHELL32.dll
0x00007ffb5a300000 - 0x00007ffb5aa90000 	C:\WINDOWS\SYSTEM32\windows.storage.dll
0x00007ffb5d850000 - 0x00007ffb5dba5000 	C:\WINDOWS\System32\combase.dll
0x00007ffb5bf90000 - 0x00007ffb5bfbc000 	C:\WINDOWS\SYSTEM32\Wldp.dll
0x00007ffb5dc10000 - 0x00007ffb5dcbe000 	C:\WINDOWS\System32\SHCORE.dll
0x00007ffb5e850000 - 0x00007ffb5e8a5000 	C:\WINDOWS\System32\shlwapi.dll
0x00007ffb5c550000 - 0x00007ffb5c56f000 	C:\WINDOWS\SYSTEM32\profapi.dll
0x00007ffb3f350000 - 0x00007ffb3f36a000 	C:\Program Files\Android\Android Studio\jre\bin\net.dll
0x00007ffb49e40000 - 0x00007ffb49f48000 	C:\WINDOWS\SYSTEM32\WINHTTP.dll
0x00007ffb5bcf0000 - 0x00007ffb5bd5a000 	C:\WINDOWS\system32\mswsock.dll
0x00007ffb3f330000 - 0x00007ffb3f344000 	C:\Program Files\Android\Android Studio\jre\bin\nio.dll
0x00007ffb3f0c0000 - 0x00007ffb3f0e7000 	C:\Users\asus\Desktop\JavaLearning\native\fdc75f09e3144964f2cf3f50f0aa648679c211496f362492102eb8c894070792\windows-amd64\native-platform.dll
0x00007ffb30f70000 - 0x00007ffb31106000 	C:\Users\asus\Desktop\JavaLearning\native\12488b8bf47d2d4c9fbf2f6322a914ad602e24e48041cd04a747c6da556b65c4\windows-amd64\native-platform-file-events.dll
0x00007ffb55c40000 - 0x00007ffb55c4a000 	C:\Program Files\Android\Android Studio\jre\bin\management.dll
0x00007ffb559b0000 - 0x00007ffb559bc000 	C:\Program Files\Android\Android Studio\jre\bin\management_ext.dll
0x00007ffb5bee0000 - 0x00007ffb5bef8000 	C:\WINDOWS\SYSTEM32\CRYPTSP.dll
0x00007ffb5b670000 - 0x00007ffb5b6a4000 	C:\WINDOWS\system32\rsaenh.dll
0x00007ffb5c610000 - 0x00007ffb5c637000 	C:\WINDOWS\System32\bcrypt.dll
0x00007ffb5c510000 - 0x00007ffb5c53e000 	C:\WINDOWS\SYSTEM32\USERENV.dll
0x00007ffb5bf00000 - 0x00007ffb5bf0c000 	C:\WINDOWS\SYSTEM32\CRYPTBASE.dll
0x00007ffb5b9e0000 - 0x00007ffb5ba1b000 	C:\WINDOWS\SYSTEM32\IPHLPAPI.DLL
0x00007ffb5d230000 - 0x00007ffb5d238000 	C:\WINDOWS\System32\NSI.dll
0x00007ffb56090000 - 0x00007ffb560a7000 	C:\WINDOWS\SYSTEM32\dhcpcsvc6.DLL
0x00007ffb563b0000 - 0x00007ffb563cd000 	C:\WINDOWS\SYSTEM32\dhcpcsvc.DLL
0x00007ffb5ba20000 - 0x00007ffb5baec000 	C:\WINDOWS\SYSTEM32\DNSAPI.dll
0x00007ffb564c0000 - 0x00007ffb564cb000 	C:\WINDOWS\SYSTEM32\WINNSI.DLL

dbghelp: loaded successfully - version: 4.0.5 - missing functions: none
symbol engine: initialized successfully - sym options: 0x614 - pdb path: .;C:\Program Files\Android\Android Studio\jre\bin;C:\WINDOWS\SYSTEM32;C:\WINDOWS\WinSxS\amd64_microsoft.windows.common-controls_6595b64144ccf1df_6.0.19041.1110_none_60b5254171f9507e;C:\Program Files\Android\Android Studio\jre\bin\server;C:\Users\asus\Desktop\JavaLearning\native\fdc75f09e3144964f2cf3f50f0aa648679c211496f362492102eb8c894070792\windows-amd64;C:\Users\asus\Desktop\JavaLearning\native\12488b8bf47d2d4c9fbf2f6322a914ad602e24e48041cd04a747c6da556b65c4\windows-amd64

VM Arguments:
jvm_args: --add-opens=java.base/java.util=ALL-UNNAMED --add-opens=java.base/java.lang=ALL-UNNAMED --add-opens=java.base/java.lang.invoke=ALL-UNNAMED --add-opens=java.prefs/java.util.prefs=ALL-UNNAMED -Xmx2048m -Dfile.encoding=UTF-8 -Duser.country=TR -Duser.language=tr -Duser.variant 
java_command: org.gradle.launcher.daemon.bootstrap.GradleDaemon 6.7.1
java_class_path (initial): C:\Users\asus\Desktop\JavaLearning\wrapper\dists\gradle-6.7.1-bin\bwlcbys1h7rz3272sye1xwiv6\gradle-6.7.1\lib\gradle-launcher-6.7.1.jar
Launcher Type: SUN_STANDARD

[Global flags]
     intx CICompilerCount                          = 3                                         {product} {ergonomic}
     uint ConcGCThreads                            = 1                                         {product} {ergonomic}
     uint G1ConcRefinementThreads                  = 4                                         {product} {ergonomic}
   size_t G1HeapRegionSize                         = 1048576                                   {product} {ergonomic}
    uintx GCDrainStackTargetSize                   = 64                                        {product} {ergonomic}
   size_t InitialHeapSize                          = 201326592                                 {product} {ergonomic}
   size_t MarkStackSize                            = 4194304                                   {product} {ergonomic}
   size_t MaxHeapSize                              = 2147483648                                {product} {command line}
   size_t MaxNewSize                               = 1287651328                                {product} {ergonomic}
   size_t MinHeapDeltaBytes                        = 1048576                                   {product} {ergonomic}
    uintx NonNMethodCodeHeapSize                   = 5830732                                {pd product} {ergonomic}
    uintx NonProfiledCodeHeapSize                  = 122913754                              {pd product} {ergonomic}
    uintx ProfiledCodeHeapSize                     = 122913754                              {pd product} {ergonomic}
    uintx ReservedCodeCacheSize                    = 251658240                              {pd product} {ergonomic}
     bool SegmentedCodeCache                       = true                                      {product} {ergonomic}
     bool UseCompressedClassPointers               = true                                 {lp64_product} {ergonomic}
     bool UseCompressedOops                        = true                                 {lp64_product} {ergonomic}
     bool UseG1GC                                  = true                                      {product} {ergonomic}
     bool UseLargePagesIndividualAllocation        = false                                  {pd product} {ergonomic}

Logging:
Log output configuration:
 #0: stdout all=warning uptime,level,tags
 #1: stderr all=off uptime,level,tags

Environment Variables:
JAVA_HOME=C:\Program Files\Java\jdk-11.0.7
JRE_HOME=C:\Program Files\Java\jre1.8.0_151
PATH=C:\Program Files (x86)\Common Files\Oracle\Java\javapath;C:\Program Files\nodejs;C:\Program Files\Microsoft SQL Server\Client SDK\ODBC\130\Tools\Binn\;C:\Program Files (x86)\Microsoft SQL Server\140\Tools\Binn\;C:\Program Files\Microsoft SQL Server\140\Tools\Binn\;C:\Program Files\Microsoft SQL Server\140\DTS\Binn\;C:\Program Files (x86)\Microsoft SQL Server\150\DTS\Binn\;C:\Program Files\dotnet\;C:\Program Files\Microsoft SQL Server\130\Tools\Binn\;C:\WINDOWS\system32;C:\WINDOWS;C:\WINDOWS\System32\Wbem;C:\WINDOWS\System32\WindowsPowerShell\v1.0\;C:\WINDOWS\System32\OpenSSH\;C:\Program Files\Gauge\bin;C:\Program Files\apache-maven-3.6.3-bin\apache-maven-3.6.3\bin;C:\Program Files\Git\cmd;C:\Program Files (x86)\dotnet\;C:\Program Files (x86)\NVIDIA Corporation\PhysX\Common;C:\Program Files\nodejs\;C:\Program Files\Graphviz\bin;C:\Program Files\MySQL\MySQL Shell 8.0\bin\;C:\Users\asus\Desktop\otomasyon;C:\Users\asus\AppData\Local\Programs\Microsoft VS Code\bin;C:\Users\asus\AppData\Local\Programs\MiKTeX 2.9\miktex\bin\x64\;C:\Users\asus\AppData\Local\Microsoft\WindowsApps;C:\Users\asus\AppData\Roaming\npm;C:\Program Files\Graphviz\bin;
USERNAME=asus
OS=Windows_NT
PROCESSOR_IDENTIFIER=Intel64 Family 6 Model 142 Stepping 9, GenuineIntel



---------------  S Y S T E M  ---------------

OS: Windows 10 , 64 bit Build 19041 (10.0.19041.1202)
OS uptime: 5 days 17:50 hours

CPU:total 4 (initial active 4) (2 cores per cpu, 2 threads per core) family 6 model 142 stepping 9, cmov, cx8, fxsr, mmx, sse, sse2, sse3, ssse3, sse4.1, sse4.2, popcnt, avx, avx2, aes, clmul, erms, 3dnowpref, lzcnt, ht, tsc, tscinvbit, bmi1, bmi2, adx, fma

Memory: 4k page, system-wide physical 12174M (1626M free)
TotalPageFile size 12174M (AvailPageFile size 5M)
current process WorkingSet (physical memory assigned to process): 410M, peak: 412M
current process commit charge ("private bytes"): 477M, peak: 480M

vm_info: OpenJDK 64-Bit Server VM (11.0.8+10-b944.6842174) for windows-amd64 JRE (11.0.8+10-b944.6842174), built on Sep 19 2020 01:11:42 by "builder" with MS VC++ 14.0 (VS2015)

END.
