#
# There is insufficient memory for the Java Runtime Environment to continue.
# Native memory allocation (malloc) failed to allocate 1331696 bytes for Chunk::new
# Possible reasons:
#   The system is out of physical RAM or swap space
#   The process is running with CompressedOops enabled, and the Java Heap may be blocking the growth of the native heap
# Possible solutions:
#   Reduce memory load on the system
#   Increase physical memory or swap space
#   Check if swap backing store is full
#   Decrease Java heap size (-Xmx/-Xms)
#   Decrease number of Java threads
#   Decrease Java thread stack sizes (-Xss)
#   Set larger code cache with -XX:ReservedCodeCacheSize=
#   JVM is running with Unscaled Compressed Oops mode in which the Java heap is
#     placed in the first 4GB address space. The Java Heap base address is the
#     maximum limit for the native heap growth. Please use -XX:HeapBaseMinAddress
#     to set the Java Heap base and to place the Java Heap above 4GB virtual address.
# This output file may be truncated or incomplete.
#
#  Out of Memory Error (./src/hotspot/share/memory/arena.cpp:197), pid=416, tid=1548
#
# JRE version: OpenJDK Runtime Environment (11.0.8+10) (build 11.0.8+10-b944.6842174)
# Java VM: OpenJDK 64-Bit Server VM (11.0.8+10-b944.6842174, mixed mode, tiered, compressed oops, g1 gc, windows-amd64)
# No core dump will be written. Minidumps are not enabled by default on client versions of Windows
#

---------------  S U M M A R Y ------------

Command Line: --add-opens=java.base/java.util=ALL-UNNAMED --add-opens=java.base/java.lang=ALL-UNNAMED --add-opens=java.base/java.lang.invoke=ALL-UNNAMED --add-opens=java.prefs/java.util.prefs=ALL-UNNAMED -Xmx2048m -Dfile.encoding=UTF-8 -Duser.country=TR -Duser.language=tr -Duser.variant org.gradle.launcher.daemon.bootstrap.GradleDaemon 6.7.1

Host: Intel(R) Core(TM) i7-7500U CPU @ 2.70GHz, 4 cores, 11G,  Windows 10 , 64 bit Build 19041 (10.0.19041.1202)
Time: Tue Sep 28 16:35:37 2021 Türkiye Standart Saati elapsed time: 29 seconds (0d 0h 0m 29s)

---------------  T H R E A D  ---------------

Current thread (0x0000022a1f973800):  JavaThread "C2 CompilerThread1" daemon [_thread_in_native, id=1548, stack(0x000000d19b600000,0x000000d19b700000)]


Current CompileTask:
C2:  29864 7328       4       java.beans.Introspector::addMethod (196 bytes)

Stack: [0x000000d19b600000,0x000000d19b700000]
Native frames: (J=compiled Java code, j=interpreted, Vv=VM code, C=native code)
V  [jvm.dll+0x5de50a]
V  [jvm.dll+0x7122f5]
V  [jvm.dll+0x71384d]
V  [jvm.dll+0x713f03]
V  [jvm.dll+0x23e728]
V  [jvm.dll+0xb899c]
V  [jvm.dll+0xb8e9c]
V  [jvm.dll+0x35024d]
V  [jvm.dll+0x193ebc]
V  [jvm.dll+0x1f780e]
V  [jvm.dll+0x1f68d4]
V  [jvm.dll+0x17f32c]
V  [jvm.dll+0x205047]
V  [jvm.dll+0x203891]
V  [jvm.dll+0x6dad3f]
V  [jvm.dll+0x6d3895]
V  [jvm.dll+0x5dd4a6]
C  [ucrtbase.dll+0x21bb2]
C  [KERNEL32.DLL+0x17034]
C  [ntdll.dll+0x52651]


---------------  P R O C E S S  ---------------

Threads class SMR info:
_java_thread_list=0x0000022a27c305d0, length=153, elements={
0x0000022a0451c800, 0x0000022a1dfc9800, 0x0000022a1dfca800, 0x0000022a1e7d9000,
0x0000022a1e7db000, 0x0000022a1e7dd000, 0x0000022a1e825800, 0x0000022a1e826800,
0x0000022a1e986800, 0x0000022a1e9f4800, 0x0000022a20353000, 0x0000022a1ff59800,
0x0000022a2033e000, 0x0000022a20f4f800, 0x0000022a1fcb5000, 0x0000022a20ae8800,
0x0000022a20ae7000, 0x0000022a20ae6000, 0x0000022a20aeb000, 0x0000022a20ae8000,
0x0000022a215d3800, 0x0000022a215d6800, 0x0000022a215d4800, 0x0000022a215db000,
0x0000022a215d7800, 0x0000022a215d5000, 0x0000022a215dd000, 0x0000022a215db800,
0x0000022a215dc800, 0x0000022a215de000, 0x0000022a215df000, 0x0000022a1f77e800,
0x0000022a1f779800, 0x0000022a1f77d000, 0x0000022a1f77c000, 0x0000022a1f780000,
0x0000022a1f77d800, 0x0000022a1f77f800, 0x0000022a1f77a800, 0x0000022a1f781000,
0x0000022a1f77b000, 0x0000022a1f786000, 0x0000022a1f786800, 0x0000022a1f784000,
0x0000022a1f787800, 0x0000022a1f781800, 0x0000022a1f785000, 0x0000022a1f788800,
0x0000022a1f782800, 0x0000022a1f783800, 0x0000022a2173b000, 0x0000022a2173c000,
0x0000022a2173e000, 0x0000022a2173c800, 0x0000022a21741800, 0x0000022a21743000,
0x0000022a2173d800, 0x0000022a21742800, 0x0000022a21745000, 0x0000022a2173f000,
0x0000022a21744000, 0x0000022a21745800, 0x0000022a21740000, 0x0000022a21746800,
0x0000022a21740800, 0x0000022a21747000, 0x0000022a21748000, 0x0000022a21749000,
0x0000022a21749800, 0x0000022a234cf800, 0x0000022a234ca000, 0x0000022a234ca800,
0x0000022a234cf000, 0x0000022a234d0800, 0x0000022a234ce000, 0x0000022a234d1800,
0x0000022a234cd000, 0x0000022a234cc800, 0x0000022a234cb800, 0x0000022a234d6000,
0x0000022a234d2000, 0x0000022a234d8000, 0x0000022a234d8800, 0x0000022a234d5800,
0x0000022a234d3000, 0x0000022a234d7000, 0x0000022a234d3800, 0x0000022a234d4800,
0x0000022a215c4000, 0x0000022a215c2800, 0x0000022a215c3800, 0x0000022a215c5000,
0x0000022a215c0000, 0x0000022a215c2000, 0x0000022a215c6000, 0x0000022a215c1000,
0x0000022a215cb000, 0x0000022a215ca000, 0x0000022a215c7800, 0x0000022a215c9000,
0x0000022a215c8800, 0x0000022a215c6800, 0x0000022a215cf000, 0x0000022a215cb800,
0x0000022a215cc800, 0x0000022a215cd000, 0x0000022a215ce000, 0x0000022a22ba4000,
0x0000022a22ba4800, 0x0000022a22ba5800, 0x0000022a22ba6800, 0x0000022a22ba7000,
0x0000022a22ba8000, 0x0000022a22ba2000, 0x0000022a22ba9000, 0x0000022a22ba3000,
0x0000022a22baf800, 0x0000022a22ba9800, 0x0000022a22bae800, 0x0000022a22bb0000,
0x0000022a22bad800, 0x0000022a22baa800, 0x0000022a22bad000, 0x0000022a22bab000,
0x0000022a22bac000, 0x0000022a22bb1000, 0x0000022a1f91e000, 0x0000022a1f91f800,
0x0000022a1f91f000, 0x0000022a1f91a000, 0x0000022a1f920800, 0x0000022a1f91d000,
0x0000022a1f91a800, 0x0000022a1f91c800, 0x0000022a1f921800, 0x0000022a1f91b800,
0x0000022a1f923800, 0x0000022a1f924800, 0x0000022a1f926000, 0x0000022a1f925800,
0x0000022a1f927000, 0x0000022a1f922000, 0x0000022a1f928800, 0x0000022a1f923000,
0x0000022a215d1000, 0x0000022a215d8800, 0x0000022a215d2800, 0x0000022a1f973800,
0x0000022a215d9000, 0x0000022a215da000, 0x0000022a20ae5800, 0x0000022a20ae9800,
0x0000022a20aea800
}

Java Threads: ( => current thread )
  0x0000022a0451c800 JavaThread "main" [_thread_blocked, id=4856, stack(0x000000d199200000,0x000000d199300000)]
  0x0000022a1dfc9800 JavaThread "Reference Handler" daemon [_thread_blocked, id=13608, stack(0x000000d199900000,0x000000d199a00000)]
  0x0000022a1dfca800 JavaThread "Finalizer" daemon [_thread_blocked, id=11596, stack(0x000000d199a00000,0x000000d199b00000)]
  0x0000022a1e7d9000 JavaThread "Signal Dispatcher" daemon [_thread_blocked, id=11976, stack(0x000000d199b00000,0x000000d199c00000)]
  0x0000022a1e7db000 JavaThread "Attach Listener" daemon [_thread_blocked, id=9100, stack(0x000000d199c00000,0x000000d199d00000)]
  0x0000022a1e7dd000 JavaThread "C2 CompilerThread0" daemon [_thread_in_native, id=6740, stack(0x000000d199d00000,0x000000d199e00000)]
  0x0000022a1e825800 JavaThread "C1 CompilerThread0" daemon [_thread_blocked, id=14768, stack(0x000000d199e00000,0x000000d199f00000)]
  0x0000022a1e826800 JavaThread "Sweeper thread" daemon [_thread_blocked, id=11504, stack(0x000000d199f00000,0x000000d19a000000)]
  0x0000022a1e986800 JavaThread "Common-Cleaner" daemon [_thread_blocked, id=9672, stack(0x000000d19a000000,0x000000d19a100000)]
  0x0000022a1e9f4800 JavaThread "Service Thread" daemon [_thread_blocked, id=6056, stack(0x000000d19a100000,0x000000d19a200000)]
  0x0000022a20353000 JavaThread "Daemon health stats" [_thread_blocked, id=108, stack(0x000000d19a700000,0x000000d19a800000)]
  0x0000022a1ff59800 JavaThread "Incoming local TCP Connector on port 61544" [_thread_in_native, id=5096, stack(0x000000d19a900000,0x000000d19aa00000)]
  0x0000022a2033e000 JavaThread "Daemon periodic checks" [_thread_blocked, id=2176, stack(0x000000d19aa00000,0x000000d19ab00000)]
  0x0000022a20f4f800 JavaThread "Daemon" [_thread_blocked, id=1628, stack(0x000000d19ab00000,0x000000d19ac00000)]
  0x0000022a1fcb5000 JavaThread "Daemon worker" [_thread_blocked, id=13816, stack(0x000000d19ae00000,0x000000d19af00000)]
  0x0000022a20ae8800 JavaThread "Cache worker for file hash cache (C:\Users\asus\Desktop\JavaLearning\caches\6.7.1\fileHashes)" [_thread_blocked, id=13688, stack(0x000000d19b300000,0x000000d19b400000)]
  0x0000022a20ae7000 JavaThread "File lock request listener" [_thread_in_native, id=4404, stack(0x000000d19b400000,0x000000d19b500000)]
  0x0000022a20ae6000 JavaThread "Cache worker for journal cache (C:\Users\asus\Desktop\JavaLearning\caches\journal-1)" [_thread_in_Java, id=2380, stack(0x000000d19b500000,0x000000d19b600000)]
  0x0000022a20aeb000 JavaThread "Cache worker for execution history cache (C:\Users\asus\Desktop\JavaLearning\caches\6.7.1\executionHistory)" [_thread_blocked, id=12808, stack(0x000000d19ba00000,0x000000d19bb00000)]
  0x0000022a20ae8000 JavaThread "jar transforms" [_thread_blocked, id=11584, stack(0x000000d19bb00000,0x000000d19bc00000)]
  0x0000022a215d3800 JavaThread "Cache worker for file content cache (C:\Users\asus\Desktop\JavaLearning\caches\6.7.1\fileContent)" [_thread_blocked, id=4416, stack(0x000000d19bc00000,0x000000d19bd00000)]
  0x0000022a215d6800 JavaThread "jar transforms Thread 2" [_thread_blocked, id=5584, stack(0x000000d19c200000,0x000000d19c300000)]
  0x0000022a215d4800 JavaThread "jar transforms Thread 3" [_thread_blocked, id=13660, stack(0x000000d19c300000,0x000000d19c400000)]
  0x0000022a215db000 JavaThread "jar transforms Thread 4" [_thread_blocked, id=14480, stack(0x000000d19c400000,0x000000d19c500000)]
  0x0000022a215d7800 JavaThread "jar transforms Thread 5" [_thread_blocked, id=268, stack(0x000000d19c500000,0x000000d19c600000)]
  0x0000022a215d5000 JavaThread "jar transforms Thread 6" [_thread_blocked, id=1496, stack(0x000000d19c600000,0x000000d19c700000)]
  0x0000022a215dd000 JavaThread "jar transforms Thread 7" [_thread_blocked, id=14936, stack(0x000000d19c700000,0x000000d19c800000)]
  0x0000022a215db800 JavaThread "jar transforms Thread 8" [_thread_blocked, id=12412, stack(0x000000d19c800000,0x000000d19c900000)]
  0x0000022a215dc800 JavaThread "jar transforms Thread 9" [_thread_blocked, id=11744, stack(0x000000d19c900000,0x000000d19ca00000)]
  0x0000022a215de000 JavaThread "jar transforms Thread 10" [_thread_blocked, id=14880, stack(0x000000d19ca00000,0x000000d19cb00000)]
  0x0000022a215df000 JavaThread "jar transforms Thread 11" [_thread_blocked, id=1948, stack(0x000000d19cb00000,0x000000d19cc00000)]
  0x0000022a1f77e800 JavaThread "jar transforms Thread 12" [_thread_blocked, id=512, stack(0x000000d19cc00000,0x000000d19cd00000)]
  0x0000022a1f779800 JavaThread "jar transforms Thread 13" [_thread_blocked, id=13408, stack(0x000000d19cd00000,0x000000d19ce00000)]
  0x0000022a1f77d000 JavaThread "jar transforms Thread 14" [_thread_blocked, id=15328, stack(0x000000d19ce00000,0x000000d19cf00000)]
  0x0000022a1f77c000 JavaThread "jar transforms Thread 15" [_thread_blocked, id=10156, stack(0x000000d19cf00000,0x000000d19d000000)]
  0x0000022a1f780000 JavaThread "jar transforms Thread 16" [_thread_blocked, id=14540, stack(0x000000d19d000000,0x000000d19d100000)]
  0x0000022a1f77d800 JavaThread "jar transforms Thread 17" [_thread_blocked, id=5192, stack(0x000000d19d100000,0x000000d19d200000)]
  0x0000022a1f77f800 JavaThread "jar transforms Thread 18" [_thread_blocked, id=13808, stack(0x000000d19d200000,0x000000d19d300000)]
  0x0000022a1f77a800 JavaThread "jar transforms Thread 19" [_thread_blocked, id=2296, stack(0x000000d19d300000,0x000000d19d400000)]
  0x0000022a1f781000 JavaThread "jar transforms Thread 20" [_thread_blocked, id=10036, stack(0x000000d19d400000,0x000000d19d500000)]
  0x0000022a1f77b000 JavaThread "jar transforms Thread 21" [_thread_blocked, id=6596, stack(0x000000d19d500000,0x000000d19d600000)]
  0x0000022a1f786000 JavaThread "jar transforms Thread 22" [_thread_blocked, id=9240, stack(0x000000d19d600000,0x000000d19d700000)]
  0x0000022a1f786800 JavaThread "jar transforms Thread 23" [_thread_blocked, id=2156, stack(0x000000d19d700000,0x000000d19d800000)]
  0x0000022a1f784000 JavaThread "jar transforms Thread 24" [_thread_blocked, id=6848, stack(0x000000d19d800000,0x000000d19d900000)]
  0x0000022a1f787800 JavaThread "jar transforms Thread 25" [_thread_blocked, id=12796, stack(0x000000d19d900000,0x000000d19da00000)]
  0x0000022a1f781800 JavaThread "jar transforms Thread 26" [_thread_blocked, id=8584, stack(0x000000d19da00000,0x000000d19db00000)]
  0x0000022a1f785000 JavaThread "jar transforms Thread 27" [_thread_blocked, id=7244, stack(0x000000d19db00000,0x000000d19dc00000)]
  0x0000022a1f788800 JavaThread "jar transforms Thread 28" [_thread_blocked, id=10364, stack(0x000000d19dc00000,0x000000d19dd00000)]
  0x0000022a1f782800 JavaThread "jar transforms Thread 29" [_thread_blocked, id=5508, stack(0x000000d19dd00000,0x000000d19de00000)]
  0x0000022a1f783800 JavaThread "jar transforms Thread 30" [_thread_blocked, id=2376, stack(0x000000d19de00000,0x000000d19df00000)]
  0x0000022a2173b000 JavaThread "jar transforms Thread 31" [_thread_blocked, id=13700, stack(0x000000d19df00000,0x000000d19e000000)]
  0x0000022a2173c000 JavaThread "jar transforms Thread 32" [_thread_blocked, id=11064, stack(0x000000d19e000000,0x000000d19e100000)]
  0x0000022a2173e000 JavaThread "jar transforms Thread 33" [_thread_blocked, id=6600, stack(0x000000d19e100000,0x000000d19e200000)]
  0x0000022a2173c800 JavaThread "jar transforms Thread 34" [_thread_blocked, id=8904, stack(0x000000d19e200000,0x000000d19e300000)]
  0x0000022a21741800 JavaThread "jar transforms Thread 35" [_thread_blocked, id=8072, stack(0x000000d19e300000,0x000000d19e400000)]
  0x0000022a21743000 JavaThread "jar transforms Thread 36" [_thread_blocked, id=10468, stack(0x000000d19e400000,0x000000d19e500000)]
  0x0000022a2173d800 JavaThread "jar transforms Thread 37" [_thread_blocked, id=12940, stack(0x000000d19e500000,0x000000d19e600000)]
  0x0000022a21742800 JavaThread "jar transforms Thread 38" [_thread_blocked, id=7236, stack(0x000000d19e600000,0x000000d19e700000)]
  0x0000022a21745000 JavaThread "jar transforms Thread 39" [_thread_blocked, id=11096, stack(0x000000d19e700000,0x000000d19e800000)]
  0x0000022a2173f000 JavaThread "jar transforms Thread 40" [_thread_blocked, id=14628, stack(0x000000d19e800000,0x000000d19e900000)]
  0x0000022a21744000 JavaThread "jar transforms Thread 41" [_thread_blocked, id=12552, stack(0x000000d19e900000,0x000000d19ea00000)]
  0x0000022a21745800 JavaThread "jar transforms Thread 42" [_thread_blocked, id=10720, stack(0x000000d19ea00000,0x000000d19eb00000)]
  0x0000022a21740000 JavaThread "jar transforms Thread 43" [_thread_blocked, id=10764, stack(0x000000d19eb00000,0x000000d19ec00000)]
  0x0000022a21746800 JavaThread "jar transforms Thread 44" [_thread_blocked, id=5216, stack(0x000000d19ec00000,0x000000d19ed00000)]
  0x0000022a21740800 JavaThread "jar transforms Thread 45" [_thread_blocked, id=10436, stack(0x000000d19ed00000,0x000000d19ee00000)]
  0x0000022a21747000 JavaThread "jar transforms Thread 46" [_thread_blocked, id=9072, stack(0x000000d19ee00000,0x000000d19ef00000)]
  0x0000022a21748000 JavaThread "jar transforms Thread 47" [_thread_blocked, id=4640, stack(0x000000d19ef00000,0x000000d19f000000)]
  0x0000022a21749000 JavaThread "jar transforms Thread 48" [_thread_blocked, id=8444, stack(0x000000d19f000000,0x000000d19f100000)]
  0x0000022a21749800 JavaThread "jar transforms Thread 49" [_thread_blocked, id=9972, stack(0x000000d19f100000,0x000000d19f200000)]
  0x0000022a234cf800 JavaThread "jar transforms Thread 50" [_thread_blocked, id=8136, stack(0x000000d19f200000,0x000000d19f300000)]
  0x0000022a234ca000 JavaThread "jar transforms Thread 51" [_thread_blocked, id=7360, stack(0x000000d19f300000,0x000000d19f400000)]
  0x0000022a234ca800 JavaThread "jar transforms Thread 52" [_thread_blocked, id=8720, stack(0x000000d19f400000,0x000000d19f500000)]
  0x0000022a234cf000 JavaThread "jar transforms Thread 53" [_thread_blocked, id=10976, stack(0x000000d19f500000,0x000000d19f600000)]
  0x0000022a234d0800 JavaThread "jar transforms Thread 54" [_thread_blocked, id=13164, stack(0x000000d19f600000,0x000000d19f700000)]
  0x0000022a234ce000 JavaThread "jar transforms Thread 55" [_thread_blocked, id=15088, stack(0x000000d19f700000,0x000000d19f800000)]
  0x0000022a234d1800 JavaThread "jar transforms Thread 56" [_thread_blocked, id=8856, stack(0x000000d19f800000,0x000000d19f900000)]
  0x0000022a234cd000 JavaThread "jar transforms Thread 57" [_thread_blocked, id=11100, stack(0x000000d19f900000,0x000000d19fa00000)]
  0x0000022a234cc800 JavaThread "jar transforms Thread 58" [_thread_blocked, id=3000, stack(0x000000d19fa00000,0x000000d19fb00000)]
  0x0000022a234cb800 JavaThread "jar transforms Thread 59" [_thread_blocked, id=12888, stack(0x000000d19fb00000,0x000000d19fc00000)]
  0x0000022a234d6000 JavaThread "jar transforms Thread 60" [_thread_blocked, id=9392, stack(0x000000d19fc00000,0x000000d19fd00000)]
  0x0000022a234d2000 JavaThread "jar transforms Thread 61" [_thread_blocked, id=8656, stack(0x000000d19fd00000,0x000000d19fe00000)]
  0x0000022a234d8000 JavaThread "jar transforms Thread 62" [_thread_blocked, id=11136, stack(0x000000d19fe00000,0x000000d19ff00000)]
  0x0000022a234d8800 JavaThread "jar transforms Thread 63" [_thread_blocked, id=2960, stack(0x000000d19ff00000,0x000000d1a0000000)]
  0x0000022a234d5800 JavaThread "jar transforms Thread 64" [_thread_blocked, id=9884, stack(0x000000d1a0000000,0x000000d1a0100000)]
  0x0000022a234d3000 JavaThread "jar transforms Thread 65" [_thread_blocked, id=4224, stack(0x000000d1a0100000,0x000000d1a0200000)]
  0x0000022a234d7000 JavaThread "jar transforms Thread 66" [_thread_blocked, id=10296, stack(0x000000d1a0200000,0x000000d1a0300000)]
  0x0000022a234d3800 JavaThread "jar transforms Thread 67" [_thread_blocked, id=10408, stack(0x000000d1a0300000,0x000000d1a0400000)]
  0x0000022a234d4800 JavaThread "jar transforms Thread 68" [_thread_blocked, id=10832, stack(0x000000d1a0400000,0x000000d1a0500000)]
  0x0000022a215c4000 JavaThread "jar transforms Thread 69" [_thread_blocked, id=11420, stack(0x000000d1a0500000,0x000000d1a0600000)]
  0x0000022a215c2800 JavaThread "jar transforms Thread 70" [_thread_blocked, id=10972, stack(0x000000d1a0600000,0x000000d1a0700000)]
  0x0000022a215c3800 JavaThread "jar transforms Thread 71" [_thread_blocked, id=10500, stack(0x000000d1a0700000,0x000000d1a0800000)]
  0x0000022a215c5000 JavaThread "jar transforms Thread 72" [_thread_blocked, id=5680, stack(0x000000d1a0800000,0x000000d1a0900000)]
  0x0000022a215c0000 JavaThread "jar transforms Thread 73" [_thread_blocked, id=5544, stack(0x000000d1a0900000,0x000000d1a0a00000)]
  0x0000022a215c2000 JavaThread "jar transforms Thread 74" [_thread_blocked, id=8828, stack(0x000000d1a0a00000,0x000000d1a0b00000)]
  0x0000022a215c6000 JavaThread "jar transforms Thread 75" [_thread_blocked, id=10940, stack(0x000000d1a0b00000,0x000000d1a0c00000)]
  0x0000022a215c1000 JavaThread "jar transforms Thread 76" [_thread_blocked, id=11072, stack(0x000000d1a0c00000,0x000000d1a0d00000)]
  0x0000022a215cb000 JavaThread "jar transforms Thread 77" [_thread_blocked, id=2624, stack(0x000000d1a0d00000,0x000000d1a0e00000)]
  0x0000022a215ca000 JavaThread "jar transforms Thread 78" [_thread_blocked, id=8440, stack(0x000000d1a0e00000,0x000000d1a0f00000)]
  0x0000022a215c7800 JavaThread "jar transforms Thread 79" [_thread_blocked, id=9936, stack(0x000000d1a0f00000,0x000000d1a1000000)]
  0x0000022a215c9000 JavaThread "jar transforms Thread 80" [_thread_blocked, id=13856, stack(0x000000d1a1000000,0x000000d1a1100000)]
  0x0000022a215c8800 JavaThread "jar transforms Thread 81" [_thread_blocked, id=6456, stack(0x000000d1a1100000,0x000000d1a1200000)]
  0x0000022a215c6800 JavaThread "jar transforms Thread 82" [_thread_blocked, id=7076, stack(0x000000d1a1200000,0x000000d1a1300000)]
  0x0000022a215cf000 JavaThread "jar transforms Thread 83" [_thread_blocked, id=13776, stack(0x000000d1a1300000,0x000000d1a1400000)]
  0x0000022a215cb800 JavaThread "jar transforms Thread 84" [_thread_blocked, id=13732, stack(0x000000d1a1400000,0x000000d1a1500000)]
  0x0000022a215cc800 JavaThread "jar transforms Thread 85" [_thread_blocked, id=5580, stack(0x000000d1a1500000,0x000000d1a1600000)]
  0x0000022a215cd000 JavaThread "jar transforms Thread 86" [_thread_blocked, id=11528, stack(0x000000d1a1600000,0x000000d1a1700000)]
  0x0000022a215ce000 JavaThread "jar transforms Thread 87" [_thread_blocked, id=5840, stack(0x000000d1a1700000,0x000000d1a1800000)]
  0x0000022a22ba4000 JavaThread "jar transforms Thread 88" [_thread_blocked, id=10024, stack(0x000000d1a1800000,0x000000d1a1900000)]
  0x0000022a22ba4800 JavaThread "jar transforms Thread 89" [_thread_blocked, id=5896, stack(0x000000d1a1900000,0x000000d1a1a00000)]
  0x0000022a22ba5800 JavaThread "jar transforms Thread 90" [_thread_blocked, id=8456, stack(0x000000d1a1a00000,0x000000d1a1b00000)]
  0x0000022a22ba6800 JavaThread "jar transforms Thread 91" [_thread_blocked, id=14596, stack(0x000000d1a1b00000,0x000000d1a1c00000)]
  0x0000022a22ba7000 JavaThread "jar transforms Thread 92" [_thread_blocked, id=10348, stack(0x000000d1a1c00000,0x000000d1a1d00000)]
  0x0000022a22ba8000 JavaThread "jar transforms Thread 93" [_thread_blocked, id=10144, stack(0x000000d1a1d00000,0x000000d1a1e00000)]
  0x0000022a22ba2000 JavaThread "jar transforms Thread 94" [_thread_blocked, id=1960, stack(0x000000d1a1e00000,0x000000d1a1f00000)]
  0x0000022a22ba9000 JavaThread "jar transforms Thread 95" [_thread_blocked, id=10996, stack(0x000000d1a1f00000,0x000000d1a2000000)]
  0x0000022a22ba3000 JavaThread "jar transforms Thread 96" [_thread_blocked, id=5920, stack(0x000000d1a2000000,0x000000d1a2100000)]
  0x0000022a22baf800 JavaThread "jar transforms Thread 97" [_thread_blocked, id=1676, stack(0x000000d1a2100000,0x000000d1a2200000)]
  0x0000022a22ba9800 JavaThread "jar transforms Thread 98" [_thread_blocked, id=14668, stack(0x000000d1a2200000,0x000000d1a2300000)]
  0x0000022a22bae800 JavaThread "jar transforms Thread 99" [_thread_blocked, id=492, stack(0x000000d1a2300000,0x000000d1a2400000)]
  0x0000022a22bb0000 JavaThread "jar transforms Thread 100" [_thread_blocked, id=260, stack(0x000000d1a2400000,0x000000d1a2500000)]
  0x0000022a22bad800 JavaThread "jar transforms Thread 101" [_thread_blocked, id=3156, stack(0x000000d1a2500000,0x000000d1a2600000)]
  0x0000022a22baa800 JavaThread "jar transforms Thread 102" [_thread_blocked, id=13772, stack(0x000000d1a2600000,0x000000d1a2700000)]
  0x0000022a22bad000 JavaThread "jar transforms Thread 103" [_thread_blocked, id=8652, stack(0x000000d1a2700000,0x000000d1a2800000)]
  0x0000022a22bab000 JavaThread "jar transforms Thread 104" [_thread_blocked, id=11112, stack(0x000000d1a2800000,0x000000d1a2900000)]
  0x0000022a22bac000 JavaThread "jar transforms Thread 105" [_thread_blocked, id=14500, stack(0x000000d1a2900000,0x000000d1a2a00000)]
  0x0000022a22bb1000 JavaThread "jar transforms Thread 106" [_thread_blocked, id=7640, stack(0x000000d1a2a00000,0x000000d1a2b00000)]
  0x0000022a1f91e000 JavaThread "jar transforms Thread 107" [_thread_blocked, id=14592, stack(0x000000d1a2b00000,0x000000d1a2c00000)]
  0x0000022a1f91f800 JavaThread "jar transforms Thread 108" [_thread_blocked, id=4844, stack(0x000000d1a2c00000,0x000000d1a2d00000)]
  0x0000022a1f91f000 JavaThread "jar transforms Thread 109" [_thread_blocked, id=9980, stack(0x000000d1a2d00000,0x000000d1a2e00000)]
  0x0000022a1f91a000 JavaThread "jar transforms Thread 110" [_thread_blocked, id=3820, stack(0x000000d1a2e00000,0x000000d1a2f00000)]
  0x0000022a1f920800 JavaThread "jar transforms Thread 111" [_thread_blocked, id=9172, stack(0x000000d1a2f00000,0x000000d1a3000000)]
  0x0000022a1f91d000 JavaThread "jar transforms Thread 112" [_thread_blocked, id=9956, stack(0x000000d1a3000000,0x000000d1a3100000)]
  0x0000022a1f91a800 JavaThread "jar transforms Thread 113" [_thread_blocked, id=1352, stack(0x000000d1a3100000,0x000000d1a3200000)]
  0x0000022a1f91c800 JavaThread "jar transforms Thread 114" [_thread_blocked, id=620, stack(0x000000d1a3200000,0x000000d1a3300000)]
  0x0000022a1f921800 JavaThread "jar transforms Thread 115" [_thread_blocked, id=11004, stack(0x000000d1a3300000,0x000000d1a3400000)]
  0x0000022a1f91b800 JavaThread "jar transforms Thread 116" [_thread_blocked, id=4528, stack(0x000000d1a3400000,0x000000d1a3500000)]
  0x0000022a1f923800 JavaThread "jar transforms Thread 117" [_thread_blocked, id=12996, stack(0x000000d1a3500000,0x000000d1a3600000)]
  0x0000022a1f924800 JavaThread "Memory manager" [_thread_blocked, id=14728, stack(0x000000d1a3600000,0x000000d1a3700000)]
  0x0000022a1f926000 JavaThread "Handler for socket connection from /127.0.0.1:61544 to /127.0.0.1:57511" [_thread_in_native, id=11880, stack(0x000000d19ac00000,0x000000d19ad00000)]
  0x0000022a1f925800 JavaThread "Cancel handler" [_thread_blocked, id=9580, stack(0x000000d19ad00000,0x000000d19ae00000)]
  0x0000022a1f927000 JavaThread "Asynchronous log dispatcher for DefaultDaemonConnection: socket connection from /127.0.0.1:61544 to /127.0.0.1:57511" [_thread_blocked, id=13360, stack(0x000000d19af00000,0x000000d19b000000)]
  0x0000022a1f922000 JavaThread "Stdin handler" [_thread_blocked, id=9308, stack(0x000000d19b000000,0x000000d19b100000)]
  0x0000022a1f928800 JavaThread "Thread-150" [_thread_blocked, id=948, stack(0x000000d19b100000,0x000000d19b200000)]
  0x0000022a1f923000 JavaThread "Cache worker for file hash cache (C:\Users\asus\Desktop\MyNotebookProject\.gradle\6.7.1\fileHashes)" [_thread_blocked, id=8160, stack(0x000000d19b200000,0x000000d19b300000)]
  0x0000022a215d1000 JavaThread "Cache worker for checksums cache (C:\Users\asus\Desktop\MyNotebookProject\.gradle\checksums)" [_thread_blocked, id=12280, stack(0x000000d19b700000,0x000000d19b800000)]
  0x0000022a215d8800 JavaThread "Cache worker for cache directory md-supplier (C:\Users\asus\Desktop\JavaLearning\caches\6.7.1\md-supplier)" [_thread_blocked, id=10792, stack(0x000000d19b800000,0x000000d19b900000)]
  0x0000022a215d2800 JavaThread "Cache worker for cache directory md-rule (C:\Users\asus\Desktop\JavaLearning\caches\6.7.1\md-rule)" [_thread_blocked, id=8368, stack(0x000000d19b900000,0x000000d19ba00000)]
=>0x0000022a1f973800 JavaThread "C2 CompilerThread1" daemon [_thread_in_native, id=1548, stack(0x000000d19b600000,0x000000d19b700000)]
  0x0000022a215d9000 JavaThread "Cache worker for Build Output Cleanup Cache (C:\Users\asus\Desktop\MyNotebookProject\.gradle\buildOutputCleanup)" [_thread_blocked, id=1996, stack(0x000000d19bd00000,0x000000d19be00000)]
  0x0000022a215da000 JavaThread "Build operations" [_thread_blocked, id=11836, stack(0x000000d19be00000,0x000000d19bf00000)]
  0x0000022a20ae5800 JavaThread "Build operations Thread 2" [_thread_in_vm, id=10224, stack(0x000000d19bf00000,0x000000d19c000000)]
  0x0000022a20ae9800 JavaThread "Build operations Thread 3" [_thread_blocked, id=14688, stack(0x000000d19c000000,0x000000d19c100000)]
  0x0000022a20aea800 JavaThread "Build operations Thread 4" [_thread_new, id=3268, stack(0x0000000000000000,0x0000000000000000)]

Other Threads:
  0x0000022a1dfb0800 VMThread "VM Thread" [stack: 0x000000d199800000,0x000000d199900000] [id=14632]
  0x0000022a1e9f5800 WatcherThread [stack: 0x000000d19a200000,0x000000d19a300000] [id=6808]
  0x0000022a04535000 GCTaskThread "GC Thread#0" [stack: 0x000000d199300000,0x000000d199400000] [id=14792]
  0x0000022a1ee48800 GCTaskThread "GC Thread#1" [stack: 0x000000d19a400000,0x000000d19a500000] [id=7340]
  0x0000022a1ed8f800 GCTaskThread "GC Thread#2" [stack: 0x000000d19a500000,0x000000d19a600000] [id=9012]
  0x0000022a1f155800 GCTaskThread "GC Thread#3" [stack: 0x000000d19a600000,0x000000d19a700000] [id=12328]
  0x0000022a04566000 ConcurrentGCThread "G1 Main Marker" [stack: 0x000000d199400000,0x000000d199500000] [id=10312]
  0x0000022a04569800 ConcurrentGCThread "G1 Conc#0" [stack: 0x000000d199500000,0x000000d199600000] [id=7748]
  0x0000022a045fd800 ConcurrentGCThread "G1 Refine#0" [stack: 0x000000d199600000,0x000000d199700000] [id=13484]
  0x0000022a1de00800 ConcurrentGCThread "G1 Young RemSet Sampling" [stack: 0x000000d199700000,0x000000d199800000] [id=12644]

Threads with active compile tasks:
C2 CompilerThread0  29910 7331       4       sun.reflect.generics.parser.SignatureParser::parsePackageNameAndSimpleClassTypeSignature (119 bytes)
C2 CompilerThread1  29910 7328       4       java.beans.Introspector::addMethod (196 bytes)

VM state:not at safepoint (normal execution)

VM Mutex/Monitor currently owned by a thread: None

Heap address: 0x0000000080000000, size: 2048 MB, Compressed Oops mode: 32-bit
Narrow klass base: 0x0000000000000000, Narrow klass shift: 3
Compressed class space size: 1073741824 Address: 0x0000000100000000

Heap:
 garbage-first heap   total 236544K, used 171302K [0x0000000080000000, 0x0000000100000000)
  region size 1024K, 112 young (114688K), 12 survivors (12288K)
 Metaspace       used 79260K, capacity 81449K, committed 81500K, reserved 1120256K
  class space    used 9946K, capacity 10654K, committed 10688K, reserved 1048576K
Heap Regions: E=young(eden), S=young(survivor), O=old, HS=humongous(starts), HC=humongous(continues), CS=collection set, F=free, A=archive, TAMS=top-at-mark-start (previous, next)
|   0|0x0000000080000000, 0x0000000080100000, 0x0000000080100000|100%| O|  |TAMS 0x0000000080100000, 0x0000000080000000| Untracked 
|   1|0x0000000080100000, 0x0000000080200000, 0x0000000080200000|100%| O|  |TAMS 0x0000000080200000, 0x0000000080100000| Untracked 
|   2|0x0000000080200000, 0x0000000080300000, 0x0000000080300000|100%| O|  |TAMS 0x0000000080300000, 0x0000000080200000| Untracked 
|   3|0x0000000080300000, 0x0000000080400000, 0x0000000080400000|100%|HS|  |TAMS 0x0000000080400000, 0x0000000080300000| Complete 
|   4|0x0000000080400000, 0x0000000080500000, 0x0000000080500000|100%|HC|  |TAMS 0x0000000080500000, 0x0000000080400000| Complete 
|   5|0x0000000080500000, 0x0000000080600000, 0x0000000080600000|100%|HC|  |TAMS 0x0000000080600000, 0x0000000080500000| Complete 
|   6|0x0000000080600000, 0x0000000080700000, 0x0000000080700000|100%| O|  |TAMS 0x0000000080700000, 0x0000000080600000| Untracked 
|   7|0x0000000080700000, 0x0000000080800000, 0x0000000080800000|100%| O|  |TAMS 0x0000000080800000, 0x0000000080700000| Untracked 
|   8|0x0000000080800000, 0x0000000080900000, 0x0000000080900000|100%| O|  |TAMS 0x0000000080900000, 0x0000000080800000| Untracked 
|   9|0x0000000080900000, 0x0000000080a00000, 0x0000000080a00000|100%| O|  |TAMS 0x0000000080a00000, 0x0000000080900000| Untracked 
|  10|0x0000000080a00000, 0x0000000080b00000, 0x0000000080b00000|100%| O|  |TAMS 0x0000000080b00000, 0x0000000080a00000| Untracked 
|  11|0x0000000080b00000, 0x0000000080c00000, 0x0000000080c00000|100%| O|  |TAMS 0x0000000080c00000, 0x0000000080b00000| Untracked 
|  12|0x0000000080c00000, 0x0000000080d00000, 0x0000000080d00000|100%| O|  |TAMS 0x0000000080d00000, 0x0000000080c00000| Untracked 
|  13|0x0000000080d00000, 0x0000000080e00000, 0x0000000080e00000|100%|HS|  |TAMS 0x0000000080e00000, 0x0000000080d00000| Complete 
|  14|0x0000000080e00000, 0x0000000080f00000, 0x0000000080f00000|100%|HS|  |TAMS 0x0000000080f00000, 0x0000000080e00000| Complete 
|  15|0x0000000080f00000, 0x0000000081000000, 0x0000000081000000|100%|HC|  |TAMS 0x0000000081000000, 0x0000000080f00000| Complete 
|  16|0x0000000081000000, 0x0000000081100000, 0x0000000081100000|100%|HC|  |TAMS 0x0000000081100000, 0x0000000081000000| Complete 
|  17|0x0000000081100000, 0x0000000081200000, 0x0000000081200000|100%| O|  |TAMS 0x0000000081200000, 0x0000000081100000| Untracked 
|  18|0x0000000081200000, 0x0000000081300000, 0x0000000081300000|100%| O|  |TAMS 0x0000000081300000, 0x0000000081200000| Untracked 
|  19|0x0000000081300000, 0x0000000081400000, 0x0000000081400000|100%| O|  |TAMS 0x0000000081400000, 0x0000000081300000| Untracked 
|  20|0x0000000081400000, 0x0000000081500000, 0x0000000081500000|100%|HS|  |TAMS 0x0000000081500000, 0x0000000081400000| Complete 
|  21|0x0000000081500000, 0x0000000081600000, 0x0000000081600000|100%|HC|  |TAMS 0x0000000081600000, 0x0000000081500000| Complete 
|  22|0x0000000081600000, 0x0000000081700000, 0x0000000081700000|100%| O|  |TAMS 0x0000000081700000, 0x0000000081600000| Untracked 
|  23|0x0000000081700000, 0x0000000081800000, 0x0000000081800000|100%| O|  |TAMS 0x0000000081800000, 0x0000000081700000| Untracked 
|  24|0x0000000081800000, 0x0000000081900000, 0x0000000081900000|100%| O|  |TAMS 0x0000000081900000, 0x0000000081800000| Untracked 
|  25|0x0000000081900000, 0x0000000081a00000, 0x0000000081a00000|100%| O|  |TAMS 0x0000000081a00000, 0x0000000081900000| Untracked 
|  26|0x0000000081a00000, 0x0000000081b00000, 0x0000000081b00000|100%| O|  |TAMS 0x0000000081b00000, 0x0000000081a00000| Untracked 
|  27|0x0000000081b00000, 0x0000000081c00000, 0x0000000081c00000|100%| O|  |TAMS 0x0000000081c00000, 0x0000000081b00000| Untracked 
|  28|0x0000000081c00000, 0x0000000081c00000, 0x0000000081d00000|  0%| F|  |TAMS 0x0000000081c00000, 0x0000000081c00000| Untracked 
|  29|0x0000000081d00000, 0x0000000081e00000, 0x0000000081e00000|100%| O|  |TAMS 0x0000000081e00000, 0x0000000081d00000| Untracked 
|  30|0x0000000081e00000, 0x0000000081f00000, 0x0000000081f00000|100%| O|  |TAMS 0x0000000081f00000, 0x0000000081e00000| Untracked 
|  31|0x0000000081f00000, 0x0000000082000000, 0x0000000082000000|100%| O|  |TAMS 0x0000000082000000, 0x0000000081f00000| Untracked 
|  32|0x0000000082000000, 0x0000000082100000, 0x0000000082100000|100%| O|  |TAMS 0x0000000082100000, 0x0000000082000000| Untracked 
|  33|0x0000000082100000, 0x0000000082200000, 0x0000000082200000|100%| O|  |TAMS 0x0000000082200000, 0x0000000082100000| Untracked 
|  34|0x0000000082200000, 0x0000000082300000, 0x0000000082300000|100%| O|  |TAMS 0x0000000082300000, 0x0000000082200000| Untracked 
|  35|0x0000000082300000, 0x0000000082400000, 0x0000000082400000|100%| O|  |TAMS 0x0000000082400000, 0x0000000082300000| Untracked 
|  36|0x0000000082400000, 0x0000000082500000, 0x0000000082500000|100%| O|  |TAMS 0x0000000082500000, 0x0000000082400000| Untracked 
|  37|0x0000000082500000, 0x0000000082600000, 0x0000000082600000|100%| O|  |TAMS 0x0000000082600000, 0x0000000082500000| Untracked 
|  38|0x0000000082600000, 0x0000000082700000, 0x0000000082700000|100%| O|  |TAMS 0x0000000082700000, 0x0000000082600000| Untracked 
|  39|0x0000000082700000, 0x0000000082800000, 0x0000000082800000|100%| O|  |TAMS 0x0000000082800000, 0x0000000082700000| Untracked 
|  40|0x0000000082800000, 0x0000000082900000, 0x0000000082900000|100%| O|  |TAMS 0x0000000082900000, 0x0000000082800000| Untracked 
|  41|0x0000000082900000, 0x0000000082a00000, 0x0000000082a00000|100%| O|  |TAMS 0x0000000082a00000, 0x0000000082900000| Untracked 
|  42|0x0000000082a00000, 0x0000000082b00000, 0x0000000082b00000|100%| O|  |TAMS 0x0000000082b00000, 0x0000000082a00000| Untracked 
|  43|0x0000000082b00000, 0x0000000082c00000, 0x0000000082c00000|100%|HS|  |TAMS 0x0000000082b00000, 0x0000000082b00000| Complete 
|  44|0x0000000082c00000, 0x0000000082d00000, 0x0000000082d00000|100%|HC|  |TAMS 0x0000000082c00000, 0x0000000082c00000| Complete 
|  45|0x0000000082d00000, 0x0000000082e00000, 0x0000000082e00000|100%|HS|  |TAMS 0x0000000082d00000, 0x0000000082d00000| Complete 
|  46|0x0000000082e00000, 0x0000000082f00000, 0x0000000082f00000|100%|HC|  |TAMS 0x0000000082e00000, 0x0000000082e00000| Complete 
|  47|0x0000000082f00000, 0x0000000083000000, 0x0000000083000000|100%|HC|  |TAMS 0x0000000082f00000, 0x0000000082f00000| Complete 
|  48|0x0000000083000000, 0x0000000083100000, 0x0000000083100000|100%|HS|  |TAMS 0x0000000083000000, 0x0000000083000000| Complete 
|  49|0x0000000083100000, 0x0000000083200000, 0x0000000083200000|100%|HC|  |TAMS 0x0000000083100000, 0x0000000083100000| Complete 
|  50|0x0000000083200000, 0x0000000083300000, 0x0000000083300000|100%|HC|  |TAMS 0x0000000083200000, 0x0000000083200000| Complete 
|  51|0x0000000083300000, 0x0000000083400000, 0x0000000083400000|100%|HC|  |TAMS 0x0000000083300000, 0x0000000083300000| Complete 
|  52|0x0000000083400000, 0x0000000083500000, 0x0000000083500000|100%|HS|  |TAMS 0x0000000083400000, 0x0000000083400000| Complete 
|  53|0x0000000083500000, 0x0000000083600000, 0x0000000083600000|100%|HC|  |TAMS 0x0000000083500000, 0x0000000083500000| Complete 
|  54|0x0000000083600000, 0x0000000083700000, 0x0000000083700000|100%|HC|  |TAMS 0x0000000083600000, 0x0000000083600000| Complete 
|  55|0x0000000083700000, 0x0000000083800000, 0x0000000083800000|100%|HC|  |TAMS 0x0000000083700000, 0x0000000083700000| Complete 
|  56|0x0000000083800000, 0x0000000083900000, 0x0000000083900000|100%|HS|  |TAMS 0x0000000083800000, 0x0000000083800000| Complete 
|  57|0x0000000083900000, 0x0000000083a00000, 0x0000000083a00000|100%|HC|  |TAMS 0x0000000083900000, 0x0000000083900000| Complete 
|  58|0x0000000083a00000, 0x0000000083b00000, 0x0000000083b00000|100%|HC|  |TAMS 0x0000000083a00000, 0x0000000083a00000| Complete 
|  59|0x0000000083b00000, 0x0000000083b00000, 0x0000000083c00000|  0%| F|  |TAMS 0x0000000083b00000, 0x0000000083b00000| Untracked 
|  60|0x0000000083c00000, 0x0000000083c00000, 0x0000000083d00000|  0%| F|  |TAMS 0x0000000083c00000, 0x0000000083c00000| Untracked 
|  61|0x0000000083d00000, 0x0000000083d00000, 0x0000000083e00000|  0%| F|  |TAMS 0x0000000083d00000, 0x0000000083d00000| Untracked 
|  62|0x0000000083e00000, 0x0000000083e00000, 0x0000000083f00000|  0%| F|  |TAMS 0x0000000083e00000, 0x0000000083e00000| Untracked 
|  63|0x0000000083f00000, 0x0000000083f00000, 0x0000000084000000|  0%| F|  |TAMS 0x0000000083f00000, 0x0000000083f00000| Untracked 
|  64|0x0000000084000000, 0x0000000084000000, 0x0000000084100000|  0%| F|  |TAMS 0x0000000084000000, 0x0000000084000000| Untracked 
|  65|0x0000000084100000, 0x0000000084100000, 0x0000000084200000|  0%| F|  |TAMS 0x0000000084100000, 0x0000000084100000| Untracked 
|  66|0x0000000084200000, 0x0000000084200000, 0x0000000084300000|  0%| F|  |TAMS 0x0000000084200000, 0x0000000084200000| Untracked 
|  67|0x0000000084300000, 0x0000000084300000, 0x0000000084400000|  0%| F|  |TAMS 0x0000000084300000, 0x0000000084300000| Untracked 
|  68|0x0000000084400000, 0x0000000084400000, 0x0000000084500000|  0%| F|  |TAMS 0x0000000084400000, 0x0000000084400000| Untracked 
|  69|0x0000000084500000, 0x0000000084500000, 0x0000000084600000|  0%| F|  |TAMS 0x0000000084500000, 0x0000000084500000| Untracked 
|  70|0x0000000084600000, 0x0000000084600000, 0x0000000084700000|  0%| F|  |TAMS 0x0000000084600000, 0x0000000084600000| Untracked 
|  71|0x0000000084700000, 0x0000000084700000, 0x0000000084800000|  0%| F|  |TAMS 0x0000000084700000, 0x0000000084700000| Untracked 
|  72|0x0000000084800000, 0x0000000084800000, 0x0000000084900000|  0%| F|  |TAMS 0x0000000084800000, 0x0000000084800000| Untracked 
|  73|0x0000000084900000, 0x0000000084900000, 0x0000000084a00000|  0%| F|  |TAMS 0x0000000084900000, 0x0000000084900000| Untracked 
|  74|0x0000000084a00000, 0x0000000084a00000, 0x0000000084b00000|  0%| F|  |TAMS 0x0000000084a00000, 0x0000000084a00000| Untracked 
|  75|0x0000000084b00000, 0x0000000084b00000, 0x0000000084c00000|  0%| F|  |TAMS 0x0000000084b00000, 0x0000000084b00000| Untracked 
|  76|0x0000000084c00000, 0x0000000084c00000, 0x0000000084d00000|  0%| F|  |TAMS 0x0000000084c00000, 0x0000000084c00000| Untracked 
|  77|0x0000000084d00000, 0x0000000084d00000, 0x0000000084e00000|  0%| F|  |TAMS 0x0000000084d00000, 0x0000000084d00000| Untracked 
|  78|0x0000000084e00000, 0x0000000084e00000, 0x0000000084f00000|  0%| F|  |TAMS 0x0000000084e00000, 0x0000000084e00000| Untracked 
|  79|0x0000000084f00000, 0x0000000084f00000, 0x0000000085000000|  0%| F|  |TAMS 0x0000000084f00000, 0x0000000084f00000| Untracked 
|  80|0x0000000085000000, 0x0000000085000000, 0x0000000085100000|  0%| F|  |TAMS 0x0000000085000000, 0x0000000085000000| Untracked 
|  81|0x0000000085100000, 0x0000000085100000, 0x0000000085200000|  0%| F|  |TAMS 0x0000000085100000, 0x0000000085100000| Untracked 
|  82|0x0000000085200000, 0x0000000085200000, 0x0000000085300000|  0%| F|  |TAMS 0x0000000085200000, 0x0000000085200000| Untracked 
|  83|0x0000000085300000, 0x0000000085300000, 0x0000000085400000|  0%| F|  |TAMS 0x0000000085300000, 0x0000000085300000| Untracked 
|  84|0x0000000085400000, 0x0000000085400000, 0x0000000085500000|  0%| F|  |TAMS 0x0000000085400000, 0x0000000085400000| Untracked 
|  85|0x0000000085500000, 0x0000000085500000, 0x0000000085600000|  0%| F|  |TAMS 0x0000000085500000, 0x0000000085500000| Untracked 
|  86|0x0000000085600000, 0x0000000085600000, 0x0000000085700000|  0%| F|  |TAMS 0x0000000085600000, 0x0000000085600000| Untracked 
|  87|0x0000000085700000, 0x0000000085700000, 0x0000000085800000|  0%| F|  |TAMS 0x0000000085700000, 0x0000000085700000| Untracked 
|  88|0x0000000085800000, 0x0000000085800000, 0x0000000085900000|  0%| F|  |TAMS 0x0000000085800000, 0x0000000085800000| Untracked 
|  89|0x0000000085900000, 0x0000000085900000, 0x0000000085a00000|  0%| F|  |TAMS 0x0000000085900000, 0x0000000085900000| Untracked 
|  90|0x0000000085a00000, 0x0000000085a00000, 0x0000000085b00000|  0%| F|  |TAMS 0x0000000085a00000, 0x0000000085a00000| Untracked 
|  91|0x0000000085b00000, 0x0000000085b00000, 0x0000000085c00000|  0%| F|  |TAMS 0x0000000085b00000, 0x0000000085b00000| Untracked 
|  92|0x0000000085c00000, 0x0000000085c00000, 0x0000000085d00000|  0%| F|  |TAMS 0x0000000085c00000, 0x0000000085c00000| Untracked 
|  93|0x0000000085d00000, 0x0000000085d00000, 0x0000000085e00000|  0%| F|  |TAMS 0x0000000085d00000, 0x0000000085d00000| Untracked 
|  94|0x0000000085e00000, 0x0000000085e00000, 0x0000000085f00000|  0%| F|  |TAMS 0x0000000085e00000, 0x0000000085e00000| Untracked 
|  95|0x0000000085f00000, 0x0000000085f00000, 0x0000000086000000|  0%| F|  |TAMS 0x0000000085f00000, 0x0000000085f00000| Untracked 
|  96|0x0000000086000000, 0x0000000086000000, 0x0000000086100000|  0%| F|  |TAMS 0x0000000086000000, 0x0000000086000000| Untracked 
|  97|0x0000000086100000, 0x0000000086100000, 0x0000000086200000|  0%| F|  |TAMS 0x0000000086100000, 0x0000000086100000| Untracked 
|  98|0x0000000086200000, 0x0000000086200000, 0x0000000086300000|  0%| F|  |TAMS 0x0000000086200000, 0x0000000086200000| Untracked 
|  99|0x0000000086300000, 0x0000000086300000, 0x0000000086400000|  0%| F|  |TAMS 0x0000000086300000, 0x0000000086300000| Untracked 
| 100|0x0000000086400000, 0x0000000086400000, 0x0000000086500000|  0%| F|  |TAMS 0x0000000086400000, 0x0000000086400000| Untracked 
| 101|0x0000000086500000, 0x0000000086500000, 0x0000000086600000|  0%| F|  |TAMS 0x0000000086500000, 0x0000000086500000| Untracked 
| 102|0x0000000086600000, 0x0000000086600000, 0x0000000086700000|  0%| F|  |TAMS 0x0000000086600000, 0x0000000086600000| Untracked 
| 103|0x0000000086700000, 0x0000000086700000, 0x0000000086800000|  0%| F|  |TAMS 0x0000000086700000, 0x0000000086700000| Untracked 
| 104|0x0000000086800000, 0x0000000086800000, 0x0000000086900000|  0%| F|  |TAMS 0x0000000086800000, 0x0000000086800000| Untracked 
| 105|0x0000000086900000, 0x0000000086900000, 0x0000000086a00000|  0%| F|  |TAMS 0x0000000086900000, 0x0000000086900000| Untracked 
| 106|0x0000000086a00000, 0x0000000086a00000, 0x0000000086b00000|  0%| F|  |TAMS 0x0000000086a00000, 0x0000000086a00000| Untracked 
| 107|0x0000000086b00000, 0x0000000086b00000, 0x0000000086c00000|  0%| F|  |TAMS 0x0000000086b00000, 0x0000000086b00000| Untracked 
| 108|0x0000000086c00000, 0x0000000086c00000, 0x0000000086d00000|  0%| F|  |TAMS 0x0000000086c00000, 0x0000000086c00000| Untracked 
| 109|0x0000000086d00000, 0x0000000086d00000, 0x0000000086e00000|  0%| F|  |TAMS 0x0000000086d00000, 0x0000000086d00000| Untracked 
| 110|0x0000000086e00000, 0x0000000086e00000, 0x0000000086f00000|  0%| F|  |TAMS 0x0000000086e00000, 0x0000000086e00000| Untracked 
| 111|0x0000000086f00000, 0x0000000086f00000, 0x0000000087000000|  0%| F|  |TAMS 0x0000000086f00000, 0x0000000086f00000| Untracked 
| 112|0x0000000087000000, 0x0000000087000000, 0x0000000087100000|  0%| F|  |TAMS 0x0000000087000000, 0x0000000087000000| Untracked 
| 113|0x0000000087100000, 0x0000000087100000, 0x0000000087200000|  0%| F|  |TAMS 0x0000000087100000, 0x0000000087100000| Untracked 
| 114|0x0000000087200000, 0x00000000872498f0, 0x0000000087300000| 28%| S|CS|TAMS 0x0000000087200000, 0x0000000087200000| Complete 
| 115|0x0000000087300000, 0x0000000087400000, 0x0000000087400000|100%| S|CS|TAMS 0x0000000087300000, 0x0000000087300000| Complete 
| 116|0x0000000087400000, 0x0000000087500000, 0x0000000087500000|100%| S|CS|TAMS 0x0000000087400000, 0x0000000087400000| Complete 
| 117|0x0000000087500000, 0x0000000087600000, 0x0000000087600000|100%| S|CS|TAMS 0x0000000087500000, 0x0000000087500000| Complete 
| 118|0x0000000087600000, 0x0000000087700000, 0x0000000087700000|100%| S|CS|TAMS 0x0000000087600000, 0x0000000087600000| Complete 
| 119|0x0000000087700000, 0x0000000087800000, 0x0000000087800000|100%| S|CS|TAMS 0x0000000087700000, 0x0000000087700000| Complete 
| 120|0x0000000087800000, 0x0000000087900000, 0x0000000087900000|100%| S|CS|TAMS 0x0000000087800000, 0x0000000087800000| Complete 
| 121|0x0000000087900000, 0x0000000087a00000, 0x0000000087a00000|100%| S|CS|TAMS 0x0000000087900000, 0x0000000087900000| Complete 
| 122|0x0000000087a00000, 0x0000000087b00000, 0x0000000087b00000|100%| S|CS|TAMS 0x0000000087a00000, 0x0000000087a00000| Complete 
| 123|0x0000000087b00000, 0x0000000087c00000, 0x0000000087c00000|100%| S|CS|TAMS 0x0000000087b00000, 0x0000000087b00000| Complete 
| 124|0x0000000087c00000, 0x0000000087d00000, 0x0000000087d00000|100%| S|CS|TAMS 0x0000000087c00000, 0x0000000087c00000| Complete 
| 125|0x0000000087d00000, 0x0000000087e00000, 0x0000000087e00000|100%| S|CS|TAMS 0x0000000087d00000, 0x0000000087d00000| Complete 
| 126|0x0000000087e00000, 0x0000000087e00000, 0x0000000087f00000|  0%| F|  |TAMS 0x0000000087e00000, 0x0000000087e00000| Untracked 
| 127|0x0000000087f00000, 0x0000000087f00000, 0x0000000088000000|  0%| F|  |TAMS 0x0000000087f00000, 0x0000000087f00000| Untracked 
| 128|0x0000000088000000, 0x0000000088000000, 0x0000000088100000|  0%| F|  |TAMS 0x0000000088000000, 0x0000000088000000| Untracked 
| 129|0x0000000088100000, 0x0000000088100000, 0x0000000088200000|  0%| F|  |TAMS 0x0000000088100000, 0x0000000088100000| Untracked 
| 130|0x0000000088200000, 0x0000000088200000, 0x0000000088300000|  0%| F|  |TAMS 0x0000000088200000, 0x0000000088200000| Untracked 
| 131|0x0000000088300000, 0x00000000883d0910, 0x0000000088400000| 81%| E|  |TAMS 0x0000000088300000, 0x0000000088300000| Complete 
| 132|0x0000000088400000, 0x0000000088500000, 0x0000000088500000|100%| E|CS|TAMS 0x0000000088400000, 0x0000000088400000| Complete 
| 133|0x0000000088500000, 0x0000000088600000, 0x0000000088600000|100%| E|CS|TAMS 0x0000000088500000, 0x0000000088500000| Complete 
| 134|0x0000000088600000, 0x0000000088700000, 0x0000000088700000|100%| E|CS|TAMS 0x0000000088600000, 0x0000000088600000| Complete 
| 135|0x0000000088700000, 0x0000000088800000, 0x0000000088800000|100%| E|CS|TAMS 0x0000000088700000, 0x0000000088700000| Complete 
| 136|0x0000000088800000, 0x0000000088900000, 0x0000000088900000|100%| E|CS|TAMS 0x0000000088800000, 0x0000000088800000| Complete 
| 137|0x0000000088900000, 0x0000000088a00000, 0x0000000088a00000|100%| E|CS|TAMS 0x0000000088900000, 0x0000000088900000| Complete 
| 138|0x0000000088a00000, 0x0000000088b00000, 0x0000000088b00000|100%| E|CS|TAMS 0x0000000088a00000, 0x0000000088a00000| Complete 
| 139|0x0000000088b00000, 0x0000000088c00000, 0x0000000088c00000|100%| E|CS|TAMS 0x0000000088b00000, 0x0000000088b00000| Complete 
| 140|0x0000000088c00000, 0x0000000088d00000, 0x0000000088d00000|100%| E|CS|TAMS 0x0000000088c00000, 0x0000000088c00000| Complete 
| 141|0x0000000088d00000, 0x0000000088e00000, 0x0000000088e00000|100%| E|CS|TAMS 0x0000000088d00000, 0x0000000088d00000| Complete 
| 142|0x0000000088e00000, 0x0000000088f00000, 0x0000000088f00000|100%| E|CS|TAMS 0x0000000088e00000, 0x0000000088e00000| Complete 
| 143|0x0000000088f00000, 0x0000000089000000, 0x0000000089000000|100%| E|CS|TAMS 0x0000000088f00000, 0x0000000088f00000| Complete 
| 144|0x0000000089000000, 0x0000000089100000, 0x0000000089100000|100%| E|CS|TAMS 0x0000000089000000, 0x0000000089000000| Complete 
| 145|0x0000000089100000, 0x0000000089200000, 0x0000000089200000|100%| E|CS|TAMS 0x0000000089100000, 0x0000000089100000| Complete 
| 146|0x0000000089200000, 0x0000000089300000, 0x0000000089300000|100%| E|CS|TAMS 0x0000000089200000, 0x0000000089200000| Complete 
| 147|0x0000000089300000, 0x0000000089400000, 0x0000000089400000|100%| E|CS|TAMS 0x0000000089300000, 0x0000000089300000| Complete 
| 148|0x0000000089400000, 0x0000000089500000, 0x0000000089500000|100%| E|CS|TAMS 0x0000000089400000, 0x0000000089400000| Complete 
| 149|0x0000000089500000, 0x0000000089600000, 0x0000000089600000|100%| E|CS|TAMS 0x0000000089500000, 0x0000000089500000| Complete 
| 150|0x0000000089600000, 0x0000000089700000, 0x0000000089700000|100%| E|CS|TAMS 0x0000000089600000, 0x0000000089600000| Complete 
| 151|0x0000000089700000, 0x0000000089800000, 0x0000000089800000|100%| E|CS|TAMS 0x0000000089700000, 0x0000000089700000| Complete 
| 152|0x0000000089800000, 0x0000000089900000, 0x0000000089900000|100%| E|CS|TAMS 0x0000000089800000, 0x0000000089800000| Complete 
| 153|0x0000000089900000, 0x0000000089a00000, 0x0000000089a00000|100%| E|CS|TAMS 0x0000000089900000, 0x0000000089900000| Complete 
| 154|0x0000000089a00000, 0x0000000089b00000, 0x0000000089b00000|100%| E|CS|TAMS 0x0000000089a00000, 0x0000000089a00000| Complete 
| 155|0x0000000089b00000, 0x0000000089c00000, 0x0000000089c00000|100%| E|CS|TAMS 0x0000000089b00000, 0x0000000089b00000| Complete 
| 156|0x0000000089c00000, 0x0000000089d00000, 0x0000000089d00000|100%| E|CS|TAMS 0x0000000089c00000, 0x0000000089c00000| Complete 
| 157|0x0000000089d00000, 0x0000000089e00000, 0x0000000089e00000|100%| E|CS|TAMS 0x0000000089d00000, 0x0000000089d00000| Complete 
| 158|0x0000000089e00000, 0x0000000089f00000, 0x0000000089f00000|100%| E|CS|TAMS 0x0000000089e00000, 0x0000000089e00000| Complete 
| 159|0x0000000089f00000, 0x000000008a000000, 0x000000008a000000|100%| E|CS|TAMS 0x0000000089f00000, 0x0000000089f00000| Complete 
| 160|0x000000008a000000, 0x000000008a100000, 0x000000008a100000|100%| E|CS|TAMS 0x000000008a000000, 0x000000008a000000| Complete 
| 161|0x000000008a100000, 0x000000008a200000, 0x000000008a200000|100%| E|CS|TAMS 0x000000008a100000, 0x000000008a100000| Complete 
| 162|0x000000008a200000, 0x000000008a300000, 0x000000008a300000|100%| E|CS|TAMS 0x000000008a200000, 0x000000008a200000| Complete 
| 163|0x000000008a300000, 0x000000008a400000, 0x000000008a400000|100%| E|CS|TAMS 0x000000008a300000, 0x000000008a300000| Complete 
| 164|0x000000008a400000, 0x000000008a500000, 0x000000008a500000|100%| E|CS|TAMS 0x000000008a400000, 0x000000008a400000| Complete 
| 165|0x000000008a500000, 0x000000008a600000, 0x000000008a600000|100%| E|CS|TAMS 0x000000008a500000, 0x000000008a500000| Complete 
| 166|0x000000008a600000, 0x000000008a700000, 0x000000008a700000|100%| E|CS|TAMS 0x000000008a600000, 0x000000008a600000| Complete 
| 167|0x000000008a700000, 0x000000008a800000, 0x000000008a800000|100%| E|CS|TAMS 0x000000008a700000, 0x000000008a700000| Complete 
| 168|0x000000008a800000, 0x000000008a900000, 0x000000008a900000|100%| E|  |TAMS 0x000000008a800000, 0x000000008a800000| Complete 
| 169|0x000000008a900000, 0x000000008aa00000, 0x000000008aa00000|100%| E|CS|TAMS 0x000000008a900000, 0x000000008a900000| Complete 
| 170|0x000000008aa00000, 0x000000008ab00000, 0x000000008ab00000|100%| E|CS|TAMS 0x000000008aa00000, 0x000000008aa00000| Complete 
| 171|0x000000008ab00000, 0x000000008ac00000, 0x000000008ac00000|100%| E|CS|TAMS 0x000000008ab00000, 0x000000008ab00000| Complete 
| 172|0x000000008ac00000, 0x000000008ad00000, 0x000000008ad00000|100%| E|CS|TAMS 0x000000008ac00000, 0x000000008ac00000| Complete 
| 173|0x000000008ad00000, 0x000000008ae00000, 0x000000008ae00000|100%| E|CS|TAMS 0x000000008ad00000, 0x000000008ad00000| Complete 
| 174|0x000000008ae00000, 0x000000008af00000, 0x000000008af00000|100%| E|CS|TAMS 0x000000008ae00000, 0x000000008ae00000| Complete 
| 175|0x000000008af00000, 0x000000008b000000, 0x000000008b000000|100%| E|CS|TAMS 0x000000008af00000, 0x000000008af00000| Complete 
| 176|0x000000008b000000, 0x000000008b100000, 0x000000008b100000|100%| E|CS|TAMS 0x000000008b000000, 0x000000008b000000| Complete 
| 177|0x000000008b100000, 0x000000008b200000, 0x000000008b200000|100%| E|CS|TAMS 0x000000008b100000, 0x000000008b100000| Complete 
| 178|0x000000008b200000, 0x000000008b300000, 0x000000008b300000|100%| E|CS|TAMS 0x000000008b200000, 0x000000008b200000| Complete 
| 179|0x000000008b300000, 0x000000008b400000, 0x000000008b400000|100%| E|CS|TAMS 0x000000008b300000, 0x000000008b300000| Complete 
| 180|0x000000008b400000, 0x000000008b500000, 0x000000008b500000|100%| E|CS|TAMS 0x000000008b400000, 0x000000008b400000| Complete 
| 181|0x000000008b500000, 0x000000008b600000, 0x000000008b600000|100%| E|CS|TAMS 0x000000008b500000, 0x000000008b500000| Complete 
| 182|0x000000008b600000, 0x000000008b700000, 0x000000008b700000|100%| E|CS|TAMS 0x000000008b600000, 0x000000008b600000| Complete 
| 183|0x000000008b700000, 0x000000008b800000, 0x000000008b800000|100%| E|CS|TAMS 0x000000008b700000, 0x000000008b700000| Complete 
| 184|0x000000008b800000, 0x000000008b900000, 0x000000008b900000|100%| E|CS|TAMS 0x000000008b800000, 0x000000008b800000| Complete 
| 185|0x000000008b900000, 0x000000008ba00000, 0x000000008ba00000|100%| E|CS|TAMS 0x000000008b900000, 0x000000008b900000| Complete 
| 186|0x000000008ba00000, 0x000000008bb00000, 0x000000008bb00000|100%| E|CS|TAMS 0x000000008ba00000, 0x000000008ba00000| Complete 
| 187|0x000000008bb00000, 0x000000008bc00000, 0x000000008bc00000|100%| E|CS|TAMS 0x000000008bb00000, 0x000000008bb00000| Complete 
| 188|0x000000008bc00000, 0x000000008bd00000, 0x000000008bd00000|100%| E|CS|TAMS 0x000000008bc00000, 0x000000008bc00000| Complete 
| 189|0x000000008bd00000, 0x000000008be00000, 0x000000008be00000|100%| E|CS|TAMS 0x000000008bd00000, 0x000000008bd00000| Complete 
| 190|0x000000008be00000, 0x000000008bf00000, 0x000000008bf00000|100%| E|CS|TAMS 0x000000008be00000, 0x000000008be00000| Complete 
| 191|0x000000008bf00000, 0x000000008c000000, 0x000000008c000000|100%| E|CS|TAMS 0x000000008bf00000, 0x000000008bf00000| Complete 
| 192|0x000000008c000000, 0x000000008c100000, 0x000000008c100000|100%| E|CS|TAMS 0x000000008c000000, 0x000000008c000000| Complete 
| 193|0x000000008c100000, 0x000000008c200000, 0x000000008c200000|100%| E|CS|TAMS 0x000000008c100000, 0x000000008c100000| Complete 
| 194|0x000000008c200000, 0x000000008c300000, 0x000000008c300000|100%| E|CS|TAMS 0x000000008c200000, 0x000000008c200000| Complete 
| 195|0x000000008c300000, 0x000000008c400000, 0x000000008c400000|100%| E|CS|TAMS 0x000000008c300000, 0x000000008c300000| Complete 
| 196|0x000000008c400000, 0x000000008c500000, 0x000000008c500000|100%| E|CS|TAMS 0x000000008c400000, 0x000000008c400000| Complete 
| 197|0x000000008c500000, 0x000000008c600000, 0x000000008c600000|100%| E|CS|TAMS 0x000000008c500000, 0x000000008c500000| Complete 
| 198|0x000000008c600000, 0x000000008c700000, 0x000000008c700000|100%| E|CS|TAMS 0x000000008c600000, 0x000000008c600000| Complete 
| 199|0x000000008c700000, 0x000000008c800000, 0x000000008c800000|100%| E|CS|TAMS 0x000000008c700000, 0x000000008c700000| Complete 
| 200|0x000000008c800000, 0x000000008c900000, 0x000000008c900000|100%| E|CS|TAMS 0x000000008c800000, 0x000000008c800000| Complete 
| 201|0x000000008c900000, 0x000000008ca00000, 0x000000008ca00000|100%| E|CS|TAMS 0x000000008c900000, 0x000000008c900000| Complete 
| 202|0x000000008ca00000, 0x000000008cb00000, 0x000000008cb00000|100%| E|CS|TAMS 0x000000008ca00000, 0x000000008ca00000| Complete 
| 203|0x000000008cb00000, 0x000000008cc00000, 0x000000008cc00000|100%| E|CS|TAMS 0x000000008cb00000, 0x000000008cb00000| Complete 
| 204|0x000000008cc00000, 0x000000008cd00000, 0x000000008cd00000|100%| E|CS|TAMS 0x000000008cc00000, 0x000000008cc00000| Complete 
| 205|0x000000008cd00000, 0x000000008ce00000, 0x000000008ce00000|100%| E|CS|TAMS 0x000000008cd00000, 0x000000008cd00000| Complete 
| 206|0x000000008ce00000, 0x000000008cf00000, 0x000000008cf00000|100%| E|CS|TAMS 0x000000008ce00000, 0x000000008ce00000| Complete 
| 207|0x000000008cf00000, 0x000000008d000000, 0x000000008d000000|100%| E|CS|TAMS 0x000000008cf00000, 0x000000008cf00000| Complete 
| 208|0x000000008d000000, 0x000000008d100000, 0x000000008d100000|100%| E|CS|TAMS 0x000000008d000000, 0x000000008d000000| Complete 
| 209|0x000000008d100000, 0x000000008d200000, 0x000000008d200000|100%| E|CS|TAMS 0x000000008d100000, 0x000000008d100000| Complete 
| 210|0x000000008d200000, 0x000000008d300000, 0x000000008d300000|100%| E|CS|TAMS 0x000000008d200000, 0x000000008d200000| Complete 
| 211|0x000000008d300000, 0x000000008d400000, 0x000000008d400000|100%| E|CS|TAMS 0x000000008d300000, 0x000000008d300000| Complete 
| 212|0x000000008d400000, 0x000000008d500000, 0x000000008d500000|100%| E|CS|TAMS 0x000000008d400000, 0x000000008d400000| Complete 
| 213|0x000000008d500000, 0x000000008d600000, 0x000000008d600000|100%| E|CS|TAMS 0x000000008d500000, 0x000000008d500000| Complete 
| 214|0x000000008d600000, 0x000000008d700000, 0x000000008d700000|100%| E|CS|TAMS 0x000000008d600000, 0x000000008d600000| Complete 
| 215|0x000000008d700000, 0x000000008d800000, 0x000000008d800000|100%| E|CS|TAMS 0x000000008d700000, 0x000000008d700000| Complete 
| 216|0x000000008d800000, 0x000000008d900000, 0x000000008d900000|100%| E|CS|TAMS 0x000000008d800000, 0x000000008d800000| Complete 
| 217|0x000000008d900000, 0x000000008da00000, 0x000000008da00000|100%| E|CS|TAMS 0x000000008d900000, 0x000000008d900000| Complete 
| 218|0x000000008da00000, 0x000000008db00000, 0x000000008db00000|100%| E|CS|TAMS 0x000000008da00000, 0x000000008da00000| Complete 
| 219|0x000000008db00000, 0x000000008dc00000, 0x000000008dc00000|100%| E|CS|TAMS 0x000000008db00000, 0x000000008db00000| Complete 
| 220|0x000000008dc00000, 0x000000008dd00000, 0x000000008dd00000|100%| E|CS|TAMS 0x000000008dc00000, 0x000000008dc00000| Complete 
| 221|0x000000008dd00000, 0x000000008de00000, 0x000000008de00000|100%| E|CS|TAMS 0x000000008dd00000, 0x000000008dd00000| Complete 
| 222|0x000000008de00000, 0x000000008df00000, 0x000000008df00000|100%| E|CS|TAMS 0x000000008de00000, 0x000000008de00000| Complete 
| 223|0x000000008df00000, 0x000000008e000000, 0x000000008e000000|100%| E|CS|TAMS 0x000000008df00000, 0x000000008df00000| Complete 
| 224|0x000000008e000000, 0x000000008e100000, 0x000000008e100000|100%| E|CS|TAMS 0x000000008e000000, 0x000000008e000000| Complete 
| 225|0x000000008e100000, 0x000000008e200000, 0x000000008e200000|100%| E|CS|TAMS 0x000000008e100000, 0x000000008e100000| Complete 
| 226|0x000000008e200000, 0x000000008e300000, 0x000000008e300000|100%| E|CS|TAMS 0x000000008e200000, 0x000000008e200000| Complete 
| 227|0x000000008e300000, 0x000000008e400000, 0x000000008e400000|100%| E|CS|TAMS 0x000000008e300000, 0x000000008e300000| Complete 
| 228|0x000000008e400000, 0x000000008e500000, 0x000000008e500000|100%| E|CS|TAMS 0x000000008e400000, 0x000000008e400000| Complete 
| 229|0x000000008e500000, 0x000000008e600000, 0x000000008e600000|100%| E|CS|TAMS 0x000000008e500000, 0x000000008e500000| Complete 
| 230|0x000000008e600000, 0x000000008e700000, 0x000000008e700000|100%| E|CS|TAMS 0x000000008e600000, 0x000000008e600000| Complete 

Card table byte_map: [0x0000022a172a0000,0x0000022a176a0000] _byte_map_base: 0x0000022a16ea0000

Marking Bits (Prev, Next): (CMBitMap*) 0x0000022a0455d280, (CMBitMap*) 0x0000022a0455d248
 Prev Bits: [0x0000022a19aa0000, 0x0000022a1baa0000)
 Next Bits: [0x0000022a17aa0000, 0x0000022a19aa0000)

Polling page: 0x0000022a02510000

Metaspace:

Usage:
  Non-class:     69.14 MB capacity,    67.69 MB ( 98%) used,     1.26 MB (  2%) free+waste,   182.69 KB ( <1%) overhead. 
      Class:     10.40 MB capacity,     9.71 MB ( 93%) used,   623.28 KB (  6%) free+waste,    84.56 KB ( <1%) overhead. 
       Both:     79.54 MB capacity,    77.41 MB ( 97%) used,     1.87 MB (  2%) free+waste,   267.25 KB ( <1%) overhead. 

Virtual space:
  Non-class space:       70.00 MB reserved,      69.15 MB ( 99%) committed 
      Class space:        1.00 GB reserved,      10.44 MB (  1%) committed 
             Both:        1.07 GB reserved,      79.59 MB (  7%) committed 

Chunk freelists:
   Non-Class:  17.00 KB
       Class:  2.00 KB
        Both:  19.00 KB

MaxMetaspaceSize: 17179869184.00 GB
CompressedClassSpaceSize: 1.00 GB

CodeHeap 'non-profiled nmethods': size=120064Kb used=4480Kb max_used=4480Kb free=115584Kb
 bounds [0x0000022a0f960000, 0x0000022a0fdc0000, 0x0000022a16ea0000]
CodeHeap 'profiled nmethods': size=120000Kb used=16587Kb max_used=16587Kb free=103412Kb
 bounds [0x0000022a08430000, 0x0000022a09470000, 0x0000022a0f960000]
CodeHeap 'non-nmethods': size=5696Kb used=2263Kb max_used=2312Kb free=3432Kb
 bounds [0x0000022a07ea0000, 0x0000022a08110000, 0x0000022a08430000]
 total_blobs=8359 nmethods=7496 adapters=774
 compilation: enabled
              stopped_count=0, restarted_count=0
 full_count=0

Compilation events (20 events):
Event: 29.854 Thread 0x0000022a1e825800 7680       3       org.gradle.api.internal.artifacts.ivyservice.resolveengine.result.ComponentSelectionReasons$DefaultComponentSelectionReason::<init> (6 bytes)
Event: 29.854 Thread 0x0000022a1e825800 nmethod 7680 0x0000022a09438410 code [0x0000022a094385c0, 0x0000022a094386e8]
Event: 29.855 Thread 0x0000022a1e825800 7681       3       org.gradle.internal.resolve.result.DefaultBuildableComponentIdResolveResult::safeBuild (13 bytes)
Event: 29.855 Thread 0x0000022a1e825800 nmethod 7681 0x0000022a09438790 code [0x0000022a09438960, 0x0000022a09438ba8]
Event: 29.855 Thread 0x0000022a1e825800 7682       3       org.gradle.internal.component.model.DefaultSelectedByVariantMatchingConfigurationMetadata::getAttributes (10 bytes)
Event: 29.856 Thread 0x0000022a1e825800 nmethod 7682 0x0000022a09438c90 code [0x0000022a09438e40, 0x0000022a09439008]
Event: 29.856 Thread 0x0000022a1e825800 7683       3       com.google.common.collect.RegularImmutableMap$KeySet::iterator (5 bytes)
Event: 29.856 Thread 0x0000022a1e825800 nmethod 7683 0x0000022a09439110 code [0x0000022a094392e0, 0x0000022a094396c8]
Event: 29.856 Thread 0x0000022a1e825800 7684       3       com.google.common.collect.RegularImmutableMap$KeysOrValuesAsList::<init> (20 bytes)
Event: 29.857 Thread 0x0000022a1e825800 nmethod 7684 0x0000022a09439810 code [0x0000022a094399e0, 0x0000022a09439cb8]
Event: 29.857 Thread 0x0000022a1e825800 7685       3       org.gradle.api.internal.attributes.DefaultImmutableAttributes::<init> (214 bytes)
Event: 29.858 Thread 0x0000022a1e825800 nmethod 7685 0x0000022a09439e10 code [0x0000022a0943a1c0, 0x0000022a0943bf98]
Event: 29.859 Thread 0x0000022a1e825800 7686       3       org.gradle.api.internal.artifacts.ivyservice.resolveengine.result.ComponentSelectionReasons$DefaultComponentSelectionReason::addCause (27 bytes)
Event: 29.859 Thread 0x0000022a1e825800 nmethod 7686 0x0000022a0943c890 code [0x0000022a0943ca80, 0x0000022a0943cdd8]
Event: 29.860 Thread 0x0000022a1e825800 7687       3       org.gradle.api.internal.artifacts.ivyservice.resolveengine.result.DesugaredAttributeContainerSerializer::write (237 bytes)
Event: 29.861 Thread 0x0000022a1e825800 nmethod 7687 0x0000022a0943cf90 code [0x0000022a0943d2c0, 0x0000022a0943e8c8]
Event: 29.861 Thread 0x0000022a1e825800 7688       3       java.util.ArrayDeque::<init> (35 bytes)
Event: 29.862 Thread 0x0000022a1e825800 nmethod 7688 0x0000022a0943ed10 code [0x0000022a0943eee0, 0x0000022a0943f238]
Event: 29.862 Thread 0x0000022a1e825800 7689       3       com.google.common.collect.RegularImmutableMap$KeySet::size (8 bytes)
Event: 29.862 Thread 0x0000022a1e825800 nmethod 7689 0x0000022a0943f310 code [0x0000022a0943f4c0, 0x0000022a0943f688]

GC Heap History (20 events):
Event: 0.808 GC heap before
{Heap before GC invocations=1 (full 0):
 garbage-first heap   total 196608K, used 19941K [0x0000000080000000, 0x0000000100000000)
  region size 1024K, 14 young (14336K), 2 survivors (2048K)
 Metaspace       used 10840K, capacity 11063K, committed 11264K, reserved 1058816K
  class space    used 1145K, capacity 1201K, committed 1280K, reserved 1048576K
}
Event: 0.811 GC heap after
{Heap after GC invocations=2 (full 0):
 garbage-first heap   total 196608K, used 8683K [0x0000000080000000, 0x0000000100000000)
  region size 1024K, 1 young (1024K), 1 survivors (1024K)
 Metaspace       used 10840K, capacity 11063K, committed 11264K, reserved 1058816K
  class space    used 1145K, capacity 1201K, committed 1280K, reserved 1048576K
}
Event: 1.063 GC heap before
{Heap before GC invocations=2 (full 0):
 garbage-first heap   total 196608K, used 38379K [0x0000000080000000, 0x0000000100000000)
  region size 1024K, 31 young (31744K), 1 survivors (1024K)
 Metaspace       used 11018K, capacity 11320K, committed 11520K, reserved 1058816K
  class space    used 1147K, capacity 1201K, committed 1280K, reserved 1048576K
}
Event: 1.066 GC heap after
{Heap after GC invocations=3 (full 0):
 garbage-first heap   total 196608K, used 13137K [0x0000000080000000, 0x0000000100000000)
  region size 1024K, 4 young (4096K), 4 survivors (4096K)
 Metaspace       used 11018K, capacity 11320K, committed 11520K, reserved 1058816K
  class space    used 1147K, capacity 1201K, committed 1280K, reserved 1048576K
}
Event: 2.479 GC heap before
{Heap before GC invocations=3 (full 0):
 garbage-first heap   total 196608K, used 57169K [0x0000000080000000, 0x0000000100000000)
  region size 1024K, 47 young (48128K), 4 survivors (4096K)
 Metaspace       used 19112K, capacity 19584K, committed 19712K, reserved 1067008K
  class space    used 2324K, capacity 2459K, committed 2560K, reserved 1048576K
}
Event: 2.485 GC heap after
{Heap after GC invocations=4 (full 0):
 garbage-first heap   total 196608K, used 16120K [0x0000000080000000, 0x0000000100000000)
  region size 1024K, 3 young (3072K), 3 survivors (3072K)
 Metaspace       used 19112K, capacity 19584K, committed 19712K, reserved 1067008K
  class space    used 2324K, capacity 2459K, committed 2560K, reserved 1048576K
}
Event: 2.579 GC heap before
{Heap before GC invocations=4 (full 0):
 garbage-first heap   total 196608K, used 25336K [0x0000000080000000, 0x0000000100000000)
  region size 1024K, 13 young (13312K), 3 survivors (3072K)
 Metaspace       used 20568K, capacity 21127K, committed 21296K, reserved 1069056K
  class space    used 2519K, capacity 2680K, committed 2688K, reserved 1048576K
}
Event: 2.582 GC heap after
{Heap after GC invocations=5 (full 0):
 garbage-first heap   total 196608K, used 16312K [0x0000000080000000, 0x0000000100000000)
  region size 1024K, 4 young (4096K), 4 survivors (4096K)
 Metaspace       used 20568K, capacity 21127K, committed 21296K, reserved 1069056K
  class space    used 2519K, capacity 2680K, committed 2688K, reserved 1048576K
}
Event: 3.340 GC heap before
{Heap before GC invocations=6 (full 0):
 garbage-first heap   total 196608K, used 74680K [0x0000000080000000, 0x0000000100000000)
  region size 1024K, 61 young (62464K), 4 survivors (4096K)
 Metaspace       used 26844K, capacity 27524K, committed 27648K, reserved 1073152K
  class space    used 3528K, capacity 3754K, committed 3840K, reserved 1048576K
}
Event: 3.346 GC heap after
{Heap after GC invocations=7 (full 0):
 garbage-first heap   total 196608K, used 18526K [0x0000000080000000, 0x0000000100000000)
  region size 1024K, 6 young (6144K), 6 survivors (6144K)
 Metaspace       used 26844K, capacity 27524K, committed 27648K, reserved 1073152K
  class space    used 3528K, capacity 3754K, committed 3840K, reserved 1048576K
}
Event: 4.058 GC heap before
{Heap before GC invocations=7 (full 0):
 garbage-first heap   total 196608K, used 59486K [0x0000000080000000, 0x0000000100000000)
  region size 1024K, 48 young (49152K), 6 survivors (6144K)
 Metaspace       used 35212K, capacity 36004K, committed 36048K, reserved 1081344K
  class space    used 4576K, capacity 4857K, committed 4864K, reserved 1048576K
}
Event: 4.069 GC heap after
{Heap after GC invocations=8 (full 0):
 garbage-first heap   total 196608K, used 21757K [0x0000000080000000, 0x0000000100000000)
  region size 1024K, 9 young (9216K), 9 survivors (9216K)
 Metaspace       used 35212K, capacity 36004K, committed 36048K, reserved 1081344K
  class space    used 4576K, capacity 4857K, committed 4864K, reserved 1048576K
}
Event: 5.479 GC heap before
{Heap before GC invocations=9 (full 0):
 garbage-first heap   total 196608K, used 133373K [0x0000000080000000, 0x0000000100000000)
  region size 1024K, 115 young (117760K), 9 survivors (9216K)
 Metaspace       used 44394K, capacity 45392K, committed 45724K, reserved 1089536K
  class space    used 5685K, capacity 6043K, committed 6144K, reserved 1048576K
}
Event: 5.495 GC heap after
{Heap after GC invocations=10 (full 0):
 garbage-first heap   total 196608K, used 27715K [0x0000000080000000, 0x0000000100000000)
  region size 1024K, 12 young (12288K), 12 survivors (12288K)
 Metaspace       used 44394K, capacity 45392K, committed 45724K, reserved 1089536K
  class space    used 5685K, capacity 6043K, committed 6144K, reserved 1048576K
}
Event: 7.874 GC heap before
{Heap before GC invocations=10 (full 0):
 garbage-first heap   total 196608K, used 138307K [0x0000000080000000, 0x0000000100000000)
  region size 1024K, 115 young (117760K), 12 survivors (12288K)
 Metaspace       used 53615K, capacity 54928K, committed 55068K, reserved 1097728K
  class space    used 6812K, capacity 7258K, committed 7296K, reserved 1048576K
}
Event: 7.891 GC heap after
{Heap after GC invocations=11 (full 0):
 garbage-first heap   total 196608K, used 43099K [0x0000000080000000, 0x0000000100000000)
  region size 1024K, 15 young (15360K), 15 survivors (15360K)
 Metaspace       used 53615K, capacity 54928K, committed 55068K, reserved 1097728K
  class space    used 6812K, capacity 7258K, committed 7296K, reserved 1048576K
}
Event: 8.886 GC heap before
{Heap before GC invocations=11 (full 0):
 garbage-first heap   total 196608K, used 92251K [0x0000000080000000, 0x0000000100000000)
  region size 1024K, 64 young (65536K), 15 survivors (15360K)
 Metaspace       used 59173K, capacity 60536K, committed 60636K, reserved 1101824K
  class space    used 7474K, capacity 7941K, committed 8000K, reserved 1048576K
}
Event: 8.914 GC heap after
{Heap after GC invocations=12 (full 0):
 garbage-first heap   total 236544K, used 47616K [0x0000000080000000, 0x0000000100000000)
  region size 1024K, 5 young (5120K), 5 survivors (5120K)
 Metaspace       used 59173K, capacity 60536K, committed 60636K, reserved 1101824K
  class space    used 7474K, capacity 7941K, committed 8000K, reserved 1048576K
}
Event: 14.250 GC heap before
{Heap before GC invocations=13 (full 0):
 garbage-first heap   total 236544K, used 150016K [0x0000000080000000, 0x0000000100000000)
  region size 1024K, 105 young (107520K), 5 survivors (5120K)
 Metaspace       used 68539K, capacity 70115K, committed 70364K, reserved 1110016K
  class space    used 8857K, capacity 9416K, committed 9536K, reserved 1048576K
}
Event: 14.269 GC heap after
{Heap after GC invocations=14 (full 0):
 garbage-first heap   total 236544K, used 54566K [0x0000000080000000, 0x0000000100000000)
  region size 1024K, 12 young (12288K), 12 survivors (12288K)
 Metaspace       used 68539K, capacity 70115K, committed 70364K, reserved 1110016K
  class space    used 8857K, capacity 9416K, committed 9536K, reserved 1048576K
}

Deoptimization events (20 events):
Event: 29.662 Thread 0x0000022a1fcb5000 Uncommon trap: trap_request=0xffffff4d fr.pc=0x0000022a0fb8d3bc relative=0x00000000000013dc
Event: 29.662 Thread 0x0000022a1fcb5000 Uncommon trap: reason=unstable_if action=reinterpret pc=0x0000022a0fb8d3bc method=java.lang.ClassLoader.postDefineClass(Ljava/lang/Class;Ljava/security/ProtectionDomain;)V @ 17 c2
Event: 29.662 Thread 0x0000022a1fcb5000 DEOPT PACKING pc=0x0000022a0fb8d3bc sp=0x000000d19aef6370
Event: 29.662 Thread 0x0000022a1fcb5000 DEOPT UNPACKING pc=0x0000022a07ec74af sp=0x000000d19aef6360 mode 2
Event: 29.662 Thread 0x0000022a1fcb5000 Uncommon trap: trap_request=0xffffff4d fr.pc=0x0000022a0fb861d8 relative=0x0000000000000cf8
Event: 29.662 Thread 0x0000022a1fcb5000 Uncommon trap: reason=unstable_if action=reinterpret pc=0x0000022a0fb861d8 method=java.lang.ClassLoader.loadClass(Ljava/lang/String;Z)Ljava/lang/Class; @ 29 c2
Event: 29.662 Thread 0x0000022a1fcb5000 DEOPT PACKING pc=0x0000022a0fb861d8 sp=0x000000d19aef5d40
Event: 29.662 Thread 0x0000022a1fcb5000 DEOPT UNPACKING pc=0x0000022a07ec74af sp=0x000000d19aef5d08 mode 2
Event: 29.664 Thread 0x0000022a1fcb5000 Uncommon trap: trap_request=0xffffffde fr.pc=0x0000022a0fc6e750 relative=0x00000000000008f0
Event: 29.664 Thread 0x0000022a1fcb5000 Uncommon trap: reason=class_check action=maybe_recompile pc=0x0000022a0fc6e750 method=java.lang.reflect.AccessibleObject.checkCanSetAccessible(Ljava/lang/Class;Ljava/lang/Class;Z)Z @ 71 c2
Event: 29.664 Thread 0x0000022a1fcb5000 DEOPT PACKING pc=0x0000022a0fc6e750 sp=0x000000d19aef5550
Event: 29.664 Thread 0x0000022a1fcb5000 DEOPT UNPACKING pc=0x0000022a07ec74af sp=0x000000d19aef54f8 mode 2
Event: 29.674 Thread 0x0000022a1fcb5000 Uncommon trap: trap_request=0xffffff4d fr.pc=0x0000022a0fcf7378 relative=0x0000000000005758
Event: 29.674 Thread 0x0000022a1fcb5000 Uncommon trap: reason=unstable_if action=reinterpret pc=0x0000022a0fcf7378 method=java.lang.reflect.Method.isDefault()Z @ 19 c2
Event: 29.674 Thread 0x0000022a1fcb5000 DEOPT PACKING pc=0x0000022a0fcf7378 sp=0x000000d19aef5370
Event: 29.674 Thread 0x0000022a1fcb5000 DEOPT UNPACKING pc=0x0000022a07ec74af sp=0x000000d19aef52f8 mode 2
Event: 29.674 Thread 0x0000022a1fcb5000 Uncommon trap: trap_request=0xffffff4d fr.pc=0x0000022a0fce81e0 relative=0x0000000000001820
Event: 29.674 Thread 0x0000022a1fcb5000 Uncommon trap: reason=unstable_if action=reinterpret pc=0x0000022a0fce81e0 method=java.lang.reflect.Executable.printModifiersIfNonzero(Ljava/lang/StringBuilder;IZ)V @ 14 c2
Event: 29.674 Thread 0x0000022a1fcb5000 DEOPT PACKING pc=0x0000022a0fce81e0 sp=0x000000d19aef51b0
Event: 29.674 Thread 0x0000022a1fcb5000 DEOPT UNPACKING pc=0x0000022a07ec74af sp=0x000000d19aef5170 mode 2

Classes redefined (0 events):
No events

Internal exceptions (20 events):
Event: 29.594 Thread 0x0000022a1fcb5000 Exception <a 'java/lang/ClassNotFoundException'{0x00000000891aacc0}: java/util/concurrent/CopyOnWriteArrayListBeanInfo> (0x00000000891aacc0) thrown at [./src/hotspot/share/classfile/systemDictionary.cpp, line 231]
Event: 29.594 Thread 0x0000022a1fcb5000 Exception <a 'java/lang/ClassNotFoundException'{0x00000000891b2f18}: java/util/concurrent/CopyOnWriteArrayListCustomizer> (0x00000000891b2f18) thrown at [./src/hotspot/share/classfile/systemDictionary.cpp, line 231]
Event: 29.626 Thread 0x0000022a1fcb5000 Exception <a 'java/lang/ClassNotFoundException'{0x0000000088f63998}: org/gradle/internal/service/scopes/ProjectScopeServicesBeanInfo> (0x0000000088f63998) thrown at [./src/hotspot/share/classfile/systemDictionary.cpp, line 231]
Event: 29.627 Thread 0x0000022a1fcb5000 Exception <a 'java/lang/ClassNotFoundException'{0x0000000088f75c70}: org/gradle/internal/service/DefaultServiceRegistryBeanInfo> (0x0000000088f75c70) thrown at [./src/hotspot/share/classfile/systemDictionary.cpp, line 231]
Event: 29.627 Thread 0x0000022a1fcb5000 Exception <a 'java/lang/ClassNotFoundException'{0x0000000088f887e8}: org/gradle/internal/service/DefaultServiceRegistryCustomizer> (0x0000000088f887e8) thrown at [./src/hotspot/share/classfile/systemDictionary.cpp, line 231]
Event: 29.628 Thread 0x0000022a1fcb5000 Exception <a 'java/lang/ClassNotFoundException'{0x0000000088fa87f8}: org/gradle/internal/service/scopes/ProjectScopeServicesCustomizer> (0x0000000088fa87f8) thrown at [./src/hotspot/share/classfile/systemDictionary.cpp, line 231]
Event: 29.651 Thread 0x0000022a1fcb5000 Exception <a 'java/lang/ClassNotFoundException'{0x0000000088ff3c48}: org/gradle/tooling/provider/model/internal/DefaultToolingModelBuilderRegistryBeanInfo> (0x0000000088ff3c48) thrown at [./src/hotspot/share/classfile/systemDictionary.cpp, line 231]
Event: 29.652 Thread 0x0000022a1fcb5000 Exception <a 'java/lang/ClassNotFoundException'{0x0000000088e09298}: org/gradle/tooling/provider/model/internal/DefaultToolingModelBuilderRegistryCustomizer> (0x0000000088e09298) thrown at [./src/hotspot/share/classfile/systemDictionary.cpp, line 231]
Event: 29.656 Thread 0x0000022a1fcb5000 Exception <a 'java/lang/ClassNotFoundException'{0x0000000088e37650}: org/codehaus/groovy/reflection/CachedFieldBeanInfo> (0x0000000088e37650) thrown at [./src/hotspot/share/classfile/systemDictionary.cpp, line 231]
Event: 29.657 Thread 0x0000022a1fcb5000 Exception <a 'java/lang/ClassNotFoundException'{0x0000000088e46a40}: groovy/lang/MetaPropertyBeanInfo> (0x0000000088e46a40) thrown at [./src/hotspot/share/classfile/systemDictionary.cpp, line 231]
Event: 29.657 Thread 0x0000022a1fcb5000 Exception <a 'java/lang/ClassNotFoundException'{0x0000000088e564c0}: groovy/lang/MetaPropertyCustomizer> (0x0000000088e564c0) thrown at [./src/hotspot/share/classfile/systemDictionary.cpp, line 231]
Event: 29.658 Thread 0x0000022a1fcb5000 Exception <a 'java/lang/ClassNotFoundException'{0x0000000088e6d350}: org/codehaus/groovy/reflection/CachedFieldCustomizer> (0x0000000088e6d350) thrown at [./src/hotspot/share/classfile/systemDictionary.cpp, line 231]
Event: 29.662 Thread 0x0000022a1fcb5000 Implicit null exception at 0x0000022a0fc9b718 to 0x0000022a0fc9bd58
Event: 29.662 Thread 0x0000022a1fcb5000 Implicit null exception at 0x0000022a0fb8cb37 to 0x0000022a0fb8d3a0
Event: 29.666 Thread 0x0000022a1fcb5000 Exception <a 'java/lang/ClassNotFoundException'{0x0000000088d93600}: java/util/ArrayListBeanInfo> (0x0000000088d93600) thrown at [./src/hotspot/share/classfile/systemDictionary.cpp, line 231]
Event: 29.666 Thread 0x0000022a1fcb5000 Exception <a 'java/lang/ClassNotFoundException'{0x0000000088d9c220}: java/util/AbstractListBeanInfo> (0x0000000088d9c220) thrown at [./src/hotspot/share/classfile/systemDictionary.cpp, line 231]
Event: 29.666 Thread 0x0000022a1fcb5000 Exception <a 'java/lang/ClassNotFoundException'{0x0000000088da50b8}: java/util/AbstractListCustomizer> (0x0000000088da50b8) thrown at [./src/hotspot/share/classfile/systemDictionary.cpp, line 231]
Event: 29.667 Thread 0x0000022a1fcb5000 Exception <a 'java/lang/ClassNotFoundException'{0x0000000088db8a78}: java/util/ArrayListCustomizer> (0x0000000088db8a78) thrown at [./src/hotspot/share/classfile/systemDictionary.cpp, line 231]
Event: 29.674 Thread 0x0000022a1fcb5000 Exception <a 'java/lang/ClassNotFoundException'{0x0000000088c36848}: java/util/CollectionBeanInfo> (0x0000000088c36848) thrown at [./src/hotspot/share/classfile/systemDictionary.cpp, line 231]
Event: 29.674 Thread 0x0000022a1fcb5000 Exception <a 'java/lang/ClassNotFoundException'{0x0000000088c3f6e0}: java/util/CollectionCustomizer> (0x0000000088c3f6e0) thrown at [./src/hotspot/share/classfile/systemDictionary.cpp, line 231]

Events (20 events):
Event: 29.673 loading class groovy/runtime/metaclass/java/util/CollectionMetaClass
Event: 29.673 loading class groovy/runtime/metaclass/java/util/CollectionMetaClass done
Event: 29.674 loading class java/util/CollectionBeanInfo
Event: 29.674 loading class java/util/CollectionBeanInfo done
Event: 29.674 loading class java/util/CollectionBeanInfo
Event: 29.674 loading class java/util/CollectionBeanInfo done
Event: 29.674 loading class java/util/CollectionCustomizer
Event: 29.674 loading class java/util/CollectionCustomizer done
Event: 29.674 loading class java/util/CollectionCustomizer
Event: 29.674 loading class java/util/CollectionCustomizer done
Event: 29.675 loading class RegistryProcessor$_extraModelBuilderIsRegistered_closure1
Event: 29.675 loading class RegistryProcessor$_extraModelBuilderIsRegistered_closure1 done
Event: 29.675 loading class groovy/runtime/metaclass/RegistryProcessor$_extraModelBuilderIsRegistered_closure1MetaClass
Event: 29.675 loading class groovy/runtime/metaclass/RegistryProcessor$_extraModelBuilderIsRegistered_closure1MetaClass done
Event: 29.676 loading class org/codehaus/groovy/runtime/dgm$216
Event: 29.676 loading class org/codehaus/groovy/runtime/dgm$216 done
Event: 29.677 loading class org/codehaus/groovy/runtime/dgm$219
Event: 29.677 loading class org/codehaus/groovy/runtime/dgm$219 done
Event: 29.677 loading class org/codehaus/groovy/runtime/callsite/BooleanReturningMethodInvoker
Event: 29.677 loading class org/codehaus/groovy/runtime/callsite/BooleanReturningMethodInvoker done


Dynamic libraries:
0x00007ff6594a0000 - 0x00007ff6594aa000 	C:\Program Files\Android\Android Studio\jre\bin\java.exe
0x00007ffb5eef0000 - 0x00007ffb5f0e5000 	C:\WINDOWS\SYSTEM32\ntdll.dll
0x00007ffb5cfa0000 - 0x00007ffb5d05e000 	C:\WINDOWS\System32\KERNEL32.DLL
0x00007ffb5c980000 - 0x00007ffb5cc49000 	C:\WINDOWS\System32\KERNELBASE.dll
0x00007ffb5c640000 - 0x00007ffb5c740000 	C:\WINDOWS\System32\ucrtbase.dll
0x00007ffb3f2a0000 - 0x00007ffb3f2b7000 	C:\Program Files\Android\Android Studio\jre\bin\VCRUNTIME140.dll
0x00007ffb3f2d0000 - 0x00007ffb3f2e9000 	C:\Program Files\Android\Android Studio\jre\bin\jli.dll
0x00007ffb5e8b0000 - 0x00007ffb5ea51000 	C:\WINDOWS\System32\USER32.dll
0x00007ffb5ce60000 - 0x00007ffb5ce82000 	C:\WINDOWS\System32\win32u.dll
0x00007ffb4cc70000 - 0x00007ffb4cf0a000 	C:\WINDOWS\WinSxS\amd64_microsoft.windows.common-controls_6595b64144ccf1df_6.0.19041.1110_none_60b5254171f9507e\COMCTL32.dll
0x00007ffb5d750000 - 0x00007ffb5d77b000 	C:\WINDOWS\System32\GDI32.dll
0x00007ffb5ddb0000 - 0x00007ffb5de4e000 	C:\WINDOWS\System32\msvcrt.dll
0x00007ffb5c7d0000 - 0x00007ffb5c8db000 	C:\WINDOWS\System32\gdi32full.dll
0x00007ffb5c8e0000 - 0x00007ffb5c97d000 	C:\WINDOWS\System32\msvcp_win.dll
0x00007ffb5dd80000 - 0x00007ffb5ddb0000 	C:\WINDOWS\System32\IMM32.DLL
0x00007ffb3dac0000 - 0x00007ffb3db5d000 	C:\Program Files\Android\Android Studio\jre\bin\msvcp140.dll
0x00007ffb23390000 - 0x00007ffb23e4c000 	C:\Program Files\Android\Android Studio\jre\bin\server\jvm.dll
0x00007ffb5ece0000 - 0x00007ffb5ed8c000 	C:\WINDOWS\System32\ADVAPI32.dll
0x00007ffb5e590000 - 0x00007ffb5e62b000 	C:\WINDOWS\System32\sechost.dll
0x00007ffb5d060000 - 0x00007ffb5d18a000 	C:\WINDOWS\System32\RPCRT4.dll
0x00007ffb5e840000 - 0x00007ffb5e848000 	C:\WINDOWS\System32\PSAPI.DLL
0x00007ffb48ea0000 - 0x00007ffb48ea9000 	C:\WINDOWS\SYSTEM32\WSOCK32.dll
0x00007ffb4cb10000 - 0x00007ffb4cb37000 	C:\WINDOWS\SYSTEM32\WINMM.dll
0x00007ffb5d780000 - 0x00007ffb5d7eb000 	C:\WINDOWS\System32\WS2_32.dll
0x00007ffb54c60000 - 0x00007ffb54c6a000 	C:\WINDOWS\SYSTEM32\VERSION.dll
0x00007ffb5b1e0000 - 0x00007ffb5b1f2000 	C:\WINDOWS\SYSTEM32\kernel.appcore.dll
0x00007ffb4f590000 - 0x00007ffb4f5a1000 	C:\Program Files\Android\Android Studio\jre\bin\verify.dll
0x00007ffb5aeb0000 - 0x00007ffb5b094000 	C:\WINDOWS\SYSTEM32\DBGHELP.DLL
0x00007ffb46580000 - 0x00007ffb465ac000 	C:\WINDOWS\SYSTEM32\dbgcore.DLL
0x00007ffb5c740000 - 0x00007ffb5c7c3000 	C:\WINDOWS\System32\bcryptPrimitives.dll
0x00007ffb3f840000 - 0x00007ffb3f869000 	C:\Program Files\Android\Android Studio\jre\bin\java.dll
0x00007ffb57460000 - 0x00007ffb5746b000 	C:\Program Files\Android\Android Studio\jre\bin\jimage.dll
0x00007ffb4a5f0000 - 0x00007ffb4a608000 	C:\Program Files\Android\Android Studio\jre\bin\zip.dll
0x00007ffb5de50000 - 0x00007ffb5e58f000 	C:\WINDOWS\System32\SHELL32.dll
0x00007ffb5a300000 - 0x00007ffb5aa90000 	C:\WINDOWS\SYSTEM32\windows.storage.dll
0x00007ffb5d850000 - 0x00007ffb5dba5000 	C:\WINDOWS\System32\combase.dll
0x00007ffb5bf90000 - 0x00007ffb5bfbc000 	C:\WINDOWS\SYSTEM32\Wldp.dll
0x00007ffb5dc10000 - 0x00007ffb5dcbe000 	C:\WINDOWS\System32\SHCORE.dll
0x00007ffb5e850000 - 0x00007ffb5e8a5000 	C:\WINDOWS\System32\shlwapi.dll
0x00007ffb5c550000 - 0x00007ffb5c56f000 	C:\WINDOWS\SYSTEM32\profapi.dll
0x00007ffb3f350000 - 0x00007ffb3f36a000 	C:\Program Files\Android\Android Studio\jre\bin\net.dll
0x00007ffb49e40000 - 0x00007ffb49f48000 	C:\WINDOWS\SYSTEM32\WINHTTP.dll
0x00007ffb5bcf0000 - 0x00007ffb5bd5a000 	C:\WINDOWS\system32\mswsock.dll
0x00007ffb3f330000 - 0x00007ffb3f344000 	C:\Program Files\Android\Android Studio\jre\bin\nio.dll
0x00007ffb3f0c0000 - 0x00007ffb3f0e7000 	C:\Users\asus\Desktop\JavaLearning\native\fdc75f09e3144964f2cf3f50f0aa648679c211496f362492102eb8c894070792\windows-amd64\native-platform.dll
0x00007ffb30f70000 - 0x00007ffb31106000 	C:\Users\asus\Desktop\JavaLearning\native\12488b8bf47d2d4c9fbf2f6322a914ad602e24e48041cd04a747c6da556b65c4\windows-amd64\native-platform-file-events.dll
0x00007ffb55c40000 - 0x00007ffb55c4a000 	C:\Program Files\Android\Android Studio\jre\bin\management.dll
0x00007ffb559b0000 - 0x00007ffb559bc000 	C:\Program Files\Android\Android Studio\jre\bin\management_ext.dll
0x00007ffb5bee0000 - 0x00007ffb5bef8000 	C:\WINDOWS\SYSTEM32\CRYPTSP.dll
0x00007ffb5b670000 - 0x00007ffb5b6a4000 	C:\WINDOWS\system32\rsaenh.dll
0x00007ffb5c610000 - 0x00007ffb5c637000 	C:\WINDOWS\System32\bcrypt.dll
0x00007ffb5c510000 - 0x00007ffb5c53e000 	C:\WINDOWS\SYSTEM32\USERENV.dll
0x00007ffb5bf00000 - 0x00007ffb5bf0c000 	C:\WINDOWS\SYSTEM32\CRYPTBASE.dll
0x00007ffb5b9e0000 - 0x00007ffb5ba1b000 	C:\WINDOWS\SYSTEM32\IPHLPAPI.DLL
0x00007ffb5d230000 - 0x00007ffb5d238000 	C:\WINDOWS\System32\NSI.dll
0x00007ffb56090000 - 0x00007ffb560a7000 	C:\WINDOWS\SYSTEM32\dhcpcsvc6.DLL
0x00007ffb563b0000 - 0x00007ffb563cd000 	C:\WINDOWS\SYSTEM32\dhcpcsvc.DLL
0x00007ffb5ba20000 - 0x00007ffb5baec000 	C:\WINDOWS\SYSTEM32\DNSAPI.dll
0x00007ffb564c0000 - 0x00007ffb564cb000 	C:\WINDOWS\SYSTEM32\WINNSI.DLL

dbghelp: loaded successfully - version: 4.0.5 - missing functions: none
symbol engine: initialized successfully - sym options: 0x614 - pdb path: .;C:\Program Files\Android\Android Studio\jre\bin;C:\WINDOWS\SYSTEM32;C:\WINDOWS\WinSxS\amd64_microsoft.windows.common-controls_6595b64144ccf1df_6.0.19041.1110_none_60b5254171f9507e;C:\Program Files\Android\Android Studio\jre\bin\server;C:\Users\asus\Desktop\JavaLearning\native\fdc75f09e3144964f2cf3f50f0aa648679c211496f362492102eb8c894070792\windows-amd64;C:\Users\asus\Desktop\JavaLearning\native\12488b8bf47d2d4c9fbf2f6322a914ad602e24e48041cd04a747c6da556b65c4\windows-amd64

VM Arguments:
jvm_args: --add-opens=java.base/java.util=ALL-UNNAMED --add-opens=java.base/java.lang=ALL-UNNAMED --add-opens=java.base/java.lang.invoke=ALL-UNNAMED --add-opens=java.prefs/java.util.prefs=ALL-UNNAMED -Xmx2048m -Dfile.encoding=UTF-8 -Duser.country=TR -Duser.language=tr -Duser.variant 
java_command: org.gradle.launcher.daemon.bootstrap.GradleDaemon 6.7.1
java_class_path (initial): C:\Users\asus\Desktop\JavaLearning\wrapper\dists\gradle-6.7.1-bin\bwlcbys1h7rz3272sye1xwiv6\gradle-6.7.1\lib\gradle-launcher-6.7.1.jar
Launcher Type: SUN_STANDARD

[Global flags]
     intx CICompilerCount                          = 3                                         {product} {ergonomic}
     uint ConcGCThreads                            = 1                                         {product} {ergonomic}
     uint G1ConcRefinementThreads                  = 4                                         {product} {ergonomic}
   size_t G1HeapRegionSize                         = 1048576                                   {product} {ergonomic}
    uintx GCDrainStackTargetSize                   = 64                                        {product} {ergonomic}
   size_t InitialHeapSize                          = 201326592                                 {product} {ergonomic}
   size_t MarkStackSize                            = 4194304                                   {product} {ergonomic}
   size_t MaxHeapSize                              = 2147483648                                {product} {command line}
   size_t MaxNewSize                               = 1287651328                                {product} {ergonomic}
   size_t MinHeapDeltaBytes                        = 1048576                                   {product} {ergonomic}
    uintx NonNMethodCodeHeapSize                   = 5830732                                {pd product} {ergonomic}
    uintx NonProfiledCodeHeapSize                  = 122913754                              {pd product} {ergonomic}
    uintx ProfiledCodeHeapSize                     = 122913754                              {pd product} {ergonomic}
    uintx ReservedCodeCacheSize                    = 251658240                              {pd product} {ergonomic}
     bool SegmentedCodeCache                       = true                                      {product} {ergonomic}
     bool UseCompressedClassPointers               = true                                 {lp64_product} {ergonomic}
     bool UseCompressedOops                        = true                                 {lp64_product} {ergonomic}
     bool UseG1GC                                  = true                                      {product} {ergonomic}
     bool UseLargePagesIndividualAllocation        = false                                  {pd product} {ergonomic}

Logging:
Log output configuration:
 #0: stdout all=warning uptime,level,tags
 #1: stderr all=off uptime,level,tags

Environment Variables:
JAVA_HOME=C:\Program Files\Java\jdk-11.0.7
JRE_HOME=C:\Program Files\Java\jre1.8.0_151
PATH=C:\Program Files (x86)\Common Files\Oracle\Java\javapath;C:\Program Files\nodejs;C:\Program Files\Microsoft SQL Server\Client SDK\ODBC\130\Tools\Binn\;C:\Program Files (x86)\Microsoft SQL Server\140\Tools\Binn\;C:\Program Files\Microsoft SQL Server\140\Tools\Binn\;C:\Program Files\Microsoft SQL Server\140\DTS\Binn\;C:\Program Files (x86)\Microsoft SQL Server\150\DTS\Binn\;C:\Program Files\dotnet\;C:\Program Files\Microsoft SQL Server\130\Tools\Binn\;C:\WINDOWS\system32;C:\WINDOWS;C:\WINDOWS\System32\Wbem;C:\WINDOWS\System32\WindowsPowerShell\v1.0\;C:\WINDOWS\System32\OpenSSH\;C:\Program Files\Gauge\bin;C:\Program Files\apache-maven-3.6.3-bin\apache-maven-3.6.3\bin;C:\Program Files\Git\cmd;C:\Program Files (x86)\dotnet\;C:\Program Files (x86)\NVIDIA Corporation\PhysX\Common;C:\Program Files\nodejs\;C:\Program Files\Graphviz\bin;C:\Program Files\MySQL\MySQL Shell 8.0\bin\;C:\Users\asus\Desktop\otomasyon;C:\Users\asus\AppData\Local\Programs\Microsoft VS Code\bin;C:\Users\asus\AppData\Local\Programs\MiKTeX 2.9\miktex\bin\x64\;C:\Users\asus\AppData\Local\Microsoft\WindowsApps;C:\Users\asus\AppData\Roaming\npm;C:\Program Files\Graphviz\bin;
USERNAME=asus
OS=Windows_NT
PROCESSOR_IDENTIFIER=Intel64 Family 6 Model 142 Stepping 9, GenuineIntel



---------------  S Y S T E M  ---------------

OS: Windows 10 , 64 bit Build 19041 (10.0.19041.1202)
OS uptime: 5 days 17:49 hours

CPU:total 4 (initial active 4) (2 cores per cpu, 2 threads per core) family 6 model 142 stepping 9, cmov, cx8, fxsr, mmx, sse, sse2, sse3, ssse3, sse4.1, sse4.2, popcnt, avx, avx2, aes, clmul, erms, 3dnowpref, lzcnt, ht, tsc, tscinvbit, bmi1, bmi2, adx, fma

Memory: 4k page, system-wide physical 12174M (1600M free)
TotalPageFile size 12174M (AvailPageFile size 6M)
current process WorkingSet (physical memory assigned to process): 463M, peak: 465M
current process commit charge ("private bytes"): 506M, peak: 507M

vm_info: OpenJDK 64-Bit Server VM (11.0.8+10-b944.6842174) for windows-amd64 JRE (11.0.8+10-b944.6842174), built on Sep 19 2020 01:11:42 by "builder" with MS VC++ 14.0 (VS2015)

END.
