#
# There is insufficient memory for the Java Runtime Environment to continue.
# Native memory allocation (malloc) failed to allocate 1617136 bytes for Chunk::new
# Possible reasons:
#   The system is out of physical RAM or swap space
#   The process is running with CompressedOops enabled, and the Java Heap may be blocking the growth of the native heap
# Possible solutions:
#   Reduce memory load on the system
#   Increase physical memory or swap space
#   Check if swap backing store is full
#   Decrease Java heap size (-Xmx/-Xms)
#   Decrease number of Java threads
#   Decrease Java thread stack sizes (-Xss)
#   Set larger code cache with -XX:ReservedCodeCacheSize=
#   JVM is running with Unscaled Compressed Oops mode in which the Java heap is
#     placed in the first 4GB address space. The Java Heap base address is the
#     maximum limit for the native heap growth. Please use -XX:HeapBaseMinAddress
#     to set the Java Heap base and to place the Java Heap above 4GB virtual address.
# This output file may be truncated or incomplete.
#
#  Out of Memory Error (./src/hotspot/share/memory/arena.cpp:197), pid=5760, tid=956
#
# JRE version: OpenJDK Runtime Environment (11.0.8+10) (build 11.0.8+10-b944.6842174)
# Java VM: OpenJDK 64-Bit Server VM (11.0.8+10-b944.6842174, mixed mode, tiered, compressed oops, g1 gc, windows-amd64)
# No core dump will be written. Minidumps are not enabled by default on client versions of Windows
#

---------------  S U M M A R Y ------------

Command Line: --add-opens=java.base/java.util=ALL-UNNAMED --add-opens=java.base/java.lang=ALL-UNNAMED --add-opens=java.base/java.lang.invoke=ALL-UNNAMED --add-opens=java.prefs/java.util.prefs=ALL-UNNAMED -Xmx2048m -Dfile.encoding=UTF-8 -Duser.country=TR -Duser.language=tr -Duser.variant org.gradle.launcher.daemon.bootstrap.GradleDaemon 6.7.1

Host: Intel(R) Core(TM) i7-7500U CPU @ 2.70GHz, 4 cores, 11G,  Windows 10 , 64 bit Build 19041 (10.0.19041.1202)
Time: Tue Sep 28 16:37:20 2021 Türkiye Standart Saati elapsed time: 10 seconds (0d 0h 0m 10s)

---------------  T H R E A D  ---------------

Current thread (0x000001bd0a855800):  JavaThread "C2 CompilerThread1" daemon [_thread_in_native, id=956, stack(0x0000009cab100000,0x0000009cab200000)]


Current CompileTask:
C2:  10945 6430   !   4       java.net.URL::<init> (543 bytes)

Stack: [0x0000009cab100000,0x0000009cab200000]
Native frames: (J=compiled Java code, j=interpreted, Vv=VM code, C=native code)
V  [jvm.dll+0x5de50a]
V  [jvm.dll+0x7122f5]
V  [jvm.dll+0x71384d]
V  [jvm.dll+0x713f03]
V  [jvm.dll+0x23e728]
V  [jvm.dll+0xb899c]
V  [jvm.dll+0xb8e9c]
V  [jvm.dll+0x35024d]
V  [jvm.dll+0x31dea3]
V  [jvm.dll+0x31d39a]
V  [jvm.dll+0x1f7702]
V  [jvm.dll+0x1f68d4]
V  [jvm.dll+0x17f32c]
V  [jvm.dll+0x205047]
V  [jvm.dll+0x203891]
V  [jvm.dll+0x6dad3f]
V  [jvm.dll+0x6d3895]
V  [jvm.dll+0x5dd4a6]
C  [ucrtbase.dll+0x21bb2]
C  [KERNEL32.DLL+0x17034]
C  [ntdll.dll+0x52651]


---------------  P R O C E S S  ---------------

Threads class SMR info:
_java_thread_list=0x000001bd0cf5ccb0, length=153, elements={
0x000001bd6b10b800, 0x000001bd7ebb5800, 0x000001bd7eba1800, 0x000001bd7f3ce000,
0x000001bd7f3d0000, 0x000001bd7f3d2000, 0x000001bd7f3d3800, 0x000001bd7f41b800,
0x000001bd7f572000, 0x000001bd7f57d000, 0x000001bd078a7800, 0x000001bd084f1800,
0x000001bd077cd800, 0x000001bd075a8000, 0x000001bd076ba800, 0x000001bd076bb000,
0x000001bd0854f800, 0x000001bd07411800, 0x000001bd07740800, 0x000001bd0854f000,
0x000001bd07aec800, 0x000001bd07aed000, 0x000001bd07aee000, 0x000001bd07aee800,
0x000001bd091e6000, 0x000001bd091e3800, 0x000001bd091e4800, 0x000001bd091e5000,
0x000001bd091e6800, 0x000001bd091e7800, 0x000001bd091e2800, 0x000001bd091e2000,
0x000001bd091eb800, 0x000001bd091ec800, 0x000001bd091ed000, 0x000001bd091ee000,
0x000001bd091e8800, 0x000001bd091e9000, 0x000001bd091ef800, 0x000001bd091ef000,
0x000001bd091ea000, 0x000001bd091eb000, 0x000001bd091f0800, 0x000001bd09076800,
0x000001bd09073000, 0x000001bd09074000, 0x000001bd09075800, 0x000001bd09075000,
0x000001bd09077800, 0x000001bd0a855800, 0x000001bd09078000, 0x000001bd0907a800,
0x000001bd09079800, 0x000001bd0907e000, 0x000001bd0907b800, 0x000001bd0907c000,
0x000001bd0907d000, 0x000001bd0907e800, 0x000001bd09079000, 0x000001bd0907f800,
0x000001bd09080800, 0x000001bd09081000, 0x000001bd08450000, 0x000001bd08450800,
0x000001bd08453000, 0x000001bd0844d800, 0x000001bd08454000, 0x000001bd0844e000,
0x000001bd08451800, 0x000001bd08452000, 0x000001bd08454800, 0x000001bd0844f000,
0x000001bd08458000, 0x000001bd08458800, 0x000001bd08459800, 0x000001bd0845a800,
0x000001bd0845b000, 0x000001bd08457000, 0x000001bd08455800, 0x000001bd0845c000,
0x000001bd08456800, 0x000001bd07df1800, 0x000001bd07df2800, 0x000001bd07dee800,
0x000001bd07ded800, 0x000001bd07def000, 0x000001bd07df1000, 0x000001bd07df0000,
0x000001bd07ded000, 0x000001bd07df7800, 0x000001bd07df8000, 0x000001bd07df4000,
0x000001bd07df9000, 0x000001bd07df5000, 0x000001bd07df3800, 0x000001bd07dfa000,
0x000001bd07dfa800, 0x000001bd07dfb800, 0x000001bd07df6000, 0x000001bd07df6800,
0x000001bd08423000, 0x000001bd08420800, 0x000001bd0841f000, 0x000001bd08420000,
0x000001bd0841d800, 0x000001bd08424000, 0x000001bd0841e000, 0x000001bd08424800,
0x000001bd08425800, 0x000001bd08426800, 0x000001bd08422000, 0x000001bd08427000,
0x000001bd08421800, 0x000001bd08428000, 0x000001bd0842a800, 0x000001bd0842b000,
0x000001bd08429000, 0x000001bd0842c000, 0x000001bd08429800, 0x000001bd06bbb000,
0x000001bd06bbb800, 0x000001bd06bb7800, 0x000001bd06bbc800, 0x000001bd06bb9000,
0x000001bd06bb8800, 0x000001bd06bb6800, 0x000001bd06bbd800, 0x000001bd06bbe000,
0x000001bd06bbf000, 0x000001bd06bbf800, 0x000001bd06bba000, 0x000001bd06bc4800,
0x000001bd06bc0800, 0x000001bd06bc1800, 0x000001bd06bc3000, 0x000001bd06bc4000,
0x000001bd06bc2000, 0x000001bd06bc5800, 0x000001bd08d92800, 0x000001bd08d93800,
0x000001bd08d94000, 0x000001bd08d8e800, 0x000001bd08d95000, 0x000001bd08d8f000,
0x000001bd08d95800, 0x000001bd08d90000, 0x000001bd08d96800, 0x000001bd08d91000,
0x000001bd08d97800, 0x000001bd08d91800, 0x000001bd08d9a000, 0x000001bd08d98000,
0x000001bd08d9b800
}

Java Threads: ( => current thread )
  0x000001bd6b10b800 JavaThread "main" [_thread_blocked, id=5436, stack(0x0000009ca9900000,0x0000009ca9a00000)]
  0x000001bd7ebb5800 JavaThread "Reference Handler" daemon [_thread_blocked, id=10064, stack(0x0000009caa000000,0x0000009caa100000)]
  0x000001bd7eba1800 JavaThread "Finalizer" daemon [_thread_blocked, id=124, stack(0x0000009caa100000,0x0000009caa200000)]
  0x000001bd7f3ce000 JavaThread "Signal Dispatcher" daemon [_thread_blocked, id=12928, stack(0x0000009caa200000,0x0000009caa300000)]
  0x000001bd7f3d0000 JavaThread "Attach Listener" daemon [_thread_blocked, id=7660, stack(0x0000009caa300000,0x0000009caa400000)]
  0x000001bd7f3d2000 JavaThread "C2 CompilerThread0" daemon [_thread_in_native, id=876, stack(0x0000009caa400000,0x0000009caa500000)]
  0x000001bd7f3d3800 JavaThread "C1 CompilerThread0" daemon [_thread_in_native, id=368, stack(0x0000009caa500000,0x0000009caa600000)]
  0x000001bd7f41b800 JavaThread "Sweeper thread" daemon [_thread_blocked, id=12784, stack(0x0000009caa600000,0x0000009caa700000)]
  0x000001bd7f572000 JavaThread "Common-Cleaner" daemon [_thread_blocked, id=2064, stack(0x0000009caa700000,0x0000009caa800000)]
  0x000001bd7f57d000 JavaThread "Service Thread" daemon [_thread_blocked, id=13812, stack(0x0000009caa800000,0x0000009caa900000)]
  0x000001bd078a7800 JavaThread "Daemon health stats" [_thread_blocked, id=5376, stack(0x0000009caae00000,0x0000009caaf00000)]
  0x000001bd084f1800 JavaThread "Incoming local TCP Connector on port 63565" [_thread_in_native, id=220, stack(0x0000009cab000000,0x0000009cab100000)]
  0x000001bd077cd800 JavaThread "Daemon periodic checks" [_thread_blocked, id=1372, stack(0x0000009cab200000,0x0000009cab300000)]
  0x000001bd075a8000 JavaThread "Daemon" [_thread_blocked, id=11324, stack(0x0000009cab300000,0x0000009cab400000)]
  0x000001bd076ba800 JavaThread "Handler for socket connection from /127.0.0.1:63565 to /127.0.0.1:63566" [_thread_in_native, id=7580, stack(0x0000009cab400000,0x0000009cab500000)]
  0x000001bd076bb000 JavaThread "Cancel handler" [_thread_blocked, id=13344, stack(0x0000009cab500000,0x0000009cab600000)]
  0x000001bd0854f800 JavaThread "Daemon worker" [_thread_blocked, id=11080, stack(0x0000009cab600000,0x0000009cab700000)]
  0x000001bd07411800 JavaThread "Asynchronous log dispatcher for DefaultDaemonConnection: socket connection from /127.0.0.1:63565 to /127.0.0.1:63566" [_thread_blocked, id=2680, stack(0x0000009cab700000,0x0000009cab800000)]
  0x000001bd07740800 JavaThread "Stdin handler" [_thread_blocked, id=5196, stack(0x0000009cab800000,0x0000009cab900000)]
  0x000001bd0854f000 JavaThread "Thread-8" [_thread_blocked, id=11492, stack(0x0000009cab900000,0x0000009caba00000)]
  0x000001bd07aec800 JavaThread "Cache worker for file hash cache (C:\Users\asus\Desktop\JavaLearning\caches\6.7.1\fileHashes)" [_thread_blocked, id=2408, stack(0x0000009caba00000,0x0000009cabb00000)]
  0x000001bd07aed000 JavaThread "File lock request listener" [_thread_in_native, id=14064, stack(0x0000009cabb00000,0x0000009cabc00000)]
  0x000001bd07aee000 JavaThread "Cache worker for journal cache (C:\Users\asus\Desktop\JavaLearning\caches\journal-1)" [_thread_blocked, id=12912, stack(0x0000009cabc00000,0x0000009cabd00000)]
  0x000001bd07aee800 JavaThread "Cache worker for file hash cache (C:\Users\asus\Desktop\MyNotebookProject\.gradle\6.7.1\fileHashes)" [_thread_blocked, id=9264, stack(0x0000009cabd00000,0x0000009cabe00000)]
  0x000001bd091e6000 JavaThread "jar transforms" [_thread_blocked, id=10108, stack(0x0000009cabe00000,0x0000009cabf00000)]
  0x000001bd091e3800 JavaThread "jar transforms Thread 2" [_thread_blocked, id=12000, stack(0x0000009cabf00000,0x0000009cac000000)]
  0x000001bd091e4800 JavaThread "jar transforms Thread 3" [_thread_blocked, id=4692, stack(0x0000009cac000000,0x0000009cac100000)]
  0x000001bd091e5000 JavaThread "jar transforms Thread 4" [_thread_blocked, id=9388, stack(0x0000009cac100000,0x0000009cac200000)]
  0x000001bd091e6800 JavaThread "jar transforms Thread 5" [_thread_blocked, id=11108, stack(0x0000009cac200000,0x0000009cac300000)]
  0x000001bd091e7800 JavaThread "jar transforms Thread 6" [_thread_blocked, id=7564, stack(0x0000009cac300000,0x0000009cac400000)]
  0x000001bd091e2800 JavaThread "jar transforms Thread 7" [_thread_blocked, id=10044, stack(0x0000009cac400000,0x0000009cac500000)]
  0x000001bd091e2000 JavaThread "jar transforms Thread 8" [_thread_blocked, id=7960, stack(0x0000009cac500000,0x0000009cac600000)]
  0x000001bd091eb800 JavaThread "jar transforms Thread 9" [_thread_blocked, id=8420, stack(0x0000009cac600000,0x0000009cac700000)]
  0x000001bd091ec800 JavaThread "jar transforms Thread 10" [_thread_blocked, id=9940, stack(0x0000009cac700000,0x0000009cac800000)]
  0x000001bd091ed000 JavaThread "jar transforms Thread 11" [_thread_blocked, id=9856, stack(0x0000009cac800000,0x0000009cac900000)]
  0x000001bd091ee000 JavaThread "jar transforms Thread 12" [_thread_blocked, id=5456, stack(0x0000009cac900000,0x0000009caca00000)]
  0x000001bd091e8800 JavaThread "jar transforms Thread 13" [_thread_blocked, id=14232, stack(0x0000009caca00000,0x0000009cacb00000)]
  0x000001bd091e9000 JavaThread "jar transforms Thread 14" [_thread_blocked, id=4708, stack(0x0000009cacb00000,0x0000009cacc00000)]
  0x000001bd091ef800 JavaThread "jar transforms Thread 15" [_thread_blocked, id=13788, stack(0x0000009cacc00000,0x0000009cacd00000)]
  0x000001bd091ef000 JavaThread "jar transforms Thread 16" [_thread_blocked, id=12244, stack(0x0000009cacd00000,0x0000009cace00000)]
  0x000001bd091ea000 JavaThread "jar transforms Thread 17" [_thread_blocked, id=1308, stack(0x0000009cace00000,0x0000009cacf00000)]
  0x000001bd091eb000 JavaThread "jar transforms Thread 18" [_thread_blocked, id=11932, stack(0x0000009cacf00000,0x0000009cad000000)]
  0x000001bd091f0800 JavaThread "jar transforms Thread 19" [_thread_blocked, id=1340, stack(0x0000009cad000000,0x0000009cad100000)]
  0x000001bd09076800 JavaThread "jar transforms Thread 20" [_thread_blocked, id=8016, stack(0x0000009cad100000,0x0000009cad200000)]
  0x000001bd09073000 JavaThread "jar transforms Thread 21" [_thread_blocked, id=11576, stack(0x0000009cad200000,0x0000009cad300000)]
  0x000001bd09074000 JavaThread "Cache worker for checksums cache (C:\Users\asus\Desktop\MyNotebookProject\.gradle\checksums)" [_thread_blocked, id=10184, stack(0x0000009cad300000,0x0000009cad400000)]
  0x000001bd09075800 JavaThread "Cache worker for cache directory md-supplier (C:\Users\asus\Desktop\JavaLearning\caches\6.7.1\md-supplier)" [_thread_blocked, id=11688, stack(0x0000009cad400000,0x0000009cad500000)]
  0x000001bd09075000 JavaThread "Cache worker for cache directory md-rule (C:\Users\asus\Desktop\JavaLearning\caches\6.7.1\md-rule)" [_thread_blocked, id=9840, stack(0x0000009cad500000,0x0000009cad600000)]
  0x000001bd09077800 JavaThread "Cache worker for execution history cache (C:\Users\asus\Desktop\JavaLearning\caches\6.7.1\executionHistory)" [_thread_blocked, id=10816, stack(0x0000009cad600000,0x0000009cad700000)]
=>0x000001bd0a855800 JavaThread "C2 CompilerThread1" daemon [_thread_in_native, id=956, stack(0x0000009cab100000,0x0000009cab200000)]
  0x000001bd09078000 JavaThread "Cache worker for file content cache (C:\Users\asus\Desktop\JavaLearning\caches\6.7.1\fileContent)" [_thread_blocked, id=3160, stack(0x0000009cad700000,0x0000009cad800000)]
  0x000001bd0907a800 JavaThread "Cache worker for Build Output Cleanup Cache (C:\Users\asus\Desktop\MyNotebookProject\.gradle\buildOutputCleanup)" [_thread_blocked, id=13640, stack(0x0000009cad800000,0x0000009cad900000)]
  0x000001bd09079800 JavaThread "Build operations" [_thread_blocked, id=14240, stack(0x0000009cad900000,0x0000009cada00000)]
  0x000001bd0907e000 JavaThread "Build operations Thread 2" [_thread_blocked, id=9696, stack(0x0000009cada00000,0x0000009cadb00000)]
  0x000001bd0907b800 JavaThread "Build operations Thread 3" [_thread_blocked, id=6796, stack(0x0000009cadb00000,0x0000009cadc00000)]
  0x000001bd0907c000 JavaThread "Build operations Thread 4" [_thread_blocked, id=9680, stack(0x0000009cadc00000,0x0000009cadd00000)]
  0x000001bd0907d000 JavaThread "jar transforms Thread 22" [_thread_blocked, id=13040, stack(0x0000009cadd00000,0x0000009cade00000)]
  0x000001bd0907e800 JavaThread "jar transforms Thread 23" [_thread_blocked, id=4960, stack(0x0000009cade00000,0x0000009cadf00000)]
  0x000001bd09079000 JavaThread "jar transforms Thread 24" [_thread_blocked, id=11704, stack(0x0000009cadf00000,0x0000009cae000000)]
  0x000001bd0907f800 JavaThread "jar transforms Thread 25" [_thread_blocked, id=10292, stack(0x0000009cae000000,0x0000009cae100000)]
  0x000001bd09080800 JavaThread "jar transforms Thread 26" [_thread_blocked, id=4212, stack(0x0000009cae100000,0x0000009cae200000)]
  0x000001bd09081000 JavaThread "jar transforms Thread 27" [_thread_blocked, id=12032, stack(0x0000009cae200000,0x0000009cae300000)]
  0x000001bd08450000 JavaThread "jar transforms Thread 28" [_thread_blocked, id=15152, stack(0x0000009cae300000,0x0000009cae400000)]
  0x000001bd08450800 JavaThread "jar transforms Thread 29" [_thread_blocked, id=1344, stack(0x0000009cae400000,0x0000009cae500000)]
  0x000001bd08453000 JavaThread "jar transforms Thread 30" [_thread_blocked, id=13972, stack(0x0000009cae500000,0x0000009cae600000)]
  0x000001bd0844d800 JavaThread "jar transforms Thread 31" [_thread_blocked, id=6136, stack(0x0000009cae600000,0x0000009cae700000)]
  0x000001bd08454000 JavaThread "jar transforms Thread 32" [_thread_blocked, id=3864, stack(0x0000009cae700000,0x0000009cae800000)]
  0x000001bd0844e000 JavaThread "jar transforms Thread 33" [_thread_blocked, id=264, stack(0x0000009cae800000,0x0000009cae900000)]
  0x000001bd08451800 JavaThread "jar transforms Thread 34" [_thread_blocked, id=12168, stack(0x0000009cae900000,0x0000009caea00000)]
  0x000001bd08452000 JavaThread "jar transforms Thread 35" [_thread_blocked, id=11132, stack(0x0000009caea00000,0x0000009caeb00000)]
  0x000001bd08454800 JavaThread "jar transforms Thread 36" [_thread_blocked, id=1320, stack(0x0000009caeb00000,0x0000009caec00000)]
  0x000001bd0844f000 JavaThread "jar transforms Thread 37" [_thread_blocked, id=8452, stack(0x0000009caec00000,0x0000009caed00000)]
  0x000001bd08458000 JavaThread "jar transforms Thread 38" [_thread_blocked, id=10136, stack(0x0000009caed00000,0x0000009caee00000)]
  0x000001bd08458800 JavaThread "jar transforms Thread 39" [_thread_blocked, id=7392, stack(0x0000009caee00000,0x0000009caef00000)]
  0x000001bd08459800 JavaThread "jar transforms Thread 40" [_thread_blocked, id=14012, stack(0x0000009caef00000,0x0000009caf000000)]
  0x000001bd0845a800 JavaThread "jar transforms Thread 41" [_thread_blocked, id=12976, stack(0x0000009caf000000,0x0000009caf100000)]
  0x000001bd0845b000 JavaThread "jar transforms Thread 42" [_thread_blocked, id=8388, stack(0x0000009caf100000,0x0000009caf200000)]
  0x000001bd08457000 JavaThread "jar transforms Thread 43" [_thread_blocked, id=10956, stack(0x0000009caf200000,0x0000009caf300000)]
  0x000001bd08455800 JavaThread "jar transforms Thread 44" [_thread_blocked, id=14508, stack(0x0000009caf300000,0x0000009caf400000)]
  0x000001bd0845c000 JavaThread "jar transforms Thread 45" [_thread_blocked, id=11908, stack(0x0000009caf400000,0x0000009caf500000)]
  0x000001bd08456800 JavaThread "jar transforms Thread 46" [_thread_blocked, id=14304, stack(0x0000009caf500000,0x0000009caf600000)]
  0x000001bd07df1800 JavaThread "jar transforms Thread 47" [_thread_blocked, id=5088, stack(0x0000009caf600000,0x0000009caf700000)]
  0x000001bd07df2800 JavaThread "jar transforms Thread 48" [_thread_blocked, id=4396, stack(0x0000009caf700000,0x0000009caf800000)]
  0x000001bd07dee800 JavaThread "jar transforms Thread 49" [_thread_blocked, id=8380, stack(0x0000009caf800000,0x0000009caf900000)]
  0x000001bd07ded800 JavaThread "jar transforms Thread 50" [_thread_blocked, id=6148, stack(0x0000009caf900000,0x0000009cafa00000)]
  0x000001bd07def000 JavaThread "jar transforms Thread 51" [_thread_blocked, id=13380, stack(0x0000009cafa00000,0x0000009cafb00000)]
  0x000001bd07df1000 JavaThread "jar transforms Thread 52" [_thread_blocked, id=8780, stack(0x0000009cafb00000,0x0000009cafc00000)]
  0x000001bd07df0000 JavaThread "jar transforms Thread 53" [_thread_blocked, id=13192, stack(0x0000009cafc00000,0x0000009cafd00000)]
  0x000001bd07ded000 JavaThread "jar transforms Thread 54" [_thread_blocked, id=13948, stack(0x0000009cafd00000,0x0000009cafe00000)]
  0x000001bd07df7800 JavaThread "jar transforms Thread 55" [_thread_blocked, id=5700, stack(0x0000009cafe00000,0x0000009caff00000)]
  0x000001bd07df8000 JavaThread "jar transforms Thread 56" [_thread_blocked, id=8672, stack(0x0000009caff00000,0x0000009cb0000000)]
  0x000001bd07df4000 JavaThread "jar transforms Thread 57" [_thread_blocked, id=15008, stack(0x0000009cb0000000,0x0000009cb0100000)]
  0x000001bd07df9000 JavaThread "jar transforms Thread 58" [_thread_blocked, id=15304, stack(0x0000009cb0100000,0x0000009cb0200000)]
  0x000001bd07df5000 JavaThread "jar transforms Thread 59" [_thread_blocked, id=5648, stack(0x0000009cb0200000,0x0000009cb0300000)]
  0x000001bd07df3800 JavaThread "jar transforms Thread 60" [_thread_blocked, id=5064, stack(0x0000009cb0300000,0x0000009cb0400000)]
  0x000001bd07dfa000 JavaThread "jar transforms Thread 61" [_thread_blocked, id=12716, stack(0x0000009cb0400000,0x0000009cb0500000)]
  0x000001bd07dfa800 JavaThread "jar transforms Thread 62" [_thread_blocked, id=7520, stack(0x0000009cb0500000,0x0000009cb0600000)]
  0x000001bd07dfb800 JavaThread "jar transforms Thread 63" [_thread_blocked, id=7928, stack(0x0000009cb0600000,0x0000009cb0700000)]
  0x000001bd07df6000 JavaThread "jar transforms Thread 64" [_thread_blocked, id=14932, stack(0x0000009cb0700000,0x0000009cb0800000)]
  0x000001bd07df6800 JavaThread "jar transforms Thread 65" [_thread_blocked, id=7776, stack(0x0000009cb0800000,0x0000009cb0900000)]
  0x000001bd08423000 JavaThread "jar transforms Thread 66" [_thread_blocked, id=8032, stack(0x0000009cb0900000,0x0000009cb0a00000)]
  0x000001bd08420800 JavaThread "jar transforms Thread 67" [_thread_blocked, id=500, stack(0x0000009cb0a00000,0x0000009cb0b00000)]
  0x000001bd0841f000 JavaThread "jar transforms Thread 68" [_thread_blocked, id=9356, stack(0x0000009cb0b00000,0x0000009cb0c00000)]
  0x000001bd08420000 JavaThread "jar transforms Thread 69" [_thread_blocked, id=10656, stack(0x0000009cb0c00000,0x0000009cb0d00000)]
  0x000001bd0841d800 JavaThread "jar transforms Thread 70" [_thread_blocked, id=15188, stack(0x0000009cb0d00000,0x0000009cb0e00000)]
  0x000001bd08424000 JavaThread "jar transforms Thread 71" [_thread_blocked, id=11748, stack(0x0000009cb0e00000,0x0000009cb0f00000)]
  0x000001bd0841e000 JavaThread "jar transforms Thread 72" [_thread_blocked, id=13804, stack(0x0000009cb0f00000,0x0000009cb1000000)]
  0x000001bd08424800 JavaThread "jar transforms Thread 73" [_thread_blocked, id=14040, stack(0x0000009cb1000000,0x0000009cb1100000)]
  0x000001bd08425800 JavaThread "jar transforms Thread 74" [_thread_blocked, id=10032, stack(0x0000009cb1100000,0x0000009cb1200000)]
  0x000001bd08426800 JavaThread "jar transforms Thread 75" [_thread_blocked, id=15172, stack(0x0000009cb1200000,0x0000009cb1300000)]
  0x000001bd08422000 JavaThread "jar transforms Thread 76" [_thread_blocked, id=4408, stack(0x0000009cb1300000,0x0000009cb1400000)]
  0x000001bd08427000 JavaThread "jar transforms Thread 77" [_thread_blocked, id=14648, stack(0x0000009cb1400000,0x0000009cb1500000)]
  0x000001bd08421800 JavaThread "jar transforms Thread 78" [_thread_blocked, id=7652, stack(0x0000009cb1500000,0x0000009cb1600000)]
  0x000001bd08428000 JavaThread "jar transforms Thread 79" [_thread_blocked, id=2008, stack(0x0000009cb1600000,0x0000009cb1700000)]
  0x000001bd0842a800 JavaThread "jar transforms Thread 80" [_thread_blocked, id=12408, stack(0x0000009cb1700000,0x0000009cb1800000)]
  0x000001bd0842b000 JavaThread "jar transforms Thread 81" [_thread_blocked, id=12420, stack(0x0000009cb1800000,0x0000009cb1900000)]
  0x000001bd08429000 JavaThread "jar transforms Thread 82" [_thread_blocked, id=14652, stack(0x0000009cb1900000,0x0000009cb1a00000)]
  0x000001bd0842c000 JavaThread "jar transforms Thread 83" [_thread_blocked, id=8768, stack(0x0000009cb1a00000,0x0000009cb1b00000)]
  0x000001bd08429800 JavaThread "jar transforms Thread 84" [_thread_blocked, id=5816, stack(0x0000009cb1b00000,0x0000009cb1c00000)]
  0x000001bd06bbb000 JavaThread "jar transforms Thread 85" [_thread_blocked, id=15204, stack(0x0000009cb1c00000,0x0000009cb1d00000)]
  0x000001bd06bbb800 JavaThread "jar transforms Thread 86" [_thread_blocked, id=14460, stack(0x0000009cb1d00000,0x0000009cb1e00000)]
  0x000001bd06bb7800 JavaThread "jar transforms Thread 87" [_thread_blocked, id=2096, stack(0x0000009cb1e00000,0x0000009cb1f00000)]
  0x000001bd06bbc800 JavaThread "jar transforms Thread 88" [_thread_blocked, id=10932, stack(0x0000009cb1f00000,0x0000009cb2000000)]
  0x000001bd06bb9000 JavaThread "jar transforms Thread 89" [_thread_blocked, id=13580, stack(0x0000009cb2000000,0x0000009cb2100000)]
  0x000001bd06bb8800 JavaThread "jar transforms Thread 90" [_thread_blocked, id=14848, stack(0x0000009cb2100000,0x0000009cb2200000)]
  0x000001bd06bb6800 JavaThread "jar transforms Thread 91" [_thread_blocked, id=9284, stack(0x0000009cb2200000,0x0000009cb2300000)]
  0x000001bd06bbd800 JavaThread "jar transforms Thread 92" [_thread_blocked, id=5292, stack(0x0000009cb2300000,0x0000009cb2400000)]
  0x000001bd06bbe000 JavaThread "jar transforms Thread 93" [_thread_blocked, id=7880, stack(0x0000009cb2400000,0x0000009cb2500000)]
  0x000001bd06bbf000 JavaThread "jar transforms Thread 94" [_thread_blocked, id=8928, stack(0x0000009cb2500000,0x0000009cb2600000)]
  0x000001bd06bbf800 JavaThread "jar transforms Thread 95" [_thread_blocked, id=10180, stack(0x0000009cb2600000,0x0000009cb2700000)]
  0x000001bd06bba000 JavaThread "jar transforms Thread 96" [_thread_blocked, id=10484, stack(0x0000009cb2700000,0x0000009cb2800000)]
  0x000001bd06bc4800 JavaThread "jar transforms Thread 97" [_thread_blocked, id=2676, stack(0x0000009cb2800000,0x0000009cb2900000)]
  0x000001bd06bc0800 JavaThread "jar transforms Thread 98" [_thread_blocked, id=3460, stack(0x0000009cb2900000,0x0000009cb2a00000)]
  0x000001bd06bc1800 JavaThread "jar transforms Thread 99" [_thread_blocked, id=13644, stack(0x0000009cb2a00000,0x0000009cb2b00000)]
  0x000001bd06bc3000 JavaThread "jar transforms Thread 100" [_thread_blocked, id=9164, stack(0x0000009cb2b00000,0x0000009cb2c00000)]
  0x000001bd06bc4000 JavaThread "jar transforms Thread 101" [_thread_blocked, id=14132, stack(0x0000009cb2c00000,0x0000009cb2d00000)]
  0x000001bd06bc2000 JavaThread "jar transforms Thread 102" [_thread_blocked, id=9428, stack(0x0000009cb2d00000,0x0000009cb2e00000)]
  0x000001bd06bc5800 JavaThread "jar transforms Thread 103" [_thread_blocked, id=5632, stack(0x0000009cb2e00000,0x0000009cb2f00000)]
  0x000001bd08d92800 JavaThread "jar transforms Thread 104" [_thread_blocked, id=7684, stack(0x0000009cb2f00000,0x0000009cb3000000)]
  0x000001bd08d93800 JavaThread "jar transforms Thread 105" [_thread_blocked, id=120, stack(0x0000009cb3000000,0x0000009cb3100000)]
  0x000001bd08d94000 JavaThread "jar transforms Thread 106" [_thread_blocked, id=2544, stack(0x0000009cb3100000,0x0000009cb3200000)]
  0x000001bd08d8e800 JavaThread "jar transforms Thread 107" [_thread_blocked, id=13160, stack(0x0000009cb3200000,0x0000009cb3300000)]
  0x000001bd08d95000 JavaThread "jar transforms Thread 108" [_thread_blocked, id=12356, stack(0x0000009cb3300000,0x0000009cb3400000)]
  0x000001bd08d8f000 JavaThread "jar transforms Thread 109" [_thread_blocked, id=480, stack(0x0000009cb3400000,0x0000009cb3500000)]
  0x000001bd08d95800 JavaThread "jar transforms Thread 110" [_thread_blocked, id=4052, stack(0x0000009cb3500000,0x0000009cb3600000)]
  0x000001bd08d90000 JavaThread "jar transforms Thread 111" [_thread_blocked, id=10592, stack(0x0000009cb3600000,0x0000009cb3700000)]
  0x000001bd08d96800 JavaThread "jar transforms Thread 112" [_thread_blocked, id=2480, stack(0x0000009cb3700000,0x0000009cb3800000)]
  0x000001bd08d91000 JavaThread "jar transforms Thread 113" [_thread_blocked, id=7644, stack(0x0000009cb3800000,0x0000009cb3900000)]
  0x000001bd08d97800 JavaThread "jar transforms Thread 114" [_thread_blocked, id=9504, stack(0x0000009cb3900000,0x0000009cb3a00000)]
  0x000001bd08d91800 JavaThread "jar transforms Thread 115" [_thread_blocked, id=12432, stack(0x0000009cb3a00000,0x0000009cb3b00000)]
  0x000001bd08d9a000 JavaThread "jar transforms Thread 116" [_thread_blocked, id=2172, stack(0x0000009cb3b00000,0x0000009cb3c00000)]
  0x000001bd08d98000 JavaThread "jar transforms Thread 117" [_thread_in_native, id=1276, stack(0x0000009cb3c00000,0x0000009cb3d00000)]
  0x000001bd08d9b800 JavaThread "Memory manager" [_thread_blocked, id=11032, stack(0x0000009cb3d00000,0x0000009cb3e00000)]

Other Threads:
  0x000001bd7eb9c000 VMThread "VM Thread" [stack: 0x0000009ca9f00000,0x0000009caa000000] [id=14372]
  0x000001bd7f586800 WatcherThread [stack: 0x0000009caa900000,0x0000009caaa00000] [id=7172]
  0x000001bd6b124000 GCTaskThread "GC Thread#0" [stack: 0x0000009ca9a00000,0x0000009ca9b00000] [id=14228]
  0x000001bd06644000 GCTaskThread "GC Thread#1" [stack: 0x0000009caab00000,0x0000009caac00000] [id=10852]
  0x000001bd7f7b7000 GCTaskThread "GC Thread#2" [stack: 0x0000009caac00000,0x0000009caad00000] [id=9644]
  0x000001bd061c0800 GCTaskThread "GC Thread#3" [stack: 0x0000009caad00000,0x0000009caae00000] [id=8480]
  0x000001bd6b156000 ConcurrentGCThread "G1 Main Marker" [stack: 0x0000009ca9b00000,0x0000009ca9c00000] [id=8004]
  0x000001bd6b158800 ConcurrentGCThread "G1 Conc#0" [stack: 0x0000009ca9c00000,0x0000009ca9d00000] [id=13332]
  0x000001bd7e9ee800 ConcurrentGCThread "G1 Refine#0" [stack: 0x0000009ca9d00000,0x0000009ca9e00000] [id=13428]
  0x000001bd7e9ef000 ConcurrentGCThread "G1 Young RemSet Sampling" [stack: 0x0000009ca9e00000,0x0000009ca9f00000] [id=9044]

Threads with active compile tasks:
C2 CompilerThread0  10976 6548       4       java.util.regex.Pattern::closure (365 bytes)
C1 CompilerThread0  10976 6558       3       org.objectweb.asm.ClassReader::readCode (5089 bytes)
C2 CompilerThread1  10976 6430   !   4       java.net.URL::<init> (543 bytes)

VM state:not at safepoint (normal execution)

VM Mutex/Monitor currently owned by a thread: None

Heap address: 0x0000000080000000, size: 2048 MB, Compressed Oops mode: 32-bit
Narrow klass base: 0x0000000000000000, Narrow klass shift: 3
Compressed class space size: 1073741824 Address: 0x0000000100000000

Heap:
 garbage-first heap   total 236544K, used 145768K [0x0000000080000000, 0x0000000100000000)
  region size 1024K, 79 young (80896K), 3 survivors (3072K)
 Metaspace       used 66500K, capacity 68351K, committed 68488K, reserved 1110016K
  class space    used 8333K, capacity 8894K, committed 8912K, reserved 1048576K
Heap Regions: E=young(eden), S=young(survivor), O=old, HS=humongous(starts), HC=humongous(continues), CS=collection set, F=free, A=archive, TAMS=top-at-mark-start (previous, next)
|   0|0x0000000080000000, 0x0000000080100000, 0x0000000080100000|100%| O|  |TAMS 0x0000000080100000, 0x0000000080000000| Untracked 
|   1|0x0000000080100000, 0x0000000080200000, 0x0000000080200000|100%| O|  |TAMS 0x0000000080200000, 0x0000000080100000| Untracked 
|   2|0x0000000080200000, 0x0000000080300000, 0x0000000080300000|100%| O|  |TAMS 0x0000000080300000, 0x0000000080200000| Untracked 
|   3|0x0000000080300000, 0x0000000080400000, 0x0000000080400000|100%|HS|  |TAMS 0x0000000080400000, 0x0000000080300000| Complete 
|   4|0x0000000080400000, 0x0000000080500000, 0x0000000080500000|100%|HC|  |TAMS 0x0000000080500000, 0x0000000080400000| Complete 
|   5|0x0000000080500000, 0x0000000080600000, 0x0000000080600000|100%|HC|  |TAMS 0x0000000080600000, 0x0000000080500000| Complete 
|   6|0x0000000080600000, 0x0000000080700000, 0x0000000080700000|100%| O|  |TAMS 0x0000000080700000, 0x0000000080600000| Untracked 
|   7|0x0000000080700000, 0x0000000080800000, 0x0000000080800000|100%| O|  |TAMS 0x0000000080800000, 0x0000000080700000| Untracked 
|   8|0x0000000080800000, 0x0000000080900000, 0x0000000080900000|100%| O|  |TAMS 0x0000000080900000, 0x0000000080800000| Untracked 
|   9|0x0000000080900000, 0x0000000080a00000, 0x0000000080a00000|100%| O|  |TAMS 0x0000000080a00000, 0x0000000080900000| Untracked 
|  10|0x0000000080a00000, 0x0000000080b00000, 0x0000000080b00000|100%| O|  |TAMS 0x0000000080b00000, 0x0000000080a00000| Untracked 
|  11|0x0000000080b00000, 0x0000000080c00000, 0x0000000080c00000|100%| O|  |TAMS 0x0000000080c00000, 0x0000000080b00000| Untracked 
|  12|0x0000000080c00000, 0x0000000080d00000, 0x0000000080d00000|100%| O|  |TAMS 0x0000000080d00000, 0x0000000080c00000| Untracked 
|  13|0x0000000080d00000, 0x0000000080e00000, 0x0000000080e00000|100%|HS|  |TAMS 0x0000000080e00000, 0x0000000080d00000| Complete 
|  14|0x0000000080e00000, 0x0000000080f00000, 0x0000000080f00000|100%|HC|  |TAMS 0x0000000080f00000, 0x0000000080e00000| Complete 
|  15|0x0000000080f00000, 0x0000000081000000, 0x0000000081000000|100%|HS|  |TAMS 0x0000000081000000, 0x0000000080f00000| Complete 
|  16|0x0000000081000000, 0x0000000081100000, 0x0000000081100000|100%|HC|  |TAMS 0x0000000081100000, 0x0000000081000000| Complete 
|  17|0x0000000081100000, 0x0000000081200000, 0x0000000081200000|100%|HC|  |TAMS 0x0000000081200000, 0x0000000081100000| Complete 
|  18|0x0000000081200000, 0x0000000081300000, 0x0000000081300000|100%|HS|  |TAMS 0x0000000081300000, 0x0000000081200000| Complete 
|  19|0x0000000081300000, 0x0000000081400000, 0x0000000081400000|100%|HC|  |TAMS 0x0000000081400000, 0x0000000081300000| Complete 
|  20|0x0000000081400000, 0x0000000081500000, 0x0000000081500000|100%|HC|  |TAMS 0x0000000081500000, 0x0000000081400000| Complete 
|  21|0x0000000081500000, 0x0000000081600000, 0x0000000081600000|100%|HC|  |TAMS 0x0000000081600000, 0x0000000081500000| Complete 
|  22|0x0000000081600000, 0x0000000081700000, 0x0000000081700000|100%| O|  |TAMS 0x0000000081700000, 0x0000000081600000| Untracked 
|  23|0x0000000081700000, 0x0000000081800000, 0x0000000081800000|100%| O|  |TAMS 0x0000000081800000, 0x0000000081700000| Untracked 
|  24|0x0000000081800000, 0x0000000081900000, 0x0000000081900000|100%| O|  |TAMS 0x0000000081900000, 0x0000000081800000| Untracked 
|  25|0x0000000081900000, 0x0000000081a00000, 0x0000000081a00000|100%|HS|  |TAMS 0x0000000081a00000, 0x0000000081900000| Complete 
|  26|0x0000000081a00000, 0x0000000081b00000, 0x0000000081b00000|100%|HS|  |TAMS 0x0000000081b00000, 0x0000000081a00000| Complete 
|  27|0x0000000081b00000, 0x0000000081c00000, 0x0000000081c00000|100%|HC|  |TAMS 0x0000000081c00000, 0x0000000081b00000| Complete 
|  28|0x0000000081c00000, 0x0000000081d00000, 0x0000000081d00000|100%|HS|  |TAMS 0x0000000081d00000, 0x0000000081c00000| Complete 
|  29|0x0000000081d00000, 0x0000000081e00000, 0x0000000081e00000|100%|HC|  |TAMS 0x0000000081e00000, 0x0000000081d00000| Complete 
|  30|0x0000000081e00000, 0x0000000081f00000, 0x0000000081f00000|100%|HC|  |TAMS 0x0000000081f00000, 0x0000000081e00000| Complete 
|  31|0x0000000081f00000, 0x0000000082000000, 0x0000000082000000|100%|HC|  |TAMS 0x0000000082000000, 0x0000000081f00000| Complete 
|  32|0x0000000082000000, 0x0000000082100000, 0x0000000082100000|100%|HS|  |TAMS 0x0000000082100000, 0x0000000082000000| Complete 
|  33|0x0000000082100000, 0x0000000082200000, 0x0000000082200000|100%|HC|  |TAMS 0x0000000082200000, 0x0000000082100000| Complete 
|  34|0x0000000082200000, 0x0000000082300000, 0x0000000082300000|100%|HC|  |TAMS 0x0000000082300000, 0x0000000082200000| Complete 
|  35|0x0000000082300000, 0x0000000082400000, 0x0000000082400000|100%| O|  |TAMS 0x0000000082400000, 0x0000000082300000| Untracked 
|  36|0x0000000082400000, 0x0000000082500000, 0x0000000082500000|100%| O|  |TAMS 0x0000000082500000, 0x0000000082400000| Untracked 
|  37|0x0000000082500000, 0x0000000082600000, 0x0000000082600000|100%| O|  |TAMS 0x0000000082600000, 0x0000000082500000| Untracked 
|  38|0x0000000082600000, 0x0000000082700000, 0x0000000082700000|100%| O|  |TAMS 0x0000000082700000, 0x0000000082600000| Untracked 
|  39|0x0000000082700000, 0x0000000082800000, 0x0000000082800000|100%| O|  |TAMS 0x0000000082800000, 0x0000000082700000| Untracked 
|  40|0x0000000082800000, 0x0000000082900000, 0x0000000082900000|100%| O|  |TAMS 0x0000000082900000, 0x0000000082800000| Untracked 
|  41|0x0000000082900000, 0x0000000082a00000, 0x0000000082a00000|100%|HS|  |TAMS 0x0000000082a00000, 0x0000000082900000| Complete 
|  42|0x0000000082a00000, 0x0000000082b00000, 0x0000000082b00000|100%|HC|  |TAMS 0x0000000082b00000, 0x0000000082a00000| Complete 
|  43|0x0000000082b00000, 0x0000000082c00000, 0x0000000082c00000|100%|HC|  |TAMS 0x0000000082c00000, 0x0000000082b00000| Complete 
|  44|0x0000000082c00000, 0x0000000082d00000, 0x0000000082d00000|100%| O|  |TAMS 0x0000000082d00000, 0x0000000082c00000| Untracked 
|  45|0x0000000082d00000, 0x0000000082e00000, 0x0000000082e00000|100%| O|  |TAMS 0x0000000082e00000, 0x0000000082d00000| Untracked 
|  46|0x0000000082e00000, 0x0000000082f00000, 0x0000000082f00000|100%| O|  |TAMS 0x0000000082f00000, 0x0000000082e00000| Untracked 
|  47|0x0000000082f00000, 0x0000000083000000, 0x0000000083000000|100%| O|  |TAMS 0x0000000083000000, 0x0000000082f00000| Untracked 
|  48|0x0000000083000000, 0x0000000083100000, 0x0000000083100000|100%| O|  |TAMS 0x0000000083100000, 0x0000000083000000| Untracked 
|  49|0x0000000083100000, 0x0000000083200000, 0x0000000083200000|100%| O|  |TAMS 0x0000000083200000, 0x0000000083100000| Untracked 
|  50|0x0000000083200000, 0x0000000083300000, 0x0000000083300000|100%| O|  |TAMS 0x0000000083300000, 0x0000000083200000| Untracked 
|  51|0x0000000083300000, 0x0000000083400000, 0x0000000083400000|100%| O|  |TAMS 0x0000000083400000, 0x0000000083300000| Untracked 
|  52|0x0000000083400000, 0x0000000083500000, 0x0000000083500000|100%| O|  |TAMS 0x0000000083500000, 0x0000000083400000| Untracked 
|  53|0x0000000083500000, 0x0000000083600000, 0x0000000083600000|100%| O|  |TAMS 0x0000000083600000, 0x0000000083500000| Untracked 
|  54|0x0000000083600000, 0x0000000083700000, 0x0000000083700000|100%| O|  |TAMS 0x0000000083700000, 0x0000000083600000| Untracked 
|  55|0x0000000083700000, 0x0000000083800000, 0x0000000083800000|100%| O|  |TAMS 0x0000000083800000, 0x0000000083700000| Untracked 
|  56|0x0000000083800000, 0x0000000083900000, 0x0000000083900000|100%| O|  |TAMS 0x0000000083900000, 0x0000000083800000| Untracked 
|  57|0x0000000083900000, 0x0000000083a00000, 0x0000000083a00000|100%| O|  |TAMS 0x0000000083a00000, 0x0000000083900000| Untracked 
|  58|0x0000000083a00000, 0x0000000083b00000, 0x0000000083b00000|100%| O|  |TAMS 0x0000000083b00000, 0x0000000083a00000| Untracked 
|  59|0x0000000083b00000, 0x0000000083c00000, 0x0000000083c00000|100%| O|  |TAMS 0x0000000083c00000, 0x0000000083b00000| Untracked 
|  60|0x0000000083c00000, 0x0000000083d00000, 0x0000000083d00000|100%| O|  |TAMS 0x0000000083d00000, 0x0000000083c00000| Untracked 
|  61|0x0000000083d00000, 0x0000000083e00000, 0x0000000083e00000|100%| O|  |TAMS 0x0000000083e00000, 0x0000000083d00000| Untracked 
|  62|0x0000000083e00000, 0x0000000083f00000, 0x0000000083f00000|100%| O|  |TAMS 0x0000000083f00000, 0x0000000083e00000| Untracked 
|  63|0x0000000083f00000, 0x0000000083fda200, 0x0000000084000000| 85%| O|  |TAMS 0x0000000083fda200, 0x0000000083f00000| Untracked 
|  64|0x0000000084000000, 0x0000000084100000, 0x0000000084100000|100%|HS|  |TAMS 0x0000000084000000, 0x0000000084000000| Complete 
|  65|0x0000000084100000, 0x0000000084100000, 0x0000000084200000|  0%| F|  |TAMS 0x0000000084100000, 0x0000000084100000| Untracked 
|  66|0x0000000084200000, 0x0000000084200000, 0x0000000084300000|  0%| F|  |TAMS 0x0000000084200000, 0x0000000084200000| Untracked 
|  67|0x0000000084300000, 0x0000000084300000, 0x0000000084400000|  0%| F|  |TAMS 0x0000000084300000, 0x0000000084300000| Untracked 
|  68|0x0000000084400000, 0x0000000084400000, 0x0000000084500000|  0%| F|  |TAMS 0x0000000084400000, 0x0000000084400000| Untracked 
|  69|0x0000000084500000, 0x0000000084500000, 0x0000000084600000|  0%| F|  |TAMS 0x0000000084500000, 0x0000000084500000| Untracked 
|  70|0x0000000084600000, 0x0000000084600000, 0x0000000084700000|  0%| F|  |TAMS 0x0000000084600000, 0x0000000084600000| Untracked 
|  71|0x0000000084700000, 0x0000000084700000, 0x0000000084800000|  0%| F|  |TAMS 0x0000000084700000, 0x0000000084700000| Untracked 
|  72|0x0000000084800000, 0x0000000084800000, 0x0000000084900000|  0%| F|  |TAMS 0x0000000084800000, 0x0000000084800000| Untracked 
|  73|0x0000000084900000, 0x0000000084900000, 0x0000000084a00000|  0%| F|  |TAMS 0x0000000084900000, 0x0000000084900000| Untracked 
|  74|0x0000000084a00000, 0x0000000084a00000, 0x0000000084b00000|  0%| F|  |TAMS 0x0000000084a00000, 0x0000000084a00000| Untracked 
|  75|0x0000000084b00000, 0x0000000084b00000, 0x0000000084c00000|  0%| F|  |TAMS 0x0000000084b00000, 0x0000000084b00000| Untracked 
|  76|0x0000000084c00000, 0x0000000084c00000, 0x0000000084d00000|  0%| F|  |TAMS 0x0000000084c00000, 0x0000000084c00000| Untracked 
|  77|0x0000000084d00000, 0x0000000084d00000, 0x0000000084e00000|  0%| F|  |TAMS 0x0000000084d00000, 0x0000000084d00000| Untracked 
|  78|0x0000000084e00000, 0x0000000084e00000, 0x0000000084f00000|  0%| F|  |TAMS 0x0000000084e00000, 0x0000000084e00000| Untracked 
|  79|0x0000000084f00000, 0x0000000084f00000, 0x0000000085000000|  0%| F|  |TAMS 0x0000000084f00000, 0x0000000084f00000| Untracked 
|  80|0x0000000085000000, 0x0000000085000000, 0x0000000085100000|  0%| F|  |TAMS 0x0000000085000000, 0x0000000085000000| Untracked 
|  81|0x0000000085100000, 0x0000000085100000, 0x0000000085200000|  0%| F|  |TAMS 0x0000000085100000, 0x0000000085100000| Untracked 
|  82|0x0000000085200000, 0x0000000085200000, 0x0000000085300000|  0%| F|  |TAMS 0x0000000085200000, 0x0000000085200000| Untracked 
|  83|0x0000000085300000, 0x0000000085300000, 0x0000000085400000|  0%| F|  |TAMS 0x0000000085300000, 0x0000000085300000| Untracked 
|  84|0x0000000085400000, 0x0000000085400000, 0x0000000085500000|  0%| F|  |TAMS 0x0000000085400000, 0x0000000085400000| Untracked 
|  85|0x0000000085500000, 0x0000000085500000, 0x0000000085600000|  0%| F|  |TAMS 0x0000000085500000, 0x0000000085500000| Untracked 
|  86|0x0000000085600000, 0x0000000085600000, 0x0000000085700000|  0%| F|  |TAMS 0x0000000085600000, 0x0000000085600000| Untracked 
|  87|0x0000000085700000, 0x0000000085700000, 0x0000000085800000|  0%| F|  |TAMS 0x0000000085700000, 0x0000000085700000| Untracked 
|  88|0x0000000085800000, 0x0000000085800000, 0x0000000085900000|  0%| F|  |TAMS 0x0000000085800000, 0x0000000085800000| Untracked 
|  89|0x0000000085900000, 0x0000000085900000, 0x0000000085a00000|  0%| F|  |TAMS 0x0000000085900000, 0x0000000085900000| Untracked 
|  90|0x0000000085a00000, 0x0000000085a00000, 0x0000000085b00000|  0%| F|  |TAMS 0x0000000085a00000, 0x0000000085a00000| Untracked 
|  91|0x0000000085b00000, 0x0000000085b00000, 0x0000000085c00000|  0%| F|  |TAMS 0x0000000085b00000, 0x0000000085b00000| Untracked 
|  92|0x0000000085c00000, 0x0000000085c00000, 0x0000000085d00000|  0%| F|  |TAMS 0x0000000085c00000, 0x0000000085c00000| Untracked 
|  93|0x0000000085d00000, 0x0000000085d00000, 0x0000000085e00000|  0%| F|  |TAMS 0x0000000085d00000, 0x0000000085d00000| Untracked 
|  94|0x0000000085e00000, 0x0000000085e00000, 0x0000000085f00000|  0%| F|  |TAMS 0x0000000085e00000, 0x0000000085e00000| Untracked 
|  95|0x0000000085f00000, 0x0000000085f00000, 0x0000000086000000|  0%| F|  |TAMS 0x0000000085f00000, 0x0000000085f00000| Untracked 
|  96|0x0000000086000000, 0x0000000086000000, 0x0000000086100000|  0%| F|  |TAMS 0x0000000086000000, 0x0000000086000000| Untracked 
|  97|0x0000000086100000, 0x0000000086100000, 0x0000000086200000|  0%| F|  |TAMS 0x0000000086100000, 0x0000000086100000| Untracked 
|  98|0x0000000086200000, 0x0000000086200000, 0x0000000086300000|  0%| F|  |TAMS 0x0000000086200000, 0x0000000086200000| Untracked 
|  99|0x0000000086300000, 0x0000000086300000, 0x0000000086400000|  0%| F|  |TAMS 0x0000000086300000, 0x0000000086300000| Untracked 
| 100|0x0000000086400000, 0x0000000086400000, 0x0000000086500000|  0%| F|  |TAMS 0x0000000086400000, 0x0000000086400000| Untracked 
| 101|0x0000000086500000, 0x0000000086500000, 0x0000000086600000|  0%| F|  |TAMS 0x0000000086500000, 0x0000000086500000| Untracked 
| 102|0x0000000086600000, 0x0000000086600000, 0x0000000086700000|  0%| F|  |TAMS 0x0000000086600000, 0x0000000086600000| Untracked 
| 103|0x0000000086700000, 0x0000000086700000, 0x0000000086800000|  0%| F|  |TAMS 0x0000000086700000, 0x0000000086700000| Untracked 
| 104|0x0000000086800000, 0x0000000086800000, 0x0000000086900000|  0%| F|  |TAMS 0x0000000086800000, 0x0000000086800000| Untracked 
| 105|0x0000000086900000, 0x0000000086900000, 0x0000000086a00000|  0%| F|  |TAMS 0x0000000086900000, 0x0000000086900000| Untracked 
| 106|0x0000000086a00000, 0x0000000086a00000, 0x0000000086b00000|  0%| F|  |TAMS 0x0000000086a00000, 0x0000000086a00000| Untracked 
| 107|0x0000000086b00000, 0x0000000086b00000, 0x0000000086c00000|  0%| F|  |TAMS 0x0000000086b00000, 0x0000000086b00000| Untracked 
| 108|0x0000000086c00000, 0x0000000086c00000, 0x0000000086d00000|  0%| F|  |TAMS 0x0000000086c00000, 0x0000000086c00000| Untracked 
| 109|0x0000000086d00000, 0x0000000086d00000, 0x0000000086e00000|  0%| F|  |TAMS 0x0000000086d00000, 0x0000000086d00000| Untracked 
| 110|0x0000000086e00000, 0x0000000086e00000, 0x0000000086f00000|  0%| F|  |TAMS 0x0000000086e00000, 0x0000000086e00000| Untracked 
| 111|0x0000000086f00000, 0x0000000086f00000, 0x0000000087000000|  0%| F|  |TAMS 0x0000000086f00000, 0x0000000086f00000| Untracked 
| 112|0x0000000087000000, 0x0000000087000000, 0x0000000087100000|  0%| F|  |TAMS 0x0000000087000000, 0x0000000087000000| Untracked 
| 113|0x0000000087100000, 0x0000000087100000, 0x0000000087200000|  0%| F|  |TAMS 0x0000000087100000, 0x0000000087100000| Untracked 
| 114|0x0000000087200000, 0x0000000087200000, 0x0000000087300000|  0%| F|  |TAMS 0x0000000087200000, 0x0000000087200000| Untracked 
| 115|0x0000000087300000, 0x0000000087300000, 0x0000000087400000|  0%| F|  |TAMS 0x0000000087300000, 0x0000000087300000| Untracked 
| 116|0x0000000087400000, 0x0000000087400000, 0x0000000087500000|  0%| F|  |TAMS 0x0000000087400000, 0x0000000087400000| Untracked 
| 117|0x0000000087500000, 0x0000000087500000, 0x0000000087600000|  0%| F|  |TAMS 0x0000000087500000, 0x0000000087500000| Untracked 
| 118|0x0000000087600000, 0x0000000087600000, 0x0000000087700000|  0%| F|  |TAMS 0x0000000087600000, 0x0000000087600000| Untracked 
| 119|0x0000000087700000, 0x0000000087700000, 0x0000000087800000|  0%| F|  |TAMS 0x0000000087700000, 0x0000000087700000| Untracked 
| 120|0x0000000087800000, 0x0000000087800000, 0x0000000087900000|  0%| F|  |TAMS 0x0000000087800000, 0x0000000087800000| Untracked 
| 121|0x0000000087900000, 0x0000000087900000, 0x0000000087a00000|  0%| F|  |TAMS 0x0000000087900000, 0x0000000087900000| Untracked 
| 122|0x0000000087a00000, 0x0000000087a00000, 0x0000000087b00000|  0%| F|  |TAMS 0x0000000087a00000, 0x0000000087a00000| Untracked 
| 123|0x0000000087b00000, 0x0000000087b00000, 0x0000000087c00000|  0%| F|  |TAMS 0x0000000087b00000, 0x0000000087b00000| Untracked 
| 124|0x0000000087c00000, 0x0000000087c00000, 0x0000000087d00000|  0%| F|  |TAMS 0x0000000087c00000, 0x0000000087c00000| Untracked 
| 125|0x0000000087d00000, 0x0000000087d00000, 0x0000000087e00000|  0%| F|  |TAMS 0x0000000087d00000, 0x0000000087d00000| Untracked 
| 126|0x0000000087e00000, 0x0000000087e00000, 0x0000000087f00000|  0%| F|  |TAMS 0x0000000087e00000, 0x0000000087e00000| Untracked 
| 127|0x0000000087f00000, 0x0000000087f00000, 0x0000000088000000|  0%| F|  |TAMS 0x0000000087f00000, 0x0000000087f00000| Untracked 
| 128|0x0000000088000000, 0x0000000088000000, 0x0000000088100000|  0%| F|  |TAMS 0x0000000088000000, 0x0000000088000000| Untracked 
| 129|0x0000000088100000, 0x0000000088100000, 0x0000000088200000|  0%| F|  |TAMS 0x0000000088100000, 0x0000000088100000| Untracked 
| 130|0x0000000088200000, 0x0000000088200000, 0x0000000088300000|  0%| F|  |TAMS 0x0000000088200000, 0x0000000088200000| Untracked 
| 131|0x0000000088300000, 0x0000000088300000, 0x0000000088400000|  0%| F|  |TAMS 0x0000000088300000, 0x0000000088300000| Untracked 
| 132|0x0000000088400000, 0x0000000088400000, 0x0000000088500000|  0%| F|  |TAMS 0x0000000088400000, 0x0000000088400000| Untracked 
| 133|0x0000000088500000, 0x0000000088500000, 0x0000000088600000|  0%| F|  |TAMS 0x0000000088500000, 0x0000000088500000| Untracked 
| 134|0x0000000088600000, 0x0000000088600000, 0x0000000088700000|  0%| F|  |TAMS 0x0000000088600000, 0x0000000088600000| Untracked 
| 135|0x0000000088700000, 0x0000000088700000, 0x0000000088800000|  0%| F|  |TAMS 0x0000000088700000, 0x0000000088700000| Untracked 
| 136|0x0000000088800000, 0x0000000088800000, 0x0000000088900000|  0%| F|  |TAMS 0x0000000088800000, 0x0000000088800000| Untracked 
| 137|0x0000000088900000, 0x0000000088900000, 0x0000000088a00000|  0%| F|  |TAMS 0x0000000088900000, 0x0000000088900000| Untracked 
| 138|0x0000000088a00000, 0x0000000088a00000, 0x0000000088b00000|  0%| F|  |TAMS 0x0000000088a00000, 0x0000000088a00000| Untracked 
| 139|0x0000000088b00000, 0x0000000088b00000, 0x0000000088c00000|  0%| F|  |TAMS 0x0000000088b00000, 0x0000000088b00000| Untracked 
| 140|0x0000000088c00000, 0x0000000088c00000, 0x0000000088d00000|  0%| F|  |TAMS 0x0000000088c00000, 0x0000000088c00000| Untracked 
| 141|0x0000000088d00000, 0x0000000088d00000, 0x0000000088e00000|  0%| F|  |TAMS 0x0000000088d00000, 0x0000000088d00000| Untracked 
| 142|0x0000000088e00000, 0x0000000088e00000, 0x0000000088f00000|  0%| F|  |TAMS 0x0000000088e00000, 0x0000000088e00000| Untracked 
| 143|0x0000000088f00000, 0x0000000088f00000, 0x0000000089000000|  0%| F|  |TAMS 0x0000000088f00000, 0x0000000088f00000| Untracked 
| 144|0x0000000089000000, 0x0000000089000000, 0x0000000089100000|  0%| F|  |TAMS 0x0000000089000000, 0x0000000089000000| Untracked 
| 145|0x0000000089100000, 0x0000000089100000, 0x0000000089200000|  0%| F|  |TAMS 0x0000000089100000, 0x0000000089100000| Untracked 
| 146|0x0000000089200000, 0x0000000089200000, 0x0000000089300000|  0%| F|  |TAMS 0x0000000089200000, 0x0000000089200000| Untracked 
| 147|0x0000000089300000, 0x0000000089300000, 0x0000000089400000|  0%| F|  |TAMS 0x0000000089300000, 0x0000000089300000| Untracked 
| 148|0x0000000089400000, 0x0000000089400000, 0x0000000089500000|  0%| F|  |TAMS 0x0000000089400000, 0x0000000089400000| Untracked 
| 149|0x0000000089500000, 0x0000000089500000, 0x0000000089600000|  0%| F|  |TAMS 0x0000000089500000, 0x0000000089500000| Untracked 
| 150|0x0000000089600000, 0x0000000089600000, 0x0000000089700000|  0%| F|  |TAMS 0x0000000089600000, 0x0000000089600000| Untracked 
| 151|0x0000000089700000, 0x0000000089700000, 0x0000000089800000|  0%| F|  |TAMS 0x0000000089700000, 0x0000000089700000| Untracked 
| 152|0x0000000089800000, 0x00000000898313a8, 0x0000000089900000| 19%| E|  |TAMS 0x0000000089800000, 0x0000000089800000| Complete 
| 153|0x0000000089900000, 0x0000000089a00000, 0x0000000089a00000|100%| E|CS|TAMS 0x0000000089900000, 0x0000000089900000| Complete 
| 154|0x0000000089a00000, 0x0000000089b00000, 0x0000000089b00000|100%| E|CS|TAMS 0x0000000089a00000, 0x0000000089a00000| Complete 
| 155|0x0000000089b00000, 0x0000000089c00000, 0x0000000089c00000|100%| E|CS|TAMS 0x0000000089b00000, 0x0000000089b00000| Complete 
| 156|0x0000000089c00000, 0x0000000089d00000, 0x0000000089d00000|100%| E|CS|TAMS 0x0000000089c00000, 0x0000000089c00000| Complete 
| 157|0x0000000089d00000, 0x0000000089e00000, 0x0000000089e00000|100%| E|CS|TAMS 0x0000000089d00000, 0x0000000089d00000| Complete 
| 158|0x0000000089e00000, 0x0000000089f00000, 0x0000000089f00000|100%| E|CS|TAMS 0x0000000089e00000, 0x0000000089e00000| Complete 
| 159|0x0000000089f00000, 0x000000008a000000, 0x000000008a000000|100%| E|CS|TAMS 0x0000000089f00000, 0x0000000089f00000| Complete 
| 160|0x000000008a000000, 0x000000008a100000, 0x000000008a100000|100%| E|CS|TAMS 0x000000008a000000, 0x000000008a000000| Complete 
| 161|0x000000008a100000, 0x000000008a200000, 0x000000008a200000|100%| E|CS|TAMS 0x000000008a100000, 0x000000008a100000| Complete 
| 162|0x000000008a200000, 0x000000008a300000, 0x000000008a300000|100%| E|CS|TAMS 0x000000008a200000, 0x000000008a200000| Complete 
| 163|0x000000008a300000, 0x000000008a400000, 0x000000008a400000|100%| E|CS|TAMS 0x000000008a300000, 0x000000008a300000| Complete 
| 164|0x000000008a400000, 0x000000008a500000, 0x000000008a500000|100%| E|CS|TAMS 0x000000008a400000, 0x000000008a400000| Complete 
| 165|0x000000008a500000, 0x000000008a600000, 0x000000008a600000|100%| E|CS|TAMS 0x000000008a500000, 0x000000008a500000| Complete 
| 166|0x000000008a600000, 0x000000008a700000, 0x000000008a700000|100%| E|CS|TAMS 0x000000008a600000, 0x000000008a600000| Complete 
| 167|0x000000008a700000, 0x000000008a800000, 0x000000008a800000|100%| E|CS|TAMS 0x000000008a700000, 0x000000008a700000| Complete 
| 168|0x000000008a800000, 0x000000008a880000, 0x000000008a900000| 50%| S|CS|TAMS 0x000000008a800000, 0x000000008a800000| Complete 
| 169|0x000000008a900000, 0x000000008aa00000, 0x000000008aa00000|100%| S|CS|TAMS 0x000000008a900000, 0x000000008a900000| Complete 
| 170|0x000000008aa00000, 0x000000008ab00000, 0x000000008ab00000|100%| S|CS|TAMS 0x000000008aa00000, 0x000000008aa00000| Complete 
| 171|0x000000008ab00000, 0x000000008ac00000, 0x000000008ac00000|100%| E|CS|TAMS 0x000000008ab00000, 0x000000008ab00000| Complete 
| 172|0x000000008ac00000, 0x000000008ad00000, 0x000000008ad00000|100%| E|CS|TAMS 0x000000008ac00000, 0x000000008ac00000| Complete 
| 173|0x000000008ad00000, 0x000000008ae00000, 0x000000008ae00000|100%| E|CS|TAMS 0x000000008ad00000, 0x000000008ad00000| Complete 
| 174|0x000000008ae00000, 0x000000008af00000, 0x000000008af00000|100%| E|CS|TAMS 0x000000008ae00000, 0x000000008ae00000| Complete 
| 175|0x000000008af00000, 0x000000008b000000, 0x000000008b000000|100%| E|CS|TAMS 0x000000008af00000, 0x000000008af00000| Complete 
| 176|0x000000008b000000, 0x000000008b100000, 0x000000008b100000|100%| E|CS|TAMS 0x000000008b000000, 0x000000008b000000| Complete 
| 177|0x000000008b100000, 0x000000008b200000, 0x000000008b200000|100%| E|CS|TAMS 0x000000008b100000, 0x000000008b100000| Complete 
| 178|0x000000008b200000, 0x000000008b300000, 0x000000008b300000|100%| E|CS|TAMS 0x000000008b200000, 0x000000008b200000| Complete 
| 179|0x000000008b300000, 0x000000008b400000, 0x000000008b400000|100%| E|CS|TAMS 0x000000008b300000, 0x000000008b300000| Complete 
| 180|0x000000008b400000, 0x000000008b500000, 0x000000008b500000|100%| E|CS|TAMS 0x000000008b400000, 0x000000008b400000| Complete 
| 181|0x000000008b500000, 0x000000008b600000, 0x000000008b600000|100%| E|CS|TAMS 0x000000008b500000, 0x000000008b500000| Complete 
| 182|0x000000008b600000, 0x000000008b700000, 0x000000008b700000|100%| E|CS|TAMS 0x000000008b600000, 0x000000008b600000| Complete 
| 183|0x000000008b700000, 0x000000008b800000, 0x000000008b800000|100%| E|CS|TAMS 0x000000008b700000, 0x000000008b700000| Complete 
| 184|0x000000008b800000, 0x000000008b900000, 0x000000008b900000|100%| E|CS|TAMS 0x000000008b800000, 0x000000008b800000| Complete 
| 185|0x000000008b900000, 0x000000008ba00000, 0x000000008ba00000|100%| E|CS|TAMS 0x000000008b900000, 0x000000008b900000| Complete 
| 186|0x000000008ba00000, 0x000000008bb00000, 0x000000008bb00000|100%| E|CS|TAMS 0x000000008ba00000, 0x000000008ba00000| Complete 
| 187|0x000000008bb00000, 0x000000008bc00000, 0x000000008bc00000|100%| E|CS|TAMS 0x000000008bb00000, 0x000000008bb00000| Complete 
| 188|0x000000008bc00000, 0x000000008bd00000, 0x000000008bd00000|100%| E|CS|TAMS 0x000000008bc00000, 0x000000008bc00000| Complete 
| 189|0x000000008bd00000, 0x000000008be00000, 0x000000008be00000|100%| E|CS|TAMS 0x000000008bd00000, 0x000000008bd00000| Complete 
| 190|0x000000008be00000, 0x000000008bf00000, 0x000000008bf00000|100%| E|CS|TAMS 0x000000008be00000, 0x000000008be00000| Complete 
| 191|0x000000008bf00000, 0x000000008c000000, 0x000000008c000000|100%| E|CS|TAMS 0x000000008bf00000, 0x000000008bf00000| Complete 
| 192|0x000000008c000000, 0x000000008c100000, 0x000000008c100000|100%| E|CS|TAMS 0x000000008c000000, 0x000000008c000000| Complete 
| 193|0x000000008c100000, 0x000000008c200000, 0x000000008c200000|100%| E|CS|TAMS 0x000000008c100000, 0x000000008c100000| Complete 
| 194|0x000000008c200000, 0x000000008c300000, 0x000000008c300000|100%| E|CS|TAMS 0x000000008c200000, 0x000000008c200000| Complete 
| 195|0x000000008c300000, 0x000000008c400000, 0x000000008c400000|100%| E|CS|TAMS 0x000000008c300000, 0x000000008c300000| Complete 
| 196|0x000000008c400000, 0x000000008c500000, 0x000000008c500000|100%| E|CS|TAMS 0x000000008c400000, 0x000000008c400000| Complete 
| 197|0x000000008c500000, 0x000000008c600000, 0x000000008c600000|100%| E|CS|TAMS 0x000000008c500000, 0x000000008c500000| Complete 
| 198|0x000000008c600000, 0x000000008c700000, 0x000000008c700000|100%| E|CS|TAMS 0x000000008c600000, 0x000000008c600000| Complete 
| 199|0x000000008c700000, 0x000000008c800000, 0x000000008c800000|100%| E|CS|TAMS 0x000000008c700000, 0x000000008c700000| Complete 
| 200|0x000000008c800000, 0x000000008c900000, 0x000000008c900000|100%| E|CS|TAMS 0x000000008c800000, 0x000000008c800000| Complete 
| 201|0x000000008c900000, 0x000000008ca00000, 0x000000008ca00000|100%| E|CS|TAMS 0x000000008c900000, 0x000000008c900000| Complete 
| 202|0x000000008ca00000, 0x000000008cb00000, 0x000000008cb00000|100%| E|CS|TAMS 0x000000008ca00000, 0x000000008ca00000| Complete 
| 203|0x000000008cb00000, 0x000000008cc00000, 0x000000008cc00000|100%| E|CS|TAMS 0x000000008cb00000, 0x000000008cb00000| Complete 
| 204|0x000000008cc00000, 0x000000008cd00000, 0x000000008cd00000|100%| E|CS|TAMS 0x000000008cc00000, 0x000000008cc00000| Complete 
| 205|0x000000008cd00000, 0x000000008ce00000, 0x000000008ce00000|100%| E|CS|TAMS 0x000000008cd00000, 0x000000008cd00000| Complete 
| 206|0x000000008ce00000, 0x000000008cf00000, 0x000000008cf00000|100%| E|CS|TAMS 0x000000008ce00000, 0x000000008ce00000| Complete 
| 207|0x000000008cf00000, 0x000000008d000000, 0x000000008d000000|100%| E|CS|TAMS 0x000000008cf00000, 0x000000008cf00000| Complete 
| 208|0x000000008d000000, 0x000000008d100000, 0x000000008d100000|100%| E|CS|TAMS 0x000000008d000000, 0x000000008d000000| Complete 
| 209|0x000000008d100000, 0x000000008d200000, 0x000000008d200000|100%| E|CS|TAMS 0x000000008d100000, 0x000000008d100000| Complete 
| 210|0x000000008d200000, 0x000000008d300000, 0x000000008d300000|100%| E|CS|TAMS 0x000000008d200000, 0x000000008d200000| Complete 
| 211|0x000000008d300000, 0x000000008d400000, 0x000000008d400000|100%| E|CS|TAMS 0x000000008d300000, 0x000000008d300000| Complete 
| 212|0x000000008d400000, 0x000000008d500000, 0x000000008d500000|100%| E|CS|TAMS 0x000000008d400000, 0x000000008d400000| Complete 
| 213|0x000000008d500000, 0x000000008d600000, 0x000000008d600000|100%| E|CS|TAMS 0x000000008d500000, 0x000000008d500000| Complete 
| 214|0x000000008d600000, 0x000000008d700000, 0x000000008d700000|100%| E|CS|TAMS 0x000000008d600000, 0x000000008d600000| Complete 
| 215|0x000000008d700000, 0x000000008d800000, 0x000000008d800000|100%| E|CS|TAMS 0x000000008d700000, 0x000000008d700000| Complete 
| 216|0x000000008d800000, 0x000000008d900000, 0x000000008d900000|100%| E|CS|TAMS 0x000000008d800000, 0x000000008d800000| Complete 
| 217|0x000000008d900000, 0x000000008da00000, 0x000000008da00000|100%| E|CS|TAMS 0x000000008d900000, 0x000000008d900000| Complete 
| 218|0x000000008da00000, 0x000000008db00000, 0x000000008db00000|100%| E|CS|TAMS 0x000000008da00000, 0x000000008da00000| Complete 
| 219|0x000000008db00000, 0x000000008dc00000, 0x000000008dc00000|100%| E|CS|TAMS 0x000000008db00000, 0x000000008db00000| Complete 
| 220|0x000000008dc00000, 0x000000008dd00000, 0x000000008dd00000|100%| E|CS|TAMS 0x000000008dc00000, 0x000000008dc00000| Complete 
| 221|0x000000008dd00000, 0x000000008de00000, 0x000000008de00000|100%| E|CS|TAMS 0x000000008dd00000, 0x000000008dd00000| Complete 
| 222|0x000000008de00000, 0x000000008df00000, 0x000000008df00000|100%| E|CS|TAMS 0x000000008de00000, 0x000000008de00000| Complete 
| 223|0x000000008df00000, 0x000000008e000000, 0x000000008e000000|100%| E|CS|TAMS 0x000000008df00000, 0x000000008df00000| Complete 
| 224|0x000000008e000000, 0x000000008e100000, 0x000000008e100000|100%| E|CS|TAMS 0x000000008e000000, 0x000000008e000000| Complete 
| 225|0x000000008e100000, 0x000000008e200000, 0x000000008e200000|100%| E|CS|TAMS 0x000000008e100000, 0x000000008e100000| Complete 
| 226|0x000000008e200000, 0x000000008e300000, 0x000000008e300000|100%| E|CS|TAMS 0x000000008e200000, 0x000000008e200000| Complete 
| 227|0x000000008e300000, 0x000000008e400000, 0x000000008e400000|100%| E|CS|TAMS 0x000000008e300000, 0x000000008e300000| Complete 
| 228|0x000000008e400000, 0x000000008e500000, 0x000000008e500000|100%| E|CS|TAMS 0x000000008e400000, 0x000000008e400000| Complete 
| 229|0x000000008e500000, 0x000000008e600000, 0x000000008e600000|100%| E|CS|TAMS 0x000000008e500000, 0x000000008e500000| Complete 
| 230|0x000000008e600000, 0x000000008e700000, 0x000000008e700000|100%| E|CS|TAMS 0x000000008e600000, 0x000000008e600000| Complete 

Card table byte_map: [0x000001bd7de90000,0x000001bd7e290000] _byte_map_base: 0x000001bd7da90000

Marking Bits (Prev, Next): (CMBitMap*) 0x000001bd6b14d540, (CMBitMap*) 0x000001bd6b14d508
 Prev Bits: [0x000001bd02000000, 0x000001bd04000000)
 Next Bits: [0x000001bd00000000, 0x000001bd02000000)

Polling page: 0x000001bd692c0000

Metaspace:

Usage:
  Non-class:     58.07 MB capacity,    56.81 MB ( 98%) used,     1.12 MB (  2%) free+waste,   149.19 KB ( <1%) overhead. 
      Class:      8.69 MB capacity,     8.14 MB ( 94%) used,   491.73 KB (  6%) free+waste,    69.88 KB ( <1%) overhead. 
       Both:     66.76 MB capacity,    64.95 MB ( 97%) used,     1.60 MB (  2%) free+waste,   219.06 KB ( <1%) overhead. 

Virtual space:
  Non-class space:       60.00 MB reserved,      58.18 MB ( 97%) committed 
      Class space:        1.00 GB reserved,       8.70 MB ( <1%) committed 
             Both:        1.06 GB reserved,      66.88 MB (  6%) committed 

Chunk freelists:
   Non-Class:  47.00 KB
       Class:  0 bytes
        Both:  47.00 KB

MaxMetaspaceSize: 17179869184.00 GB
CompressedClassSpaceSize: 1.00 GB

CodeHeap 'non-profiled nmethods': size=120064Kb used=3783Kb max_used=3783Kb free=116280Kb
 bounds [0x000001bd76550000, 0x000001bd76910000, 0x000001bd7da90000]
CodeHeap 'profiled nmethods': size=120000Kb used=13732Kb max_used=13732Kb free=106267Kb
 bounds [0x000001bd6f020000, 0x000001bd6fd90000, 0x000001bd76550000]
CodeHeap 'non-nmethods': size=5696Kb used=2255Kb max_used=2296Kb free=3440Kb
 bounds [0x000001bd6ea90000, 0x000001bd6ed00000, 0x000001bd6f020000]
 total_blobs=7137 nmethods=6286 adapters=761
 compilation: enabled
              stopped_count=0, restarted_count=0
 full_count=0

Compilation events (20 events):
Event: 10.936 Thread 0x000001bd7f3d2000 nmethod 6532 0x000001bd768ff210 code [0x000001bd768ff3e0, 0x000001bd768ff7b8]
Event: 10.937 Thread 0x000001bd7f3d3800 6535       1       java.time.temporal.ValueRange::getMinimum (5 bytes)
Event: 10.937 Thread 0x000001bd7f3d3800 nmethod 6535 0x000001bd768ffa90 code [0x000001bd768ffc40, 0x000001bd768ffcf8]
Event: 10.937 Thread 0x000001bd7f3d3800 6536       1       java.time.temporal.ValueRange::getMaximum (5 bytes)
Event: 10.937 Thread 0x000001bd7f3d3800 nmethod 6536 0x000001bd768ffd90 code [0x000001bd768fff40, 0x000001bd768ffff8]
Event: 10.937 Thread 0x000001bd7f3d3800 6541       3       java.time.temporal.ValueRange::isValidValue (24 bytes)
Event: 10.937 Thread 0x000001bd7f3d3800 nmethod 6541 0x000001bd6fd66890 code [0x000001bd6fd66a40, 0x000001bd6fd66c18]
Event: 10.937 Thread 0x000001bd7f3d3800 6537       1       java.time.temporal.ChronoField::range (5 bytes)
Event: 10.937 Thread 0x000001bd7f3d3800 nmethod 6537 0x000001bd76900090 code [0x000001bd76900240, 0x000001bd769002f8]
Event: 10.937 Thread 0x000001bd7f3d3800 6538       1       java.time.ZoneOffset::getTotalSeconds (5 bytes)
Event: 10.937 Thread 0x000001bd7f3d3800 nmethod 6538 0x000001bd76900390 code [0x000001bd76900540, 0x000001bd769005f8]
Event: 10.937 Thread 0x000001bd7f3d3800 6539       1       java.time.zone.ZoneOffsetTransition::getOffsetAfter (5 bytes)
Event: 10.938 Thread 0x000001bd7f3d3800 nmethod 6539 0x000001bd76900690 code [0x000001bd76900840, 0x000001bd769008f8]
Event: 10.938 Thread 0x000001bd7f3d3800 6540       1       java.time.zone.ZoneOffsetTransition::getOffsetBefore (5 bytes)
Event: 10.938 Thread 0x000001bd7f3d3800 nmethod 6540 0x000001bd76900990 code [0x000001bd76900b40, 0x000001bd76900bf8]
Event: 10.938 Thread 0x000001bd7f3d3800 6542       3       java.time.temporal.ChronoField::checkValidValue (10 bytes)
Event: 10.938 Thread 0x000001bd7f3d3800 nmethod 6542 0x000001bd6fd66c90 code [0x000001bd6fd66e80, 0x000001bd6fd67238]
Event: 10.942 Thread 0x000001bd7f3d2000 6543       4       org.objectweb.asm.ClassReader::readUtf (161 bytes)
Event: 10.942 Thread 0x000001bd7f3d3800 6544       3       java.util.regex.Matcher::replaceAll (59 bytes)
Event: 10.943 Thread 0x000001bd7f3d3800 nmethod 6544 0x000001bd6fd67390 code [0x000001bd6fd67640, 0x000001bd6fd68158]

GC Heap History (20 events):
Event: 0.439 GC heap before
{Heap before GC invocations=0 (full 0):
 garbage-first heap   total 196608K, used 19456K [0x0000000080000000, 0x0000000100000000)
  region size 1024K, 14 young (14336K), 0 survivors (0K)
 Metaspace       used 7389K, capacity 7503K, committed 7680K, reserved 1056768K
  class space    used 674K, capacity 716K, committed 768K, reserved 1048576K
}
Event: 0.443 GC heap after
{Heap after GC invocations=1 (full 0):
 garbage-first heap   total 196608K, used 7661K [0x0000000080000000, 0x0000000100000000)
  region size 1024K, 2 young (2048K), 2 survivors (2048K)
 Metaspace       used 7389K, capacity 7503K, committed 7680K, reserved 1056768K
  class space    used 674K, capacity 716K, committed 768K, reserved 1048576K
}
Event: 0.796 GC heap before
{Heap before GC invocations=1 (full 0):
 garbage-first heap   total 196608K, used 19949K [0x0000000080000000, 0x0000000100000000)
  region size 1024K, 14 young (14336K), 2 survivors (2048K)
 Metaspace       used 10824K, capacity 11063K, committed 11264K, reserved 1058816K
  class space    used 1145K, capacity 1201K, committed 1280K, reserved 1048576K
}
Event: 0.799 GC heap after
{Heap after GC invocations=2 (full 0):
 garbage-first heap   total 196608K, used 8775K [0x0000000080000000, 0x0000000100000000)
  region size 1024K, 1 young (1024K), 1 survivors (1024K)
 Metaspace       used 10824K, capacity 11063K, committed 11264K, reserved 1058816K
  class space    used 1145K, capacity 1201K, committed 1280K, reserved 1048576K
}
Event: 1.052 GC heap before
{Heap before GC invocations=2 (full 0):
 garbage-first heap   total 196608K, used 38471K [0x0000000080000000, 0x0000000100000000)
  region size 1024K, 31 young (31744K), 1 survivors (1024K)
 Metaspace       used 11016K, capacity 11256K, committed 11520K, reserved 1058816K
  class space    used 1147K, capacity 1201K, committed 1280K, reserved 1048576K
}
Event: 1.058 GC heap after
{Heap after GC invocations=3 (full 0):
 garbage-first heap   total 196608K, used 12920K [0x0000000080000000, 0x0000000100000000)
  region size 1024K, 4 young (4096K), 4 survivors (4096K)
 Metaspace       used 11016K, capacity 11256K, committed 11520K, reserved 1058816K
  class space    used 1147K, capacity 1201K, committed 1280K, reserved 1048576K
}
Event: 2.522 GC heap before
{Heap before GC invocations=3 (full 0):
 garbage-first heap   total 196608K, used 56952K [0x0000000080000000, 0x0000000100000000)
  region size 1024K, 47 young (48128K), 4 survivors (4096K)
 Metaspace       used 19179K, capacity 19711K, committed 19968K, reserved 1067008K
  class space    used 2327K, capacity 2470K, committed 2560K, reserved 1048576K
}
Event: 2.527 GC heap after
{Heap after GC invocations=4 (full 0):
 garbage-first heap   total 196608K, used 15963K [0x0000000080000000, 0x0000000100000000)
  region size 1024K, 3 young (3072K), 3 survivors (3072K)
 Metaspace       used 19179K, capacity 19711K, committed 19968K, reserved 1067008K
  class space    used 2327K, capacity 2470K, committed 2560K, reserved 1048576K
}
Event: 2.639 GC heap before
{Heap before GC invocations=4 (full 0):
 garbage-first heap   total 196608K, used 25179K [0x0000000080000000, 0x0000000100000000)
  region size 1024K, 13 young (13312K), 3 survivors (3072K)
 Metaspace       used 20608K, capacity 21126K, committed 21296K, reserved 1069056K
  class space    used 2518K, capacity 2691K, committed 2816K, reserved 1048576K
}
Event: 2.643 GC heap after
{Heap after GC invocations=5 (full 0):
 garbage-first heap   total 196608K, used 16314K [0x0000000080000000, 0x0000000100000000)
  region size 1024K, 4 young (4096K), 4 survivors (4096K)
 Metaspace       used 20608K, capacity 21126K, committed 21296K, reserved 1069056K
  class space    used 2518K, capacity 2691K, committed 2816K, reserved 1048576K
}
Event: 3.506 GC heap before
{Heap before GC invocations=6 (full 0):
 garbage-first heap   total 196608K, used 80826K [0x0000000080000000, 0x0000000100000000)
  region size 1024K, 59 young (60416K), 4 survivors (4096K)
 Metaspace       used 26389K, capacity 27236K, committed 27392K, reserved 1073152K
  class space    used 3444K, capacity 3726K, committed 3840K, reserved 1048576K
}
Event: 3.513 GC heap after
{Heap after GC invocations=7 (full 0):
 garbage-first heap   total 196608K, used 30403K [0x0000000080000000, 0x0000000100000000)
  region size 1024K, 8 young (8192K), 8 survivors (8192K)
 Metaspace       used 26389K, capacity 27236K, committed 27392K, reserved 1073152K
  class space    used 3444K, capacity 3726K, committed 3840K, reserved 1048576K
}
Event: 4.860 GC heap before
{Heap before GC invocations=7 (full 0):
 garbage-first heap   total 196608K, used 80579K [0x0000000080000000, 0x0000000100000000)
  region size 1024K, 58 young (59392K), 8 survivors (8192K)
 Metaspace       used 35007K, capacity 35881K, committed 35920K, reserved 1081344K
  class space    used 4560K, capacity 4908K, committed 4944K, reserved 1048576K
}
Event: 4.872 GC heap after
{Heap after GC invocations=8 (full 0):
 garbage-first heap   total 196608K, used 33356K [0x0000000080000000, 0x0000000100000000)
  region size 1024K, 9 young (9216K), 9 survivors (9216K)
 Metaspace       used 35007K, capacity 35881K, committed 35920K, reserved 1081344K
  class space    used 4560K, capacity 4908K, committed 4944K, reserved 1048576K
}
Event: 6.098 GC heap before
{Heap before GC invocations=9 (full 0):
 garbage-first heap   total 196608K, used 126540K [0x0000000080000000, 0x0000000100000000)
  region size 1024K, 90 young (92160K), 9 survivors (9216K)
 Metaspace       used 42868K, capacity 44105K, committed 44368K, reserved 1087488K
  class space    used 5465K, capacity 5872K, committed 5968K, reserved 1048576K
}
Event: 6.114 GC heap after
{Heap after GC invocations=10 (full 0):
 garbage-first heap   total 236544K, used 47507K [0x0000000080000000, 0x0000000100000000)
  region size 1024K, 10 young (10240K), 10 survivors (10240K)
 Metaspace       used 42868K, capacity 44105K, committed 44368K, reserved 1087488K
  class space    used 5465K, capacity 5872K, committed 5968K, reserved 1048576K
}
Event: 8.076 GC heap before
{Heap before GC invocations=10 (full 0):
 garbage-first heap   total 236544K, used 168339K [0x0000000080000000, 0x0000000100000000)
  region size 1024K, 123 young (125952K), 10 survivors (10240K)
 Metaspace       used 50084K, capacity 51615K, committed 51664K, reserved 1093632K
  class space    used 6350K, capacity 6827K, committed 6864K, reserved 1048576K
}
Event: 8.100 GC heap after
{Heap after GC invocations=11 (full 0):
 garbage-first heap   total 236544K, used 64955K [0x0000000080000000, 0x0000000100000000)
  region size 1024K, 16 young (16384K), 16 survivors (16384K)
 Metaspace       used 50084K, capacity 51615K, committed 51664K, reserved 1093632K
  class space    used 6350K, capacity 6827K, committed 6864K, reserved 1048576K
}
Event: 9.195 GC heap before
{Heap before GC invocations=11 (full 0):
 garbage-first heap   total 236544K, used 125371K [0x0000000080000000, 0x0000000100000000)
  region size 1024K, 76 young (77824K), 16 survivors (16384K)
 Metaspace       used 58474K, capacity 60090K, committed 60296K, reserved 1101824K
  class space    used 7375K, capacity 7860K, committed 7888K, reserved 1048576K
}
Event: 9.221 GC heap after
{Heap after GC invocations=12 (full 0):
 garbage-first heap   total 236544K, used 67944K [0x0000000080000000, 0x0000000100000000)
  region size 1024K, 3 young (3072K), 3 survivors (3072K)
 Metaspace       used 58474K, capacity 60090K, committed 60296K, reserved 1101824K
  class space    used 7375K, capacity 7860K, committed 7888K, reserved 1048576K
}

Deoptimization events (20 events):
Event: 10.601 Thread 0x000001bd0854f800 DEOPT PACKING pc=0x000001bd767150dc sp=0x0000009cab6f8e90
Event: 10.601 Thread 0x000001bd0854f800 DEOPT UNPACKING pc=0x000001bd6eab74af sp=0x0000009cab6f8c60 mode 2
Event: 10.625 Thread 0x000001bd0854f800 Uncommon trap: trap_request=0xffffff4d fr.pc=0x000001bd7681034c relative=0x00000000000018cc
Event: 10.625 Thread 0x000001bd0854f800 Uncommon trap: reason=unstable_if action=reinterpret pc=0x000001bd7681034c method=java.util.concurrent.ConcurrentHashMap.putVal(Ljava/lang/Object;Ljava/lang/Object;Z)Ljava/lang/Object; @ 245 c2
Event: 10.625 Thread 0x000001bd0854f800 DEOPT PACKING pc=0x000001bd7681034c sp=0x0000009cab6f8960
Event: 10.625 Thread 0x000001bd0854f800 DEOPT UNPACKING pc=0x000001bd6eab74af sp=0x0000009cab6f88f8 mode 2
Event: 10.729 Thread 0x000001bd0854f800 DEOPT PACKING pc=0x000001bd6f7a3271 sp=0x0000009cab6f8150
Event: 10.729 Thread 0x000001bd0854f800 DEOPT UNPACKING pc=0x000001bd6eab72ce sp=0x0000009cab6f7648 mode 0
Event: 10.925 Thread 0x000001bd08d98000 Uncommon trap: trap_request=0xffffff4d fr.pc=0x000001bd7689e3f4 relative=0x0000000000000814
Event: 10.925 Thread 0x000001bd08d98000 Uncommon trap: reason=unstable_if action=reinterpret pc=0x000001bd7689e3f4 method=org.objectweb.asm.MethodWriter.visitLabel(Lorg/objectweb/asm/Label;)V @ 312 c2
Event: 10.925 Thread 0x000001bd08d98000 DEOPT PACKING pc=0x000001bd7689e3f4 sp=0x0000009cb3cfe240
Event: 10.925 Thread 0x000001bd08d98000 DEOPT UNPACKING pc=0x000001bd6eab74af sp=0x0000009cb3cfe218 mode 2
Event: 10.925 Thread 0x000001bd08d98000 Uncommon trap: trap_request=0xffffff4d fr.pc=0x000001bd768c9e68 relative=0x0000000000000668
Event: 10.925 Thread 0x000001bd08d98000 Uncommon trap: reason=unstable_if action=reinterpret pc=0x000001bd768c9e68 method=org.objectweb.asm.MethodWriter.visitInsn(I)V @ 32 c2
Event: 10.925 Thread 0x000001bd08d98000 DEOPT PACKING pc=0x000001bd768c9e68 sp=0x0000009cb3cfe430
Event: 10.925 Thread 0x000001bd08d98000 DEOPT UNPACKING pc=0x000001bd6eab74af sp=0x0000009cb3cfe410 mode 2
Event: 10.926 Thread 0x000001bd08d98000 Uncommon trap: trap_request=0xffffff4d fr.pc=0x000001bd767ffe70 relative=0x0000000000000390
Event: 10.926 Thread 0x000001bd08d98000 Uncommon trap: reason=unstable_if action=reinterpret pc=0x000001bd767ffe70 method=org.objectweb.asm.MethodWriter.visitVarInsn(II)V @ 116 c2
Event: 10.926 Thread 0x000001bd08d98000 DEOPT PACKING pc=0x000001bd767ffe70 sp=0x0000009cb3cfe220
Event: 10.926 Thread 0x000001bd08d98000 DEOPT UNPACKING pc=0x000001bd6eab74af sp=0x0000009cb3cfe1e0 mode 2

Classes redefined (0 events):
No events

Internal exceptions (20 events):
Event: 10.603 Thread 0x000001bd0854f800 Exception <a 'java/lang/ClassNotFoundException'{0x000000008a64c330}: org/gradle/api/plugins/internal/DefaultBasePluginConventionBeanInfo> (0x000000008a64c330) thrown at [./src/hotspot/share/classfile/systemDictionary.cpp, line 231]
Event: 10.604 Thread 0x000001bd0854f800 Exception <a 'java/lang/ClassNotFoundException'{0x000000008a67e068}: org/gradle/api/plugins/BasePluginConventionBeanInfo> (0x000000008a67e068) thrown at [./src/hotspot/share/classfile/systemDictionary.cpp, line 231]
Event: 10.605 Thread 0x000001bd0854f800 Exception <a 'java/lang/ClassNotFoundException'{0x000000008a6b0100}: org/gradle/api/plugins/BasePluginConventionCustomizer> (0x000000008a6b0100) thrown at [./src/hotspot/share/classfile/systemDictionary.cpp, line 231]
Event: 10.607 Thread 0x000001bd0854f800 Exception <a 'java/lang/ClassNotFoundException'{0x000000008a6f6098}: org/gradle/api/plugins/internal/DefaultBasePluginConventionCustomizer> (0x000000008a6f6098) thrown at [./src/hotspot/share/classfile/systemDictionary.cpp, line 231]
Event: 10.610 Thread 0x000001bd0854f800 Exception <a 'java/lang/ClassNotFoundException'{0x000000008a573c50}: org/gradle/api/plugins/internal/DefaultJavaPluginConventionBeanInfo> (0x000000008a573c50) thrown at [./src/hotspot/share/classfile/systemDictionary.cpp, line 231]
Event: 10.611 Thread 0x000001bd0854f800 Exception <a 'java/lang/ClassNotFoundException'{0x000000008a5a5bf8}: org/gradle/api/plugins/JavaPluginConventionBeanInfo> (0x000000008a5a5bf8) thrown at [./src/hotspot/share/classfile/systemDictionary.cpp, line 231]
Event: 10.612 Thread 0x000001bd0854f800 Exception <a 'java/lang/ClassNotFoundException'{0x000000008a5d79c8}: org/gradle/api/plugins/JavaPluginConventionCustomizer> (0x000000008a5d79c8) thrown at [./src/hotspot/share/classfile/systemDictionary.cpp, line 231]
Event: 10.613 Thread 0x000001bd0854f800 Exception <a 'java/lang/ClassNotFoundException'{0x000000008a4236b8}: org/gradle/api/plugins/internal/DefaultJavaPluginConventionCustomizer> (0x000000008a4236b8) thrown at [./src/hotspot/share/classfile/systemDictionary.cpp, line 231]
Event: 10.668 Thread 0x000001bd0854f800 Exception <a 'java/lang/ClassNotFoundException'{0x000000008a228e88}: org/jetbrains/kotlin/gradle/targets/js/npm/DefaultNpmDependencyExtensionBeanInfo> (0x000000008a228e88) thrown at [./src/hotspot/share/classfile/systemDictionary.cpp, line 231]
Event: 10.668 Thread 0x000001bd0854f800 Exception <a 'java/lang/ClassNotFoundException'{0x000000008a243930}: org/jetbrains/kotlin/gradle/targets/js/npm/DefaultNpmDependencyExtensionCustomizer> (0x000000008a243930) thrown at [./src/hotspot/share/classfile/systemDictionary.cpp, line 231]
Event: 10.673 Thread 0x000001bd0854f800 Exception <a 'java/lang/ClassNotFoundException'{0x000000008a2cd9d0}: org/jetbrains/kotlin/gradle/targets/js/npm/NpmDependencyExtensionKt$defaultNpmDependencyDelegate$1BeanInfo> (0x000000008a2cd9d0) thrown at [./src/hotspot/share/classfile/systemDictionary.cpp, line 231]
Event: 10.673 Thread 0x000001bd0854f800 Exception <a 'java/lang/ClassNotFoundException'{0x000000008a2e82c0}: org/jetbrains/kotlin/gradle/targets/js/npm/NpmDependencyExtensionDelegateBeanInfo> (0x000000008a2e82c0) thrown at [./src/hotspot/share/classfile/systemDictionary.cpp, line 231]
Event: 10.674 Thread 0x000001bd0854f800 Exception <a 'java/lang/ClassNotFoundException'{0x000000008a103f18}: org/jetbrains/kotlin/gradle/targets/js/npm/NpmDependencyExtensionDelegateCustomizer> (0x000000008a103f18) thrown at [./src/hotspot/share/classfile/systemDictionary.cpp, line 231]
Event: 10.675 Thread 0x000001bd0854f800 Exception <a 'java/lang/ClassNotFoundException'{0x000000008a138fd0}: org/jetbrains/kotlin/gradle/targets/js/npm/NpmDependencyExtensionKt$defaultNpmDependencyDelegate$1Customizer> (0x000000008a138fd0) thrown at [./src/hotspot/share/classfile/systemDictionary.cpp, line 231]
Event: 10.685 Thread 0x000001bd0854f800 Exception <a 'java/lang/ClassNotFoundException'{0x000000008a1883f0}: org/jetbrains/kotlin/gradle/targets/js/npm/DefaultDevNpmDependencyExtensionBeanInfo> (0x000000008a1883f0) thrown at [./src/hotspot/share/classfile/systemDictionary.cpp, line 231]
Event: 10.685 Thread 0x000001bd0854f800 Exception <a 'java/lang/ClassNotFoundException'{0x000000008a1a36a0}: org/jetbrains/kotlin/gradle/targets/js/npm/DefaultDevNpmDependencyExtensionCustomizer> (0x000000008a1a36a0) thrown at [./src/hotspot/share/classfile/systemDictionary.cpp, line 231]
Event: 10.688 Thread 0x000001bd0854f800 Exception <a 'java/lang/ClassNotFoundException'{0x000000008a1f5758}: org/jetbrains/kotlin/gradle/targets/js/npm/DefaultPeerNpmDependencyExtensionBeanInfo> (0x000000008a1f5758) thrown at [./src/hotspot/share/classfile/systemDictionary.cpp, line 231]
Event: 10.689 Thread 0x000001bd0854f800 Exception <a 'java/lang/ClassNotFoundException'{0x000000008a011168}: org/jetbrains/kotlin/gradle/targets/js/npm/DefaultPeerNpmDependencyExtensionCustomizer> (0x000000008a011168) thrown at [./src/hotspot/share/classfile/systemDictionary.cpp, line 231]
Event: 10.691 Thread 0x000001bd0854f800 Exception <a 'java/lang/ClassNotFoundException'{0x000000008a06f9c0}: org/jetbrains/kotlin/gradle/targets/js/npm/DefaultPeerNpmDependencyExtension$delegate$1BeanInfo> (0x000000008a06f9c0) thrown at [./src/hotspot/share/classfile/systemDictionary.cpp, line 231]
Event: 10.692 Thread 0x000001bd0854f800 Exception <a 'java/lang/ClassNotFoundException'{0x000000008a08cb18}: org/jetbrains/kotlin/gradle/targets/js/npm/DefaultPeerNpmDependencyExtension$delegate$1Customizer> (0x000000008a08cb18) thrown at [./src/hotspot/share/classfile/systemDictionary.cpp, line 231]

Events (20 events):
Event: 10.936 loading class java/time/zone/ZoneOffsetTransition
Event: 10.936 loading class java/time/zone/ZoneOffsetTransition done
Event: 10.937 loading class org/apache/tools/zip/ZipOutputStream$CurrentEntry
Event: 10.937 loading class org/apache/tools/zip/ZipOutputStream$CurrentEntry done
Event: 10.938 loading class org/apache/tools/zip/Zip64ExtendedInformationExtraField
Event: 10.938 loading class org/apache/tools/zip/Zip64ExtendedInformationExtraField done
Event: 10.938 loading class org/apache/tools/zip/CentralDirectoryParsingZipExtraField
Event: 10.938 loading class org/apache/tools/zip/CentralDirectoryParsingZipExtraField done
Event: 10.939 loading class org/apache/tools/zip/ZipShort
Event: 10.939 loading class org/apache/tools/zip/ZipShort done
Event: 10.939 loading class org/apache/tools/zip/ZipUtil
Event: 10.939 loading class org/apache/tools/zip/ZipUtil done
Event: 10.940 loading class org/apache/tools/zip/AbstractUnicodeExtraField
Event: 10.940 loading class org/apache/tools/zip/AbstractUnicodeExtraField done
Event: 10.940 loading class org/apache/tools/zip/UnicodePathExtraField
Event: 10.940 loading class org/apache/tools/zip/UnicodePathExtraField done
Event: 10.940 loading class org/apache/tools/zip/UnicodeCommentExtraField
Event: 10.940 loading class org/apache/tools/zip/UnicodeCommentExtraField done
Event: 10.940 loading class org/apache/tools/zip/UnsupportedZipFeatureException
Event: 10.940 loading class org/apache/tools/zip/UnsupportedZipFeatureException done


Dynamic libraries:
0x00007ff6594a0000 - 0x00007ff6594aa000 	C:\Program Files\Android\Android Studio\jre\bin\java.exe
0x00007ffb5eef0000 - 0x00007ffb5f0e5000 	C:\WINDOWS\SYSTEM32\ntdll.dll
0x00007ffb5cfa0000 - 0x00007ffb5d05e000 	C:\WINDOWS\System32\KERNEL32.DLL
0x00007ffb5c980000 - 0x00007ffb5cc49000 	C:\WINDOWS\System32\KERNELBASE.dll
0x00007ffb5c640000 - 0x00007ffb5c740000 	C:\WINDOWS\System32\ucrtbase.dll
0x00007ffb3f2d0000 - 0x00007ffb3f2e7000 	C:\Program Files\Android\Android Studio\jre\bin\VCRUNTIME140.dll
0x00007ffb3f2a0000 - 0x00007ffb3f2b9000 	C:\Program Files\Android\Android Studio\jre\bin\jli.dll
0x00007ffb5e8b0000 - 0x00007ffb5ea51000 	C:\WINDOWS\System32\USER32.dll
0x00007ffb5ce60000 - 0x00007ffb5ce82000 	C:\WINDOWS\System32\win32u.dll
0x00007ffb4cc70000 - 0x00007ffb4cf0a000 	C:\WINDOWS\WinSxS\amd64_microsoft.windows.common-controls_6595b64144ccf1df_6.0.19041.1110_none_60b5254171f9507e\COMCTL32.dll
0x00007ffb5d750000 - 0x00007ffb5d77b000 	C:\WINDOWS\System32\GDI32.dll
0x00007ffb5ddb0000 - 0x00007ffb5de4e000 	C:\WINDOWS\System32\msvcrt.dll
0x00007ffb5c7d0000 - 0x00007ffb5c8db000 	C:\WINDOWS\System32\gdi32full.dll
0x00007ffb5c8e0000 - 0x00007ffb5c97d000 	C:\WINDOWS\System32\msvcp_win.dll
0x00007ffb5dd80000 - 0x00007ffb5ddb0000 	C:\WINDOWS\System32\IMM32.DLL
0x00007ffb30050000 - 0x00007ffb300ed000 	C:\Program Files\Android\Android Studio\jre\bin\msvcp140.dll
0x00007ffb23390000 - 0x00007ffb23e4c000 	C:\Program Files\Android\Android Studio\jre\bin\server\jvm.dll
0x00007ffb5ece0000 - 0x00007ffb5ed8c000 	C:\WINDOWS\System32\ADVAPI32.dll
0x00007ffb5e590000 - 0x00007ffb5e62b000 	C:\WINDOWS\System32\sechost.dll
0x00007ffb5d060000 - 0x00007ffb5d18a000 	C:\WINDOWS\System32\RPCRT4.dll
0x00007ffb5e840000 - 0x00007ffb5e848000 	C:\WINDOWS\System32\PSAPI.DLL
0x00007ffb48ea0000 - 0x00007ffb48ea9000 	C:\WINDOWS\SYSTEM32\WSOCK32.dll
0x00007ffb4cb10000 - 0x00007ffb4cb37000 	C:\WINDOWS\SYSTEM32\WINMM.dll
0x00007ffb5d780000 - 0x00007ffb5d7eb000 	C:\WINDOWS\System32\WS2_32.dll
0x00007ffb54c60000 - 0x00007ffb54c6a000 	C:\WINDOWS\SYSTEM32\VERSION.dll
0x00007ffb5b1e0000 - 0x00007ffb5b1f2000 	C:\WINDOWS\SYSTEM32\kernel.appcore.dll
0x00007ffb4f590000 - 0x00007ffb4f5a1000 	C:\Program Files\Android\Android Studio\jre\bin\verify.dll
0x00007ffb5aeb0000 - 0x00007ffb5b094000 	C:\WINDOWS\SYSTEM32\DBGHELP.DLL
0x00007ffb46580000 - 0x00007ffb465ac000 	C:\WINDOWS\SYSTEM32\dbgcore.DLL
0x00007ffb5c740000 - 0x00007ffb5c7c3000 	C:\WINDOWS\System32\bcryptPrimitives.dll
0x00007ffb3f840000 - 0x00007ffb3f869000 	C:\Program Files\Android\Android Studio\jre\bin\java.dll
0x00007ffb57460000 - 0x00007ffb5746b000 	C:\Program Files\Android\Android Studio\jre\bin\jimage.dll
0x00007ffb4a5f0000 - 0x00007ffb4a608000 	C:\Program Files\Android\Android Studio\jre\bin\zip.dll
0x00007ffb5de50000 - 0x00007ffb5e58f000 	C:\WINDOWS\System32\SHELL32.dll
0x00007ffb5a300000 - 0x00007ffb5aa90000 	C:\WINDOWS\SYSTEM32\windows.storage.dll
0x00007ffb5d850000 - 0x00007ffb5dba5000 	C:\WINDOWS\System32\combase.dll
0x00007ffb5bf90000 - 0x00007ffb5bfbc000 	C:\WINDOWS\SYSTEM32\Wldp.dll
0x00007ffb5dc10000 - 0x00007ffb5dcbe000 	C:\WINDOWS\System32\SHCORE.dll
0x00007ffb5e850000 - 0x00007ffb5e8a5000 	C:\WINDOWS\System32\shlwapi.dll
0x00007ffb5c550000 - 0x00007ffb5c56f000 	C:\WINDOWS\SYSTEM32\profapi.dll
0x00007ffb3f350000 - 0x00007ffb3f36a000 	C:\Program Files\Android\Android Studio\jre\bin\net.dll
0x00007ffb49e40000 - 0x00007ffb49f48000 	C:\WINDOWS\SYSTEM32\WINHTTP.dll
0x00007ffb5bcf0000 - 0x00007ffb5bd5a000 	C:\WINDOWS\system32\mswsock.dll
0x00007ffb3f330000 - 0x00007ffb3f344000 	C:\Program Files\Android\Android Studio\jre\bin\nio.dll
0x00007ffb3f0c0000 - 0x00007ffb3f0e7000 	C:\Users\asus\Desktop\JavaLearning\native\fdc75f09e3144964f2cf3f50f0aa648679c211496f362492102eb8c894070792\windows-amd64\native-platform.dll
0x00007ffb30f70000 - 0x00007ffb31106000 	C:\Users\asus\Desktop\JavaLearning\native\12488b8bf47d2d4c9fbf2f6322a914ad602e24e48041cd04a747c6da556b65c4\windows-amd64\native-platform-file-events.dll
0x00007ffb55c40000 - 0x00007ffb55c4a000 	C:\Program Files\Android\Android Studio\jre\bin\management.dll
0x00007ffb559b0000 - 0x00007ffb559bc000 	C:\Program Files\Android\Android Studio\jre\bin\management_ext.dll
0x00007ffb5bee0000 - 0x00007ffb5bef8000 	C:\WINDOWS\SYSTEM32\CRYPTSP.dll
0x00007ffb5b670000 - 0x00007ffb5b6a4000 	C:\WINDOWS\system32\rsaenh.dll
0x00007ffb5c610000 - 0x00007ffb5c637000 	C:\WINDOWS\System32\bcrypt.dll
0x00007ffb5c510000 - 0x00007ffb5c53e000 	C:\WINDOWS\SYSTEM32\USERENV.dll
0x00007ffb5bf00000 - 0x00007ffb5bf0c000 	C:\WINDOWS\SYSTEM32\CRYPTBASE.dll
0x00007ffb5b9e0000 - 0x00007ffb5ba1b000 	C:\WINDOWS\SYSTEM32\IPHLPAPI.DLL
0x00007ffb5d230000 - 0x00007ffb5d238000 	C:\WINDOWS\System32\NSI.dll
0x00007ffb56090000 - 0x00007ffb560a7000 	C:\WINDOWS\SYSTEM32\dhcpcsvc6.DLL
0x00007ffb563b0000 - 0x00007ffb563cd000 	C:\WINDOWS\SYSTEM32\dhcpcsvc.DLL
0x00007ffb5ba20000 - 0x00007ffb5baec000 	C:\WINDOWS\SYSTEM32\DNSAPI.dll
0x00007ffb564c0000 - 0x00007ffb564cb000 	C:\WINDOWS\SYSTEM32\WINNSI.DLL

dbghelp: loaded successfully - version: 4.0.5 - missing functions: none
symbol engine: initialized successfully - sym options: 0x614 - pdb path: .;C:\Program Files\Android\Android Studio\jre\bin;C:\WINDOWS\SYSTEM32;C:\WINDOWS\WinSxS\amd64_microsoft.windows.common-controls_6595b64144ccf1df_6.0.19041.1110_none_60b5254171f9507e;C:\Program Files\Android\Android Studio\jre\bin\server;C:\Users\asus\Desktop\JavaLearning\native\fdc75f09e3144964f2cf3f50f0aa648679c211496f362492102eb8c894070792\windows-amd64;C:\Users\asus\Desktop\JavaLearning\native\12488b8bf47d2d4c9fbf2f6322a914ad602e24e48041cd04a747c6da556b65c4\windows-amd64

VM Arguments:
jvm_args: --add-opens=java.base/java.util=ALL-UNNAMED --add-opens=java.base/java.lang=ALL-UNNAMED --add-opens=java.base/java.lang.invoke=ALL-UNNAMED --add-opens=java.prefs/java.util.prefs=ALL-UNNAMED -Xmx2048m -Dfile.encoding=UTF-8 -Duser.country=TR -Duser.language=tr -Duser.variant 
java_command: org.gradle.launcher.daemon.bootstrap.GradleDaemon 6.7.1
java_class_path (initial): C:\Users\asus\Desktop\JavaLearning\wrapper\dists\gradle-6.7.1-bin\bwlcbys1h7rz3272sye1xwiv6\gradle-6.7.1\lib\gradle-launcher-6.7.1.jar
Launcher Type: SUN_STANDARD

[Global flags]
     intx CICompilerCount                          = 3                                         {product} {ergonomic}
     uint ConcGCThreads                            = 1                                         {product} {ergonomic}
     uint G1ConcRefinementThreads                  = 4                                         {product} {ergonomic}
   size_t G1HeapRegionSize                         = 1048576                                   {product} {ergonomic}
    uintx GCDrainStackTargetSize                   = 64                                        {product} {ergonomic}
   size_t InitialHeapSize                          = 201326592                                 {product} {ergonomic}
   size_t MarkStackSize                            = 4194304                                   {product} {ergonomic}
   size_t MaxHeapSize                              = 2147483648                                {product} {command line}
   size_t MaxNewSize                               = 1287651328                                {product} {ergonomic}
   size_t MinHeapDeltaBytes                        = 1048576                                   {product} {ergonomic}
    uintx NonNMethodCodeHeapSize                   = 5830732                                {pd product} {ergonomic}
    uintx NonProfiledCodeHeapSize                  = 122913754                              {pd product} {ergonomic}
    uintx ProfiledCodeHeapSize                     = 122913754                              {pd product} {ergonomic}
    uintx ReservedCodeCacheSize                    = 251658240                              {pd product} {ergonomic}
     bool SegmentedCodeCache                       = true                                      {product} {ergonomic}
     bool UseCompressedClassPointers               = true                                 {lp64_product} {ergonomic}
     bool UseCompressedOops                        = true                                 {lp64_product} {ergonomic}
     bool UseG1GC                                  = true                                      {product} {ergonomic}
     bool UseLargePagesIndividualAllocation        = false                                  {pd product} {ergonomic}

Logging:
Log output configuration:
 #0: stdout all=warning uptime,level,tags
 #1: stderr all=off uptime,level,tags

Environment Variables:
JAVA_HOME=C:\Program Files\Java\jdk-11.0.7
JRE_HOME=C:\Program Files\Java\jre1.8.0_151
PATH=C:\Program Files (x86)\Common Files\Oracle\Java\javapath;C:\Program Files\nodejs;C:\Program Files\Microsoft SQL Server\Client SDK\ODBC\130\Tools\Binn\;C:\Program Files (x86)\Microsoft SQL Server\140\Tools\Binn\;C:\Program Files\Microsoft SQL Server\140\Tools\Binn\;C:\Program Files\Microsoft SQL Server\140\DTS\Binn\;C:\Program Files (x86)\Microsoft SQL Server\150\DTS\Binn\;C:\Program Files\dotnet\;C:\Program Files\Microsoft SQL Server\130\Tools\Binn\;C:\WINDOWS\system32;C:\WINDOWS;C:\WINDOWS\System32\Wbem;C:\WINDOWS\System32\WindowsPowerShell\v1.0\;C:\WINDOWS\System32\OpenSSH\;C:\Program Files\Gauge\bin;C:\Program Files\apache-maven-3.6.3-bin\apache-maven-3.6.3\bin;C:\Program Files\Git\cmd;C:\Program Files (x86)\dotnet\;C:\Program Files (x86)\NVIDIA Corporation\PhysX\Common;C:\Program Files\nodejs\;C:\Program Files\Graphviz\bin;C:\Program Files\MySQL\MySQL Shell 8.0\bin\;C:\Users\asus\Desktop\otomasyon;C:\Users\asus\AppData\Local\Programs\Microsoft VS Code\bin;C:\Users\asus\AppData\Local\Programs\MiKTeX 2.9\miktex\bin\x64\;C:\Users\asus\AppData\Local\Microsoft\WindowsApps;C:\Users\asus\AppData\Roaming\npm;C:\Program Files\Graphviz\bin;
USERNAME=asus
OS=Windows_NT
PROCESSOR_IDENTIFIER=Intel64 Family 6 Model 142 Stepping 9, GenuineIntel



---------------  S Y S T E M  ---------------

OS: Windows 10 , 64 bit Build 19041 (10.0.19041.1202)
OS uptime: 5 days 17:51 hours

CPU:total 4 (initial active 4) (2 cores per cpu, 2 threads per core) family 6 model 142 stepping 9, cmov, cx8, fxsr, mmx, sse, sse2, sse3, ssse3, sse4.1, sse4.2, popcnt, avx, avx2, aes, clmul, erms, 3dnowpref, lzcnt, ht, tsc, tscinvbit, bmi1, bmi2, adx, fma

Memory: 4k page, system-wide physical 12174M (1582M free)
TotalPageFile size 12174M (AvailPageFile size 5M)
current process WorkingSet (physical memory assigned to process): 409M, peak: 412M
current process commit charge ("private bytes"): 472M, peak: 474M

vm_info: OpenJDK 64-Bit Server VM (11.0.8+10-b944.6842174) for windows-amd64 JRE (11.0.8+10-b944.6842174), built on Sep 19 2020 01:11:42 by "builder" with MS VC++ 14.0 (VS2015)

END.
