#
# There is insufficient memory for the Java Runtime Environment to continue.
# Native memory allocation (malloc) failed to allocate 769456 bytes for Chunk::new
# Possible reasons:
#   The system is out of physical RAM or swap space
#   The process is running with CompressedOops enabled, and the Java Heap may be blocking the growth of the native heap
# Possible solutions:
#   Reduce memory load on the system
#   Increase physical memory or swap space
#   Check if swap backing store is full
#   Decrease Java heap size (-Xmx/-Xms)
#   Decrease number of Java threads
#   Decrease Java thread stack sizes (-Xss)
#   Set larger code cache with -XX:ReservedCodeCacheSize=
#   JVM is running with Unscaled Compressed Oops mode in which the Java heap is
#     placed in the first 4GB address space. The Java Heap base address is the
#     maximum limit for the native heap growth. Please use -XX:HeapBaseMinAddress
#     to set the Java Heap base and to place the Java Heap above 4GB virtual address.
# This output file may be truncated or incomplete.
#
#  Out of Memory Error (./src/hotspot/share/memory/arena.cpp:197), pid=11108, tid=9388
#
# JRE version: OpenJDK Runtime Environment (11.0.8+10) (build 11.0.8+10-b944.6842174)
# Java VM: OpenJDK 64-Bit Server VM (11.0.8+10-b944.6842174, mixed mode, tiered, compressed oops, g1 gc, windows-amd64)
# No core dump will be written. Minidumps are not enabled by default on client versions of Windows
#

---------------  S U M M A R Y ------------

Command Line: --add-opens=java.base/java.util=ALL-UNNAMED --add-opens=java.base/java.lang=ALL-UNNAMED --add-opens=java.base/java.lang.invoke=ALL-UNNAMED --add-opens=java.prefs/java.util.prefs=ALL-UNNAMED -Xmx2048m -Dfile.encoding=UTF-8 -Duser.country=TR -Duser.language=tr -Duser.variant org.gradle.launcher.daemon.bootstrap.GradleDaemon 6.7.1

Host: Intel(R) Core(TM) i7-7500U CPU @ 2.70GHz, 4 cores, 11G,  Windows 10 , 64 bit Build 19041 (10.0.19041.1202)
Time: Tue Sep 28 16:34:42 2021 Türkiye Standart Saati elapsed time: 7864 seconds (0d 2h 11m 4s)

---------------  T H R E A D  ---------------

Current thread (0x0000013e541d5800):  JavaThread "C2 CompilerThread1" daemon [_thread_in_native, id=9388, stack(0x00000007b0700000,0x00000007b0800000)]


Current CompileTask:
C2:7864876 15904       4       org.gradle.internal.fingerprint.classpath.impl.ClasspathFingerprintingStrategy$ClasspathContentFingerprintingVisitor::visitFile (69 bytes)

Stack: [0x00000007b0700000,0x00000007b0800000]
Native frames: (J=compiled Java code, j=interpreted, Vv=VM code, C=native code)
V  [jvm.dll+0x5de50a]
V  [jvm.dll+0x7122f5]
V  [jvm.dll+0x71384d]
V  [jvm.dll+0x713f03]
V  [jvm.dll+0x23e728]
V  [jvm.dll+0xb899c]
V  [jvm.dll+0xb8e9c]
V  [jvm.dll+0x2b20e4]
V  [jvm.dll+0x502098]
V  [jvm.dll+0x1ff393]
V  [jvm.dll+0x1f917c]
V  [jvm.dll+0x1f685f]
V  [jvm.dll+0x17f32c]
V  [jvm.dll+0x205047]
V  [jvm.dll+0x203891]
V  [jvm.dll+0x6dad3f]
V  [jvm.dll+0x6d3895]
V  [jvm.dll+0x5dd4a6]
C  [ucrtbase.dll+0x21bb2]
C  [KERNEL32.DLL+0x17034]
C  [ntdll.dll+0x52651]


---------------  P R O C E S S  ---------------

Threads class SMR info:
_java_thread_list=0x0000013e550084a0, length=153, elements={
0x0000013e336da800, 0x0000013e4f8f1800, 0x0000013e4f8fd000, 0x0000013e4f94b000,
0x0000013e4f94d000, 0x0000013e4f94f000, 0x0000013e4f952000, 0x0000013e4f0ed000,
0x0000013e4fab5800, 0x0000013e4fabe000, 0x0000013e5123a800, 0x0000013e50c1b800,
0x0000013e5062f800, 0x0000013e51b8a000, 0x0000013e51b8b800, 0x0000013e51b89000,
0x0000013e543ee000, 0x0000013e543ef000, 0x0000013e541cf000, 0x0000013e541cc000,
0x0000013e541cc800, 0x0000013e541c7000, 0x0000013e541ca800, 0x0000013e541cd800,
0x0000013e541c8000, 0x0000013e541ce800, 0x0000013e541c8800, 0x0000013e541c9800,
0x0000013e541d0000, 0x0000013e541d1000, 0x0000013e541cb000, 0x0000013e541d5800,
0x0000013e541d1800, 0x0000013e541d3800, 0x0000013e541d4000, 0x0000013e543f2000,
0x0000013e543f3000, 0x0000013e543ed800, 0x0000013e543f8000, 0x0000013e543f4000,
0x0000013e543f5800, 0x0000013e543f9000, 0x0000013e543f4800, 0x0000013e543f9800,
0x0000013e543fb000, 0x0000013e543fc000, 0x0000013e543f7000, 0x0000013e543fa800,
0x0000013e543f6800, 0x0000013e51b87800, 0x0000013e51b86800, 0x0000013e51b8a800,
0x0000013e51b86000, 0x0000013e51b8c800, 0x0000013e51b88000, 0x0000013e56dca000,
0x0000013e56dcc800, 0x0000013e56dca800, 0x0000013e56dcd000, 0x0000013e56dce000,
0x0000013e56dcb800, 0x0000013e56dc8000, 0x0000013e56dcf000, 0x0000013e56dc9000,
0x0000013e56dd1000, 0x0000013e56dcf800, 0x0000013e56dd4800, 0x0000013e56dd6000,
0x0000013e56dd0800, 0x0000013e56dd3000, 0x0000013e56dd3800, 0x0000013e56dd2000,
0x0000013e56dd5800, 0x0000013e56dd7000, 0x0000013e54b5f800, 0x0000013e54b61000,
0x0000013e54b60800, 0x0000013e54b62000, 0x0000013e54b63000, 0x0000013e54b63800,
0x0000013e54b5e000, 0x0000013e54b64800, 0x0000013e54b5e800, 0x0000013e54b68800,
0x0000013e54b65000, 0x0000013e54b6a000, 0x0000013e54b66000, 0x0000013e54b6c800,
0x0000013e54b67800, 0x0000013e54b67000, 0x0000013e54b69800, 0x0000013e54b6b800,
0x0000013e54b6b000, 0x0000013e59c24800, 0x0000013e59c27000, 0x0000013e59c25800,
0x0000013e59c22000, 0x0000013e59c23000, 0x0000013e59c28800, 0x0000013e59c28000,
0x0000013e59c24000, 0x0000013e59c26800, 0x0000013e54b01000, 0x0000013e54b02000,
0x0000013e54b02800, 0x0000013e54aff800, 0x0000013e54b03800, 0x0000013e54b04800,
0x0000013e54b05000, 0x0000013e54b00800, 0x0000013e54b06000, 0x0000013e59bdb000,
0x0000013e59bd5800, 0x0000013e59bdc000, 0x0000013e59bd7000, 0x0000013e59bd7800,
0x0000013e59bd6000, 0x0000013e59bdd800, 0x0000013e59bdc800, 0x0000013e59bd8800,
0x0000013e59bde800, 0x0000013e59bdf000, 0x0000013e59bd9800, 0x0000013e59bda000,
0x0000013e59be0800, 0x0000013e59be4000, 0x0000013e59be1800, 0x0000013e59be0000,
0x0000013e59be2800, 0x0000013e59be3000, 0x0000013e50119000, 0x0000013e50117800,
0x0000013e5011b800, 0x0000013e5011a000, 0x0000013e50116800, 0x0000013e50118800,
0x0000013e50120800, 0x0000013e5011c800, 0x0000013e5011d000, 0x0000013e5011b000,
0x0000013e50122000, 0x0000013e50123000, 0x0000013e5011e000, 0x0000013e50124000,
0x0000013e50121800, 0x0000013e50124800, 0x0000013e5011f000, 0x0000013e50125800,
0x0000013e5011f800, 0x0000013e5707b800, 0x0000013e5707f800, 0x0000013e5707d000,
0x0000013e57080000
}

Java Threads: ( => current thread )
  0x0000013e336da800 JavaThread "main" [_thread_blocked, id=2536, stack(0x00000007ae700000,0x00000007ae800000)]
  0x0000013e4f8f1800 JavaThread "Reference Handler" daemon [_thread_blocked, id=3480, stack(0x00000007aee00000,0x00000007aef00000)]
  0x0000013e4f8fd000 JavaThread "Finalizer" daemon [_thread_blocked, id=12668, stack(0x00000007aef00000,0x00000007af000000)]
  0x0000013e4f94b000 JavaThread "Signal Dispatcher" daemon [_thread_blocked, id=8568, stack(0x00000007af000000,0x00000007af100000)]
  0x0000013e4f94d000 JavaThread "Attach Listener" daemon [_thread_blocked, id=8132, stack(0x00000007af100000,0x00000007af200000)]
  0x0000013e4f94f000 JavaThread "C2 CompilerThread0" daemon [_thread_in_native, id=1264, stack(0x00000007af200000,0x00000007af300000)]
  0x0000013e4f952000 JavaThread "C1 CompilerThread0" daemon [_thread_blocked, id=11348, stack(0x00000007af300000,0x00000007af400000)]
  0x0000013e4f0ed000 JavaThread "Sweeper thread" daemon [_thread_blocked, id=8252, stack(0x00000007af400000,0x00000007af500000)]
  0x0000013e4fab5800 JavaThread "Common-Cleaner" daemon [_thread_blocked, id=12140, stack(0x00000007af500000,0x00000007af600000)]
  0x0000013e4fabe000 JavaThread "Service Thread" daemon [_thread_blocked, id=3324, stack(0x00000007af600000,0x00000007af700000)]
  0x0000013e5123a800 JavaThread "Daemon health stats" [_thread_blocked, id=11964, stack(0x00000007afc00000,0x00000007afd00000)]
  0x0000013e50c1b800 JavaThread "Incoming local TCP Connector on port 57938" [_thread_in_native, id=3200, stack(0x00000007afe00000,0x00000007aff00000)]
  0x0000013e5062f800 JavaThread "Daemon periodic checks" [_thread_blocked, id=3848, stack(0x00000007aff00000,0x00000007b0000000)]
  0x0000013e51b8a000 JavaThread "Cache worker for file hash cache (C:\Users\asus\Desktop\JavaLearning\caches\6.7.1\fileHashes)" [_thread_blocked, id=10472, stack(0x00000007b0800000,0x00000007b0900000)]
  0x0000013e51b8b800 JavaThread "File lock request listener" [_thread_in_native, id=10196, stack(0x00000007b0900000,0x00000007b0a00000)]
  0x0000013e51b89000 JavaThread "Cache worker for journal cache (C:\Users\asus\Desktop\JavaLearning\caches\journal-1)" [_thread_blocked, id=10628, stack(0x00000007b0a00000,0x00000007b0b00000)]
  0x0000013e543ee000 JavaThread "Cache worker for execution history cache (C:\Users\asus\Desktop\JavaLearning\caches\6.7.1\executionHistory)" [_thread_blocked, id=1448, stack(0x00000007b2400000,0x00000007b2500000)]
  0x0000013e543ef000 JavaThread "Cache worker for file content cache (C:\Users\asus\Desktop\JavaLearning\caches\6.7.1\fileContent)" [_thread_blocked, id=10088, stack(0x00000007b2500000,0x00000007b2600000)]
  0x0000013e541cf000 JavaThread "Memory manager" [_thread_blocked, id=8188, stack(0x00000007b8c00000,0x00000007b8d00000)]
  0x0000013e541cc000 JavaThread "Daemon Thread 5" [_thread_blocked, id=13428, stack(0x00000007ae400000,0x00000007ae500000)]
  0x0000013e541cc800 JavaThread "Handler for socket connection from /127.0.0.1:57938 to /127.0.0.1:58328" [_thread_in_native, id=9044, stack(0x00000007ae500000,0x00000007ae600000)]
  0x0000013e541c7000 JavaThread "Cancel handler" [_thread_blocked, id=368, stack(0x00000007ae600000,0x00000007ae700000)]
  0x0000013e541ca800 JavaThread "Daemon worker Thread 5" [_thread_in_Java, id=220, stack(0x00000007af800000,0x00000007af900000)]
  0x0000013e541cd800 JavaThread "Asynchronous log dispatcher for DefaultDaemonConnection: socket connection from /127.0.0.1:57938 to /127.0.0.1:58328" [_thread_blocked, id=3812, stack(0x00000007afd00000,0x00000007afe00000)]
  0x0000013e541c8000 JavaThread "Stdin handler" [_thread_blocked, id=12840, stack(0x00000007b0000000,0x00000007b0100000)]
  0x0000013e541ce800 JavaThread "Thread-550" [_thread_blocked, id=3288, stack(0x00000007b0100000,0x00000007b0200000)]
  0x0000013e541c8800 JavaThread "Cache worker for file hash cache (C:\Users\asus\Desktop\MyNotebookProject\.gradle\6.7.1\fileHashes)" [_thread_blocked, id=8288, stack(0x00000007b0200000,0x00000007b0300000)]
  0x0000013e541c9800 JavaThread "Cache worker for checksums cache (C:\Users\asus\Desktop\MyNotebookProject\.gradle\checksums)" [_thread_blocked, id=11040, stack(0x00000007b0300000,0x00000007b0400000)]
  0x0000013e541d0000 JavaThread "Cache worker for cache directory md-supplier (C:\Users\asus\Desktop\JavaLearning\caches\6.7.1\md-supplier)" [_thread_blocked, id=13904, stack(0x00000007b0400000,0x00000007b0500000)]
  0x0000013e541d1000 JavaThread "Cache worker for cache directory md-rule (C:\Users\asus\Desktop\JavaLearning\caches\6.7.1\md-rule)" [_thread_blocked, id=11332, stack(0x00000007b0500000,0x00000007b0600000)]
  0x0000013e541cb000 JavaThread "Cache worker for Build Output Cleanup Cache (C:\Users\asus\Desktop\MyNotebookProject\.gradle\buildOutputCleanup)" [_thread_blocked, id=14656, stack(0x00000007b0600000,0x00000007b0700000)]
=>0x0000013e541d5800 JavaThread "C2 CompilerThread1" daemon [_thread_in_native, id=9388, stack(0x00000007b0700000,0x00000007b0800000)]
  0x0000013e541d1800 JavaThread "Build operations" [_thread_blocked, id=13812, stack(0x00000007b0b00000,0x00000007b0c00000)]
  0x0000013e541d3800 JavaThread "Build operations Thread 2" [_thread_blocked, id=10852, stack(0x00000007b0c00000,0x00000007b0d00000)]
  0x0000013e541d4000 JavaThread "Build operations Thread 3" [_thread_blocked, id=9644, stack(0x00000007b0d00000,0x00000007b0e00000)]
  0x0000013e543f2000 JavaThread "Build operations Thread 4" [_thread_blocked, id=14028, stack(0x00000007b0e00000,0x00000007b0f00000)]
  0x0000013e543f3000 JavaThread "jar transforms Thread 469" [_thread_blocked, id=8164, stack(0x00000007b0f00000,0x00000007b1000000)]
  0x0000013e543ed800 JavaThread "jar transforms Thread 470" [_thread_blocked, id=11080, stack(0x00000007b1000000,0x00000007b1100000)]
  0x0000013e543f8000 JavaThread "jar transforms Thread 471" [_thread_blocked, id=7580, stack(0x00000007b1100000,0x00000007b1200000)]
  0x0000013e543f4000 JavaThread "jar transforms Thread 472" [_thread_blocked, id=2408, stack(0x00000007b1200000,0x00000007b1300000)]
  0x0000013e543f5800 JavaThread "jar transforms Thread 473" [_thread_blocked, id=7532, stack(0x00000007b1300000,0x00000007b1400000)]
  0x0000013e543f9000 JavaThread "jar transforms Thread 474" [_thread_blocked, id=10268, stack(0x00000007b1400000,0x00000007b1500000)]
  0x0000013e543f4800 JavaThread "jar transforms Thread 475" [_thread_blocked, id=9544, stack(0x00000007b1500000,0x00000007b1600000)]
  0x0000013e543f9800 JavaThread "jar transforms Thread 476" [_thread_blocked, id=13116, stack(0x00000007b1600000,0x00000007b1700000)]
  0x0000013e543fb000 JavaThread "jar transforms Thread 477" [_thread_blocked, id=5376, stack(0x00000007b1700000,0x00000007b1800000)]
  0x0000013e543fc000 JavaThread "jar transforms Thread 478" [_thread_blocked, id=1372, stack(0x00000007b1800000,0x00000007b1900000)]
  0x0000013e543f7000 JavaThread "jar transforms Thread 479" [_thread_blocked, id=9864, stack(0x00000007b1900000,0x00000007b1a00000)]
  0x0000013e543fa800 JavaThread "jar transforms Thread 480" [_thread_blocked, id=10424, stack(0x00000007b1a00000,0x00000007b1b00000)]
  0x0000013e543f6800 JavaThread "jar transforms Thread 481" [_thread_blocked, id=5196, stack(0x00000007b1b00000,0x00000007b1c00000)]
  0x0000013e51b87800 JavaThread "jar transforms Thread 482" [_thread_blocked, id=11492, stack(0x00000007b1c00000,0x00000007b1d00000)]
  0x0000013e51b86800 JavaThread "jar transforms Thread 483" [_thread_blocked, id=6628, stack(0x00000007b1d00000,0x00000007b1e00000)]
  0x0000013e51b8a800 JavaThread "jar transforms Thread 484" [_thread_blocked, id=9372, stack(0x00000007b1e00000,0x00000007b1f00000)]
  0x0000013e51b86000 JavaThread "jar transforms Thread 485" [_thread_blocked, id=6788, stack(0x00000007b1f00000,0x00000007b2000000)]
  0x0000013e51b8c800 JavaThread "jar transforms Thread 486" [_thread_blocked, id=13016, stack(0x00000007b2000000,0x00000007b2100000)]
  0x0000013e51b88000 JavaThread "jar transforms Thread 487" [_thread_blocked, id=10172, stack(0x00000007b2100000,0x00000007b2200000)]
  0x0000013e56dca000 JavaThread "jar transforms Thread 488" [_thread_blocked, id=2812, stack(0x00000007b2200000,0x00000007b2300000)]
  0x0000013e56dcc800 JavaThread "jar transforms Thread 489" [_thread_blocked, id=10148, stack(0x00000007b2300000,0x00000007b2400000)]
  0x0000013e56dca800 JavaThread "jar transforms Thread 490" [_thread_blocked, id=8004, stack(0x00000007b2600000,0x00000007b2700000)]
  0x0000013e56dcd000 JavaThread "jar transforms Thread 491" [_thread_blocked, id=14832, stack(0x00000007b2700000,0x00000007b2800000)]
  0x0000013e56dce000 JavaThread "jar transforms Thread 492" [_thread_blocked, id=14412, stack(0x00000007b2800000,0x00000007b2900000)]
  0x0000013e56dcb800 JavaThread "jar transforms Thread 493" [_thread_blocked, id=13444, stack(0x00000007b2900000,0x00000007b2a00000)]
  0x0000013e56dc8000 JavaThread "jar transforms Thread 494" [_thread_blocked, id=13172, stack(0x00000007b2a00000,0x00000007b2b00000)]
  0x0000013e56dcf000 JavaThread "jar transforms Thread 495" [_thread_blocked, id=12364, stack(0x00000007b2b00000,0x00000007b2c00000)]
  0x0000013e56dc9000 JavaThread "jar transforms Thread 496" [_thread_blocked, id=11612, stack(0x00000007b2c00000,0x00000007b2d00000)]
  0x0000013e56dd1000 JavaThread "jar transforms Thread 497" [_thread_blocked, id=11456, stack(0x00000007b2d00000,0x00000007b2e00000)]
  0x0000013e56dcf800 JavaThread "jar transforms Thread 498" [_thread_blocked, id=10696, stack(0x00000007b2e00000,0x00000007b2f00000)]
  0x0000013e56dd4800 JavaThread "jar transforms Thread 499" [_thread_blocked, id=7116, stack(0x00000007b2f00000,0x00000007b3000000)]
  0x0000013e56dd6000 JavaThread "jar transforms Thread 500" [_thread_blocked, id=5436, stack(0x00000007b3000000,0x00000007b3100000)]
  0x0000013e56dd0800 JavaThread "jar transforms Thread 501" [_thread_blocked, id=9764, stack(0x00000007b3100000,0x00000007b3200000)]
  0x0000013e56dd3000 JavaThread "jar transforms Thread 502" [_thread_blocked, id=15344, stack(0x00000007b3200000,0x00000007b3300000)]
  0x0000013e56dd3800 JavaThread "jar transforms Thread 503" [_thread_blocked, id=10108, stack(0x00000007b3300000,0x00000007b3400000)]
  0x0000013e56dd2000 JavaThread "jar transforms Thread 504" [_thread_blocked, id=15216, stack(0x00000007b3400000,0x00000007b3500000)]
  0x0000013e56dd5800 JavaThread "jar transforms Thread 505" [_thread_blocked, id=10644, stack(0x00000007b3500000,0x00000007b3600000)]
  0x0000013e56dd7000 JavaThread "jar transforms Thread 506" [_thread_blocked, id=13240, stack(0x00000007b3600000,0x00000007b3700000)]
  0x0000013e54b5f800 JavaThread "jar transforms Thread 507" [_thread_blocked, id=13792, stack(0x00000007b3700000,0x00000007b3800000)]
  0x0000013e54b61000 JavaThread "jar transforms Thread 508" [_thread_blocked, id=12952, stack(0x00000007b3800000,0x00000007b3900000)]
  0x0000013e54b60800 JavaThread "jar transforms Thread 509" [_thread_blocked, id=9264, stack(0x00000007b3900000,0x00000007b3a00000)]
  0x0000013e54b62000 JavaThread "jar transforms Thread 510" [_thread_blocked, id=9148, stack(0x00000007b3a00000,0x00000007b3b00000)]
  0x0000013e54b63000 JavaThread "jar transforms Thread 511" [_thread_blocked, id=5792, stack(0x00000007b3b00000,0x00000007b3c00000)]
  0x0000013e54b63800 JavaThread "jar transforms Thread 512" [_thread_blocked, id=11516, stack(0x00000007b3c00000,0x00000007b3d00000)]
  0x0000013e54b5e000 JavaThread "jar transforms Thread 513" [_thread_blocked, id=5488, stack(0x00000007b3d00000,0x00000007b3e00000)]
  0x0000013e54b64800 JavaThread "jar transforms Thread 514" [_thread_blocked, id=3064, stack(0x00000007b3e00000,0x00000007b3f00000)]
  0x0000013e54b5e800 JavaThread "jar transforms Thread 515" [_thread_blocked, id=12392, stack(0x00000007b3f00000,0x00000007b4000000)]
  0x0000013e54b68800 JavaThread "jar transforms Thread 516" [_thread_blocked, id=6444, stack(0x00000007b4000000,0x00000007b4100000)]
  0x0000013e54b65000 JavaThread "jar transforms Thread 517" [_thread_blocked, id=13000, stack(0x00000007b4100000,0x00000007b4200000)]
  0x0000013e54b6a000 JavaThread "jar transforms Thread 518" [_thread_blocked, id=10992, stack(0x00000007b4200000,0x00000007b4300000)]
  0x0000013e54b66000 JavaThread "jar transforms Thread 519" [_thread_blocked, id=15184, stack(0x00000007b4300000,0x00000007b4400000)]
  0x0000013e54b6c800 JavaThread "jar transforms Thread 520" [_thread_blocked, id=876, stack(0x00000007b4400000,0x00000007b4500000)]
  0x0000013e54b67800 JavaThread "jar transforms Thread 521" [_thread_blocked, id=12928, stack(0x00000007b4500000,0x00000007b4600000)]
  0x0000013e54b67000 JavaThread "jar transforms Thread 522" [_thread_blocked, id=13108, stack(0x00000007b4600000,0x00000007b4700000)]
  0x0000013e54b69800 JavaThread "jar transforms Thread 523" [_thread_blocked, id=12912, stack(0x00000007b4700000,0x00000007b4800000)]
  0x0000013e54b6b800 JavaThread "jar transforms Thread 524" [_thread_blocked, id=14064, stack(0x00000007b4800000,0x00000007b4900000)]
  0x0000013e54b6b000 JavaThread "jar transforms Thread 525" [_thread_blocked, id=10256, stack(0x00000007b4900000,0x00000007b4a00000)]
  0x0000013e59c24800 JavaThread "jar transforms Thread 526" [_thread_blocked, id=7480, stack(0x00000007b4a00000,0x00000007b4b00000)]
  0x0000013e59c27000 JavaThread "jar transforms Thread 527" [_thread_blocked, id=5760, stack(0x00000007b4b00000,0x00000007b4c00000)]
  0x0000013e59c25800 JavaThread "jar transforms Thread 528" [_thread_blocked, id=6928, stack(0x00000007b4c00000,0x00000007b4d00000)]
  0x0000013e59c22000 JavaThread "jar transforms Thread 529" [_thread_blocked, id=12120, stack(0x00000007b4d00000,0x00000007b4e00000)]
  0x0000013e59c23000 JavaThread "jar transforms Thread 530" [_thread_blocked, id=10072, stack(0x00000007b4e00000,0x00000007b4f00000)]
  0x0000013e59c28800 JavaThread "jar transforms Thread 531" [_thread_blocked, id=11488, stack(0x00000007b4f00000,0x00000007b5000000)]
  0x0000013e59c28000 JavaThread "jar transforms Thread 532" [_thread_blocked, id=13332, stack(0x00000007b5000000,0x00000007b5100000)]
  0x0000013e59c24000 JavaThread "jar transforms Thread 533" [_thread_blocked, id=14228, stack(0x00000007b5100000,0x00000007b5200000)]
  0x0000013e59c26800 JavaThread "jar transforms Thread 534" [_thread_blocked, id=12184, stack(0x00000007b5200000,0x00000007b5300000)]
  0x0000013e54b01000 JavaThread "jar transforms Thread 535" [_thread_blocked, id=14440, stack(0x00000007b5300000,0x00000007b5400000)]
  0x0000013e54b02000 JavaThread "jar transforms Thread 536" [_thread_blocked, id=7876, stack(0x00000007b5400000,0x00000007b5500000)]
  0x0000013e54b02800 JavaThread "jar transforms Thread 537" [_thread_blocked, id=12948, stack(0x00000007b5500000,0x00000007b5600000)]
  0x0000013e54aff800 JavaThread "jar transforms Thread 538" [_thread_blocked, id=12316, stack(0x00000007b5600000,0x00000007b5700000)]
  0x0000013e54b03800 JavaThread "jar transforms Thread 539" [_thread_blocked, id=13452, stack(0x00000007b5700000,0x00000007b5800000)]
  0x0000013e54b04800 JavaThread "jar transforms Thread 540" [_thread_blocked, id=11924, stack(0x00000007b5800000,0x00000007b5900000)]
  0x0000013e54b05000 JavaThread "jar transforms Thread 541" [_thread_blocked, id=10660, stack(0x00000007b5900000,0x00000007b5a00000)]
  0x0000013e54b00800 JavaThread "jar transforms Thread 542" [_thread_blocked, id=2064, stack(0x00000007b5a00000,0x00000007b5b00000)]
  0x0000013e54b06000 JavaThread "jar transforms Thread 543" [_thread_blocked, id=7660, stack(0x00000007b5b00000,0x00000007b5c00000)]
  0x0000013e59bdb000 JavaThread "jar transforms Thread 544" [_thread_blocked, id=12784, stack(0x00000007b5c00000,0x00000007b5d00000)]
  0x0000013e59bd5800 JavaThread "jar transforms Thread 545" [_thread_blocked, id=6900, stack(0x00000007b5d00000,0x00000007b5e00000)]
  0x0000013e59bdc000 JavaThread "jar transforms Thread 546" [_thread_blocked, id=7172, stack(0x00000007b5e00000,0x00000007b5f00000)]
  0x0000013e59bd7000 JavaThread "jar transforms Thread 547" [_thread_blocked, id=10216, stack(0x00000007b5f00000,0x00000007b6000000)]
  0x0000013e59bd7800 JavaThread "jar transforms Thread 548" [_thread_blocked, id=8480, stack(0x00000007b6000000,0x00000007b6100000)]
  0x0000013e59bd6000 JavaThread "jar transforms Thread 549" [_thread_blocked, id=14764, stack(0x00000007b6100000,0x00000007b6200000)]
  0x0000013e59bdd800 JavaThread "jar transforms Thread 550" [_thread_blocked, id=2840, stack(0x00000007b6200000,0x00000007b6300000)]
  0x0000013e59bdc800 JavaThread "jar transforms Thread 551" [_thread_blocked, id=8912, stack(0x00000007b6300000,0x00000007b6400000)]
  0x0000013e59bd8800 JavaThread "jar transforms Thread 552" [_thread_blocked, id=15048, stack(0x00000007b6400000,0x00000007b6500000)]
  0x0000013e59bde800 JavaThread "jar transforms Thread 553" [_thread_blocked, id=5320, stack(0x00000007b6500000,0x00000007b6600000)]
  0x0000013e59bdf000 JavaThread "jar transforms Thread 554" [_thread_blocked, id=13344, stack(0x00000007b6600000,0x00000007b6700000)]
  0x0000013e59bd9800 JavaThread "jar transforms Thread 555" [_thread_blocked, id=6840, stack(0x00000007b6700000,0x00000007b6800000)]
  0x0000013e59bda000 JavaThread "jar transforms Thread 556" [_thread_blocked, id=2680, stack(0x00000007b6800000,0x00000007b6900000)]
  0x0000013e59be0800 JavaThread "jar transforms Thread 557" [_thread_blocked, id=13880, stack(0x00000007b6900000,0x00000007b6a00000)]
  0x0000013e59be4000 JavaThread "jar transforms Thread 558" [_thread_blocked, id=11324, stack(0x00000007b6a00000,0x00000007b6b00000)]
  0x0000013e59be1800 JavaThread "jar transforms Thread 559" [_thread_blocked, id=14704, stack(0x00000007b6b00000,0x00000007b6c00000)]
  0x0000013e59be0000 JavaThread "jar transforms Thread 560" [_thread_blocked, id=1416, stack(0x00000007b6c00000,0x00000007b6d00000)]
  0x0000013e59be2800 JavaThread "jar transforms Thread 561" [_thread_blocked, id=5984, stack(0x00000007b6d00000,0x00000007b6e00000)]
  0x0000013e59be3000 JavaThread "jar transforms Thread 562" [_thread_blocked, id=8256, stack(0x00000007b6e00000,0x00000007b6f00000)]
  0x0000013e50119000 JavaThread "jar transforms Thread 563" [_thread_blocked, id=8876, stack(0x00000007b6f00000,0x00000007b7000000)]
  0x0000013e50117800 JavaThread "jar transforms Thread 564" [_thread_blocked, id=14216, stack(0x00000007b7000000,0x00000007b7100000)]
  0x0000013e5011b800 JavaThread "jar transforms Thread 565" [_thread_blocked, id=13872, stack(0x00000007b7100000,0x00000007b7200000)]
  0x0000013e5011a000 JavaThread "jar transforms Thread 566" [_thread_blocked, id=11696, stack(0x00000007b7200000,0x00000007b7300000)]
  0x0000013e50116800 JavaThread "jar transforms Thread 567" [_thread_blocked, id=8892, stack(0x00000007b7300000,0x00000007b7400000)]
  0x0000013e50118800 JavaThread "jar transforms Thread 568" [_thread_blocked, id=10324, stack(0x00000007b7400000,0x00000007b7500000)]
  0x0000013e50120800 JavaThread "jar transforms Thread 569" [_thread_blocked, id=11780, stack(0x00000007b7500000,0x00000007b7600000)]
  0x0000013e5011c800 JavaThread "jar transforms Thread 570" [_thread_blocked, id=14372, stack(0x00000007b7600000,0x00000007b7700000)]
  0x0000013e5011d000 JavaThread "jar transforms Thread 571" [_thread_blocked, id=14576, stack(0x00000007b7700000,0x00000007b7800000)]
  0x0000013e5011b000 JavaThread "jar transforms Thread 572" [_thread_blocked, id=13696, stack(0x00000007b7800000,0x00000007b7900000)]
  0x0000013e50122000 JavaThread "jar transforms Thread 573" [_thread_blocked, id=14392, stack(0x00000007b7900000,0x00000007b7a00000)]
  0x0000013e50123000 JavaThread "jar transforms Thread 574" [_thread_blocked, id=11820, stack(0x00000007b7a00000,0x00000007b7b00000)]
  0x0000013e5011e000 JavaThread "jar transforms Thread 575" [_thread_blocked, id=10064, stack(0x00000007b7b00000,0x00000007b7c00000)]
  0x0000013e50124000 JavaThread "jar transforms Thread 576" [_thread_blocked, id=3744, stack(0x00000007b7c00000,0x00000007b7d00000)]
  0x0000013e50121800 JavaThread "jar transforms Thread 577" [_thread_blocked, id=13496, stack(0x00000007b7d00000,0x00000007b7e00000)]
  0x0000013e50124800 JavaThread "jar transforms Thread 578" [_thread_blocked, id=12700, stack(0x00000007b7e00000,0x00000007b7f00000)]
  0x0000013e5011f000 JavaThread "jar transforms Thread 579" [_thread_blocked, id=124, stack(0x00000007b7f00000,0x00000007b8000000)]
  0x0000013e50125800 JavaThread "jar transforms Thread 580" [_thread_blocked, id=2200, stack(0x00000007b8000000,0x00000007b8100000)]
  0x0000013e5011f800 JavaThread "jar transforms Thread 581" [_thread_blocked, id=6656, stack(0x00000007b8100000,0x00000007b8200000)]
  0x0000013e5707b800 JavaThread "jar transforms Thread 582" [_thread_blocked, id=7156, stack(0x00000007b8200000,0x00000007b8300000)]
  0x0000013e5707f800 JavaThread "jar transforms Thread 583" [_thread_blocked, id=11640, stack(0x00000007b8300000,0x00000007b8400000)]
  0x0000013e5707d000 JavaThread "jar transforms Thread 584" [_thread_blocked, id=10400, stack(0x00000007b8400000,0x00000007b8500000)]
  0x0000013e57080000 JavaThread "jar transforms Thread 585" [_thread_blocked, id=11944, stack(0x00000007b8500000,0x00000007b8600000)]

Other Threads:
  0x0000013e4f0d2000 VMThread "VM Thread" [stack: 0x00000007aed00000,0x00000007aee00000] [id=6344]
  0x0000013e4fabf000 WatcherThread [stack: 0x00000007af700000,0x00000007af800000] [id=644]
  0x0000013e336f4800 GCTaskThread "GC Thread#0" [stack: 0x00000007ae800000,0x00000007ae900000] [id=9052]
  0x0000013e502a0800 GCTaskThread "GC Thread#1" [stack: 0x00000007af900000,0x00000007afa00000] [id=10888]
  0x0000013e5020f000 GCTaskThread "GC Thread#2" [stack: 0x00000007afa00000,0x00000007afb00000] [id=6884]
  0x0000013e500d5000 GCTaskThread "GC Thread#3" [stack: 0x00000007afb00000,0x00000007afc00000] [id=5500]
  0x0000013e33725000 ConcurrentGCThread "G1 Main Marker" [stack: 0x00000007ae900000,0x00000007aea00000] [id=14424]
  0x0000013e33728800 ConcurrentGCThread "G1 Conc#0" [stack: 0x00000007aea00000,0x00000007aeb00000] [id=12580]
  0x0000013e4ef24800 ConcurrentGCThread "G1 Refine#0" [stack: 0x00000007aeb00000,0x00000007aec00000] [id=1616]
  0x0000013e55ea8800 ConcurrentGCThread "G1 Refine#1" [stack: 0x00000007b8b00000,0x00000007b8c00000] [id=5244]
  0x0000013e337be000 ConcurrentGCThread "G1 Young RemSet Sampling" [stack: 0x00000007aec00000,0x00000007aed00000] [id=6972]

Threads with active compile tasks:
C2 CompilerThread07864909 15939       4       org.gradle.internal.operations.DefaultBuildOperationRunner::execute (140 bytes)
C2 CompilerThread17864909 15904       4       org.gradle.internal.fingerprint.classpath.impl.ClasspathFingerprintingStrategy$ClasspathContentFingerprintingVisitor::visitFile (69 bytes)

VM state:not at safepoint (normal execution)

VM Mutex/Monitor currently owned by a thread: None

Heap address: 0x0000000080000000, size: 2048 MB, Compressed Oops mode: 32-bit
Narrow klass base: 0x0000000000000000, Narrow klass shift: 3
Compressed class space size: 1073741824 Address: 0x0000000100000000

Heap:
 garbage-first heap   total 284672K, used 150528K [0x0000000080000000, 0x0000000100000000)
  region size 1024K, 46 young (47104K), 6 survivors (6144K)
 Metaspace       used 113658K, capacity 116682K, committed 117000K, reserved 1150976K
  class space    used 14069K, capacity 15103K, committed 15184K, reserved 1048576K
Heap Regions: E=young(eden), S=young(survivor), O=old, HS=humongous(starts), HC=humongous(continues), CS=collection set, F=free, A=archive, TAMS=top-at-mark-start (previous, next)
|   0|0x0000000080000000, 0x0000000080100000, 0x0000000080100000|100%| O|  |TAMS 0x0000000080100000, 0x0000000080000000| Untracked 
|   1|0x0000000080100000, 0x0000000080200000, 0x0000000080200000|100%| O|  |TAMS 0x0000000080200000, 0x0000000080100000| Untracked 
|   2|0x0000000080200000, 0x0000000080300000, 0x0000000080300000|100%| O|  |TAMS 0x0000000080300000, 0x0000000080200000| Untracked 
|   3|0x0000000080300000, 0x0000000080400000, 0x0000000080400000|100%|HS|  |TAMS 0x0000000080400000, 0x0000000080300000| Complete 
|   4|0x0000000080400000, 0x0000000080500000, 0x0000000080500000|100%|HC|  |TAMS 0x0000000080500000, 0x0000000080400000| Complete 
|   5|0x0000000080500000, 0x0000000080600000, 0x0000000080600000|100%|HC|  |TAMS 0x0000000080600000, 0x0000000080500000| Complete 
|   6|0x0000000080600000, 0x0000000080700000, 0x0000000080700000|100%| O|  |TAMS 0x0000000080700000, 0x0000000080600000| Untracked 
|   7|0x0000000080700000, 0x0000000080800000, 0x0000000080800000|100%| O|  |TAMS 0x0000000080800000, 0x0000000080700000| Untracked 
|   8|0x0000000080800000, 0x0000000080900000, 0x0000000080900000|100%| O|  |TAMS 0x0000000080900000, 0x0000000080800000| Untracked 
|   9|0x0000000080900000, 0x0000000080a00000, 0x0000000080a00000|100%| O|  |TAMS 0x0000000080a00000, 0x0000000080900000| Untracked 
|  10|0x0000000080a00000, 0x0000000080b00000, 0x0000000080b00000|100%| O|  |TAMS 0x0000000080b00000, 0x0000000080a00000| Untracked 
|  11|0x0000000080b00000, 0x0000000080c00000, 0x0000000080c00000|100%| O|  |TAMS 0x0000000080c00000, 0x0000000080b00000| Untracked 
|  12|0x0000000080c00000, 0x0000000080d00000, 0x0000000080d00000|100%| O|  |TAMS 0x0000000080d00000, 0x0000000080c00000| Untracked 
|  13|0x0000000080d00000, 0x0000000080e00000, 0x0000000080e00000|100%| O|  |TAMS 0x0000000080e00000, 0x0000000080d00000| Untracked 
|  14|0x0000000080e00000, 0x0000000080f00000, 0x0000000080f00000|100%|HS|  |TAMS 0x0000000080f00000, 0x0000000080e00000| Complete 
|  15|0x0000000080f00000, 0x0000000081000000, 0x0000000081000000|100%|HC|  |TAMS 0x0000000081000000, 0x0000000080f00000| Complete 
|  16|0x0000000081000000, 0x0000000081100000, 0x0000000081100000|100%|HS|  |TAMS 0x0000000081100000, 0x0000000081000000| Complete 
|  17|0x0000000081100000, 0x0000000081200000, 0x0000000081200000|100%|HC|  |TAMS 0x0000000081200000, 0x0000000081100000| Complete 
|  18|0x0000000081200000, 0x0000000081300000, 0x0000000081300000|100%|HC|  |TAMS 0x0000000081300000, 0x0000000081200000| Complete 
|  19|0x0000000081300000, 0x0000000081400000, 0x0000000081400000|100%|HS|  |TAMS 0x0000000081400000, 0x0000000081300000| Complete 
|  20|0x0000000081400000, 0x0000000081500000, 0x0000000081500000|100%|HC|  |TAMS 0x0000000081500000, 0x0000000081400000| Complete 
|  21|0x0000000081500000, 0x0000000081600000, 0x0000000081600000|100%|HC|  |TAMS 0x0000000081600000, 0x0000000081500000| Complete 
|  22|0x0000000081600000, 0x0000000081700000, 0x0000000081700000|100%|HC|  |TAMS 0x0000000081700000, 0x0000000081600000| Complete 
|  23|0x0000000081700000, 0x0000000081800000, 0x0000000081800000|100%| O|  |TAMS 0x0000000081800000, 0x0000000081700000| Untracked 
|  24|0x0000000081800000, 0x0000000081900000, 0x0000000081900000|100%| O|  |TAMS 0x0000000081900000, 0x0000000081800000| Untracked 
|  25|0x0000000081900000, 0x0000000081a00000, 0x0000000081a00000|100%|HS|  |TAMS 0x0000000081a00000, 0x0000000081900000| Complete 
|  26|0x0000000081a00000, 0x0000000081b00000, 0x0000000081b00000|100%|HS|  |TAMS 0x0000000081b00000, 0x0000000081a00000| Complete 
|  27|0x0000000081b00000, 0x0000000081c00000, 0x0000000081c00000|100%|HC|  |TAMS 0x0000000081c00000, 0x0000000081b00000| Complete 
|  28|0x0000000081c00000, 0x0000000081d00000, 0x0000000081d00000|100%|HS|  |TAMS 0x0000000081d00000, 0x0000000081c00000| Complete 
|  29|0x0000000081d00000, 0x0000000081e00000, 0x0000000081e00000|100%|HC|  |TAMS 0x0000000081e00000, 0x0000000081d00000| Complete 
|  30|0x0000000081e00000, 0x0000000081f00000, 0x0000000081f00000|100%|HC|  |TAMS 0x0000000081f00000, 0x0000000081e00000| Complete 
|  31|0x0000000081f00000, 0x0000000082000000, 0x0000000082000000|100%|HC|  |TAMS 0x0000000082000000, 0x0000000081f00000| Complete 
|  32|0x0000000082000000, 0x0000000082100000, 0x0000000082100000|100%|HS|  |TAMS 0x0000000082100000, 0x0000000082000000| Complete 
|  33|0x0000000082100000, 0x0000000082200000, 0x0000000082200000|100%|HC|  |TAMS 0x0000000082200000, 0x0000000082100000| Complete 
|  34|0x0000000082200000, 0x0000000082300000, 0x0000000082300000|100%|HC|  |TAMS 0x0000000082300000, 0x0000000082200000| Complete 
|  35|0x0000000082300000, 0x0000000082400000, 0x0000000082400000|100%| O|  |TAMS 0x0000000082400000, 0x0000000082300000| Untracked 
|  36|0x0000000082400000, 0x0000000082500000, 0x0000000082500000|100%| O|  |TAMS 0x0000000082500000, 0x0000000082400000| Untracked 
|  37|0x0000000082500000, 0x0000000082600000, 0x0000000082600000|100%| O|  |TAMS 0x0000000082600000, 0x0000000082500000| Untracked 
|  38|0x0000000082600000, 0x0000000082700000, 0x0000000082700000|100%| O|  |TAMS 0x0000000082700000, 0x0000000082600000| Untracked 
|  39|0x0000000082700000, 0x0000000082800000, 0x0000000082800000|100%| O|  |TAMS 0x0000000082800000, 0x0000000082700000| Untracked 
|  40|0x0000000082800000, 0x0000000082900000, 0x0000000082900000|100%| O|  |TAMS 0x0000000082900000, 0x0000000082800000| Untracked 
|  41|0x0000000082900000, 0x0000000082a00000, 0x0000000082a00000|100%| O|  |TAMS 0x0000000082a00000, 0x0000000082900000| Untracked 
|  42|0x0000000082a00000, 0x0000000082b00000, 0x0000000082b00000|100%|HS|  |TAMS 0x0000000082b00000, 0x0000000082a00000| Complete 
|  43|0x0000000082b00000, 0x0000000082c00000, 0x0000000082c00000|100%|HC|  |TAMS 0x0000000082c00000, 0x0000000082b00000| Complete 
|  44|0x0000000082c00000, 0x0000000082d00000, 0x0000000082d00000|100%|HC|  |TAMS 0x0000000082d00000, 0x0000000082c00000| Complete 
|  45|0x0000000082d00000, 0x0000000082e00000, 0x0000000082e00000|100%| O|  |TAMS 0x0000000082e00000, 0x0000000082d00000| Untracked 
|  46|0x0000000082e00000, 0x0000000082f00000, 0x0000000082f00000|100%| O|  |TAMS 0x0000000082f00000, 0x0000000082e00000| Untracked 
|  47|0x0000000082f00000, 0x0000000083000000, 0x0000000083000000|100%| O|  |TAMS 0x0000000083000000, 0x0000000082f00000| Untracked 
|  48|0x0000000083000000, 0x0000000083100000, 0x0000000083100000|100%| O|  |TAMS 0x0000000083100000, 0x0000000083000000| Untracked 
|  49|0x0000000083100000, 0x0000000083200000, 0x0000000083200000|100%| O|  |TAMS 0x0000000083200000, 0x0000000083100000| Untracked 
|  50|0x0000000083200000, 0x0000000083300000, 0x0000000083300000|100%| O|  |TAMS 0x0000000083300000, 0x0000000083200000| Untracked 
|  51|0x0000000083300000, 0x0000000083400000, 0x0000000083400000|100%| O|  |TAMS 0x0000000083400000, 0x0000000083300000| Untracked 
|  52|0x0000000083400000, 0x0000000083500000, 0x0000000083500000|100%| O|  |TAMS 0x0000000083500000, 0x0000000083400000| Untracked 
|  53|0x0000000083500000, 0x0000000083600000, 0x0000000083600000|100%| O|  |TAMS 0x0000000083600000, 0x0000000083500000| Untracked 
|  54|0x0000000083600000, 0x0000000083700000, 0x0000000083700000|100%| O|  |TAMS 0x0000000083700000, 0x0000000083600000| Untracked 
|  55|0x0000000083700000, 0x0000000083800000, 0x0000000083800000|100%| O|  |TAMS 0x0000000083800000, 0x0000000083700000| Untracked 
|  56|0x0000000083800000, 0x0000000083900000, 0x0000000083900000|100%| O|  |TAMS 0x0000000083900000, 0x0000000083800000| Untracked 
|  57|0x0000000083900000, 0x0000000083a00000, 0x0000000083a00000|100%| O|  |TAMS 0x0000000083a00000, 0x0000000083900000| Untracked 
|  58|0x0000000083a00000, 0x0000000083b00000, 0x0000000083b00000|100%| O|  |TAMS 0x0000000083b00000, 0x0000000083a00000| Untracked 
|  59|0x0000000083b00000, 0x0000000083c00000, 0x0000000083c00000|100%| O|  |TAMS 0x0000000083c00000, 0x0000000083b00000| Untracked 
|  60|0x0000000083c00000, 0x0000000083d00000, 0x0000000083d00000|100%| O|  |TAMS 0x0000000083d00000, 0x0000000083c00000| Untracked 
|  61|0x0000000083d00000, 0x0000000083e00000, 0x0000000083e00000|100%| O|  |TAMS 0x0000000083e00000, 0x0000000083d00000| Untracked 
|  62|0x0000000083e00000, 0x0000000083f00000, 0x0000000083f00000|100%| O|  |TAMS 0x0000000083f00000, 0x0000000083e00000| Untracked 
|  63|0x0000000083f00000, 0x0000000084000000, 0x0000000084000000|100%| O|  |TAMS 0x0000000084000000, 0x0000000083f00000| Untracked 
|  64|0x0000000084000000, 0x0000000084100000, 0x0000000084100000|100%| O|  |TAMS 0x0000000084100000, 0x0000000084000000| Untracked 
|  65|0x0000000084100000, 0x0000000084200000, 0x0000000084200000|100%| O|  |TAMS 0x0000000084200000, 0x0000000084100000| Untracked 
|  66|0x0000000084200000, 0x0000000084300000, 0x0000000084300000|100%| O|  |TAMS 0x0000000084300000, 0x0000000084200000| Untracked 
|  67|0x0000000084300000, 0x0000000084400000, 0x0000000084400000|100%| O|  |TAMS 0x0000000084400000, 0x0000000084300000| Untracked 
|  68|0x0000000084400000, 0x0000000084500000, 0x0000000084500000|100%| O|  |TAMS 0x0000000084500000, 0x0000000084400000| Untracked 
|  69|0x0000000084500000, 0x0000000084600000, 0x0000000084600000|100%| O|  |TAMS 0x0000000084600000, 0x0000000084500000| Untracked 
|  70|0x0000000084600000, 0x0000000084700000, 0x0000000084700000|100%| O|  |TAMS 0x0000000084700000, 0x0000000084600000| Untracked 
|  71|0x0000000084700000, 0x0000000084800000, 0x0000000084800000|100%| O|  |TAMS 0x0000000084800000, 0x0000000084700000| Untracked 
|  72|0x0000000084800000, 0x0000000084900000, 0x0000000084900000|100%| O|  |TAMS 0x0000000084900000, 0x0000000084800000| Untracked 
|  73|0x0000000084900000, 0x0000000084a00000, 0x0000000084a00000|100%| O|  |TAMS 0x0000000084a00000, 0x0000000084900000| Untracked 
|  74|0x0000000084a00000, 0x0000000084b00000, 0x0000000084b00000|100%| O|  |TAMS 0x0000000084b00000, 0x0000000084a00000| Untracked 
|  75|0x0000000084b00000, 0x0000000084c00000, 0x0000000084c00000|100%| O|  |TAMS 0x0000000084c00000, 0x0000000084b00000| Untracked 
|  76|0x0000000084c00000, 0x0000000084d00000, 0x0000000084d00000|100%| O|  |TAMS 0x0000000084d00000, 0x0000000084c00000| Untracked 
|  77|0x0000000084d00000, 0x0000000084e00000, 0x0000000084e00000|100%| O|  |TAMS 0x0000000084e00000, 0x0000000084d00000| Untracked 
|  78|0x0000000084e00000, 0x0000000084f00000, 0x0000000084f00000|100%| O|  |TAMS 0x0000000084f00000, 0x0000000084e00000| Untracked 
|  79|0x0000000084f00000, 0x0000000085000000, 0x0000000085000000|100%| O|  |TAMS 0x0000000085000000, 0x0000000084f00000| Untracked 
|  80|0x0000000085000000, 0x0000000085100000, 0x0000000085100000|100%| O|  |TAMS 0x0000000085100000, 0x0000000085000000| Untracked 
|  81|0x0000000085100000, 0x0000000085200000, 0x0000000085200000|100%| O|  |TAMS 0x0000000085200000, 0x0000000085100000| Untracked 
|  82|0x0000000085200000, 0x0000000085300000, 0x0000000085300000|100%| O|  |TAMS 0x0000000085300000, 0x0000000085200000| Untracked 
|  83|0x0000000085300000, 0x0000000085400000, 0x0000000085400000|100%| O|  |TAMS 0x0000000085400000, 0x0000000085300000| Untracked 
|  84|0x0000000085400000, 0x0000000085500000, 0x0000000085500000|100%| O|  |TAMS 0x0000000085500000, 0x0000000085400000| Untracked 
|  85|0x0000000085500000, 0x0000000085600000, 0x0000000085600000|100%| O|  |TAMS 0x0000000085600000, 0x0000000085500000| Untracked 
|  86|0x0000000085600000, 0x0000000085700000, 0x0000000085700000|100%| O|  |TAMS 0x0000000085689600, 0x0000000085600000| Untracked 
|  87|0x0000000085700000, 0x0000000085800000, 0x0000000085800000|100%| O|  |TAMS 0x0000000085700000, 0x0000000085700000| Untracked 
|  88|0x0000000085800000, 0x0000000085900000, 0x0000000085900000|100%| O|  |TAMS 0x0000000085800000, 0x0000000085800000| Untracked 
|  89|0x0000000085900000, 0x0000000085a00000, 0x0000000085a00000|100%| O|  |TAMS 0x0000000085900000, 0x0000000085900000| Untracked 
|  90|0x0000000085a00000, 0x0000000085b00000, 0x0000000085b00000|100%| O|  |TAMS 0x0000000085a00000, 0x0000000085a00000| Untracked 
|  91|0x0000000085b00000, 0x0000000085c00000, 0x0000000085c00000|100%| O|  |TAMS 0x0000000085b00000, 0x0000000085b00000| Untracked 
|  92|0x0000000085c00000, 0x0000000085d00000, 0x0000000085d00000|100%| O|  |TAMS 0x0000000085c00000, 0x0000000085c00000| Untracked 
|  93|0x0000000085d00000, 0x0000000085e00000, 0x0000000085e00000|100%| O|  |TAMS 0x0000000085d00000, 0x0000000085d00000| Untracked 
|  94|0x0000000085e00000, 0x0000000085f00000, 0x0000000085f00000|100%| O|  |TAMS 0x0000000085e00000, 0x0000000085e00000| Untracked 
|  95|0x0000000085f00000, 0x0000000086000000, 0x0000000086000000|100%| O|  |TAMS 0x0000000085f00000, 0x0000000085f00000| Untracked 
|  96|0x0000000086000000, 0x0000000086100000, 0x0000000086100000|100%| O|  |TAMS 0x0000000086000000, 0x0000000086000000| Untracked 
|  97|0x0000000086100000, 0x0000000086200000, 0x0000000086200000|100%| O|  |TAMS 0x0000000086100000, 0x0000000086100000| Untracked 
|  98|0x0000000086200000, 0x0000000086300000, 0x0000000086300000|100%| O|  |TAMS 0x0000000086200000, 0x0000000086200000| Untracked 
|  99|0x0000000086300000, 0x0000000086400000, 0x0000000086400000|100%| O|  |TAMS 0x0000000086300000, 0x0000000086300000| Untracked 
| 100|0x0000000086400000, 0x0000000086500000, 0x0000000086500000|100%| O|  |TAMS 0x0000000086400000, 0x0000000086400000| Untracked 
| 101|0x0000000086500000, 0x0000000086600000, 0x0000000086600000|100%| O|  |TAMS 0x0000000086500000, 0x0000000086500000| Untracked 
| 102|0x0000000086600000, 0x0000000086700000, 0x0000000086700000|100%| O|  |TAMS 0x0000000086600000, 0x0000000086600000| Untracked 
| 103|0x0000000086700000, 0x0000000086700000, 0x0000000086800000|  0%| F|  |TAMS 0x0000000086700000, 0x0000000086700000| Untracked 
| 104|0x0000000086800000, 0x0000000086800000, 0x0000000086900000|  0%| F|  |TAMS 0x0000000086800000, 0x0000000086800000| Untracked 
| 105|0x0000000086900000, 0x0000000086900000, 0x0000000086a00000|  0%| F|  |TAMS 0x0000000086900000, 0x0000000086900000| Untracked 
| 106|0x0000000086a00000, 0x0000000086a00000, 0x0000000086b00000|  0%| F|  |TAMS 0x0000000086a00000, 0x0000000086a00000| Untracked 
| 107|0x0000000086b00000, 0x0000000086b00000, 0x0000000086c00000|  0%| F|  |TAMS 0x0000000086b00000, 0x0000000086b00000| Untracked 
| 108|0x0000000086c00000, 0x0000000086c00000, 0x0000000086d00000|  0%| F|  |TAMS 0x0000000086c00000, 0x0000000086c00000| Untracked 
| 109|0x0000000086d00000, 0x0000000086d00000, 0x0000000086e00000|  0%| F|  |TAMS 0x0000000086d00000, 0x0000000086d00000| Untracked 
| 110|0x0000000086e00000, 0x0000000086e00000, 0x0000000086f00000|  0%| F|  |TAMS 0x0000000086e00000, 0x0000000086e00000| Untracked 
| 111|0x0000000086f00000, 0x0000000086f00000, 0x0000000087000000|  0%| F|  |TAMS 0x0000000086f00000, 0x0000000086f00000| Untracked 
| 112|0x0000000087000000, 0x0000000087000000, 0x0000000087100000|  0%| F|  |TAMS 0x0000000087000000, 0x0000000087000000| Untracked 
| 113|0x0000000087100000, 0x0000000087100000, 0x0000000087200000|  0%| F|  |TAMS 0x0000000087100000, 0x0000000087100000| Untracked 
| 114|0x0000000087200000, 0x0000000087200000, 0x0000000087300000|  0%| F|  |TAMS 0x0000000087200000, 0x0000000087200000| Untracked 
| 115|0x0000000087300000, 0x0000000087300000, 0x0000000087400000|  0%| F|  |TAMS 0x0000000087300000, 0x0000000087300000| Untracked 
| 116|0x0000000087400000, 0x0000000087400000, 0x0000000087500000|  0%| F|  |TAMS 0x0000000087400000, 0x0000000087400000| Untracked 
| 117|0x0000000087500000, 0x0000000087500000, 0x0000000087600000|  0%| F|  |TAMS 0x0000000087500000, 0x0000000087500000| Untracked 
| 118|0x0000000087600000, 0x0000000087600000, 0x0000000087700000|  0%| F|  |TAMS 0x0000000087600000, 0x0000000087600000| Untracked 
| 119|0x0000000087700000, 0x0000000087700000, 0x0000000087800000|  0%| F|  |TAMS 0x0000000087700000, 0x0000000087700000| Untracked 
| 120|0x0000000087800000, 0x0000000087800000, 0x0000000087900000|  0%| F|  |TAMS 0x0000000087800000, 0x0000000087800000| Untracked 
| 121|0x0000000087900000, 0x0000000087900000, 0x0000000087a00000|  0%| F|  |TAMS 0x0000000087900000, 0x0000000087900000| Untracked 
| 122|0x0000000087a00000, 0x0000000087a00000, 0x0000000087b00000|  0%| F|  |TAMS 0x0000000087a00000, 0x0000000087a00000| Untracked 
| 123|0x0000000087b00000, 0x0000000087b00000, 0x0000000087c00000|  0%| F|  |TAMS 0x0000000087b00000, 0x0000000087b00000| Untracked 
| 124|0x0000000087c00000, 0x0000000087c00000, 0x0000000087d00000|  0%| F|  |TAMS 0x0000000087c00000, 0x0000000087c00000| Untracked 
| 125|0x0000000087d00000, 0x0000000087d00000, 0x0000000087e00000|  0%| F|  |TAMS 0x0000000087d00000, 0x0000000087d00000| Untracked 
| 126|0x0000000087e00000, 0x0000000087e00000, 0x0000000087f00000|  0%| F|  |TAMS 0x0000000087e00000, 0x0000000087e00000| Untracked 
| 127|0x0000000087f00000, 0x0000000087f00000, 0x0000000088000000|  0%| F|  |TAMS 0x0000000087f00000, 0x0000000087f00000| Untracked 
| 128|0x0000000088000000, 0x0000000088000000, 0x0000000088100000|  0%| F|  |TAMS 0x0000000088000000, 0x0000000088000000| Untracked 
| 129|0x0000000088100000, 0x0000000088100000, 0x0000000088200000|  0%| F|  |TAMS 0x0000000088100000, 0x0000000088100000| Untracked 
| 130|0x0000000088200000, 0x0000000088200000, 0x0000000088300000|  0%| F|  |TAMS 0x0000000088200000, 0x0000000088200000| Untracked 
| 131|0x0000000088300000, 0x0000000088300000, 0x0000000088400000|  0%| F|  |TAMS 0x0000000088300000, 0x0000000088300000| Untracked 
| 132|0x0000000088400000, 0x0000000088400000, 0x0000000088500000|  0%| F|  |TAMS 0x0000000088400000, 0x0000000088400000| Untracked 
| 133|0x0000000088500000, 0x0000000088500000, 0x0000000088600000|  0%| F|  |TAMS 0x0000000088500000, 0x0000000088500000| Untracked 
| 134|0x0000000088600000, 0x0000000088600000, 0x0000000088700000|  0%| F|  |TAMS 0x0000000088600000, 0x0000000088600000| Untracked 
| 135|0x0000000088700000, 0x0000000088700000, 0x0000000088800000|  0%| F|  |TAMS 0x0000000088700000, 0x0000000088700000| Untracked 
| 136|0x0000000088800000, 0x0000000088800000, 0x0000000088900000|  0%| F|  |TAMS 0x0000000088800000, 0x0000000088800000| Untracked 
| 137|0x0000000088900000, 0x0000000088900000, 0x0000000088a00000|  0%| F|  |TAMS 0x0000000088900000, 0x0000000088900000| Untracked 
| 138|0x0000000088a00000, 0x0000000088a00000, 0x0000000088b00000|  0%| F|  |TAMS 0x0000000088a00000, 0x0000000088a00000| Untracked 
| 139|0x0000000088b00000, 0x0000000088b00000, 0x0000000088c00000|  0%| F|  |TAMS 0x0000000088b00000, 0x0000000088b00000| Untracked 
| 140|0x0000000088c00000, 0x0000000088c00000, 0x0000000088d00000|  0%| F|  |TAMS 0x0000000088c00000, 0x0000000088c00000| Untracked 
| 141|0x0000000088d00000, 0x0000000088d00000, 0x0000000088e00000|  0%| F|  |TAMS 0x0000000088d00000, 0x0000000088d00000| Untracked 
| 142|0x0000000088e00000, 0x0000000088e00000, 0x0000000088f00000|  0%| F|  |TAMS 0x0000000088e00000, 0x0000000088e00000| Untracked 
| 143|0x0000000088f00000, 0x0000000088f00000, 0x0000000089000000|  0%| F|  |TAMS 0x0000000088f00000, 0x0000000088f00000| Untracked 
| 144|0x0000000089000000, 0x0000000089000000, 0x0000000089100000|  0%| F|  |TAMS 0x0000000089000000, 0x0000000089000000| Untracked 
| 145|0x0000000089100000, 0x0000000089100000, 0x0000000089200000|  0%| F|  |TAMS 0x0000000089100000, 0x0000000089100000| Untracked 
| 146|0x0000000089200000, 0x0000000089200000, 0x0000000089300000|  0%| F|  |TAMS 0x0000000089200000, 0x0000000089200000| Untracked 
| 147|0x0000000089300000, 0x0000000089300000, 0x0000000089400000|  0%| F|  |TAMS 0x0000000089300000, 0x0000000089300000| Untracked 
| 148|0x0000000089400000, 0x0000000089400000, 0x0000000089500000|  0%| F|  |TAMS 0x0000000089400000, 0x0000000089400000| Untracked 
| 149|0x0000000089500000, 0x0000000089600000, 0x0000000089600000|100%| S|CS|TAMS 0x0000000089500000, 0x0000000089500000| Complete 
| 150|0x0000000089600000, 0x0000000089700000, 0x0000000089700000|100%| S|CS|TAMS 0x0000000089600000, 0x0000000089600000| Complete 
| 151|0x0000000089700000, 0x0000000089800000, 0x0000000089800000|100%| S|CS|TAMS 0x0000000089700000, 0x0000000089700000| Complete 
| 152|0x0000000089800000, 0x0000000089900000, 0x0000000089900000|100%| S|CS|TAMS 0x0000000089800000, 0x0000000089800000| Complete 
| 153|0x0000000089900000, 0x0000000089a00000, 0x0000000089a00000|100%| S|CS|TAMS 0x0000000089900000, 0x0000000089900000| Complete 
| 154|0x0000000089a00000, 0x0000000089b00000, 0x0000000089b00000|100%| S|CS|TAMS 0x0000000089a00000, 0x0000000089a00000| Complete 
| 155|0x0000000089b00000, 0x0000000089b00000, 0x0000000089c00000|  0%| F|  |TAMS 0x0000000089b00000, 0x0000000089b00000| Untracked 
| 156|0x0000000089c00000, 0x0000000089c00000, 0x0000000089d00000|  0%| F|  |TAMS 0x0000000089c00000, 0x0000000089c00000| Untracked 
| 157|0x0000000089d00000, 0x0000000089d00000, 0x0000000089e00000|  0%| F|  |TAMS 0x0000000089d00000, 0x0000000089d00000| Untracked 
| 158|0x0000000089e00000, 0x0000000089e00000, 0x0000000089f00000|  0%| F|  |TAMS 0x0000000089e00000, 0x0000000089e00000| Untracked 
| 159|0x0000000089f00000, 0x0000000089f00000, 0x000000008a000000|  0%| F|  |TAMS 0x0000000089f00000, 0x0000000089f00000| Untracked 
| 160|0x000000008a000000, 0x000000008a000000, 0x000000008a100000|  0%| F|  |TAMS 0x000000008a000000, 0x000000008a000000| Untracked 
| 161|0x000000008a100000, 0x000000008a100000, 0x000000008a200000|  0%| F|  |TAMS 0x000000008a100000, 0x000000008a100000| Untracked 
| 162|0x000000008a200000, 0x000000008a200000, 0x000000008a300000|  0%| F|  |TAMS 0x000000008a200000, 0x000000008a200000| Untracked 
| 163|0x000000008a300000, 0x000000008a300000, 0x000000008a400000|  0%| F|  |TAMS 0x000000008a300000, 0x000000008a300000| Untracked 
| 164|0x000000008a400000, 0x000000008a400000, 0x000000008a500000|  0%| F|  |TAMS 0x000000008a400000, 0x000000008a400000| Untracked 
| 165|0x000000008a500000, 0x000000008a500000, 0x000000008a600000|  0%| F|  |TAMS 0x000000008a500000, 0x000000008a500000| Untracked 
| 166|0x000000008a600000, 0x000000008a600000, 0x000000008a700000|  0%| F|  |TAMS 0x000000008a600000, 0x000000008a600000| Untracked 
| 167|0x000000008a700000, 0x000000008a700000, 0x000000008a800000|  0%| F|  |TAMS 0x000000008a700000, 0x000000008a700000| Untracked 
| 168|0x000000008a800000, 0x000000008a800000, 0x000000008a900000|  0%| F|  |TAMS 0x000000008a800000, 0x000000008a800000| Untracked 
| 169|0x000000008a900000, 0x000000008a900000, 0x000000008aa00000|  0%| F|  |TAMS 0x000000008a900000, 0x000000008a900000| Untracked 
| 170|0x000000008aa00000, 0x000000008aa00000, 0x000000008ab00000|  0%| F|  |TAMS 0x000000008aa00000, 0x000000008aa00000| Untracked 
| 171|0x000000008ab00000, 0x000000008ab00000, 0x000000008ac00000|  0%| F|  |TAMS 0x000000008ab00000, 0x000000008ab00000| Untracked 
| 172|0x000000008ac00000, 0x000000008ac00000, 0x000000008ad00000|  0%| F|  |TAMS 0x000000008ac00000, 0x000000008ac00000| Untracked 
| 173|0x000000008ad00000, 0x000000008ad00000, 0x000000008ae00000|  0%| F|  |TAMS 0x000000008ad00000, 0x000000008ad00000| Untracked 
| 174|0x000000008ae00000, 0x000000008ae00000, 0x000000008af00000|  0%| F|  |TAMS 0x000000008ae00000, 0x000000008ae00000| Untracked 
| 175|0x000000008af00000, 0x000000008af00000, 0x000000008b000000|  0%| F|  |TAMS 0x000000008af00000, 0x000000008af00000| Untracked 
| 176|0x000000008b000000, 0x000000008b000000, 0x000000008b100000|  0%| F|  |TAMS 0x000000008b000000, 0x000000008b000000| Untracked 
| 177|0x000000008b100000, 0x000000008b100000, 0x000000008b200000|  0%| F|  |TAMS 0x000000008b100000, 0x000000008b100000| Untracked 
| 178|0x000000008b200000, 0x000000008b200000, 0x000000008b300000|  0%| F|  |TAMS 0x000000008b200000, 0x000000008b200000| Untracked 
| 179|0x000000008b300000, 0x000000008b300000, 0x000000008b400000|  0%| F|  |TAMS 0x000000008b300000, 0x000000008b300000| Untracked 
| 180|0x000000008b400000, 0x000000008b400000, 0x000000008b500000|  0%| F|  |TAMS 0x000000008b400000, 0x000000008b400000| Untracked 
| 181|0x000000008b500000, 0x000000008b500000, 0x000000008b600000|  0%| F|  |TAMS 0x000000008b500000, 0x000000008b500000| Untracked 
| 182|0x000000008b600000, 0x000000008b600000, 0x000000008b700000|  0%| F|  |TAMS 0x000000008b600000, 0x000000008b600000| Untracked 
| 183|0x000000008b700000, 0x000000008b700000, 0x000000008b800000|  0%| F|  |TAMS 0x000000008b700000, 0x000000008b700000| Untracked 
| 184|0x000000008b800000, 0x000000008b800000, 0x000000008b900000|  0%| F|  |TAMS 0x000000008b800000, 0x000000008b800000| Untracked 
| 185|0x000000008b900000, 0x000000008b900000, 0x000000008ba00000|  0%| F|  |TAMS 0x000000008b900000, 0x000000008b900000| Untracked 
| 186|0x000000008ba00000, 0x000000008ba00000, 0x000000008bb00000|  0%| F|  |TAMS 0x000000008ba00000, 0x000000008ba00000| Untracked 
| 187|0x000000008bb00000, 0x000000008bb00000, 0x000000008bc00000|  0%| F|  |TAMS 0x000000008bb00000, 0x000000008bb00000| Untracked 
| 188|0x000000008bc00000, 0x000000008bc00000, 0x000000008bd00000|  0%| F|  |TAMS 0x000000008bc00000, 0x000000008bc00000| Untracked 
| 189|0x000000008bd00000, 0x000000008bd00000, 0x000000008be00000|  0%| F|  |TAMS 0x000000008bd00000, 0x000000008bd00000| Untracked 
| 190|0x000000008be00000, 0x000000008be00000, 0x000000008bf00000|  0%| F|  |TAMS 0x000000008be00000, 0x000000008be00000| Untracked 
| 191|0x000000008bf00000, 0x000000008bf00000, 0x000000008c000000|  0%| F|  |TAMS 0x000000008bf00000, 0x000000008bf00000| Untracked 
| 192|0x000000008c000000, 0x000000008c000000, 0x000000008c100000|  0%| F|  |TAMS 0x000000008c000000, 0x000000008c000000| Untracked 
| 193|0x000000008c100000, 0x000000008c100000, 0x000000008c200000|  0%| F|  |TAMS 0x000000008c100000, 0x000000008c100000| Untracked 
| 194|0x000000008c200000, 0x000000008c200000, 0x000000008c300000|  0%| F|  |TAMS 0x000000008c200000, 0x000000008c200000| Untracked 
| 195|0x000000008c300000, 0x000000008c300000, 0x000000008c400000|  0%| F|  |TAMS 0x000000008c300000, 0x000000008c300000| Untracked 
| 196|0x000000008c400000, 0x000000008c400000, 0x000000008c500000|  0%| F|  |TAMS 0x000000008c400000, 0x000000008c400000| Untracked 
| 197|0x000000008c500000, 0x000000008c500000, 0x000000008c600000|  0%| F|  |TAMS 0x000000008c500000, 0x000000008c500000| Untracked 
| 198|0x000000008c600000, 0x000000008c600000, 0x000000008c700000|  0%| F|  |TAMS 0x000000008c600000, 0x000000008c600000| Untracked 
| 199|0x000000008c700000, 0x000000008c700000, 0x000000008c800000|  0%| F|  |TAMS 0x000000008c700000, 0x000000008c700000| Untracked 
| 200|0x000000008c800000, 0x000000008c800000, 0x000000008c900000|  0%| F|  |TAMS 0x000000008c800000, 0x000000008c800000| Untracked 
| 201|0x000000008c900000, 0x000000008c900000, 0x000000008ca00000|  0%| F|  |TAMS 0x000000008c900000, 0x000000008c900000| Untracked 
| 202|0x000000008ca00000, 0x000000008ca00000, 0x000000008cb00000|  0%| F|  |TAMS 0x000000008ca00000, 0x000000008ca00000| Untracked 
| 203|0x000000008cb00000, 0x000000008cb00000, 0x000000008cc00000|  0%| F|  |TAMS 0x000000008cb00000, 0x000000008cb00000| Untracked 
| 204|0x000000008cc00000, 0x000000008cc00000, 0x000000008cd00000|  0%| F|  |TAMS 0x000000008cc00000, 0x000000008cc00000| Untracked 
| 205|0x000000008cd00000, 0x000000008cd00000, 0x000000008ce00000|  0%| F|  |TAMS 0x000000008cd00000, 0x000000008cd00000| Untracked 
| 206|0x000000008ce00000, 0x000000008ce00000, 0x000000008cf00000|  0%| F|  |TAMS 0x000000008ce00000, 0x000000008ce00000| Untracked 
| 207|0x000000008cf00000, 0x000000008cf00000, 0x000000008d000000|  0%| F|  |TAMS 0x000000008cf00000, 0x000000008cf00000| Untracked 
| 208|0x000000008d000000, 0x000000008d000000, 0x000000008d100000|  0%| F|  |TAMS 0x000000008d000000, 0x000000008d000000| Untracked 
| 209|0x000000008d100000, 0x000000008d100000, 0x000000008d200000|  0%| F|  |TAMS 0x000000008d100000, 0x000000008d100000| Untracked 
| 210|0x000000008d200000, 0x000000008d200000, 0x000000008d300000|  0%| F|  |TAMS 0x000000008d200000, 0x000000008d200000| Untracked 
| 211|0x000000008d300000, 0x000000008d300000, 0x000000008d400000|  0%| F|  |TAMS 0x000000008d300000, 0x000000008d300000| Untracked 
| 212|0x000000008d400000, 0x000000008d400000, 0x000000008d500000|  0%| F|  |TAMS 0x000000008d400000, 0x000000008d400000| Untracked 
| 213|0x000000008d500000, 0x000000008d500000, 0x000000008d600000|  0%| F|  |TAMS 0x000000008d500000, 0x000000008d500000| Untracked 
| 214|0x000000008d600000, 0x000000008d600000, 0x000000008d700000|  0%| F|  |TAMS 0x000000008d600000, 0x000000008d600000| Untracked 
| 215|0x000000008d700000, 0x000000008d700000, 0x000000008d800000|  0%| F|  |TAMS 0x000000008d700000, 0x000000008d700000| Untracked 
| 216|0x000000008d800000, 0x000000008d800000, 0x000000008d900000|  0%| F|  |TAMS 0x000000008d800000, 0x000000008d800000| Untracked 
| 217|0x000000008d900000, 0x000000008d900000, 0x000000008da00000|  0%| F|  |TAMS 0x000000008d900000, 0x000000008d900000| Untracked 
| 218|0x000000008da00000, 0x000000008da00000, 0x000000008db00000|  0%| F|  |TAMS 0x000000008da00000, 0x000000008da00000| Untracked 
| 219|0x000000008db00000, 0x000000008db00000, 0x000000008dc00000|  0%| F|  |TAMS 0x000000008db00000, 0x000000008db00000| Untracked 
| 220|0x000000008dc00000, 0x000000008dc00000, 0x000000008dd00000|  0%| F|  |TAMS 0x000000008dc00000, 0x000000008dc00000| Untracked 
| 221|0x000000008dd00000, 0x000000008dd00000, 0x000000008de00000|  0%| F|  |TAMS 0x000000008dd00000, 0x000000008dd00000| Untracked 
| 222|0x000000008de00000, 0x000000008de00000, 0x000000008df00000|  0%| F|  |TAMS 0x000000008de00000, 0x000000008de00000| Untracked 
| 223|0x000000008df00000, 0x000000008df00000, 0x000000008e000000|  0%| F|  |TAMS 0x000000008df00000, 0x000000008df00000| Untracked 
| 224|0x000000008e000000, 0x000000008e000000, 0x000000008e100000|  0%| F|  |TAMS 0x000000008e000000, 0x000000008e000000| Untracked 
| 225|0x000000008e100000, 0x000000008e100000, 0x000000008e200000|  0%| F|  |TAMS 0x000000008e100000, 0x000000008e100000| Untracked 
| 226|0x000000008e200000, 0x000000008e200000, 0x000000008e300000|  0%| F|  |TAMS 0x000000008e200000, 0x000000008e200000| Untracked 
| 227|0x000000008e300000, 0x000000008e300000, 0x000000008e400000|  0%| F|  |TAMS 0x000000008e300000, 0x000000008e300000| Untracked 
| 228|0x000000008e400000, 0x000000008e400000, 0x000000008e500000|  0%| F|  |TAMS 0x000000008e400000, 0x000000008e400000| Untracked 
| 229|0x000000008e500000, 0x000000008e500000, 0x000000008e600000|  0%| F|  |TAMS 0x000000008e500000, 0x000000008e500000| Untracked 
| 230|0x000000008e600000, 0x000000008e600000, 0x000000008e700000|  0%| F|  |TAMS 0x000000008e600000, 0x000000008e600000| Untracked 
| 231|0x000000008e700000, 0x000000008e700000, 0x000000008e800000|  0%| F|  |TAMS 0x000000008e700000, 0x000000008e700000| Untracked 
| 232|0x000000008e800000, 0x000000008e800000, 0x000000008e900000|  0%| F|  |TAMS 0x000000008e800000, 0x000000008e800000| Untracked 
| 233|0x000000008e900000, 0x000000008e900000, 0x000000008ea00000|  0%| F|  |TAMS 0x000000008e900000, 0x000000008e900000| Untracked 
| 234|0x000000008ea00000, 0x000000008ea00000, 0x000000008eb00000|  0%| F|  |TAMS 0x000000008ea00000, 0x000000008ea00000| Untracked 
| 235|0x000000008eb00000, 0x000000008eb00000, 0x000000008ec00000|  0%| F|  |TAMS 0x000000008eb00000, 0x000000008eb00000| Untracked 
| 236|0x000000008ec00000, 0x000000008ec00000, 0x000000008ed00000|  0%| F|  |TAMS 0x000000008ec00000, 0x000000008ec00000| Untracked 
| 237|0x000000008ed00000, 0x000000008ed99000, 0x000000008ee00000| 59%| E|  |TAMS 0x000000008ed00000, 0x000000008ed00000| Complete 
| 238|0x000000008ee00000, 0x000000008ef00000, 0x000000008ef00000|100%| E|CS|TAMS 0x000000008ee00000, 0x000000008ee00000| Complete 
| 239|0x000000008ef00000, 0x000000008f000000, 0x000000008f000000|100%| E|CS|TAMS 0x000000008ef00000, 0x000000008ef00000| Complete 
| 240|0x000000008f000000, 0x000000008f100000, 0x000000008f100000|100%| E|CS|TAMS 0x000000008f000000, 0x000000008f000000| Complete 
| 241|0x000000008f100000, 0x000000008f200000, 0x000000008f200000|100%| E|CS|TAMS 0x000000008f100000, 0x000000008f100000| Complete 
| 242|0x000000008f200000, 0x000000008f300000, 0x000000008f300000|100%| E|CS|TAMS 0x000000008f200000, 0x000000008f200000| Complete 
| 243|0x000000008f300000, 0x000000008f400000, 0x000000008f400000|100%| E|CS|TAMS 0x000000008f300000, 0x000000008f300000| Complete 
| 244|0x000000008f400000, 0x000000008f500000, 0x000000008f500000|100%| E|CS|TAMS 0x000000008f400000, 0x000000008f400000| Complete 
| 245|0x000000008f500000, 0x000000008f600000, 0x000000008f600000|100%| E|CS|TAMS 0x000000008f500000, 0x000000008f500000| Complete 
| 246|0x000000008f600000, 0x000000008f700000, 0x000000008f700000|100%| E|CS|TAMS 0x000000008f600000, 0x000000008f600000| Complete 
| 247|0x000000008f700000, 0x000000008f800000, 0x000000008f800000|100%| E|CS|TAMS 0x000000008f700000, 0x000000008f700000| Complete 
| 248|0x000000008f800000, 0x000000008f900000, 0x000000008f900000|100%| E|CS|TAMS 0x000000008f800000, 0x000000008f800000| Complete 
| 249|0x000000008f900000, 0x000000008fa00000, 0x000000008fa00000|100%| E|CS|TAMS 0x000000008f900000, 0x000000008f900000| Complete 
| 250|0x000000008fa00000, 0x000000008fb00000, 0x000000008fb00000|100%| E|CS|TAMS 0x000000008fa00000, 0x000000008fa00000| Complete 
| 251|0x000000008fb00000, 0x000000008fc00000, 0x000000008fc00000|100%| E|CS|TAMS 0x000000008fb00000, 0x000000008fb00000| Complete 
| 252|0x000000008fc00000, 0x000000008fd00000, 0x000000008fd00000|100%| E|CS|TAMS 0x000000008fc00000, 0x000000008fc00000| Complete 
| 253|0x000000008fd00000, 0x000000008fe00000, 0x000000008fe00000|100%| E|CS|TAMS 0x000000008fd00000, 0x000000008fd00000| Complete 
| 254|0x000000008fe00000, 0x000000008ff00000, 0x000000008ff00000|100%| E|CS|TAMS 0x000000008fe00000, 0x000000008fe00000| Complete 
| 255|0x000000008ff00000, 0x0000000090000000, 0x0000000090000000|100%| E|  |TAMS 0x000000008ff00000, 0x000000008ff00000| Complete 
| 256|0x0000000090000000, 0x0000000090100000, 0x0000000090100000|100%| E|CS|TAMS 0x0000000090000000, 0x0000000090000000| Complete 
| 257|0x0000000090100000, 0x0000000090200000, 0x0000000090200000|100%| E|CS|TAMS 0x0000000090100000, 0x0000000090100000| Complete 
| 258|0x0000000090200000, 0x0000000090300000, 0x0000000090300000|100%| E|CS|TAMS 0x0000000090200000, 0x0000000090200000| Complete 
| 259|0x0000000090300000, 0x0000000090400000, 0x0000000090400000|100%| E|CS|TAMS 0x0000000090300000, 0x0000000090300000| Complete 
| 260|0x0000000090400000, 0x0000000090500000, 0x0000000090500000|100%| E|CS|TAMS 0x0000000090400000, 0x0000000090400000| Complete 
| 261|0x0000000090500000, 0x0000000090600000, 0x0000000090600000|100%| E|CS|TAMS 0x0000000090500000, 0x0000000090500000| Complete 
| 262|0x0000000090600000, 0x0000000090700000, 0x0000000090700000|100%| E|CS|TAMS 0x0000000090600000, 0x0000000090600000| Complete 
| 263|0x0000000090700000, 0x0000000090800000, 0x0000000090800000|100%| E|CS|TAMS 0x0000000090700000, 0x0000000090700000| Complete 
| 264|0x0000000090800000, 0x0000000090900000, 0x0000000090900000|100%| E|CS|TAMS 0x0000000090800000, 0x0000000090800000| Complete 
| 265|0x0000000090900000, 0x0000000090a00000, 0x0000000090a00000|100%| E|CS|TAMS 0x0000000090900000, 0x0000000090900000| Complete 
| 266|0x0000000090a00000, 0x0000000090b00000, 0x0000000090b00000|100%| E|CS|TAMS 0x0000000090a00000, 0x0000000090a00000| Complete 
| 267|0x0000000090b00000, 0x0000000090c00000, 0x0000000090c00000|100%| E|CS|TAMS 0x0000000090b00000, 0x0000000090b00000| Complete 
| 268|0x0000000090c00000, 0x0000000090d00000, 0x0000000090d00000|100%| E|CS|TAMS 0x0000000090c00000, 0x0000000090c00000| Complete 
| 269|0x0000000090d00000, 0x0000000090e00000, 0x0000000090e00000|100%| E|CS|TAMS 0x0000000090d00000, 0x0000000090d00000| Complete 
| 270|0x0000000090e00000, 0x0000000090f00000, 0x0000000090f00000|100%| E|CS|TAMS 0x0000000090e00000, 0x0000000090e00000| Complete 
| 271|0x0000000090f00000, 0x0000000091000000, 0x0000000091000000|100%| E|CS|TAMS 0x0000000090f00000, 0x0000000090f00000| Complete 
| 272|0x0000000091000000, 0x0000000091100000, 0x0000000091100000|100%| E|CS|TAMS 0x0000000091000000, 0x0000000091000000| Complete 
| 273|0x0000000091100000, 0x0000000091200000, 0x0000000091200000|100%| E|CS|TAMS 0x0000000091100000, 0x0000000091100000| Complete 
| 274|0x0000000091200000, 0x0000000091300000, 0x0000000091300000|100%| E|CS|TAMS 0x0000000091200000, 0x0000000091200000| Complete 
| 275|0x0000000091300000, 0x0000000091400000, 0x0000000091400000|100%| E|CS|TAMS 0x0000000091300000, 0x0000000091300000| Complete 
| 276|0x0000000091400000, 0x0000000091500000, 0x0000000091500000|100%| E|CS|TAMS 0x0000000091400000, 0x0000000091400000| Complete 
| 277|0x0000000091500000, 0x0000000091600000, 0x0000000091600000|100%| E|CS|TAMS 0x0000000091500000, 0x0000000091500000| Complete 

Card table byte_map: [0x0000013e48260000,0x0000013e48660000] _byte_map_base: 0x0000013e47e60000

Marking Bits (Prev, Next): (CMBitMap*) 0x0000013e3371c128, (CMBitMap*) 0x0000013e3371c160
 Prev Bits: [0x0000013e48a60000, 0x0000013e4aa60000)
 Next Bits: [0x0000013e4aa60000, 0x0000013e4ca60000)

Polling page: 0x0000013e337c0000

Metaspace:

Usage:
  Non-class:     99.20 MB capacity,    97.26 MB ( 98%) used,     1.64 MB (  2%) free+waste,   303.69 KB ( <1%) overhead. 
      Class:     14.75 MB capacity,    13.74 MB ( 93%) used,   896.08 KB (  6%) free+waste,   137.19 KB ( <1%) overhead. 
       Both:    113.95 MB capacity,   111.00 MB ( 97%) used,     2.52 MB (  2%) free+waste,   440.88 KB ( <1%) overhead. 

Virtual space:
  Non-class space:      100.00 MB reserved,      99.43 MB (>99%) committed 
      Class space:        1.00 GB reserved,      14.83 MB (  1%) committed 
             Both:        1.10 GB reserved,     114.26 MB ( 10%) committed 

Chunk freelists:
   Non-Class:  45.00 KB
       Class:  1.00 KB
        Both:  46.00 KB

MaxMetaspaceSize: 17179869184.00 GB
CompressedClassSpaceSize: 1.00 GB

CodeHeap 'non-profiled nmethods': size=120064Kb used=8900Kb max_used=9085Kb free=111163Kb
 bounds [0x0000013e402f0000, 0x0000013e40be0000, 0x0000013e47830000]
CodeHeap 'profiled nmethods': size=120000Kb used=27801Kb max_used=29280Kb free=92198Kb
 bounds [0x0000013e38dc0000, 0x0000013e3aa80000, 0x0000013e402f0000]
CodeHeap 'non-nmethods': size=5696Kb used=2344Kb max_used=2408Kb free=3351Kb
 bounds [0x0000013e38830000, 0x0000013e38aa0000, 0x0000013e38dc0000]
 total_blobs=14303 nmethods=13340 adapters=873
 compilation: enabled
              stopped_count=0, restarted_count=0
 full_count=0

Compilation events (20 events):
Event: 7864.858 Thread 0x0000013e4f952000 15923       3       org.gradle.api.internal.provider.AbstractMinimalProvider::map (6 bytes)
Event: 7864.859 Thread 0x0000013e4f952000 nmethod 15923 0x0000013e38e91110 code [0x0000013e38e912c0, 0x0000013e38e91468]
Event: 7864.859 Thread 0x0000013e4f952000 15924       3       org.gradle.api.internal.provider.AbstractMinimalProvider::map (10 bytes)
Event: 7864.859 Thread 0x0000013e4f952000 nmethod 15924 0x0000013e38f50310 code [0x0000013e38f504e0, 0x0000013e38f50818]
Event: 7864.859 Thread 0x0000013e4f952000 15925       3       org.gradle.model.internal.type.ClassTypeWrapper::equals (41 bytes)
Event: 7864.860 Thread 0x0000013e4f952000 nmethod 15925 0x0000013e38fbee90 code [0x0000013e38fbf0c0, 0x0000013e38fbf958]
Event: 7864.864 Thread 0x0000013e4f94f000 nmethod 15913 0x0000013e40588010 code [0x0000013e40588220, 0x0000013e40588f08]
Event: 7864.864 Thread 0x0000013e4f94f000 15926       4       org.gradle.internal.instantiation.generator.AsmBackedClassGenerator::getServicesForNext (13 bytes)
Event: 7864.866 Thread 0x0000013e4f952000 15927       1       com.android.build.gradle.internal.dsl.BuildType::getName (5 bytes)
Event: 7864.866 Thread 0x0000013e4f952000 nmethod 15927 0x0000013e404a9690 code [0x0000013e404a9840, 0x0000013e404a98f8]
Event: 7864.868 Thread 0x0000013e4f952000 15928       1       javax.management.MBeanOperationInfo::getImpact (5 bytes)
Event: 7864.868 Thread 0x0000013e4f952000 nmethod 15928 0x0000013e404a9390 code [0x0000013e404a9540, 0x0000013e404a95f8]
Event: 7864.872 Thread 0x0000013e4f952000 15929       3       com.google.common.collect.Iterables::filter (20 bytes)
Event: 7864.873 Thread 0x0000013e4f952000 nmethod 15929 0x0000013e38f64a10 code [0x0000013e38f64c40, 0x0000013e38f65338]
Event: 7864.873 Thread 0x0000013e4f952000 15930       3       com.google.common.collect.Iterables$4::iterator (17 bytes)
Event: 7864.873 Thread 0x0000013e4f952000 nmethod 15930 0x0000013e39018d10 code [0x0000013e39018f40, 0x0000013e39019728]
Event: 7864.873 Thread 0x0000013e4f952000 15931       3       sun.net.www.protocol.jar.JarURLConnection::setUseCaches (9 bytes)
Event: 7864.874 Thread 0x0000013e4f952000 nmethod 15931 0x0000013e38f83790 code [0x0000013e38f83940, 0x0000013e38f83b08]
Event: 7864.874 Thread 0x0000013e4f952000 15932       3       java.util.zip.ZipFile$CleanableResource$FinalizableResource::clean (5 bytes)
Event: 7864.874 Thread 0x0000013e4f952000 nmethod 15932 0x0000013e38e99390 code [0x0000013e38e99540, 0x0000013e38e996e8]

GC Heap History (20 events):
Event: 21.058 GC heap before
{Heap before GC invocations=17 (full 0):
 garbage-first heap   total 236544K, used 189543K [0x0000000080000000, 0x0000000100000000)
  region size 1024K, 106 young (108544K), 10 survivors (10240K)
 Metaspace       used 97544K, capacity 99924K, committed 100048K, reserved 1136640K
  class space    used 12494K, capacity 13238K, committed 13264K, reserved 1048576K
}
Event: 21.073 GC heap after
{Heap after GC invocations=18 (full 0):
 garbage-first heap   total 236544K, used 95627K [0x0000000080000000, 0x0000000100000000)
  region size 1024K, 7 young (7168K), 7 survivors (7168K)
 Metaspace       used 97544K, capacity 99924K, committed 100048K, reserved 1136640K
  class space    used 12494K, capacity 13238K, committed 13264K, reserved 1048576K
}
Event: 22.546 GC heap before
{Heap before GC invocations=18 (full 0):
 garbage-first heap   total 236544K, used 97675K [0x0000000080000000, 0x0000000100000000)
  region size 1024K, 10 young (10240K), 7 survivors (7168K)
 Metaspace       used 98156K, capacity 100416K, committed 100616K, reserved 1136640K
  class space    used 12564K, capacity 13274K, committed 13392K, reserved 1048576K
}
Event: 22.585 GC heap after
{Heap after GC invocations=19 (full 0):
 garbage-first heap   total 236544K, used 96136K [0x0000000080000000, 0x0000000100000000)
  region size 1024K, 8 young (8192K), 8 survivors (8192K)
 Metaspace       used 98156K, capacity 100416K, committed 100616K, reserved 1136640K
  class space    used 12564K, capacity 13274K, committed 13392K, reserved 1048576K
}
Event: 28.021 GC heap before
{Heap before GC invocations=20 (full 0):
 garbage-first heap   total 236544K, used 162696K [0x0000000080000000, 0x0000000100000000)
  region size 1024K, 74 young (75776K), 8 survivors (8192K)
 Metaspace       used 100610K, capacity 102974K, committed 103176K, reserved 1138688K
  class space    used 12835K, capacity 13603K, committed 13648K, reserved 1048576K
}
Event: 28.036 GC heap after
{Heap after GC invocations=21 (full 0):
 garbage-first heap   total 284672K, used 99461K [0x0000000080000000, 0x0000000100000000)
  region size 1024K, 9 young (9216K), 9 survivors (9216K)
 Metaspace       used 100610K, capacity 102974K, committed 103176K, reserved 1138688K
  class space    used 12835K, capacity 13603K, committed 13648K, reserved 1048576K
}
Event: 30.597 GC heap before
{Heap before GC invocations=21 (full 0):
 garbage-first heap   total 284672K, used 195717K [0x0000000080000000, 0x0000000100000000)
  region size 1024K, 103 young (105472K), 9 survivors (9216K)
 Metaspace       used 109607K, capacity 112397K, committed 112520K, reserved 1146880K
  class space    used 13819K, capacity 14758K, committed 14800K, reserved 1048576K
}
Event: 30.619 GC heap after
{Heap after GC invocations=22 (full 0):
 garbage-first heap   total 284672K, used 104312K [0x0000000080000000, 0x0000000100000000)
  region size 1024K, 9 young (9216K), 9 survivors (9216K)
 Metaspace       used 109607K, capacity 112397K, committed 112520K, reserved 1146880K
  class space    used 13819K, capacity 14758K, committed 14800K, reserved 1048576K
}
Event: 357.308 GC heap before
{Heap before GC invocations=22 (full 0):
 garbage-first heap   total 284672K, used 203640K [0x0000000080000000, 0x0000000100000000)
  region size 1024K, 106 young (108544K), 9 survivors (9216K)
 Metaspace       used 111284K, capacity 114079K, committed 114184K, reserved 1148928K
  class space    used 13908K, capacity 14911K, committed 14928K, reserved 1048576K
}
Event: 357.335 GC heap after
{Heap after GC invocations=23 (full 0):
 garbage-first heap   total 284672K, used 110456K [0x0000000080000000, 0x0000000100000000)
  region size 1024K, 11 young (11264K), 11 survivors (11264K)
 Metaspace       used 111284K, capacity 114079K, committed 114184K, reserved 1148928K
  class space    used 13908K, capacity 14911K, committed 14928K, reserved 1048576K
}
Event: 360.011 GC heap before
{Heap before GC invocations=23 (full 0):
 garbage-first heap   total 284672K, used 209784K [0x0000000080000000, 0x0000000100000000)
  region size 1024K, 109 young (111616K), 11 survivors (11264K)
 Metaspace       used 111564K, capacity 114346K, committed 114440K, reserved 1148928K
  class space    used 13916K, capacity 14926K, committed 14928K, reserved 1048576K
}
Event: 360.033 GC heap after
{Heap after GC invocations=24 (full 0):
 garbage-first heap   total 284672K, used 113014K [0x0000000080000000, 0x0000000100000000)
  region size 1024K, 9 young (9216K), 9 survivors (9216K)
 Metaspace       used 111564K, capacity 114346K, committed 114440K, reserved 1148928K
  class space    used 13916K, capacity 14926K, committed 14928K, reserved 1048576K
}
Event: 4362.488 GC heap before
{Heap before GC invocations=24 (full 0):
 garbage-first heap   total 284672K, used 215414K [0x0000000080000000, 0x0000000100000000)
  region size 1024K, 109 young (111616K), 9 survivors (9216K)
 Metaspace       used 111935K, capacity 114827K, committed 115080K, reserved 1148928K
  class space    used 13922K, capacity 14931K, committed 15056K, reserved 1048576K
}
Event: 4362.512 GC heap after
{Heap after GC invocations=25 (full 0):
 garbage-first heap   total 284672K, used 107308K [0x0000000080000000, 0x0000000100000000)
  region size 1024K, 2 young (2048K), 2 survivors (2048K)
 Metaspace       used 111935K, capacity 114827K, committed 115080K, reserved 1148928K
  class space    used 13922K, capacity 14931K, committed 15056K, reserved 1048576K
}
Event: 5986.627 GC heap before
{Heap before GC invocations=25 (full 0):
 garbage-first heap   total 284672K, used 216876K [0x0000000080000000, 0x0000000100000000)
  region size 1024K, 110 young (112640K), 2 survivors (2048K)
 Metaspace       used 112857K, capacity 115768K, committed 115848K, reserved 1150976K
  class space    used 14011K, capacity 15025K, committed 15056K, reserved 1048576K
}
Event: 5986.638 GC heap after
{Heap after GC invocations=26 (full 0):
 garbage-first heap   total 284672K, used 112114K [0x0000000080000000, 0x0000000100000000)
  region size 1024K, 7 young (7168K), 7 survivors (7168K)
 Metaspace       used 112857K, capacity 115768K, committed 115848K, reserved 1150976K
  class space    used 14011K, capacity 15025K, committed 15056K, reserved 1048576K
}
Event: 7433.171 GC heap before
{Heap before GC invocations=26 (full 0):
 garbage-first heap   total 284672K, used 224754K [0x0000000080000000, 0x0000000100000000)
  region size 1024K, 118 young (120832K), 7 survivors (7168K)
 Metaspace       used 113316K, capacity 116251K, committed 116360K, reserved 1150976K
  class space    used 14059K, capacity 15055K, committed 15056K, reserved 1048576K
}
Event: 7433.181 GC heap after
{Heap after GC invocations=27 (full 0):
 garbage-first heap   total 284672K, used 109568K [0x0000000080000000, 0x0000000100000000)
  region size 1024K, 4 young (4096K), 4 survivors (4096K)
 Metaspace       used 113316K, capacity 116251K, committed 116360K, reserved 1150976K
  class space    used 14059K, capacity 15055K, committed 15056K, reserved 1048576K
}
Event: 7434.699 GC heap before
{Heap before GC invocations=27 (full 0):
 garbage-first heap   total 284672K, used 230400K [0x0000000080000000, 0x0000000100000000)
  region size 1024K, 123 young (125952K), 4 survivors (4096K)
 Metaspace       used 113599K, capacity 116676K, committed 117000K, reserved 1150976K
  class space    used 14069K, capacity 15102K, committed 15184K, reserved 1048576K
}
Event: 7434.709 GC heap after
{Heap after GC invocations=28 (full 0):
 garbage-first heap   total 284672K, used 111616K [0x0000000080000000, 0x0000000100000000)
  region size 1024K, 6 young (6144K), 6 survivors (6144K)
 Metaspace       used 113599K, capacity 116676K, committed 117000K, reserved 1150976K
  class space    used 14069K, capacity 15102K, committed 15184K, reserved 1048576K
}

Deoptimization events (20 events):
Event: 5987.409 Thread 0x0000013e5061c800 Uncommon trap: trap_request=0xffffffde fr.pc=0x0000013e4070ab7c relative=0x000000000000025c
Event: 5987.409 Thread 0x0000013e5061c800 Uncommon trap: reason=class_check action=maybe_recompile pc=0x0000013e4070ab7c method=java.lang.String.equals(Ljava/lang/Object;)Z @ 8 c2
Event: 5987.409 Thread 0x0000013e5061c800 DEOPT PACKING pc=0x0000013e4070ab7c sp=0x00000007af8fb980
Event: 5987.409 Thread 0x0000013e5061c800 DEOPT UNPACKING pc=0x0000013e388574af sp=0x00000007af8fb918 mode 2
Event: 5987.429 Thread 0x0000013e5061c800 Uncommon trap: trap_request=0xffffffc6 fr.pc=0x0000013e40a3a0cc relative=0x000000000000084c
Event: 5987.429 Thread 0x0000013e5061c800 Uncommon trap: reason=bimorphic_or_optimized_type_check action=maybe_recompile pc=0x0000013e40a3a0cc method=java.util.HashMap.removeNode(ILjava/lang/Object;Ljava/lang/Object;ZZ)Ljava/util/HashMap$Node; @ 68 c2
Event: 5987.429 Thread 0x0000013e5061c800 DEOPT PACKING pc=0x0000013e40a3a0cc sp=0x00000007af8fd6b0
Event: 5987.429 Thread 0x0000013e5061c800 DEOPT UNPACKING pc=0x0000013e388574af sp=0x00000007af8fd648 mode 2
Event: 7007.475 Thread 0x0000013e5123a800 Uncommon trap: trap_request=0xffffff4d fr.pc=0x0000013e4068cad0 relative=0x0000000000001310
Event: 7007.475 Thread 0x0000013e5123a800 Uncommon trap: reason=unstable_if action=reinterpret pc=0x0000013e4068cad0 method=java.util.concurrent.locks.AbstractQueuedSynchronizer$ConditionObject.awaitNanos(J)J @ 79 c2
Event: 7007.475 Thread 0x0000013e5123a800 DEOPT PACKING pc=0x0000013e4068cad0 sp=0x00000007afcfedb0
Event: 7007.475 Thread 0x0000013e5123a800 DEOPT UNPACKING pc=0x0000013e388574af sp=0x00000007afcfed60 mode 2
Event: 7433.009 Thread 0x0000013e541c8000 Uncommon trap: trap_request=0xffffffcc fr.pc=0x0000013e40b173a8 relative=0x0000000000001668
Event: 7433.009 Thread 0x0000013e541c8000 Uncommon trap: reason=intrinsic_or_type_checked_inlining action=make_not_entrant pc=0x0000013e40b173a8 method=java.util.ArrayList$SubList.toArray([Ljava/lang/Object;)[Ljava/lang/Object; @ 58 c2
Event: 7433.009 Thread 0x0000013e541c8000 DEOPT PACKING pc=0x0000013e40b173a8 sp=0x00000007af8f9b20
Event: 7433.009 Thread 0x0000013e541c8000 DEOPT UNPACKING pc=0x0000013e388574af sp=0x00000007af8f9a78 mode 2
Event: 7433.627 Thread 0x0000013e541c8000 DEOPT PACKING pc=0x0000013e3947aab0 sp=0x00000007af8f9e60
Event: 7433.627 Thread 0x0000013e541c8000 DEOPT UNPACKING pc=0x0000013e388572ce sp=0x00000007af8f9338 mode 0
Event: 7433.635 Thread 0x0000013e541c8000 DEOPT PACKING pc=0x0000013e3a015f88 sp=0x00000007af8f9d40
Event: 7433.635 Thread 0x0000013e541c8000 DEOPT UNPACKING pc=0x0000013e388572ce sp=0x00000007af8f91e8 mode 0

Classes redefined (0 events):
No events

Internal exceptions (20 events):
Event: 7434.641 Thread 0x0000013e541c8000 Exception <a 'sun/nio/fs/WindowsException'{0x000000008a56f6f0}> (0x000000008a56f6f0) thrown at [./src/hotspot/share/prims/jni.cpp, line 615]
Event: 7434.641 Thread 0x0000013e541c8000 Exception <a 'sun/nio/fs/WindowsException'{0x000000008a56f770}> (0x000000008a56f770) thrown at [./src/hotspot/share/prims/jni.cpp, line 615]
Event: 7434.641 Thread 0x0000013e541c8000 Exception <a 'sun/nio/fs/WindowsException'{0x000000008a571e90}> (0x000000008a571e90) thrown at [./src/hotspot/share/prims/jni.cpp, line 615]
Event: 7434.641 Thread 0x0000013e541c8000 Exception <a 'sun/nio/fs/WindowsException'{0x000000008a571f10}> (0x000000008a571f10) thrown at [./src/hotspot/share/prims/jni.cpp, line 615]
Event: 7434.641 Thread 0x0000013e541c8000 Exception <a 'sun/nio/fs/WindowsException'{0x000000008a575bc8}> (0x000000008a575bc8) thrown at [./src/hotspot/share/prims/jni.cpp, line 615]
Event: 7434.641 Thread 0x0000013e541c8000 Exception <a 'sun/nio/fs/WindowsException'{0x000000008a575c48}> (0x000000008a575c48) thrown at [./src/hotspot/share/prims/jni.cpp, line 615]
Event: 7434.641 Thread 0x0000013e541c8000 Exception <a 'sun/nio/fs/WindowsException'{0x000000008a577de0}> (0x000000008a577de0) thrown at [./src/hotspot/share/prims/jni.cpp, line 615]
Event: 7434.641 Thread 0x0000013e541c8000 Exception <a 'sun/nio/fs/WindowsException'{0x000000008a577e60}> (0x000000008a577e60) thrown at [./src/hotspot/share/prims/jni.cpp, line 615]
Event: 7434.642 Thread 0x0000013e541c8000 Exception <a 'sun/nio/fs/WindowsException'{0x000000008a57b060}> (0x000000008a57b060) thrown at [./src/hotspot/share/prims/jni.cpp, line 615]
Event: 7434.642 Thread 0x0000013e541c8000 Exception <a 'sun/nio/fs/WindowsException'{0x000000008a57b0e0}> (0x000000008a57b0e0) thrown at [./src/hotspot/share/prims/jni.cpp, line 615]
Event: 7434.642 Thread 0x0000013e541c8000 Exception <a 'sun/nio/fs/WindowsException'{0x000000008a57d5a0}> (0x000000008a57d5a0) thrown at [./src/hotspot/share/prims/jni.cpp, line 615]
Event: 7434.642 Thread 0x0000013e541c8000 Exception <a 'sun/nio/fs/WindowsException'{0x000000008a57d620}> (0x000000008a57d620) thrown at [./src/hotspot/share/prims/jni.cpp, line 615]
Event: 7434.642 Thread 0x0000013e541c8000 Exception <a 'sun/nio/fs/WindowsException'{0x000000008a5812d8}> (0x000000008a5812d8) thrown at [./src/hotspot/share/prims/jni.cpp, line 615]
Event: 7434.643 Thread 0x0000013e541c8000 Exception <a 'sun/nio/fs/WindowsException'{0x000000008a581358}> (0x000000008a581358) thrown at [./src/hotspot/share/prims/jni.cpp, line 615]
Event: 7434.643 Thread 0x0000013e541c8000 Exception <a 'sun/nio/fs/WindowsException'{0x000000008a5834f0}> (0x000000008a5834f0) thrown at [./src/hotspot/share/prims/jni.cpp, line 615]
Event: 7434.643 Thread 0x0000013e541c8000 Exception <a 'sun/nio/fs/WindowsException'{0x000000008a583570}> (0x000000008a583570) thrown at [./src/hotspot/share/prims/jni.cpp, line 615]
Event: 7434.643 Thread 0x0000013e541c8000 Exception <a 'sun/nio/fs/WindowsException'{0x000000008a586770}> (0x000000008a586770) thrown at [./src/hotspot/share/prims/jni.cpp, line 615]
Event: 7434.643 Thread 0x0000013e541c8000 Exception <a 'sun/nio/fs/WindowsException'{0x000000008a5867f0}> (0x000000008a5867f0) thrown at [./src/hotspot/share/prims/jni.cpp, line 615]
Event: 7434.643 Thread 0x0000013e541c8000 Exception <a 'sun/nio/fs/WindowsException'{0x000000008a588cb0}> (0x000000008a588cb0) thrown at [./src/hotspot/share/prims/jni.cpp, line 615]
Event: 7434.643 Thread 0x0000013e541c8000 Exception <a 'sun/nio/fs/WindowsException'{0x000000008a588d30}> (0x000000008a588d30) thrown at [./src/hotspot/share/prims/jni.cpp, line 615]

Events (20 events):
Event: 7864.780 Thread 0x0000013e5011a000 Thread added: 0x0000013e5011a000
Event: 7864.780 Thread 0x0000013e50116800 Thread added: 0x0000013e50116800
Event: 7864.780 Thread 0x0000013e50118800 Thread added: 0x0000013e50118800
Event: 7864.780 Thread 0x0000013e50120800 Thread added: 0x0000013e50120800
Event: 7864.780 Thread 0x0000013e5011c800 Thread added: 0x0000013e5011c800
Event: 7864.781 Thread 0x0000013e5011d000 Thread added: 0x0000013e5011d000
Event: 7864.781 Thread 0x0000013e5011b000 Thread added: 0x0000013e5011b000
Event: 7864.781 Thread 0x0000013e50122000 Thread added: 0x0000013e50122000
Event: 7864.781 Thread 0x0000013e50123000 Thread added: 0x0000013e50123000
Event: 7864.781 Thread 0x0000013e5011e000 Thread added: 0x0000013e5011e000
Event: 7864.782 Thread 0x0000013e50124000 Thread added: 0x0000013e50124000
Event: 7864.782 Thread 0x0000013e50121800 Thread added: 0x0000013e50121800
Event: 7864.782 Thread 0x0000013e50124800 Thread added: 0x0000013e50124800
Event: 7864.782 Thread 0x0000013e5011f000 Thread added: 0x0000013e5011f000
Event: 7864.782 Thread 0x0000013e50125800 Thread added: 0x0000013e50125800
Event: 7864.783 Thread 0x0000013e5011f800 Thread added: 0x0000013e5011f800
Event: 7864.783 Thread 0x0000013e5707b800 Thread added: 0x0000013e5707b800
Event: 7864.783 Thread 0x0000013e5707f800 Thread added: 0x0000013e5707f800
Event: 7864.783 Thread 0x0000013e5707d000 Thread added: 0x0000013e5707d000
Event: 7864.783 Thread 0x0000013e57080000 Thread added: 0x0000013e57080000


Dynamic libraries:
0x00007ff6594a0000 - 0x00007ff6594aa000 	C:\Program Files\Android\Android Studio\jre\bin\java.exe
0x00007ffb5eef0000 - 0x00007ffb5f0e5000 	C:\WINDOWS\SYSTEM32\ntdll.dll
0x00007ffb5cfa0000 - 0x00007ffb5d05e000 	C:\WINDOWS\System32\KERNEL32.DLL
0x00007ffb5c980000 - 0x00007ffb5cc49000 	C:\WINDOWS\System32\KERNELBASE.dll
0x00007ffb5c640000 - 0x00007ffb5c740000 	C:\WINDOWS\System32\ucrtbase.dll
0x00007ffb3f0a0000 - 0x00007ffb3f0b7000 	C:\Program Files\Android\Android Studio\jre\bin\VCRUNTIME140.dll
0x00007ffb3f2a0000 - 0x00007ffb3f2b9000 	C:\Program Files\Android\Android Studio\jre\bin\jli.dll
0x00007ffb5e8b0000 - 0x00007ffb5ea51000 	C:\WINDOWS\System32\USER32.dll
0x00007ffb5ce60000 - 0x00007ffb5ce82000 	C:\WINDOWS\System32\win32u.dll
0x00007ffb4cc70000 - 0x00007ffb4cf0a000 	C:\WINDOWS\WinSxS\amd64_microsoft.windows.common-controls_6595b64144ccf1df_6.0.19041.1110_none_60b5254171f9507e\COMCTL32.dll
0x00007ffb5d750000 - 0x00007ffb5d77b000 	C:\WINDOWS\System32\GDI32.dll
0x00007ffb5ddb0000 - 0x00007ffb5de4e000 	C:\WINDOWS\System32\msvcrt.dll
0x00007ffb5c7d0000 - 0x00007ffb5c8db000 	C:\WINDOWS\System32\gdi32full.dll
0x00007ffb5c8e0000 - 0x00007ffb5c97d000 	C:\WINDOWS\System32\msvcp_win.dll
0x00007ffb5dd80000 - 0x00007ffb5ddb0000 	C:\WINDOWS\System32\IMM32.DLL
0x00007ffb3dac0000 - 0x00007ffb3db5d000 	C:\Program Files\Android\Android Studio\jre\bin\msvcp140.dll
0x00007ffb23390000 - 0x00007ffb23e4c000 	C:\Program Files\Android\Android Studio\jre\bin\server\jvm.dll
0x00007ffb5ece0000 - 0x00007ffb5ed8c000 	C:\WINDOWS\System32\ADVAPI32.dll
0x00007ffb5e590000 - 0x00007ffb5e62b000 	C:\WINDOWS\System32\sechost.dll
0x00007ffb5d060000 - 0x00007ffb5d18a000 	C:\WINDOWS\System32\RPCRT4.dll
0x00007ffb5e840000 - 0x00007ffb5e848000 	C:\WINDOWS\System32\PSAPI.DLL
0x00007ffb48ea0000 - 0x00007ffb48ea9000 	C:\WINDOWS\SYSTEM32\WSOCK32.dll
0x00007ffb54c60000 - 0x00007ffb54c6a000 	C:\WINDOWS\SYSTEM32\VERSION.dll
0x00007ffb4cb10000 - 0x00007ffb4cb37000 	C:\WINDOWS\SYSTEM32\WINMM.dll
0x00007ffb5d780000 - 0x00007ffb5d7eb000 	C:\WINDOWS\System32\WS2_32.dll
0x00007ffb5b1e0000 - 0x00007ffb5b1f2000 	C:\WINDOWS\SYSTEM32\kernel.appcore.dll
0x00007ffb4f590000 - 0x00007ffb4f5a1000 	C:\Program Files\Android\Android Studio\jre\bin\verify.dll
0x00007ffb5aeb0000 - 0x00007ffb5b094000 	C:\WINDOWS\SYSTEM32\DBGHELP.DLL
0x00007ffb46580000 - 0x00007ffb465ac000 	C:\WINDOWS\SYSTEM32\dbgcore.DLL
0x00007ffb5c740000 - 0x00007ffb5c7c3000 	C:\WINDOWS\System32\bcryptPrimitives.dll
0x00007ffb3f840000 - 0x00007ffb3f869000 	C:\Program Files\Android\Android Studio\jre\bin\java.dll
0x00007ffb57460000 - 0x00007ffb5746b000 	C:\Program Files\Android\Android Studio\jre\bin\jimage.dll
0x00007ffb4a5f0000 - 0x00007ffb4a608000 	C:\Program Files\Android\Android Studio\jre\bin\zip.dll
0x00007ffb5de50000 - 0x00007ffb5e58f000 	C:\WINDOWS\System32\SHELL32.dll
0x00007ffb5a300000 - 0x00007ffb5aa90000 	C:\WINDOWS\SYSTEM32\windows.storage.dll
0x00007ffb5d850000 - 0x00007ffb5dba5000 	C:\WINDOWS\System32\combase.dll
0x00007ffb5bf90000 - 0x00007ffb5bfbc000 	C:\WINDOWS\SYSTEM32\Wldp.dll
0x00007ffb5dc10000 - 0x00007ffb5dcbe000 	C:\WINDOWS\System32\SHCORE.dll
0x00007ffb5e850000 - 0x00007ffb5e8a5000 	C:\WINDOWS\System32\shlwapi.dll
0x00007ffb5c550000 - 0x00007ffb5c56f000 	C:\WINDOWS\SYSTEM32\profapi.dll
0x00007ffb3f350000 - 0x00007ffb3f36a000 	C:\Program Files\Android\Android Studio\jre\bin\net.dll
0x00007ffb49e40000 - 0x00007ffb49f48000 	C:\WINDOWS\SYSTEM32\WINHTTP.dll
0x00007ffb5bcf0000 - 0x00007ffb5bd5a000 	C:\WINDOWS\system32\mswsock.dll
0x00007ffb3f330000 - 0x00007ffb3f344000 	C:\Program Files\Android\Android Studio\jre\bin\nio.dll
0x00007ffb3f0c0000 - 0x00007ffb3f0e7000 	C:\Users\asus\Desktop\JavaLearning\native\fdc75f09e3144964f2cf3f50f0aa648679c211496f362492102eb8c894070792\windows-amd64\native-platform.dll
0x00007ffb30f70000 - 0x00007ffb31106000 	C:\Users\asus\Desktop\JavaLearning\native\12488b8bf47d2d4c9fbf2f6322a914ad602e24e48041cd04a747c6da556b65c4\windows-amd64\native-platform-file-events.dll
0x00007ffb55c40000 - 0x00007ffb55c4a000 	C:\Program Files\Android\Android Studio\jre\bin\management.dll
0x00007ffb559b0000 - 0x00007ffb559bc000 	C:\Program Files\Android\Android Studio\jre\bin\management_ext.dll
0x00007ffb5bee0000 - 0x00007ffb5bef8000 	C:\WINDOWS\SYSTEM32\CRYPTSP.dll
0x00007ffb5b670000 - 0x00007ffb5b6a4000 	C:\WINDOWS\system32\rsaenh.dll
0x00007ffb5c610000 - 0x00007ffb5c637000 	C:\WINDOWS\System32\bcrypt.dll
0x00007ffb5c510000 - 0x00007ffb5c53e000 	C:\WINDOWS\SYSTEM32\USERENV.dll
0x00007ffb5bf00000 - 0x00007ffb5bf0c000 	C:\WINDOWS\SYSTEM32\CRYPTBASE.dll
0x00007ffb5b9e0000 - 0x00007ffb5ba1b000 	C:\WINDOWS\SYSTEM32\IPHLPAPI.DLL
0x00007ffb5d230000 - 0x00007ffb5d238000 	C:\WINDOWS\System32\NSI.dll
0x00007ffb56090000 - 0x00007ffb560a7000 	C:\WINDOWS\SYSTEM32\dhcpcsvc6.DLL
0x00007ffb563b0000 - 0x00007ffb563cd000 	C:\WINDOWS\SYSTEM32\dhcpcsvc.DLL
0x00007ffb5ba20000 - 0x00007ffb5baec000 	C:\WINDOWS\SYSTEM32\DNSAPI.dll
0x00007ffb564c0000 - 0x00007ffb564cb000 	C:\WINDOWS\SYSTEM32\WINNSI.DLL
0x00007ffb3f190000 - 0x00007ffb3f1b7000 	C:\Program Files\Android\Android Studio\jre\bin\sunec.dll
0x00007ffb4aab0000 - 0x00007ffb4aaba000 	C:\Windows\System32\rasadhlp.dll
0x00007ffb49dc0000 - 0x00007ffb49e3f000 	C:\WINDOWS\System32\fwpuclnt.dll

dbghelp: loaded successfully - version: 4.0.5 - missing functions: none
symbol engine: initialized successfully - sym options: 0x614 - pdb path: .;C:\Program Files\Android\Android Studio\jre\bin;C:\WINDOWS\SYSTEM32;C:\WINDOWS\WinSxS\amd64_microsoft.windows.common-controls_6595b64144ccf1df_6.0.19041.1110_none_60b5254171f9507e;C:\Program Files\Android\Android Studio\jre\bin\server;C:\Users\asus\Desktop\JavaLearning\native\fdc75f09e3144964f2cf3f50f0aa648679c211496f362492102eb8c894070792\windows-amd64;C:\Users\asus\Desktop\JavaLearning\native\12488b8bf47d2d4c9fbf2f6322a914ad602e24e48041cd04a747c6da556b65c4\windows-amd64

VM Arguments:
jvm_args: --add-opens=java.base/java.util=ALL-UNNAMED --add-opens=java.base/java.lang=ALL-UNNAMED --add-opens=java.base/java.lang.invoke=ALL-UNNAMED --add-opens=java.prefs/java.util.prefs=ALL-UNNAMED -Xmx2048m -Dfile.encoding=UTF-8 -Duser.country=TR -Duser.language=tr -Duser.variant 
java_command: org.gradle.launcher.daemon.bootstrap.GradleDaemon 6.7.1
java_class_path (initial): C:\Users\asus\Desktop\JavaLearning\wrapper\dists\gradle-6.7.1-bin\bwlcbys1h7rz3272sye1xwiv6\gradle-6.7.1\lib\gradle-launcher-6.7.1.jar
Launcher Type: SUN_STANDARD

[Global flags]
     intx CICompilerCount                          = 3                                         {product} {ergonomic}
     uint ConcGCThreads                            = 1                                         {product} {ergonomic}
     uint G1ConcRefinementThreads                  = 4                                         {product} {ergonomic}
   size_t G1HeapRegionSize                         = 1048576                                   {product} {ergonomic}
    uintx GCDrainStackTargetSize                   = 64                                        {product} {ergonomic}
   size_t InitialHeapSize                          = 201326592                                 {product} {ergonomic}
   size_t MarkStackSize                            = 4194304                                   {product} {ergonomic}
   size_t MaxHeapSize                              = 2147483648                                {product} {command line}
   size_t MaxNewSize                               = 1287651328                                {product} {ergonomic}
   size_t MinHeapDeltaBytes                        = 1048576                                   {product} {ergonomic}
    uintx NonNMethodCodeHeapSize                   = 5830732                                {pd product} {ergonomic}
    uintx NonProfiledCodeHeapSize                  = 122913754                              {pd product} {ergonomic}
    uintx ProfiledCodeHeapSize                     = 122913754                              {pd product} {ergonomic}
    uintx ReservedCodeCacheSize                    = 251658240                              {pd product} {ergonomic}
     bool SegmentedCodeCache                       = true                                      {product} {ergonomic}
     bool UseCompressedClassPointers               = true                                 {lp64_product} {ergonomic}
     bool UseCompressedOops                        = true                                 {lp64_product} {ergonomic}
     bool UseG1GC                                  = true                                      {product} {ergonomic}
     bool UseLargePagesIndividualAllocation        = false                                  {pd product} {ergonomic}

Logging:
Log output configuration:
 #0: stdout all=warning uptime,level,tags
 #1: stderr all=off uptime,level,tags

Environment Variables:
JAVA_HOME=C:\Program Files\Java\jdk-11.0.7
JRE_HOME=C:\Program Files\Java\jre1.8.0_151
PATH=C:\Program Files (x86)\Common Files\Oracle\Java\javapath;C:\Program Files\nodejs;C:\Program Files\Microsoft SQL Server\Client SDK\ODBC\130\Tools\Binn\;C:\Program Files (x86)\Microsoft SQL Server\140\Tools\Binn\;C:\Program Files\Microsoft SQL Server\140\Tools\Binn\;C:\Program Files\Microsoft SQL Server\140\DTS\Binn\;C:\Program Files (x86)\Microsoft SQL Server\150\DTS\Binn\;C:\Program Files\dotnet\;C:\Program Files\Microsoft SQL Server\130\Tools\Binn\;C:\WINDOWS\system32;C:\WINDOWS;C:\WINDOWS\System32\Wbem;C:\WINDOWS\System32\WindowsPowerShell\v1.0\;C:\WINDOWS\System32\OpenSSH\;C:\Program Files\Gauge\bin;C:\Program Files\apache-maven-3.6.3-bin\apache-maven-3.6.3\bin;C:\Program Files\Git\cmd;C:\Program Files (x86)\dotnet\;C:\Program Files (x86)\NVIDIA Corporation\PhysX\Common;C:\Program Files\nodejs\;C:\Program Files\Graphviz\bin;C:\Program Files\MySQL\MySQL Shell 8.0\bin\;C:\Users\asus\Desktop\otomasyon;C:\Users\asus\AppData\Local\Programs\Microsoft VS Code\bin;C:\Users\asus\AppData\Local\Programs\MiKTeX 2.9\miktex\bin\x64\;C:\Users\asus\AppData\Local\Microsoft\WindowsApps;C:\Users\asus\AppData\Roaming\npm;C:\Program Files\Graphviz\bin;
USERNAME=asus
OS=Windows_NT
PROCESSOR_IDENTIFIER=Intel64 Family 6 Model 142 Stepping 9, GenuineIntel



---------------  S Y S T E M  ---------------

OS: Windows 10 , 64 bit Build 19041 (10.0.19041.1202)
OS uptime: 5 days 17:48 hours

CPU:total 4 (initial active 4) (2 cores per cpu, 2 threads per core) family 6 model 142 stepping 9, cmov, cx8, fxsr, mmx, sse, sse2, sse3, ssse3, sse4.1, sse4.2, popcnt, avx, avx2, aes, clmul, erms, 3dnowpref, lzcnt, ht, tsc, tscinvbit, bmi1, bmi2, adx, fma

Memory: 4k page, system-wide physical 12174M (1667M free)
TotalPageFile size 12174M (AvailPageFile size 5M)
current process WorkingSet (physical memory assigned to process): 365M, peak: 570M
current process commit charge ("private bytes"): 601M, peak: 617M

vm_info: OpenJDK 64-Bit Server VM (11.0.8+10-b944.6842174) for windows-amd64 JRE (11.0.8+10-b944.6842174), built on Sep 19 2020 01:11:42 by "builder" with MS VC++ 14.0 (VS2015)

END.
