#
# There is insufficient memory for the Java Runtime Environment to continue.
# Native memory allocation (malloc) failed to allocate 32744 bytes for ChunkPool::allocate
# Possible reasons:
#   The system is out of physical RAM or swap space
#   The process is running with CompressedOops enabled, and the Java Heap may be blocking the growth of the native heap
# Possible solutions:
#   Reduce memory load on the system
#   Increase physical memory or swap space
#   Check if swap backing store is full
#   Decrease Java heap size (-Xmx/-Xms)
#   Decrease number of Java threads
#   Decrease Java thread stack sizes (-Xss)
#   Set larger code cache with -XX:ReservedCodeCacheSize=
#   JVM is running with Unscaled Compressed Oops mode in which the Java heap is
#     placed in the first 4GB address space. The Java Heap base address is the
#     maximum limit for the native heap growth. Please use -XX:HeapBaseMinAddress
#     to set the Java Heap base and to place the Java Heap above 4GB virtual address.
# This output file may be truncated or incomplete.
#
#  Out of Memory Error (./src/hotspot/share/memory/arena.cpp:81), pid=15172, tid=11928
#
# JRE version: OpenJDK Runtime Environment (11.0.8+10) (build 11.0.8+10-b944.6842174)
# Java VM: OpenJDK 64-Bit Server VM (11.0.8+10-b944.6842174, mixed mode, tiered, compressed oops, g1 gc, windows-amd64)
# No core dump will be written. Minidumps are not enabled by default on client versions of Windows
#

---------------  S U M M A R Y ------------

Command Line: --add-opens=java.base/java.util=ALL-UNNAMED --add-opens=java.base/java.lang=ALL-UNNAMED --add-opens=java.base/java.lang.invoke=ALL-UNNAMED --add-opens=java.prefs/java.util.prefs=ALL-UNNAMED -Xmx2048m -Dfile.encoding=UTF-8 -Duser.country=TR -Duser.language=tr -Duser.variant org.gradle.launcher.daemon.bootstrap.GradleDaemon 6.7.1

Host: Intel(R) Core(TM) i7-7500U CPU @ 2.70GHz, 4 cores, 11G,  Windows 10 , 64 bit Build 19041 (10.0.19041.1202)
Time: Tue Sep 28 14:22:04 2021 Türkiye Standart Saati elapsed time: 15 seconds (0d 0h 0m 15s)

---------------  T H R E A D  ---------------

Current thread (0x0000028cf7873800):  JavaThread "C2 CompilerThread1" daemon [_thread_in_native, id=11928, stack(0x000000e0c5f00000,0x000000e0c6000000)]


Current CompileTask:
C2:  15602 5595       4       org.objectweb.asm.Frame::execute (2318 bytes)

Stack: [0x000000e0c5f00000,0x000000e0c6000000]
Native frames: (J=compiled Java code, j=interpreted, Vv=VM code, C=native code)
V  [jvm.dll+0x5de50a]
V  [jvm.dll+0x7122f5]
V  [jvm.dll+0x71384d]
V  [jvm.dll+0x713f03]
V  [jvm.dll+0x23e728]
V  [jvm.dll+0xb8beb]
V  [jvm.dll+0xb8e9c]
V  [jvm.dll+0x35562c]
V  [jvm.dll+0x4e69ae]
V  [jvm.dll+0x4e5dc3]
V  [jvm.dll+0x4e6596]
V  [jvm.dll+0x31ded2]
V  [jvm.dll+0x31d39a]
V  [jvm.dll+0x1f7702]
V  [jvm.dll+0x1f68d4]
V  [jvm.dll+0x17f32c]
V  [jvm.dll+0x205047]
V  [jvm.dll+0x203891]
V  [jvm.dll+0x6dad3f]
V  [jvm.dll+0x6d3895]
V  [jvm.dll+0x5dd4a6]
C  [ucrtbase.dll+0x21bb2]
C  [KERNEL32.DLL+0x17034]
C  [ntdll.dll+0x52651]


---------------  P R O C E S S  ---------------

Threads class SMR info:
_java_thread_list=0x0000028cf851ab10, length=153, elements={
0x0000028cd47ec000, 0x0000028cf01f8800, 0x0000028cf01f9800, 0x0000028cf0a09800,
0x0000028cf0a0a800, 0x0000028cf0a0c800, 0x0000028cf0a53000, 0x0000028cf0a5e000,
0x0000028cf0bc7800, 0x0000028cf0c05800, 0x0000028cf312c800, 0x0000028cf2b96800,
0x0000028cf0d5f800, 0x0000028cf3063800, 0x0000028cf23ff000, 0x0000028cf1c84000,
0x0000028cf21cf800, 0x0000028cf2beb000, 0x0000028cf2d21000, 0x0000028cf2d22000,
0x0000028cf2391800, 0x0000028cf2390000, 0x0000028cf2391000, 0x0000028cf238f000,
0x0000028cf35f4800, 0x0000028cf35f1000, 0x0000028cf35f5000, 0x0000028cf35f6000,
0x0000028cf35f2000, 0x0000028cf35f3800, 0x0000028cf35f2800, 0x0000028cf35f0800,
0x0000028cf35fb800, 0x0000028cf35f9000, 0x0000028cf35f7800, 0x0000028cf35fc800,
0x0000028cf35f8800, 0x0000028cf35fa000, 0x0000028cf35f7000, 0x0000028cf35fd800,
0x0000028cf35fe000, 0x0000028cf35ff000, 0x0000028cf35fb000, 0x0000028cf347d800,
0x0000028cf347e000, 0x0000028cf3481800, 0x0000028cf3482800, 0x0000028cf347f000,
0x0000028cf3480000, 0x0000028cf347c800, 0x0000028cf3484000, 0x0000028cf3485000,
0x0000028cf3485800, 0x0000028cf3486800, 0x0000028cf3480800, 0x0000028cf3488000,
0x0000028cf348b800, 0x0000028cf3487000, 0x0000028cf3489000, 0x0000028cf3489800,
0x0000028cf348a800, 0x0000028cf135a800, 0x0000028cf1358800, 0x0000028cf1355800,
0x0000028cf135c000, 0x0000028cf135b000, 0x0000028cf1359800, 0x0000028cf1357000,
0x0000028cf1356800, 0x0000028cf135d000, 0x0000028cf1358000, 0x0000028cf135f000,
0x0000028cf1361800, 0x0000028cf1360000, 0x0000028cf135e800, 0x0000028cf1362800,
0x0000028cf135d800, 0x0000028cf1361000, 0x0000028cf1363800, 0x0000028cf1364000,
0x0000028cf7511800, 0x0000028cf7513800, 0x0000028cf7518800, 0x0000028cf7514000,
0x0000028cf7516000, 0x0000028cf7516800, 0x0000028cf7517800, 0x0000028cf7512800,
0x0000028cf751a800, 0x0000028cf7519000, 0x0000028cf751a000, 0x0000028cf7515000,
0x0000028cf751b800, 0x0000028cf751e000, 0x0000028cf751f800, 0x0000028cf751c800,
0x0000028cf751d000, 0x0000028cf751f000, 0x0000028cf7520800, 0x0000028cf6c30800,
0x0000028cf6c31000, 0x0000028cf6c2e000, 0x0000028cf6c32000, 0x0000028cf6c2c000,
0x0000028cf6c33000, 0x0000028cf6c2d000, 0x0000028cf6c33800, 0x0000028cf6c34800,
0x0000028cf6c2e800, 0x0000028cf6c35000, 0x0000028cf6c2f800, 0x0000028cf6c36000,
0x0000028cf6c3b000, 0x0000028cf6c39800, 0x0000028cf6c37000, 0x0000028cf6c37800,
0x0000028cf6c38800, 0x0000028cf6c3a000, 0x0000028cf4f16000, 0x0000028cf4f1c000,
0x0000028cf4f1c800, 0x0000028cf4f1a000, 0x0000028cf4f1b000, 0x0000028cf4f17000,
0x0000028cf4f17800, 0x0000028cf4f1d800, 0x0000028cf4f1e000, 0x0000028cf4f18800,
0x0000028cf4f1f000, 0x0000028cf4f19800, 0x0000028cf4f23000, 0x0000028cf4f20000,
0x0000028cf4f25000, 0x0000028cf4f24000, 0x0000028cf4f20800, 0x0000028cf4f21800,
0x0000028cf4f22800, 0x0000028cf321c000, 0x0000028cf321d000, 0x0000028cf3221000,
0x0000028cf3220000, 0x0000028cf321b800, 0x0000028cf321e800, 0x0000028cf321f800,
0x0000028cf3222000, 0x0000028cf3222800, 0x0000028cf3223800, 0x0000028cf321d800,
0x0000028cf3228800, 0x0000028cf3225000, 0x0000028cf3224800, 0x0000028cf7873800,
0x0000028cf3226000
}

Java Threads: ( => current thread )
  0x0000028cd47ec000 JavaThread "main" [_thread_blocked, id=3192, stack(0x000000e0c2100000,0x000000e0c2200000)]
  0x0000028cf01f8800 JavaThread "Reference Handler" daemon [_thread_blocked, id=2752, stack(0x000000e0c2800000,0x000000e0c2900000)]
  0x0000028cf01f9800 JavaThread "Finalizer" daemon [_thread_blocked, id=8640, stack(0x000000e0c2900000,0x000000e0c2a00000)]
  0x0000028cf0a09800 JavaThread "Signal Dispatcher" daemon [_thread_blocked, id=9348, stack(0x000000e0c2a00000,0x000000e0c2b00000)]
  0x0000028cf0a0a800 JavaThread "Attach Listener" daemon [_thread_blocked, id=9280, stack(0x000000e0c2b00000,0x000000e0c2c00000)]
  0x0000028cf0a0c800 JavaThread "C2 CompilerThread0" daemon [_thread_blocked, id=9980, stack(0x000000e0c2c00000,0x000000e0c2d00000)]
  0x0000028cf0a53000 JavaThread "C1 CompilerThread0" daemon [_thread_blocked, id=13748, stack(0x000000e0c2d00000,0x000000e0c2e00000)]
  0x0000028cf0a5e000 JavaThread "Sweeper thread" daemon [_thread_blocked, id=14924, stack(0x000000e0c2e00000,0x000000e0c2f00000)]
  0x0000028cf0bc7800 JavaThread "Common-Cleaner" daemon [_thread_blocked, id=14128, stack(0x000000e0c2f00000,0x000000e0c3000000)]
  0x0000028cf0c05800 JavaThread "Service Thread" daemon [_thread_blocked, id=1416, stack(0x000000e0c3000000,0x000000e0c3100000)]
  0x0000028cf312c800 JavaThread "Daemon health stats" [_thread_blocked, id=13500, stack(0x000000e0c3600000,0x000000e0c3700000)]
  0x0000028cf2b96800 JavaThread "Incoming local TCP Connector on port 63949" [_thread_in_native, id=948, stack(0x000000e0c3800000,0x000000e0c3900000)]
  0x0000028cf0d5f800 JavaThread "Daemon periodic checks" [_thread_blocked, id=5128, stack(0x000000e0c3900000,0x000000e0c3a00000)]
  0x0000028cf3063800 JavaThread "Daemon" [_thread_blocked, id=11576, stack(0x000000e0c3a00000,0x000000e0c3b00000)]
  0x0000028cf23ff000 JavaThread "Handler for socket connection from /127.0.0.1:63949 to /127.0.0.1:63950" [_thread_in_native, id=10060, stack(0x000000e0c3b00000,0x000000e0c3c00000)]
  0x0000028cf1c84000 JavaThread "Cancel handler" [_thread_blocked, id=14748, stack(0x000000e0c3c00000,0x000000e0c3d00000)]
  0x0000028cf21cf800 JavaThread "Daemon worker" [_thread_in_vm, id=13120, stack(0x000000e0c3d00000,0x000000e0c3e00000)]
  0x0000028cf2beb000 JavaThread "Asynchronous log dispatcher for DefaultDaemonConnection: socket connection from /127.0.0.1:63949 to /127.0.0.1:63950" [_thread_blocked, id=8084, stack(0x000000e0c3f00000,0x000000e0c4000000)]
  0x0000028cf2d21000 JavaThread "Stdin handler" [_thread_blocked, id=6172, stack(0x000000e0c4000000,0x000000e0c4100000)]
  0x0000028cf2d22000 JavaThread "Thread-8" [_thread_blocked, id=2224, stack(0x000000e0c4100000,0x000000e0c4200000)]
  0x0000028cf2391800 JavaThread "Cache worker for file hash cache (C:\Users\asus\Desktop\JavaLearning\caches\6.7.1\fileHashes)" [_thread_blocked, id=8076, stack(0x000000e0c4200000,0x000000e0c4300000)]
  0x0000028cf2390000 JavaThread "File lock request listener" [_thread_in_native, id=3284, stack(0x000000e0c4300000,0x000000e0c4400000)]
  0x0000028cf2391000 JavaThread "Cache worker for journal cache (C:\Users\asus\Desktop\JavaLearning\caches\journal-1)" [_thread_blocked, id=7468, stack(0x000000e0c4400000,0x000000e0c4500000)]
  0x0000028cf238f000 JavaThread "Cache worker for file hash cache (C:\Users\asus\Desktop\MyNotebookProject\.gradle\6.7.1\fileHashes)" [_thread_blocked, id=3212, stack(0x000000e0c4500000,0x000000e0c4600000)]
  0x0000028cf35f4800 JavaThread "jar transforms" [_thread_blocked, id=7624, stack(0x000000e0c4600000,0x000000e0c4700000)]
  0x0000028cf35f1000 JavaThread "jar transforms Thread 2" [_thread_blocked, id=6372, stack(0x000000e0c4700000,0x000000e0c4800000)]
  0x0000028cf35f5000 JavaThread "jar transforms Thread 3" [_thread_blocked, id=11216, stack(0x000000e0c4800000,0x000000e0c4900000)]
  0x0000028cf35f6000 JavaThread "jar transforms Thread 4" [_thread_blocked, id=15168, stack(0x000000e0c4900000,0x000000e0c4a00000)]
  0x0000028cf35f2000 JavaThread "jar transforms Thread 5" [_thread_blocked, id=1896, stack(0x000000e0c4a00000,0x000000e0c4b00000)]
  0x0000028cf35f3800 JavaThread "jar transforms Thread 6" [_thread_blocked, id=2364, stack(0x000000e0c4b00000,0x000000e0c4c00000)]
  0x0000028cf35f2800 JavaThread "jar transforms Thread 7" [_thread_blocked, id=5760, stack(0x000000e0c4c00000,0x000000e0c4d00000)]
  0x0000028cf35f0800 JavaThread "jar transforms Thread 8" [_thread_blocked, id=11060, stack(0x000000e0c4d00000,0x000000e0c4e00000)]
  0x0000028cf35fb800 JavaThread "jar transforms Thread 9" [_thread_blocked, id=6556, stack(0x000000e0c4e00000,0x000000e0c4f00000)]
  0x0000028cf35f9000 JavaThread "jar transforms Thread 10" [_thread_blocked, id=3556, stack(0x000000e0c4f00000,0x000000e0c5000000)]
  0x0000028cf35f7800 JavaThread "jar transforms Thread 11" [_thread_blocked, id=9928, stack(0x000000e0c5000000,0x000000e0c5100000)]
  0x0000028cf35fc800 JavaThread "jar transforms Thread 12" [_thread_blocked, id=2696, stack(0x000000e0c5100000,0x000000e0c5200000)]
  0x0000028cf35f8800 JavaThread "jar transforms Thread 13" [_thread_blocked, id=13012, stack(0x000000e0c5200000,0x000000e0c5300000)]
  0x0000028cf35fa000 JavaThread "jar transforms Thread 14" [_thread_blocked, id=13316, stack(0x000000e0c5300000,0x000000e0c5400000)]
  0x0000028cf35f7000 JavaThread "jar transforms Thread 15" [_thread_blocked, id=12420, stack(0x000000e0c5400000,0x000000e0c5500000)]
  0x0000028cf35fd800 JavaThread "jar transforms Thread 16" [_thread_blocked, id=8416, stack(0x000000e0c5500000,0x000000e0c5600000)]
  0x0000028cf35fe000 JavaThread "jar transforms Thread 17" [_thread_blocked, id=10800, stack(0x000000e0c5600000,0x000000e0c5700000)]
  0x0000028cf35ff000 JavaThread "jar transforms Thread 18" [_thread_blocked, id=5212, stack(0x000000e0c5700000,0x000000e0c5800000)]
  0x0000028cf35fb000 JavaThread "jar transforms Thread 19" [_thread_blocked, id=9576, stack(0x000000e0c5800000,0x000000e0c5900000)]
  0x0000028cf347d800 JavaThread "jar transforms Thread 20" [_thread_blocked, id=14776, stack(0x000000e0c5900000,0x000000e0c5a00000)]
  0x0000028cf347e000 JavaThread "jar transforms Thread 21" [_thread_blocked, id=8244, stack(0x000000e0c5a00000,0x000000e0c5b00000)]
  0x0000028cf3481800 JavaThread "Cache worker for checksums cache (C:\Users\asus\Desktop\MyNotebookProject\.gradle\checksums)" [_thread_blocked, id=6572, stack(0x000000e0c5b00000,0x000000e0c5c00000)]
  0x0000028cf3482800 JavaThread "Cache worker for cache directory md-supplier (C:\Users\asus\Desktop\JavaLearning\caches\6.7.1\md-supplier)" [_thread_blocked, id=7000, stack(0x000000e0c5c00000,0x000000e0c5d00000)]
  0x0000028cf347f000 JavaThread "Cache worker for cache directory md-rule (C:\Users\asus\Desktop\JavaLearning\caches\6.7.1\md-rule)" [_thread_blocked, id=14656, stack(0x000000e0c5d00000,0x000000e0c5e00000)]
  0x0000028cf3480000 JavaThread "Cache worker for execution history cache (C:\Users\asus\Desktop\JavaLearning\caches\6.7.1\executionHistory)" [_thread_blocked, id=13336, stack(0x000000e0c5e00000,0x000000e0c5f00000)]
  0x0000028cf347c800 JavaThread "Cache worker for file content cache (C:\Users\asus\Desktop\JavaLearning\caches\6.7.1\fileContent)" [_thread_blocked, id=12052, stack(0x000000e0c3e00000,0x000000e0c3f00000)]
  0x0000028cf3484000 JavaThread "Cache worker for Build Output Cleanup Cache (C:\Users\asus\Desktop\MyNotebookProject\.gradle\buildOutputCleanup)" [_thread_blocked, id=13564, stack(0x000000e0c6000000,0x000000e0c6100000)]
  0x0000028cf3485000 JavaThread "Build operations" [_thread_blocked, id=7792, stack(0x000000e0c6100000,0x000000e0c6200000)]
  0x0000028cf3485800 JavaThread "Build operations Thread 2" [_thread_blocked, id=4552, stack(0x000000e0c6200000,0x000000e0c6300000)]
  0x0000028cf3486800 JavaThread "Build operations Thread 3" [_thread_blocked, id=12608, stack(0x000000e0c6300000,0x000000e0c6400000)]
  0x0000028cf3480800 JavaThread "Build operations Thread 4" [_thread_blocked, id=14764, stack(0x000000e0c6400000,0x000000e0c6500000)]
  0x0000028cf3488000 JavaThread "jar transforms Thread 22" [_thread_blocked, id=15052, stack(0x000000e0c6500000,0x000000e0c6600000)]
  0x0000028cf348b800 JavaThread "jar transforms Thread 23" [_thread_blocked, id=7308, stack(0x000000e0c6600000,0x000000e0c6700000)]
  0x0000028cf3487000 JavaThread "jar transforms Thread 24" [_thread_blocked, id=4400, stack(0x000000e0c6700000,0x000000e0c6800000)]
  0x0000028cf3489000 JavaThread "jar transforms Thread 25" [_thread_blocked, id=9704, stack(0x000000e0c6800000,0x000000e0c6900000)]
  0x0000028cf3489800 JavaThread "jar transforms Thread 26" [_thread_blocked, id=9584, stack(0x000000e0c6900000,0x000000e0c6a00000)]
  0x0000028cf348a800 JavaThread "jar transforms Thread 27" [_thread_blocked, id=12460, stack(0x000000e0c6a00000,0x000000e0c6b00000)]
  0x0000028cf135a800 JavaThread "jar transforms Thread 28" [_thread_blocked, id=10112, stack(0x000000e0c6b00000,0x000000e0c6c00000)]
  0x0000028cf1358800 JavaThread "jar transforms Thread 29" [_thread_blocked, id=15116, stack(0x000000e0c6c00000,0x000000e0c6d00000)]
  0x0000028cf1355800 JavaThread "jar transforms Thread 30" [_thread_blocked, id=7820, stack(0x000000e0c6d00000,0x000000e0c6e00000)]
  0x0000028cf135c000 JavaThread "jar transforms Thread 31" [_thread_blocked, id=1656, stack(0x000000e0c6e00000,0x000000e0c6f00000)]
  0x0000028cf135b000 JavaThread "jar transforms Thread 32" [_thread_blocked, id=4336, stack(0x000000e0c6f00000,0x000000e0c7000000)]
  0x0000028cf1359800 JavaThread "jar transforms Thread 33" [_thread_blocked, id=3752, stack(0x000000e0c7000000,0x000000e0c7100000)]
  0x0000028cf1357000 JavaThread "jar transforms Thread 34" [_thread_blocked, id=5512, stack(0x000000e0c7100000,0x000000e0c7200000)]
  0x0000028cf1356800 JavaThread "jar transforms Thread 35" [_thread_blocked, id=5052, stack(0x000000e0c7200000,0x000000e0c7300000)]
  0x0000028cf135d000 JavaThread "jar transforms Thread 36" [_thread_blocked, id=14784, stack(0x000000e0c7300000,0x000000e0c7400000)]
  0x0000028cf1358000 JavaThread "jar transforms Thread 37" [_thread_blocked, id=7480, stack(0x000000e0c7400000,0x000000e0c7500000)]
  0x0000028cf135f000 JavaThread "jar transforms Thread 38" [_thread_blocked, id=2488, stack(0x000000e0c7500000,0x000000e0c7600000)]
  0x0000028cf1361800 JavaThread "jar transforms Thread 39" [_thread_blocked, id=13976, stack(0x000000e0c7600000,0x000000e0c7700000)]
  0x0000028cf1360000 JavaThread "jar transforms Thread 40" [_thread_blocked, id=6284, stack(0x000000e0c7700000,0x000000e0c7800000)]
  0x0000028cf135e800 JavaThread "jar transforms Thread 41" [_thread_blocked, id=12696, stack(0x000000e0c7800000,0x000000e0c7900000)]
  0x0000028cf1362800 JavaThread "jar transforms Thread 42" [_thread_blocked, id=5480, stack(0x000000e0c7900000,0x000000e0c7a00000)]
  0x0000028cf135d800 JavaThread "jar transforms Thread 43" [_thread_blocked, id=12116, stack(0x000000e0c7a00000,0x000000e0c7b00000)]
  0x0000028cf1361000 JavaThread "jar transforms Thread 44" [_thread_blocked, id=11972, stack(0x000000e0c7b00000,0x000000e0c7c00000)]
  0x0000028cf1363800 JavaThread "jar transforms Thread 45" [_thread_blocked, id=15332, stack(0x000000e0c7c00000,0x000000e0c7d00000)]
  0x0000028cf1364000 JavaThread "jar transforms Thread 46" [_thread_blocked, id=8736, stack(0x000000e0c7d00000,0x000000e0c7e00000)]
  0x0000028cf7511800 JavaThread "jar transforms Thread 47" [_thread_blocked, id=8932, stack(0x000000e0c7e00000,0x000000e0c7f00000)]
  0x0000028cf7513800 JavaThread "jar transforms Thread 48" [_thread_blocked, id=13168, stack(0x000000e0c7f00000,0x000000e0c8000000)]
  0x0000028cf7518800 JavaThread "jar transforms Thread 49" [_thread_blocked, id=13696, stack(0x000000e0c8000000,0x000000e0c8100000)]
  0x0000028cf7514000 JavaThread "jar transforms Thread 50" [_thread_blocked, id=11524, stack(0x000000e0c8100000,0x000000e0c8200000)]
  0x0000028cf7516000 JavaThread "jar transforms Thread 51" [_thread_blocked, id=4800, stack(0x000000e0c8200000,0x000000e0c8300000)]
  0x0000028cf7516800 JavaThread "jar transforms Thread 52" [_thread_blocked, id=9728, stack(0x000000e0c8300000,0x000000e0c8400000)]
  0x0000028cf7517800 JavaThread "jar transforms Thread 53" [_thread_blocked, id=5656, stack(0x000000e0c8400000,0x000000e0c8500000)]
  0x0000028cf7512800 JavaThread "jar transforms Thread 54" [_thread_blocked, id=13532, stack(0x000000e0c8500000,0x000000e0c8600000)]
  0x0000028cf751a800 JavaThread "jar transforms Thread 55" [_thread_blocked, id=14636, stack(0x000000e0c8600000,0x000000e0c8700000)]
  0x0000028cf7519000 JavaThread "jar transforms Thread 56" [_thread_blocked, id=14608, stack(0x000000e0c8700000,0x000000e0c8800000)]
  0x0000028cf751a000 JavaThread "jar transforms Thread 57" [_thread_blocked, id=6276, stack(0x000000e0c8800000,0x000000e0c8900000)]
  0x0000028cf7515000 JavaThread "jar transforms Thread 58" [_thread_blocked, id=11208, stack(0x000000e0c8900000,0x000000e0c8a00000)]
  0x0000028cf751b800 JavaThread "jar transforms Thread 59" [_thread_blocked, id=1740, stack(0x000000e0c8a00000,0x000000e0c8b00000)]
  0x0000028cf751e000 JavaThread "jar transforms Thread 60" [_thread_blocked, id=9412, stack(0x000000e0c8b00000,0x000000e0c8c00000)]
  0x0000028cf751f800 JavaThread "jar transforms Thread 61" [_thread_blocked, id=10136, stack(0x000000e0c8c00000,0x000000e0c8d00000)]
  0x0000028cf751c800 JavaThread "jar transforms Thread 62" [_thread_blocked, id=11860, stack(0x000000e0c8d00000,0x000000e0c8e00000)]
  0x0000028cf751d000 JavaThread "jar transforms Thread 63" [_thread_blocked, id=11408, stack(0x000000e0c8e00000,0x000000e0c8f00000)]
  0x0000028cf751f000 JavaThread "jar transforms Thread 64" [_thread_blocked, id=12996, stack(0x000000e0c8f00000,0x000000e0c9000000)]
  0x0000028cf7520800 JavaThread "jar transforms Thread 65" [_thread_blocked, id=5424, stack(0x000000e0c9000000,0x000000e0c9100000)]
  0x0000028cf6c30800 JavaThread "jar transforms Thread 66" [_thread_blocked, id=10032, stack(0x000000e0c9100000,0x000000e0c9200000)]
  0x0000028cf6c31000 JavaThread "jar transforms Thread 67" [_thread_blocked, id=11664, stack(0x000000e0c9200000,0x000000e0c9300000)]
  0x0000028cf6c2e000 JavaThread "jar transforms Thread 68" [_thread_blocked, id=4960, stack(0x000000e0c9300000,0x000000e0c9400000)]
  0x0000028cf6c32000 JavaThread "jar transforms Thread 69" [_thread_blocked, id=6932, stack(0x000000e0c9400000,0x000000e0c9500000)]
  0x0000028cf6c2c000 JavaThread "jar transforms Thread 70" [_thread_blocked, id=15148, stack(0x000000e0c9500000,0x000000e0c9600000)]
  0x0000028cf6c33000 JavaThread "jar transforms Thread 71" [_thread_blocked, id=10476, stack(0x000000e0c9600000,0x000000e0c9700000)]
  0x0000028cf6c2d000 JavaThread "jar transforms Thread 72" [_thread_blocked, id=13676, stack(0x000000e0c9700000,0x000000e0c9800000)]
  0x0000028cf6c33800 JavaThread "jar transforms Thread 73" [_thread_blocked, id=14976, stack(0x000000e0c9800000,0x000000e0c9900000)]
  0x0000028cf6c34800 JavaThread "jar transforms Thread 74" [_thread_blocked, id=12256, stack(0x000000e0c9900000,0x000000e0c9a00000)]
  0x0000028cf6c2e800 JavaThread "jar transforms Thread 75" [_thread_blocked, id=8036, stack(0x000000e0c9a00000,0x000000e0c9b00000)]
  0x0000028cf6c35000 JavaThread "jar transforms Thread 76" [_thread_blocked, id=10172, stack(0x000000e0c9b00000,0x000000e0c9c00000)]
  0x0000028cf6c2f800 JavaThread "jar transforms Thread 77" [_thread_blocked, id=15176, stack(0x000000e0c9c00000,0x000000e0c9d00000)]
  0x0000028cf6c36000 JavaThread "jar transforms Thread 78" [_thread_blocked, id=3292, stack(0x000000e0c9d00000,0x000000e0c9e00000)]
  0x0000028cf6c3b000 JavaThread "jar transforms Thread 79" [_thread_blocked, id=11636, stack(0x000000e0c9e00000,0x000000e0c9f00000)]
  0x0000028cf6c39800 JavaThread "jar transforms Thread 80" [_thread_blocked, id=14688, stack(0x000000e0c9f00000,0x000000e0ca000000)]
  0x0000028cf6c37000 JavaThread "jar transforms Thread 81" [_thread_blocked, id=6088, stack(0x000000e0ca000000,0x000000e0ca100000)]
  0x0000028cf6c37800 JavaThread "jar transforms Thread 82" [_thread_blocked, id=10324, stack(0x000000e0ca100000,0x000000e0ca200000)]
  0x0000028cf6c38800 JavaThread "jar transforms Thread 83" [_thread_blocked, id=10336, stack(0x000000e0ca200000,0x000000e0ca300000)]
  0x0000028cf6c3a000 JavaThread "jar transforms Thread 84" [_thread_blocked, id=12432, stack(0x000000e0ca300000,0x000000e0ca400000)]
  0x0000028cf4f16000 JavaThread "jar transforms Thread 85" [_thread_blocked, id=12400, stack(0x000000e0ca400000,0x000000e0ca500000)]
  0x0000028cf4f1c000 JavaThread "jar transforms Thread 86" [_thread_blocked, id=11244, stack(0x000000e0ca500000,0x000000e0ca600000)]
  0x0000028cf4f1c800 JavaThread "jar transforms Thread 87" [_thread_blocked, id=5784, stack(0x000000e0ca600000,0x000000e0ca700000)]
  0x0000028cf4f1a000 JavaThread "jar transforms Thread 88" [_thread_blocked, id=5028, stack(0x000000e0ca700000,0x000000e0ca800000)]
  0x0000028cf4f1b000 JavaThread "jar transforms Thread 89" [_thread_blocked, id=7348, stack(0x000000e0ca800000,0x000000e0ca900000)]
  0x0000028cf4f17000 JavaThread "jar transforms Thread 90" [_thread_blocked, id=13940, stack(0x000000e0ca900000,0x000000e0caa00000)]
  0x0000028cf4f17800 JavaThread "jar transforms Thread 91" [_thread_blocked, id=6100, stack(0x000000e0caa00000,0x000000e0cab00000)]
  0x0000028cf4f1d800 JavaThread "jar transforms Thread 92" [_thread_blocked, id=12044, stack(0x000000e0cab00000,0x000000e0cac00000)]
  0x0000028cf4f1e000 JavaThread "jar transforms Thread 93" [_thread_blocked, id=5556, stack(0x000000e0cac00000,0x000000e0cad00000)]
  0x0000028cf4f18800 JavaThread "jar transforms Thread 94" [_thread_blocked, id=11444, stack(0x000000e0cad00000,0x000000e0cae00000)]
  0x0000028cf4f1f000 JavaThread "jar transforms Thread 95" [_thread_blocked, id=12968, stack(0x000000e0cae00000,0x000000e0caf00000)]
  0x0000028cf4f19800 JavaThread "jar transforms Thread 96" [_thread_blocked, id=13380, stack(0x000000e0caf00000,0x000000e0cb000000)]
  0x0000028cf4f23000 JavaThread "jar transforms Thread 97" [_thread_blocked, id=9004, stack(0x000000e0cb000000,0x000000e0cb100000)]
  0x0000028cf4f20000 JavaThread "jar transforms Thread 98" [_thread_blocked, id=13984, stack(0x000000e0cb100000,0x000000e0cb200000)]
  0x0000028cf4f25000 JavaThread "jar transforms Thread 99" [_thread_blocked, id=7900, stack(0x000000e0cb200000,0x000000e0cb300000)]
  0x0000028cf4f24000 JavaThread "jar transforms Thread 100" [_thread_blocked, id=14184, stack(0x000000e0cb300000,0x000000e0cb400000)]
  0x0000028cf4f20800 JavaThread "jar transforms Thread 101" [_thread_blocked, id=6108, stack(0x000000e0cb400000,0x000000e0cb500000)]
  0x0000028cf4f21800 JavaThread "jar transforms Thread 102" [_thread_blocked, id=10852, stack(0x000000e0cb500000,0x000000e0cb600000)]
  0x0000028cf4f22800 JavaThread "jar transforms Thread 103" [_thread_blocked, id=9184, stack(0x000000e0cb600000,0x000000e0cb700000)]
  0x0000028cf321c000 JavaThread "jar transforms Thread 104" [_thread_blocked, id=15024, stack(0x000000e0cb700000,0x000000e0cb800000)]
  0x0000028cf321d000 JavaThread "jar transforms Thread 105" [_thread_blocked, id=15156, stack(0x000000e0cb800000,0x000000e0cb900000)]
  0x0000028cf3221000 JavaThread "jar transforms Thread 106" [_thread_blocked, id=13736, stack(0x000000e0cb900000,0x000000e0cba00000)]
  0x0000028cf3220000 JavaThread "jar transforms Thread 107" [_thread_blocked, id=7632, stack(0x000000e0cba00000,0x000000e0cbb00000)]
  0x0000028cf321b800 JavaThread "jar transforms Thread 108" [_thread_blocked, id=10148, stack(0x000000e0cbb00000,0x000000e0cbc00000)]
  0x0000028cf321e800 JavaThread "jar transforms Thread 109" [_thread_blocked, id=7360, stack(0x000000e0cbc00000,0x000000e0cbd00000)]
  0x0000028cf321f800 JavaThread "jar transforms Thread 110" [_thread_blocked, id=12788, stack(0x000000e0cbd00000,0x000000e0cbe00000)]
  0x0000028cf3222000 JavaThread "jar transforms Thread 111" [_thread_blocked, id=3860, stack(0x000000e0cbe00000,0x000000e0cbf00000)]
  0x0000028cf3222800 JavaThread "jar transforms Thread 112" [_thread_blocked, id=10208, stack(0x000000e0cbf00000,0x000000e0cc000000)]
  0x0000028cf3223800 JavaThread "jar transforms Thread 113" [_thread_blocked, id=8376, stack(0x000000e0cc000000,0x000000e0cc100000)]
  0x0000028cf321d800 JavaThread "jar transforms Thread 114" [_thread_blocked, id=1440, stack(0x000000e0cc100000,0x000000e0cc200000)]
  0x0000028cf3228800 JavaThread "jar transforms Thread 115" [_thread_blocked, id=14528, stack(0x000000e0cc200000,0x000000e0cc300000)]
  0x0000028cf3225000 JavaThread "jar transforms Thread 116" [_thread_blocked, id=4080, stack(0x000000e0cc300000,0x000000e0cc400000)]
  0x0000028cf3224800 JavaThread "jar transforms Thread 117" [_thread_blocked, id=13856, stack(0x000000e0cc400000,0x000000e0cc500000)]
=>0x0000028cf7873800 JavaThread "C2 CompilerThread1" daemon [_thread_in_native, id=11928, stack(0x000000e0c5f00000,0x000000e0c6000000)]
  0x0000028cf3226000 JavaThread "Memory manager" [_thread_blocked, id=14956, stack(0x000000e0cc500000,0x000000e0cc600000)]

Other Threads:
  0x0000028cf01de000 VMThread "VM Thread" [stack: 0x000000e0c2700000,0x000000e0c2800000] [id=7724]
  0x0000028cf0c07000 WatcherThread [stack: 0x000000e0c3100000,0x000000e0c3200000] [id=13608]
  0x0000028cd4804000 GCTaskThread "GC Thread#0" [stack: 0x000000e0c2200000,0x000000e0c2300000] [id=2624]
  0x0000028cf11b9000 GCTaskThread "GC Thread#1" [stack: 0x000000e0c3300000,0x000000e0c3400000] [id=12272]
  0x0000028cf11bc000 GCTaskThread "GC Thread#2" [stack: 0x000000e0c3400000,0x000000e0c3500000] [id=14160]
  0x0000028cf11bd000 GCTaskThread "GC Thread#3" [stack: 0x000000e0c3500000,0x000000e0c3600000] [id=13868]
  0x0000028cd4835800 ConcurrentGCThread "G1 Main Marker" [stack: 0x000000e0c2300000,0x000000e0c2400000] [id=220]
  0x0000028cd4839000 ConcurrentGCThread "G1 Conc#0" [stack: 0x000000e0c2400000,0x000000e0c2500000] [id=13352]
  0x0000028cf0032800 ConcurrentGCThread "G1 Refine#0" [stack: 0x000000e0c2500000,0x000000e0c2600000] [id=13408]
  0x0000028cf0033000 ConcurrentGCThread "G1 Young RemSet Sampling" [stack: 0x000000e0c2600000,0x000000e0c2700000] [id=7980]

Threads with active compile tasks:
C2 CompilerThread0  15759 5788 % !   4       java.util.jar.Attributes::read @ 185 (388 bytes)
C2 CompilerThread1  15760 5595       4       org.objectweb.asm.Frame::execute (2318 bytes)

VM state:not at safepoint (normal execution)

VM Mutex/Monitor currently owned by a thread: None

Heap address: 0x0000000080000000, size: 2048 MB, Compressed Oops mode: 32-bit
Narrow klass base: 0x0000000000000000, Narrow klass shift: 3
Compressed class space size: 1073741824 Address: 0x0000000100000000

Heap:
 garbage-first heap   total 196608K, used 77542K [0x0000000080000000, 0x0000000100000000)
  region size 1024K, 16 young (16384K), 4 survivors (4096K)
 Metaspace       used 60551K, capacity 62219K, committed 62472K, reserved 1103872K
  class space    used 7637K, capacity 8185K, committed 8272K, reserved 1048576K
Heap Regions: E=young(eden), S=young(survivor), O=old, HS=humongous(starts), HC=humongous(continues), CS=collection set, F=free, A=archive, TAMS=top-at-mark-start (previous, next)
|   0|0x0000000080000000, 0x0000000080100000, 0x0000000080100000|100%| O|  |TAMS 0x0000000080100000, 0x0000000080000000| Untracked 
|   1|0x0000000080100000, 0x0000000080200000, 0x0000000080200000|100%| O|  |TAMS 0x0000000080200000, 0x0000000080100000| Untracked 
|   2|0x0000000080200000, 0x0000000080300000, 0x0000000080300000|100%| O|  |TAMS 0x0000000080300000, 0x0000000080200000| Untracked 
|   3|0x0000000080300000, 0x0000000080400000, 0x0000000080400000|100%|HS|  |TAMS 0x0000000080400000, 0x0000000080300000| Complete 
|   4|0x0000000080400000, 0x0000000080500000, 0x0000000080500000|100%|HC|  |TAMS 0x0000000080500000, 0x0000000080400000| Complete 
|   5|0x0000000080500000, 0x0000000080600000, 0x0000000080600000|100%|HC|  |TAMS 0x0000000080600000, 0x0000000080500000| Complete 
|   6|0x0000000080600000, 0x0000000080700000, 0x0000000080700000|100%| O|  |TAMS 0x0000000080700000, 0x0000000080600000| Untracked 
|   7|0x0000000080700000, 0x0000000080800000, 0x0000000080800000|100%| O|  |TAMS 0x0000000080800000, 0x0000000080700000| Untracked 
|   8|0x0000000080800000, 0x0000000080900000, 0x0000000080900000|100%| O|  |TAMS 0x0000000080900000, 0x0000000080800000| Untracked 
|   9|0x0000000080900000, 0x0000000080a00000, 0x0000000080a00000|100%| O|  |TAMS 0x0000000080a00000, 0x0000000080900000| Untracked 
|  10|0x0000000080a00000, 0x0000000080b00000, 0x0000000080b00000|100%| O|  |TAMS 0x0000000080b00000, 0x0000000080a00000| Untracked 
|  11|0x0000000080b00000, 0x0000000080c00000, 0x0000000080c00000|100%| O|  |TAMS 0x0000000080c00000, 0x0000000080b00000| Untracked 
|  12|0x0000000080c00000, 0x0000000080d00000, 0x0000000080d00000|100%| O|  |TAMS 0x0000000080d00000, 0x0000000080c00000| Untracked 
|  13|0x0000000080d00000, 0x0000000080e00000, 0x0000000080e00000|100%|HS|  |TAMS 0x0000000080e00000, 0x0000000080d00000| Complete 
|  14|0x0000000080e00000, 0x0000000080f00000, 0x0000000080f00000|100%|HC|  |TAMS 0x0000000080f00000, 0x0000000080e00000| Complete 
|  15|0x0000000080f00000, 0x0000000081000000, 0x0000000081000000|100%|HS|  |TAMS 0x0000000081000000, 0x0000000080f00000| Complete 
|  16|0x0000000081000000, 0x0000000081100000, 0x0000000081100000|100%|HC|  |TAMS 0x0000000081100000, 0x0000000081000000| Complete 
|  17|0x0000000081100000, 0x0000000081200000, 0x0000000081200000|100%|HC|  |TAMS 0x0000000081200000, 0x0000000081100000| Complete 
|  18|0x0000000081200000, 0x0000000081300000, 0x0000000081300000|100%|HS|  |TAMS 0x0000000081300000, 0x0000000081200000| Complete 
|  19|0x0000000081300000, 0x0000000081400000, 0x0000000081400000|100%|HC|  |TAMS 0x0000000081400000, 0x0000000081300000| Complete 
|  20|0x0000000081400000, 0x0000000081500000, 0x0000000081500000|100%|HC|  |TAMS 0x0000000081500000, 0x0000000081400000| Complete 
|  21|0x0000000081500000, 0x0000000081600000, 0x0000000081600000|100%|HC|  |TAMS 0x0000000081600000, 0x0000000081500000| Complete 
|  22|0x0000000081600000, 0x0000000081700000, 0x0000000081700000|100%| O|  |TAMS 0x0000000081700000, 0x0000000081600000| Untracked 
|  23|0x0000000081700000, 0x0000000081800000, 0x0000000081800000|100%| O|  |TAMS 0x0000000081800000, 0x0000000081700000| Untracked 
|  24|0x0000000081800000, 0x0000000081900000, 0x0000000081900000|100%| O|  |TAMS 0x0000000081900000, 0x0000000081800000| Untracked 
|  25|0x0000000081900000, 0x0000000081a00000, 0x0000000081a00000|100%|HS|  |TAMS 0x0000000081a00000, 0x0000000081900000| Complete 
|  26|0x0000000081a00000, 0x0000000081b00000, 0x0000000081b00000|100%|HS|  |TAMS 0x0000000081b00000, 0x0000000081a00000| Complete 
|  27|0x0000000081b00000, 0x0000000081c00000, 0x0000000081c00000|100%|HC|  |TAMS 0x0000000081c00000, 0x0000000081b00000| Complete 
|  28|0x0000000081c00000, 0x0000000081d00000, 0x0000000081d00000|100%|HS|  |TAMS 0x0000000081d00000, 0x0000000081c00000| Complete 
|  29|0x0000000081d00000, 0x0000000081e00000, 0x0000000081e00000|100%|HC|  |TAMS 0x0000000081e00000, 0x0000000081d00000| Complete 
|  30|0x0000000081e00000, 0x0000000081f00000, 0x0000000081f00000|100%|HC|  |TAMS 0x0000000081f00000, 0x0000000081e00000| Complete 
|  31|0x0000000081f00000, 0x0000000082000000, 0x0000000082000000|100%|HC|  |TAMS 0x0000000082000000, 0x0000000081f00000| Complete 
|  32|0x0000000082000000, 0x0000000082100000, 0x0000000082100000|100%|HS|  |TAMS 0x0000000082100000, 0x0000000082000000| Complete 
|  33|0x0000000082100000, 0x0000000082200000, 0x0000000082200000|100%|HC|  |TAMS 0x0000000082200000, 0x0000000082100000| Complete 
|  34|0x0000000082200000, 0x0000000082300000, 0x0000000082300000|100%|HC|  |TAMS 0x0000000082300000, 0x0000000082200000| Complete 
|  35|0x0000000082300000, 0x0000000082400000, 0x0000000082400000|100%| O|  |TAMS 0x0000000082400000, 0x0000000082300000| Untracked 
|  36|0x0000000082400000, 0x0000000082500000, 0x0000000082500000|100%| O|  |TAMS 0x0000000082500000, 0x0000000082400000| Untracked 
|  37|0x0000000082500000, 0x0000000082600000, 0x0000000082600000|100%| O|  |TAMS 0x0000000082600000, 0x0000000082500000| Untracked 
|  38|0x0000000082600000, 0x0000000082700000, 0x0000000082700000|100%| O|  |TAMS 0x0000000082700000, 0x0000000082600000| Untracked 
|  39|0x0000000082700000, 0x0000000082800000, 0x0000000082800000|100%| O|  |TAMS 0x0000000082800000, 0x0000000082700000| Untracked 
|  40|0x0000000082800000, 0x0000000082900000, 0x0000000082900000|100%| O|  |TAMS 0x0000000082900000, 0x0000000082800000| Untracked 
|  41|0x0000000082900000, 0x0000000082a00000, 0x0000000082a00000|100%|HS|  |TAMS 0x0000000082a00000, 0x0000000082900000| Complete 
|  42|0x0000000082a00000, 0x0000000082b00000, 0x0000000082b00000|100%|HC|  |TAMS 0x0000000082b00000, 0x0000000082a00000| Complete 
|  43|0x0000000082b00000, 0x0000000082c00000, 0x0000000082c00000|100%|HC|  |TAMS 0x0000000082c00000, 0x0000000082b00000| Complete 
|  44|0x0000000082c00000, 0x0000000082d00000, 0x0000000082d00000|100%| O|  |TAMS 0x0000000082d00000, 0x0000000082c00000| Untracked 
|  45|0x0000000082d00000, 0x0000000082e00000, 0x0000000082e00000|100%| O|  |TAMS 0x0000000082e00000, 0x0000000082d00000| Untracked 
|  46|0x0000000082e00000, 0x0000000082f00000, 0x0000000082f00000|100%| O|  |TAMS 0x0000000082f00000, 0x0000000082e00000| Untracked 
|  47|0x0000000082f00000, 0x0000000083000000, 0x0000000083000000|100%| O|  |TAMS 0x0000000083000000, 0x0000000082f00000| Untracked 
|  48|0x0000000083000000, 0x0000000083100000, 0x0000000083100000|100%| O|  |TAMS 0x0000000083100000, 0x0000000083000000| Untracked 
|  49|0x0000000083100000, 0x0000000083200000, 0x0000000083200000|100%| O|  |TAMS 0x0000000083200000, 0x0000000083100000| Untracked 
|  50|0x0000000083200000, 0x0000000083300000, 0x0000000083300000|100%| O|  |TAMS 0x0000000083300000, 0x0000000083200000| Untracked 
|  51|0x0000000083300000, 0x0000000083400000, 0x0000000083400000|100%| O|  |TAMS 0x0000000083400000, 0x0000000083300000| Untracked 
|  52|0x0000000083400000, 0x0000000083500000, 0x0000000083500000|100%| O|  |TAMS 0x0000000083500000, 0x0000000083400000| Untracked 
|  53|0x0000000083500000, 0x0000000083600000, 0x0000000083600000|100%| O|  |TAMS 0x0000000083600000, 0x0000000083500000| Untracked 
|  54|0x0000000083600000, 0x0000000083700000, 0x0000000083700000|100%| O|  |TAMS 0x0000000083700000, 0x0000000083600000| Untracked 
|  55|0x0000000083700000, 0x0000000083800000, 0x0000000083800000|100%| O|  |TAMS 0x0000000083800000, 0x0000000083700000| Untracked 
|  56|0x0000000083800000, 0x0000000083900000, 0x0000000083900000|100%| O|  |TAMS 0x0000000083900000, 0x0000000083800000| Untracked 
|  57|0x0000000083900000, 0x0000000083a00000, 0x0000000083a00000|100%| O|  |TAMS 0x0000000083a00000, 0x0000000083900000| Untracked 
|  58|0x0000000083a00000, 0x0000000083b00000, 0x0000000083b00000|100%| O|  |TAMS 0x0000000083b00000, 0x0000000083a00000| Untracked 
|  59|0x0000000083b00000, 0x0000000083c00000, 0x0000000083c00000|100%| O|  |TAMS 0x0000000083c00000, 0x0000000083b00000| Untracked 
|  60|0x0000000083c00000, 0x0000000083d00000, 0x0000000083d00000|100%| O|  |TAMS 0x0000000083d00000, 0x0000000083c00000| Untracked 
|  61|0x0000000083d00000, 0x0000000083e00000, 0x0000000083e00000|100%| O|  |TAMS 0x0000000083e00000, 0x0000000083d00000| Untracked 
|  62|0x0000000083e00000, 0x0000000083e00000, 0x0000000083f00000|  0%| F|  |TAMS 0x0000000083e00000, 0x0000000083e00000| Untracked 
|  63|0x0000000083f00000, 0x0000000083f00000, 0x0000000084000000|  0%| F|  |TAMS 0x0000000083f00000, 0x0000000083f00000| Untracked 
|  64|0x0000000084000000, 0x0000000084000000, 0x0000000084100000|  0%| F|  |TAMS 0x0000000084000000, 0x0000000084000000| Untracked 
|  65|0x0000000084100000, 0x0000000084100000, 0x0000000084200000|  0%| F|  |TAMS 0x0000000084100000, 0x0000000084100000| Untracked 
|  66|0x0000000084200000, 0x0000000084200000, 0x0000000084300000|  0%| F|  |TAMS 0x0000000084200000, 0x0000000084200000| Untracked 
|  67|0x0000000084300000, 0x0000000084300000, 0x0000000084400000|  0%| F|  |TAMS 0x0000000084300000, 0x0000000084300000| Untracked 
|  68|0x0000000084400000, 0x0000000084400000, 0x0000000084500000|  0%| F|  |TAMS 0x0000000084400000, 0x0000000084400000| Untracked 
|  69|0x0000000084500000, 0x0000000084500000, 0x0000000084600000|  0%| F|  |TAMS 0x0000000084500000, 0x0000000084500000| Untracked 
|  70|0x0000000084600000, 0x0000000084600000, 0x0000000084700000|  0%| F|  |TAMS 0x0000000084600000, 0x0000000084600000| Untracked 
|  71|0x0000000084700000, 0x0000000084700000, 0x0000000084800000|  0%| F|  |TAMS 0x0000000084700000, 0x0000000084700000| Untracked 
|  72|0x0000000084800000, 0x0000000084800000, 0x0000000084900000|  0%| F|  |TAMS 0x0000000084800000, 0x0000000084800000| Untracked 
|  73|0x0000000084900000, 0x0000000084900000, 0x0000000084a00000|  0%| F|  |TAMS 0x0000000084900000, 0x0000000084900000| Untracked 
|  74|0x0000000084a00000, 0x0000000084a00000, 0x0000000084b00000|  0%| F|  |TAMS 0x0000000084a00000, 0x0000000084a00000| Untracked 
|  75|0x0000000084b00000, 0x0000000084b00000, 0x0000000084c00000|  0%| F|  |TAMS 0x0000000084b00000, 0x0000000084b00000| Untracked 
|  76|0x0000000084c00000, 0x0000000084c00000, 0x0000000084d00000|  0%| F|  |TAMS 0x0000000084c00000, 0x0000000084c00000| Untracked 
|  77|0x0000000084d00000, 0x0000000084d00000, 0x0000000084e00000|  0%| F|  |TAMS 0x0000000084d00000, 0x0000000084d00000| Untracked 
|  78|0x0000000084e00000, 0x0000000084e00000, 0x0000000084f00000|  0%| F|  |TAMS 0x0000000084e00000, 0x0000000084e00000| Untracked 
|  79|0x0000000084f00000, 0x0000000084f00000, 0x0000000085000000|  0%| F|  |TAMS 0x0000000084f00000, 0x0000000084f00000| Untracked 
|  80|0x0000000085000000, 0x0000000085000000, 0x0000000085100000|  0%| F|  |TAMS 0x0000000085000000, 0x0000000085000000| Untracked 
|  81|0x0000000085100000, 0x0000000085100000, 0x0000000085200000|  0%| F|  |TAMS 0x0000000085100000, 0x0000000085100000| Untracked 
|  82|0x0000000085200000, 0x0000000085200000, 0x0000000085300000|  0%| F|  |TAMS 0x0000000085200000, 0x0000000085200000| Untracked 
|  83|0x0000000085300000, 0x0000000085300000, 0x0000000085400000|  0%| F|  |TAMS 0x0000000085300000, 0x0000000085300000| Untracked 
|  84|0x0000000085400000, 0x0000000085400000, 0x0000000085500000|  0%| F|  |TAMS 0x0000000085400000, 0x0000000085400000| Untracked 
|  85|0x0000000085500000, 0x0000000085500000, 0x0000000085600000|  0%| F|  |TAMS 0x0000000085500000, 0x0000000085500000| Untracked 
|  86|0x0000000085600000, 0x0000000085600000, 0x0000000085700000|  0%| F|  |TAMS 0x0000000085600000, 0x0000000085600000| Untracked 
|  87|0x0000000085700000, 0x0000000085700000, 0x0000000085800000|  0%| F|  |TAMS 0x0000000085700000, 0x0000000085700000| Untracked 
|  88|0x0000000085800000, 0x0000000085800000, 0x0000000085900000|  0%| F|  |TAMS 0x0000000085800000, 0x0000000085800000| Untracked 
|  89|0x0000000085900000, 0x0000000085900000, 0x0000000085a00000|  0%| F|  |TAMS 0x0000000085900000, 0x0000000085900000| Untracked 
|  90|0x0000000085a00000, 0x0000000085a00000, 0x0000000085b00000|  0%| F|  |TAMS 0x0000000085a00000, 0x0000000085a00000| Untracked 
|  91|0x0000000085b00000, 0x0000000085b00000, 0x0000000085c00000|  0%| F|  |TAMS 0x0000000085b00000, 0x0000000085b00000| Untracked 
|  92|0x0000000085c00000, 0x0000000085c00000, 0x0000000085d00000|  0%| F|  |TAMS 0x0000000085c00000, 0x0000000085c00000| Untracked 
|  93|0x0000000085d00000, 0x0000000085d00000, 0x0000000085e00000|  0%| F|  |TAMS 0x0000000085d00000, 0x0000000085d00000| Untracked 
|  94|0x0000000085e00000, 0x0000000085e00000, 0x0000000085f00000|  0%| F|  |TAMS 0x0000000085e00000, 0x0000000085e00000| Untracked 
|  95|0x0000000085f00000, 0x0000000085f00000, 0x0000000086000000|  0%| F|  |TAMS 0x0000000085f00000, 0x0000000085f00000| Untracked 
|  96|0x0000000086000000, 0x0000000086000000, 0x0000000086100000|  0%| F|  |TAMS 0x0000000086000000, 0x0000000086000000| Untracked 
|  97|0x0000000086100000, 0x0000000086100000, 0x0000000086200000|  0%| F|  |TAMS 0x0000000086100000, 0x0000000086100000| Untracked 
|  98|0x0000000086200000, 0x0000000086200000, 0x0000000086300000|  0%| F|  |TAMS 0x0000000086200000, 0x0000000086200000| Untracked 
|  99|0x0000000086300000, 0x0000000086300000, 0x0000000086400000|  0%| F|  |TAMS 0x0000000086300000, 0x0000000086300000| Untracked 
| 100|0x0000000086400000, 0x0000000086400000, 0x0000000086500000|  0%| F|  |TAMS 0x0000000086400000, 0x0000000086400000| Untracked 
| 101|0x0000000086500000, 0x0000000086500000, 0x0000000086600000|  0%| F|  |TAMS 0x0000000086500000, 0x0000000086500000| Untracked 
| 102|0x0000000086600000, 0x0000000086600000, 0x0000000086700000|  0%| F|  |TAMS 0x0000000086600000, 0x0000000086600000| Untracked 
| 103|0x0000000086700000, 0x0000000086700000, 0x0000000086800000|  0%| F|  |TAMS 0x0000000086700000, 0x0000000086700000| Untracked 
| 104|0x0000000086800000, 0x0000000086800000, 0x0000000086900000|  0%| F|  |TAMS 0x0000000086800000, 0x0000000086800000| Untracked 
| 105|0x0000000086900000, 0x0000000086900000, 0x0000000086a00000|  0%| F|  |TAMS 0x0000000086900000, 0x0000000086900000| Untracked 
| 106|0x0000000086a00000, 0x0000000086a00000, 0x0000000086b00000|  0%| F|  |TAMS 0x0000000086a00000, 0x0000000086a00000| Untracked 
| 107|0x0000000086b00000, 0x0000000086b00000, 0x0000000086c00000|  0%| F|  |TAMS 0x0000000086b00000, 0x0000000086b00000| Untracked 
| 108|0x0000000086c00000, 0x0000000086c00000, 0x0000000086d00000|  0%| F|  |TAMS 0x0000000086c00000, 0x0000000086c00000| Untracked 
| 109|0x0000000086d00000, 0x0000000086d00000, 0x0000000086e00000|  0%| F|  |TAMS 0x0000000086d00000, 0x0000000086d00000| Untracked 
| 110|0x0000000086e00000, 0x0000000086e00000, 0x0000000086f00000|  0%| F|  |TAMS 0x0000000086e00000, 0x0000000086e00000| Untracked 
| 111|0x0000000086f00000, 0x0000000086f00000, 0x0000000087000000|  0%| F|  |TAMS 0x0000000086f00000, 0x0000000086f00000| Untracked 
| 112|0x0000000087000000, 0x0000000087000000, 0x0000000087100000|  0%| F|  |TAMS 0x0000000087000000, 0x0000000087000000| Untracked 
| 113|0x0000000087100000, 0x0000000087100000, 0x0000000087200000|  0%| F|  |TAMS 0x0000000087100000, 0x0000000087100000| Untracked 
| 114|0x0000000087200000, 0x0000000087200000, 0x0000000087300000|  0%| F|  |TAMS 0x0000000087200000, 0x0000000087200000| Untracked 
| 115|0x0000000087300000, 0x0000000087300000, 0x0000000087400000|  0%| F|  |TAMS 0x0000000087300000, 0x0000000087300000| Untracked 
| 116|0x0000000087400000, 0x0000000087400000, 0x0000000087500000|  0%| F|  |TAMS 0x0000000087400000, 0x0000000087400000| Untracked 
| 117|0x0000000087500000, 0x0000000087500000, 0x0000000087600000|  0%| F|  |TAMS 0x0000000087500000, 0x0000000087500000| Untracked 
| 118|0x0000000087600000, 0x0000000087600000, 0x0000000087700000|  0%| F|  |TAMS 0x0000000087600000, 0x0000000087600000| Untracked 
| 119|0x0000000087700000, 0x0000000087700000, 0x0000000087800000|  0%| F|  |TAMS 0x0000000087700000, 0x0000000087700000| Untracked 
| 120|0x0000000087800000, 0x0000000087800000, 0x0000000087900000|  0%| F|  |TAMS 0x0000000087800000, 0x0000000087800000| Untracked 
| 121|0x0000000087900000, 0x0000000087900000, 0x0000000087a00000|  0%| F|  |TAMS 0x0000000087900000, 0x0000000087900000| Untracked 
| 122|0x0000000087a00000, 0x0000000087a00000, 0x0000000087b00000|  0%| F|  |TAMS 0x0000000087a00000, 0x0000000087a00000| Untracked 
| 123|0x0000000087b00000, 0x0000000087b00000, 0x0000000087c00000|  0%| F|  |TAMS 0x0000000087b00000, 0x0000000087b00000| Untracked 
| 124|0x0000000087c00000, 0x0000000087c00000, 0x0000000087d00000|  0%| F|  |TAMS 0x0000000087c00000, 0x0000000087c00000| Untracked 
| 125|0x0000000087d00000, 0x0000000087d00000, 0x0000000087e00000|  0%| F|  |TAMS 0x0000000087d00000, 0x0000000087d00000| Untracked 
| 126|0x0000000087e00000, 0x0000000087e00000, 0x0000000087f00000|  0%| F|  |TAMS 0x0000000087e00000, 0x0000000087e00000| Untracked 
| 127|0x0000000087f00000, 0x0000000087f00000, 0x0000000088000000|  0%| F|  |TAMS 0x0000000087f00000, 0x0000000087f00000| Untracked 
| 128|0x0000000088000000, 0x0000000088000000, 0x0000000088100000|  0%| F|  |TAMS 0x0000000088000000, 0x0000000088000000| Untracked 
| 129|0x0000000088100000, 0x0000000088100000, 0x0000000088200000|  0%| F|  |TAMS 0x0000000088100000, 0x0000000088100000| Untracked 
| 130|0x0000000088200000, 0x0000000088200000, 0x0000000088300000|  0%| F|  |TAMS 0x0000000088200000, 0x0000000088200000| Untracked 
| 131|0x0000000088300000, 0x0000000088300000, 0x0000000088400000|  0%| F|  |TAMS 0x0000000088300000, 0x0000000088300000| Untracked 
| 132|0x0000000088400000, 0x0000000088400000, 0x0000000088500000|  0%| F|  |TAMS 0x0000000088400000, 0x0000000088400000| Untracked 
| 133|0x0000000088500000, 0x0000000088500000, 0x0000000088600000|  0%| F|  |TAMS 0x0000000088500000, 0x0000000088500000| Untracked 
| 134|0x0000000088600000, 0x0000000088600000, 0x0000000088700000|  0%| F|  |TAMS 0x0000000088600000, 0x0000000088600000| Untracked 
| 135|0x0000000088700000, 0x0000000088700000, 0x0000000088800000|  0%| F|  |TAMS 0x0000000088700000, 0x0000000088700000| Untracked 
| 136|0x0000000088800000, 0x0000000088800000, 0x0000000088900000|  0%| F|  |TAMS 0x0000000088800000, 0x0000000088800000| Untracked 
| 137|0x0000000088900000, 0x0000000088900000, 0x0000000088a00000|  0%| F|  |TAMS 0x0000000088900000, 0x0000000088900000| Untracked 
| 138|0x0000000088a00000, 0x0000000088a00000, 0x0000000088b00000|  0%| F|  |TAMS 0x0000000088a00000, 0x0000000088a00000| Untracked 
| 139|0x0000000088b00000, 0x0000000088b00000, 0x0000000088c00000|  0%| F|  |TAMS 0x0000000088b00000, 0x0000000088b00000| Untracked 
| 140|0x0000000088c00000, 0x0000000088c00000, 0x0000000088d00000|  0%| F|  |TAMS 0x0000000088c00000, 0x0000000088c00000| Untracked 
| 141|0x0000000088d00000, 0x0000000088d00000, 0x0000000088e00000|  0%| F|  |TAMS 0x0000000088d00000, 0x0000000088d00000| Untracked 
| 142|0x0000000088e00000, 0x0000000088e00000, 0x0000000088f00000|  0%| F|  |TAMS 0x0000000088e00000, 0x0000000088e00000| Untracked 
| 143|0x0000000088f00000, 0x0000000088f00000, 0x0000000089000000|  0%| F|  |TAMS 0x0000000088f00000, 0x0000000088f00000| Untracked 
| 144|0x0000000089000000, 0x0000000089000000, 0x0000000089100000|  0%| F|  |TAMS 0x0000000089000000, 0x0000000089000000| Untracked 
| 145|0x0000000089100000, 0x0000000089100000, 0x0000000089200000|  0%| F|  |TAMS 0x0000000089100000, 0x0000000089100000| Untracked 
| 146|0x0000000089200000, 0x0000000089200000, 0x0000000089300000|  0%| F|  |TAMS 0x0000000089200000, 0x0000000089200000| Untracked 
| 147|0x0000000089300000, 0x0000000089300000, 0x0000000089400000|  0%| F|  |TAMS 0x0000000089300000, 0x0000000089300000| Untracked 
| 148|0x0000000089400000, 0x0000000089400000, 0x0000000089500000|  0%| F|  |TAMS 0x0000000089400000, 0x0000000089400000| Untracked 
| 149|0x0000000089500000, 0x0000000089500000, 0x0000000089600000|  0%| F|  |TAMS 0x0000000089500000, 0x0000000089500000| Untracked 
| 150|0x0000000089600000, 0x0000000089600000, 0x0000000089700000|  0%| F|  |TAMS 0x0000000089600000, 0x0000000089600000| Untracked 
| 151|0x0000000089700000, 0x0000000089700000, 0x0000000089800000|  0%| F|  |TAMS 0x0000000089700000, 0x0000000089700000| Untracked 
| 152|0x0000000089800000, 0x0000000089800000, 0x0000000089900000|  0%| F|  |TAMS 0x0000000089800000, 0x0000000089800000| Untracked 
| 153|0x0000000089900000, 0x0000000089900000, 0x0000000089a00000|  0%| F|  |TAMS 0x0000000089900000, 0x0000000089900000| Untracked 
| 154|0x0000000089a00000, 0x0000000089a00000, 0x0000000089b00000|  0%| F|  |TAMS 0x0000000089a00000, 0x0000000089a00000| Untracked 
| 155|0x0000000089b00000, 0x0000000089b00000, 0x0000000089c00000|  0%| F|  |TAMS 0x0000000089b00000, 0x0000000089b00000| Untracked 
| 156|0x0000000089c00000, 0x0000000089c00000, 0x0000000089d00000|  0%| F|  |TAMS 0x0000000089c00000, 0x0000000089c00000| Untracked 
| 157|0x0000000089d00000, 0x0000000089d00000, 0x0000000089e00000|  0%| F|  |TAMS 0x0000000089d00000, 0x0000000089d00000| Untracked 
| 158|0x0000000089e00000, 0x0000000089e00000, 0x0000000089f00000|  0%| F|  |TAMS 0x0000000089e00000, 0x0000000089e00000| Untracked 
| 159|0x0000000089f00000, 0x0000000089f00000, 0x000000008a000000|  0%| F|  |TAMS 0x0000000089f00000, 0x0000000089f00000| Untracked 
| 160|0x000000008a000000, 0x000000008a000000, 0x000000008a100000|  0%| F|  |TAMS 0x000000008a000000, 0x000000008a000000| Untracked 
| 161|0x000000008a100000, 0x000000008a100000, 0x000000008a200000|  0%| F|  |TAMS 0x000000008a100000, 0x000000008a100000| Untracked 
| 162|0x000000008a200000, 0x000000008a200000, 0x000000008a300000|  0%| F|  |TAMS 0x000000008a200000, 0x000000008a200000| Untracked 
| 163|0x000000008a300000, 0x000000008a300000, 0x000000008a400000|  0%| F|  |TAMS 0x000000008a300000, 0x000000008a300000| Untracked 
| 164|0x000000008a400000, 0x000000008a400000, 0x000000008a500000|  0%| F|  |TAMS 0x000000008a400000, 0x000000008a400000| Untracked 
| 165|0x000000008a500000, 0x000000008a500000, 0x000000008a600000|  0%| F|  |TAMS 0x000000008a500000, 0x000000008a500000| Untracked 
| 166|0x000000008a600000, 0x000000008a600000, 0x000000008a700000|  0%| F|  |TAMS 0x000000008a600000, 0x000000008a600000| Untracked 
| 167|0x000000008a700000, 0x000000008a700000, 0x000000008a800000|  0%| F|  |TAMS 0x000000008a700000, 0x000000008a700000| Untracked 
| 168|0x000000008a800000, 0x000000008a800000, 0x000000008a900000|  0%| F|  |TAMS 0x000000008a800000, 0x000000008a800000| Untracked 
| 169|0x000000008a900000, 0x000000008a900000, 0x000000008aa00000|  0%| F|  |TAMS 0x000000008a900000, 0x000000008a900000| Untracked 
| 170|0x000000008aa00000, 0x000000008aa00000, 0x000000008ab00000|  0%| F|  |TAMS 0x000000008aa00000, 0x000000008aa00000| Untracked 
| 171|0x000000008ab00000, 0x000000008ab00000, 0x000000008ac00000|  0%| F|  |TAMS 0x000000008ab00000, 0x000000008ab00000| Untracked 
| 172|0x000000008ac00000, 0x000000008ac00000, 0x000000008ad00000|  0%| F|  |TAMS 0x000000008ac00000, 0x000000008ac00000| Untracked 
| 173|0x000000008ad00000, 0x000000008ad00000, 0x000000008ae00000|  0%| F|  |TAMS 0x000000008ad00000, 0x000000008ad00000| Untracked 
| 174|0x000000008ae00000, 0x000000008ae00000, 0x000000008af00000|  0%| F|  |TAMS 0x000000008ae00000, 0x000000008ae00000| Untracked 
| 175|0x000000008af00000, 0x000000008af80800, 0x000000008b000000| 50%| E|  |TAMS 0x000000008af00000, 0x000000008af00000| Complete 
| 176|0x000000008b000000, 0x000000008b100000, 0x000000008b100000|100%| E|CS|TAMS 0x000000008b000000, 0x000000008b000000| Complete 
| 177|0x000000008b100000, 0x000000008b200000, 0x000000008b200000|100%| E|  |TAMS 0x000000008b100000, 0x000000008b100000| Complete 
| 178|0x000000008b200000, 0x000000008b300000, 0x000000008b300000|100%| E|CS|TAMS 0x000000008b200000, 0x000000008b200000| Complete 
| 179|0x000000008b300000, 0x000000008b3b9918, 0x000000008b400000| 72%| S|CS|TAMS 0x000000008b300000, 0x000000008b300000| Complete 
| 180|0x000000008b400000, 0x000000008b500000, 0x000000008b500000|100%| S|CS|TAMS 0x000000008b400000, 0x000000008b400000| Complete 
| 181|0x000000008b500000, 0x000000008b600000, 0x000000008b600000|100%| S|CS|TAMS 0x000000008b500000, 0x000000008b500000| Complete 
| 182|0x000000008b600000, 0x000000008b700000, 0x000000008b700000|100%| S|CS|TAMS 0x000000008b600000, 0x000000008b600000| Complete 
| 183|0x000000008b700000, 0x000000008b800000, 0x000000008b800000|100%| E|CS|TAMS 0x000000008b700000, 0x000000008b700000| Complete 
| 184|0x000000008b800000, 0x000000008b900000, 0x000000008b900000|100%| E|CS|TAMS 0x000000008b800000, 0x000000008b800000| Complete 
| 185|0x000000008b900000, 0x000000008ba00000, 0x000000008ba00000|100%| E|CS|TAMS 0x000000008b900000, 0x000000008b900000| Complete 
| 186|0x000000008ba00000, 0x000000008bb00000, 0x000000008bb00000|100%| E|CS|TAMS 0x000000008ba00000, 0x000000008ba00000| Complete 
| 187|0x000000008bb00000, 0x000000008bc00000, 0x000000008bc00000|100%| E|CS|TAMS 0x000000008bb00000, 0x000000008bb00000| Complete 
| 188|0x000000008bc00000, 0x000000008bd00000, 0x000000008bd00000|100%| E|CS|TAMS 0x000000008bc00000, 0x000000008bc00000| Complete 
| 189|0x000000008bd00000, 0x000000008be00000, 0x000000008be00000|100%| E|CS|TAMS 0x000000008bd00000, 0x000000008bd00000| Complete 
| 190|0x000000008be00000, 0x000000008bf00000, 0x000000008bf00000|100%| E|CS|TAMS 0x000000008be00000, 0x000000008be00000| Complete 
| 191|0x000000008bf00000, 0x000000008c000000, 0x000000008c000000|100%| E|CS|TAMS 0x000000008bf00000, 0x000000008bf00000| Complete 

Card table byte_map: [0x0000028ce9370000,0x0000028ce9770000] _byte_map_base: 0x0000028ce8f70000

Marking Bits (Prev, Next): (CMBitMap*) 0x0000028cd482ca60, (CMBitMap*) 0x0000028cd482ca28
 Prev Bits: [0x0000028cebb70000, 0x0000028cedb70000)
 Next Bits: [0x0000028ce9b70000, 0x0000028cebb70000)

Polling page: 0x0000028cd48d0000

Metaspace:

Usage:
  Non-class:     52.77 MB capacity,    51.67 MB ( 98%) used,   983.97 KB (  2%) free+waste,   135.44 KB ( <1%) overhead. 
      Class:      7.99 MB capacity,     7.46 MB ( 93%) used,   483.40 KB (  6%) free+waste,    64.50 KB ( <1%) overhead. 
       Both:     60.76 MB capacity,    59.13 MB ( 97%) used,     1.43 MB (  2%) free+waste,   199.94 KB ( <1%) overhead. 

Virtual space:
  Non-class space:       54.00 MB reserved,      52.93 MB ( 98%) committed 
      Class space:        1.00 GB reserved,       8.08 MB ( <1%) committed 
             Both:        1.05 GB reserved,      61.01 MB (  6%) committed 

Chunk freelists:
   Non-Class:  38.00 KB
       Class:  7.00 KB
        Both:  45.00 KB

MaxMetaspaceSize: 17179869184.00 GB
CompressedClassSpaceSize: 1.00 GB

CodeHeap 'non-profiled nmethods': size=120064Kb used=3244Kb max_used=3244Kb free=116819Kb
 bounds [0x0000028ce1400000, 0x0000028ce1730000, 0x0000028ce8940000]
CodeHeap 'profiled nmethods': size=120000Kb used=12005Kb max_used=12005Kb free=107994Kb
 bounds [0x0000028cd9ed0000, 0x0000028cdaa90000, 0x0000028ce1400000]
CodeHeap 'non-nmethods': size=5696Kb used=2243Kb max_used=2273Kb free=3452Kb
 bounds [0x0000028cd9940000, 0x0000028cd9bb0000, 0x0000028cd9ed0000]
 total_blobs=6354 nmethods=5523 adapters=741
 compilation: enabled
              stopped_count=0, restarted_count=0
 full_count=0

Compilation events (20 events):
Event: 15.278 Thread 0x0000028cf0a53000 5659       3       java.lang.StringUTF16::length (5 bytes)
Event: 15.278 Thread 0x0000028cf0a53000 nmethod 5659 0x0000028cdaa49490 code [0x0000028cdaa49640, 0x0000028cdaa49738]
Event: 15.278 Thread 0x0000028cf0a53000 5660       3       java.lang.StringUTF16::checkIndex (9 bytes)
Event: 15.278 Thread 0x0000028cf0a53000 nmethod 5660 0x0000028cdaa49810 code [0x0000028cdaa499e0, 0x0000028cdaa49b48]
Event: 15.289 Thread 0x0000028cf0a53000 5661       3       org.gradle.api.internal.provider.DefaultProperty::set (42 bytes)
Event: 15.290 Thread 0x0000028cf0a53000 nmethod 5661 0x0000028cdaa49c90 code [0x0000028cdaa49ee0, 0x0000028cdaa4aa78]
Event: 15.291 Thread 0x0000028cf0a53000 5662       3       com.google.common.reflect.Types::access$300 (5 bytes)
Event: 15.291 Thread 0x0000028cf0a53000 nmethod 5662 0x0000028cdaa4ad90 code [0x0000028cdaa4af80, 0x0000028cdaa4b3d8]
Event: 15.291 Thread 0x0000028cf0a53000 5663       3       com.google.common.collect.RegularImmutableList::copyIntoArray (21 bytes)
Event: 15.291 Thread 0x0000028cf0a53000 nmethod 5663 0x0000028cdaa4b510 code [0x0000028cdaa4b6e0, 0x0000028cdaa4b988]
Event: 15.291 Thread 0x0000028cf0a53000 5664       3       java.lang.invoke.MemberName::equals (69 bytes)
Event: 15.292 Thread 0x0000028cf0a53000 nmethod 5664 0x0000028cdaa4ba10 code [0x0000028cdaa4bcc0, 0x0000028cdaa4c9b8]
Event: 15.300 Thread 0x0000028cf0a53000 5665       3       com.google.common.reflect.Types$ParameterizedTypeImpl::getActualTypeArguments (8 bytes)
Event: 15.300 Thread 0x0000028cf0a53000 nmethod 5665 0x0000028cdaa4cd10 code [0x0000028cdaa4cf00, 0x0000028cdaa4d3d8]
Event: 15.301 Thread 0x0000028cf0a53000 5666       3       org.gradle.api.internal.provider.Providers::of (21 bytes)
Event: 15.301 Thread 0x0000028cf0a53000 nmethod 5666 0x0000028cdaa4d590 code [0x0000028cdaa4d780, 0x0000028cdaa4db88]
Event: 15.302 Thread 0x0000028cf7873800 nmethod 5631 0x0000028ce1710a10 code [0x0000028ce1710c00, 0x0000028ce1711ae8]
Event: 15.302 Thread 0x0000028cf7873800 5595       4       org.objectweb.asm.Frame::execute (2318 bytes)
Event: 15.303 Thread 0x0000028cf0a53000 5667       3       org.gradle.api.internal.model.DefaultObjectFactory::property (172 bytes)
Event: 15.306 Thread 0x0000028cf0a53000 nmethod 5667 0x0000028cdaa4dd10 code [0x0000028cdaa4e3e0, 0x0000028cdaa511d8]

GC Heap History (20 events):
Event: 1.183 GC heap before
{Heap before GC invocations=1 (full 0):
 garbage-first heap   total 196608K, used 20022K [0x0000000080000000, 0x0000000100000000)
  region size 1024K, 14 young (14336K), 2 survivors (2048K)
 Metaspace       used 10863K, capacity 11127K, committed 11264K, reserved 1058816K
  class space    used 1145K, capacity 1201K, committed 1280K, reserved 1048576K
}
Event: 1.188 GC heap after
{Heap after GC invocations=2 (full 0):
 garbage-first heap   total 196608K, used 8827K [0x0000000080000000, 0x0000000100000000)
  region size 1024K, 1 young (1024K), 1 survivors (1024K)
 Metaspace       used 10863K, capacity 11127K, committed 11264K, reserved 1058816K
  class space    used 1145K, capacity 1201K, committed 1280K, reserved 1048576K
}
Event: 1.594 GC heap before
{Heap before GC invocations=2 (full 0):
 garbage-first heap   total 196608K, used 37499K [0x0000000080000000, 0x0000000100000000)
  region size 1024K, 30 young (30720K), 1 survivors (1024K)
 Metaspace       used 11039K, capacity 11320K, committed 11520K, reserved 1058816K
  class space    used 1147K, capacity 1201K, committed 1280K, reserved 1048576K
}
Event: 1.598 GC heap after
{Heap after GC invocations=3 (full 0):
 garbage-first heap   total 196608K, used 13152K [0x0000000080000000, 0x0000000100000000)
  region size 1024K, 4 young (4096K), 4 survivors (4096K)
 Metaspace       used 11039K, capacity 11320K, committed 11520K, reserved 1058816K
  class space    used 1147K, capacity 1201K, committed 1280K, reserved 1048576K
}
Event: 3.558 GC heap before
{Heap before GC invocations=3 (full 0):
 garbage-first heap   total 196608K, used 56160K [0x0000000080000000, 0x0000000100000000)
  region size 1024K, 46 young (47104K), 4 survivors (4096K)
 Metaspace       used 19076K, capacity 19581K, committed 19712K, reserved 1067008K
  class space    used 2307K, capacity 2469K, committed 2560K, reserved 1048576K
}
Event: 3.564 GC heap after
{Heap after GC invocations=4 (full 0):
 garbage-first heap   total 196608K, used 15945K [0x0000000080000000, 0x0000000100000000)
  region size 1024K, 3 young (3072K), 3 survivors (3072K)
 Metaspace       used 19076K, capacity 19581K, committed 19712K, reserved 1067008K
  class space    used 2307K, capacity 2469K, committed 2560K, reserved 1048576K
}
Event: 3.682 GC heap before
{Heap before GC invocations=4 (full 0):
 garbage-first heap   total 196608K, used 26185K [0x0000000080000000, 0x0000000100000000)
  region size 1024K, 14 young (14336K), 3 survivors (3072K)
 Metaspace       used 20617K, capacity 21126K, committed 21296K, reserved 1069056K
  class space    used 2522K, capacity 2691K, committed 2816K, reserved 1048576K
}
Event: 3.686 GC heap after
{Heap after GC invocations=5 (full 0):
 garbage-first heap   total 196608K, used 16321K [0x0000000080000000, 0x0000000100000000)
  region size 1024K, 4 young (4096K), 4 survivors (4096K)
 Metaspace       used 20617K, capacity 21126K, committed 21296K, reserved 1069056K
  class space    used 2522K, capacity 2691K, committed 2816K, reserved 1048576K
}
Event: 5.227 GC heap before
{Heap before GC invocations=6 (full 0):
 garbage-first heap   total 196608K, used 81857K [0x0000000080000000, 0x0000000100000000)
  region size 1024K, 60 young (61440K), 4 survivors (4096K)
 Metaspace       used 26502K, capacity 27309K, committed 27648K, reserved 1073152K
  class space    used 3471K, capacity 3729K, committed 3840K, reserved 1048576K
}
Event: 5.234 GC heap after
{Heap after GC invocations=7 (full 0):
 garbage-first heap   total 196608K, used 30414K [0x0000000080000000, 0x0000000100000000)
  region size 1024K, 8 young (8192K), 8 survivors (8192K)
 Metaspace       used 26502K, capacity 27309K, committed 27648K, reserved 1073152K
  class space    used 3471K, capacity 3729K, committed 3840K, reserved 1048576K
}
Event: 6.354 GC heap before
{Heap before GC invocations=7 (full 0):
 garbage-first heap   total 196608K, used 79566K [0x0000000080000000, 0x0000000100000000)
  region size 1024K, 57 young (58368K), 8 survivors (8192K)
 Metaspace       used 35014K, capacity 35881K, committed 35920K, reserved 1081344K
  class space    used 4571K, capacity 4908K, committed 4944K, reserved 1048576K
}
Event: 6.365 GC heap after
{Heap after GC invocations=8 (full 0):
 garbage-first heap   total 196608K, used 33861K [0x0000000080000000, 0x0000000100000000)
  region size 1024K, 9 young (9216K), 9 survivors (9216K)
 Metaspace       used 35014K, capacity 35881K, committed 35920K, reserved 1081344K
  class space    used 4571K, capacity 4908K, committed 4944K, reserved 1048576K
}
Event: 9.751 GC heap before
{Heap before GC invocations=9 (full 0):
 garbage-first heap   total 196608K, used 126021K [0x0000000080000000, 0x0000000100000000)
  region size 1024K, 89 young (91136K), 9 survivors (9216K)
 Metaspace       used 42827K, capacity 43946K, committed 44112K, reserved 1087488K
  class space    used 5461K, capacity 5840K, committed 5968K, reserved 1048576K
}
Event: 9.766 GC heap after
{Heap after GC invocations=10 (full 0):
 garbage-first heap   total 196608K, used 47675K [0x0000000080000000, 0x0000000100000000)
  region size 1024K, 10 young (10240K), 10 survivors (10240K)
 Metaspace       used 42827K, capacity 43946K, committed 44112K, reserved 1087488K
  class space    used 5461K, capacity 5840K, committed 5968K, reserved 1048576K
}
Event: 12.550 GC heap before
{Heap before GC invocations=10 (full 0):
 garbage-first heap   total 196608K, used 140859K [0x0000000080000000, 0x0000000100000000)
  region size 1024K, 96 young (98304K), 10 survivors (10240K)
 Metaspace       used 46845K, capacity 48282K, committed 48464K, reserved 1091584K
  class space    used 5999K, capacity 6445K, committed 6480K, reserved 1048576K
}
Event: 12.571 GC heap after
{Heap after GC invocations=11 (full 0):
 garbage-first heap   total 196608K, used 64023K [0x0000000080000000, 0x0000000100000000)
  region size 1024K, 11 young (11264K), 11 survivors (11264K)
 Metaspace       used 46845K, capacity 48282K, committed 48464K, reserved 1091584K
  class space    used 5999K, capacity 6445K, committed 6480K, reserved 1048576K
}
Event: 15.115 GC heap before
{Heap before GC invocations=11 (full 0):
 garbage-first heap   total 196608K, used 141847K [0x0000000080000000, 0x0000000100000000)
  region size 1024K, 87 young (89088K), 11 survivors (11264K)
 Metaspace       used 57580K, capacity 59267K, committed 59472K, reserved 1101824K
  class space    used 7235K, capacity 7735K, committed 7760K, reserved 1048576K
}
Event: 15.130 GC heap after
{Heap after GC invocations=12 (full 0):
 garbage-first heap   total 196608K, used 67233K [0x0000000080000000, 0x0000000100000000)
  region size 1024K, 4 young (4096K), 4 survivors (4096K)
 Metaspace       used 57580K, capacity 59267K, committed 59472K, reserved 1101824K
  class space    used 7235K, capacity 7735K, committed 7760K, reserved 1048576K
}
Event: 15.319 GC heap before
{Heap before GC invocations=12 (full 0):
 garbage-first heap   total 196608K, used 75425K [0x0000000080000000, 0x0000000100000000)
  region size 1024K, 13 young (13312K), 4 survivors (4096K)
 Metaspace       used 58497K, capacity 60155K, committed 60296K, reserved 1101824K
  class space    used 7386K, capacity 7859K, committed 7888K, reserved 1048576K
}
Event: 15.369 GC heap after
{Heap after GC invocations=13 (full 0):
 garbage-first heap   total 196608K, used 67302K [0x0000000080000000, 0x0000000100000000)
  region size 1024K, 4 young (4096K), 4 survivors (4096K)
 Metaspace       used 58497K, capacity 60155K, committed 60296K, reserved 1101824K
  class space    used 7386K, capacity 7859K, committed 7888K, reserved 1048576K
}

Deoptimization events (20 events):
Event: 14.715 Thread 0x0000028cf21cf800 DEOPT PACKING pc=0x0000028cda169e97 sp=0x000000e0c3df65a0
Event: 14.715 Thread 0x0000028cf21cf800 DEOPT UNPACKING pc=0x0000028cd99672ce sp=0x000000e0c3df5b40 mode 0
Event: 14.716 Thread 0x0000028cf21cf800 DEOPT PACKING pc=0x0000028cda169e97 sp=0x000000e0c3df65a0
Event: 14.716 Thread 0x0000028cf21cf800 DEOPT UNPACKING pc=0x0000028cd99672ce sp=0x000000e0c3df5b40 mode 0
Event: 14.720 Thread 0x0000028cf21cf800 DEOPT PACKING pc=0x0000028cda169e97 sp=0x000000e0c3df65a0
Event: 14.720 Thread 0x0000028cf21cf800 DEOPT UNPACKING pc=0x0000028cd99672ce sp=0x000000e0c3df5b40 mode 0
Event: 14.721 Thread 0x0000028cf21cf800 DEOPT PACKING pc=0x0000028cda169e97 sp=0x000000e0c3df67f0
Event: 14.721 Thread 0x0000028cf21cf800 DEOPT UNPACKING pc=0x0000028cd99672ce sp=0x000000e0c3df5d90 mode 0
Event: 14.723 Thread 0x0000028cf21cf800 DEOPT PACKING pc=0x0000028cda169e97 sp=0x000000e0c3df65a0
Event: 14.723 Thread 0x0000028cf21cf800 DEOPT UNPACKING pc=0x0000028cd99672ce sp=0x000000e0c3df5b40 mode 0
Event: 14.727 Thread 0x0000028cf21cf800 DEOPT PACKING pc=0x0000028cda169e97 sp=0x000000e0c3df66a0
Event: 14.727 Thread 0x0000028cf21cf800 DEOPT UNPACKING pc=0x0000028cd99672ce sp=0x000000e0c3df5c40 mode 0
Event: 14.918 Thread 0x0000028cf21cf800 Uncommon trap: trap_request=0xffffffc6 fr.pc=0x0000028ce156abcc relative=0x0000000000003a2c
Event: 14.918 Thread 0x0000028cf21cf800 Uncommon trap: reason=bimorphic_or_optimized_type_check action=maybe_recompile pc=0x0000028ce156abcc method=java.util.AbstractCollection.addAll(Ljava/util/Collection;)Z @ 29 c2
Event: 14.918 Thread 0x0000028cf21cf800 DEOPT PACKING pc=0x0000028ce156abcc sp=0x000000e0c3df8620
Event: 14.918 Thread 0x0000028cf21cf800 DEOPT UNPACKING pc=0x0000028cd99674af sp=0x000000e0c3df8620 mode 2
Event: 15.099 Thread 0x0000028cf21cf800 Uncommon trap: trap_request=0xffffffde fr.pc=0x0000028ce1645bf8 relative=0x0000000000001798
Event: 15.100 Thread 0x0000028cf21cf800 Uncommon trap: reason=class_check action=maybe_recompile pc=0x0000028ce1645bf8 method=jdk.internal.loader.BuiltinClassLoader.loadClassOrNull(Ljava/lang/String;Z)Ljava/lang/Class; @ 86 c2
Event: 15.100 Thread 0x0000028cf21cf800 DEOPT PACKING pc=0x0000028ce1645bf8 sp=0x000000e0c3df5f50
Event: 15.100 Thread 0x0000028cf21cf800 DEOPT UNPACKING pc=0x0000028cd99674af sp=0x000000e0c3df5eb8 mode 2

Classes redefined (0 events):
No events

Internal exceptions (20 events):
Event: 12.583 Thread 0x0000028cf21cf800 Exception <a 'java/lang/ClassNotFoundException'{0x000000008bf81fe8}: org/gradle/api/internal/ConventionTaskBeanInfo> (0x000000008bf81fe8) thrown at [./src/hotspot/share/classfile/systemDictionary.cpp, line 231]
Event: 12.584 Thread 0x0000028cf21cf800 Exception <a 'java/lang/ClassNotFoundException'{0x000000008bfb6a90}: org/gradle/api/DefaultTaskBeanInfo> (0x000000008bfb6a90) thrown at [./src/hotspot/share/classfile/systemDictionary.cpp, line 231]
Event: 12.585 Thread 0x0000028cf21cf800 Exception <a 'java/lang/ClassNotFoundException'{0x000000008bfdd3a0}: org/gradle/api/internal/AbstractTaskBeanInfo> (0x000000008bfdd3a0) thrown at [./src/hotspot/share/classfile/systemDictionary.cpp, line 231]
Event: 12.586 Thread 0x0000028cf21cf800 Exception <a 'java/lang/ClassNotFoundException'{0x000000008be03e98}: org/gradle/api/internal/AbstractTaskCustomizer> (0x000000008be03e98) thrown at [./src/hotspot/share/classfile/systemDictionary.cpp, line 231]
Event: 12.595 Thread 0x0000028cf21cf800 Exception <a 'java/lang/ClassNotFoundException'{0x000000008be69750}: org/gradle/api/DefaultTaskCustomizer> (0x000000008be69750) thrown at [./src/hotspot/share/classfile/systemDictionary.cpp, line 231]
Event: 12.604 Thread 0x0000028cf21cf800 Exception <a 'java/lang/ClassNotFoundException'{0x000000008bee45c8}: org/gradle/api/internal/ConventionTaskCustomizer> (0x000000008bee45c8) thrown at [./src/hotspot/share/classfile/systemDictionary.cpp, line 231]
Event: 12.606 Thread 0x0000028cf21cf800 Exception <a 'java/lang/ClassNotFoundException'{0x000000008bd16f10}: org/gradle/api/tasks/DeleteCustomizer> (0x000000008bd16f10) thrown at [./src/hotspot/share/classfile/systemDictionary.cpp, line 231]
Event: 12.610 Thread 0x0000028cf21cf800 Exception <a 'java/lang/ClassNotFoundException'{0x000000008bd4fbf0}: org/gradle/api/tasks/Delete_DecoratedCustomizer> (0x000000008bd4fbf0) thrown at [./src/hotspot/share/classfile/systemDictionary.cpp, line 231]
Event: 13.279 Thread 0x0000028cf21cf800 Exception <a 'java/lang/ClassNotFoundException'{0x000000008abd1668}: build_2vdvk03kwg8ye9lg561479232BeanInfo> (0x000000008abd1668) thrown at [./src/hotspot/share/classfile/systemDictionary.cpp, line 231]
Event: 13.279 Thread 0x0000028cf21cf800 Exception <a 'java/lang/ClassNotFoundException'{0x000000008abda470}: build_2vdvk03kwg8ye9lg561479232Customizer> (0x000000008abda470) thrown at [./src/hotspot/share/classfile/systemDictionary.cpp, line 231]
Event: 13.291 Thread 0x0000028cf21cf800 Exception <a 'java/lang/ClassNotFoundException'{0x000000008aa4e540}: org/gradle/plugin/use/internal/PluginRequestCollector$PluginDependenciesSpecImplBeanInfo> (0x000000008aa4e540) thrown at [./src/hotspot/share/classfile/systemDictionary.cpp, line 231]
Event: 13.292 Thread 0x0000028cf21cf800 Exception <a 'java/lang/ClassNotFoundException'{0x000000008aa742b0}: org/gradle/plugin/use/internal/PluginRequestCollector$PluginDependenciesSpecImplCustomizer> (0x000000008aa742b0) thrown at [./src/hotspot/share/classfile/systemDictionary.cpp, line 231]
Event: 13.299 Thread 0x0000028cf21cf800 Exception <a 'java/lang/NoSuchMethodError'{0x000000008aaece00}: 'void java.lang.invoke.DirectMethodHandle$Holder.invokeInterface(java.lang.Object, java.lang.Object)'> (0x000000008aaece00) thrown at [./src/hotspot/share/interpreter/linkResolver.cpp, line 773]
Event: 13.717 Thread 0x0000028cf21cf800 Exception <a 'java/lang/NoSuchMethodError'{0x0000000089fce1f0}: 'java.lang.Object java.lang.invoke.DirectMethodHandle$Holder.invokeStatic(java.lang.Object, java.lang.Object, java.lang.Object, java.lang.Object, int)'> (0x0000000089fce1f0) thrown at [./src/hotspot/share/interpreter/linkResolver.cpp, line 773]
Event: 13.717 Thread 0x0000028cf21cf800 Exception <a 'java/lang/NoSuchMethodError'{0x0000000089fd2be8}: 'java.lang.Object java.lang.invoke.DirectMethodHandle$Holder.invokeSpecial(java.lang.Object, java.lang.Object, java.lang.Object, java.lang.Object, java.lang.Object, int)'> (0x0000000089fd2be8) thrown at [./src/hotspot/share/interpreter/linkResolver.cpp, line 773]
Event: 13.718 Thread 0x0000028cf21cf800 Exception <a 'java/lang/NoSuchMethodError'{0x0000000089fd7228}: 'java.lang.Object java.lang.invoke.Invokers$Holder.linkToTargetMethod(java.lang.Object, java.lang.Object, java.lang.Object, int, java.lang.Object)'> (0x0000000089fd7228) thrown at [./src/hotspot/share/interpreter/linkResolver.cpp, line 773]
Event: 14.446 Thread 0x0000028cf21cf800 Exception <a 'java/lang/NoSuchMethodError'{0x0000000088acd868}: 'java.lang.Object java.lang.invoke.DirectMethodHandle$Holder.invokeSpecial(java.lang.Object, java.lang.Object, int, int, java.lang.Object, java.lang.Object, java.lang.Object)'> (0x0000000088acd868) thrown at [./src/hotspot/share/interpreter/linkResolver.cpp, line 773]
Event: 14.447 Thread 0x0000028cf21cf800 Exception <a 'java/lang/NoSuchMethodError'{0x0000000088ad1de8}: 'java.lang.Object java.lang.invoke.DelegatingMethodHandle$Holder.reinvoke_L(java.lang.Object, int, int, java.lang.Object, java.lang.Object, java.lang.Object)'> (0x0000000088ad1de8) thrown at [./src/hotspot/share/interpreter/linkResolver.cpp, line 773]
Event: 14.800 Thread 0x0000028cf21cf800 Exception <a 'java/lang/NoSuchMethodError'{0x0000000087c2bdb8}: 'int java.lang.invoke.DirectMethodHandle$Holder.invokeInterface(java.lang.Object, java.lang.Object, java.lang.Object, java.lang.Object)'> (0x0000000087c2bdb8) thrown at [./src/hotspot/share/interpreter/linkResolver.cpp, line 773]
Event: 15.149 Thread 0x0000028cf21cf800 Exception <a 'java/lang/NoSuchMethodError'{0x000000008be14698}: 'void java.lang.invoke.DirectMethodHandle$Holder.invokeInterface(java.lang.Object, java.lang.Object, java.lang.Object, java.lang.Object)'> (0x000000008be14698) thrown at [./src/hotspot/share/interpreter/linkResolver.cpp, line 773]

Events (20 events):
Event: 15.317 loading class com/sun/jmx/mbeanserver/MBeanServerDelegateImpl
Event: 15.317 loading class javax/management/MBeanRegistration
Event: 15.317 loading class javax/management/MBeanRegistration done
Event: 15.317 loading class javax/management/MBeanServerDelegate
Event: 15.317 loading class javax/management/MBeanServerDelegateMBean
Event: 15.317 loading class javax/management/MBeanServerDelegateMBean done
Event: 15.317 loading class javax/management/MBeanServerDelegate done
Event: 15.317 loading class com/sun/jmx/mbeanserver/MBeanServerDelegateImpl done
Event: 15.317 loading class javax/management/MBeanNotificationInfo
Event: 15.318 loading class javax/management/MBeanFeatureInfo
Event: 15.318 loading class javax/management/DescriptorRead
Event: 15.318 loading class javax/management/DescriptorRead done
Event: 15.318 loading class javax/management/MBeanFeatureInfo done
Event: 15.318 loading class javax/management/MBeanNotificationInfo done
Event: 15.318 loading class javax/management/MBeanInfo
Event: 15.319 loading class javax/management/MBeanInfo done
Event: 15.319 loading class javax/management/MBeanAttributeInfo
Event: 15.319 Executing VM operation: CollectForMetadataAllocation
Event: 15.369 Executing VM operation: CollectForMetadataAllocation done
Event: 15.470 Executing VM operation: CGC_Operation


Dynamic libraries:
0x00007ff6594a0000 - 0x00007ff6594aa000 	C:\Program Files\Android\Android Studio\jre\bin\java.exe
0x00007ffb5eef0000 - 0x00007ffb5f0e5000 	C:\WINDOWS\SYSTEM32\ntdll.dll
0x00007ffb5cfa0000 - 0x00007ffb5d05e000 	C:\WINDOWS\System32\KERNEL32.DLL
0x00007ffb5c980000 - 0x00007ffb5cc49000 	C:\WINDOWS\System32\KERNELBASE.dll
0x00007ffb5c640000 - 0x00007ffb5c740000 	C:\WINDOWS\System32\ucrtbase.dll
0x00007ffb3f2a0000 - 0x00007ffb3f2b7000 	C:\Program Files\Android\Android Studio\jre\bin\VCRUNTIME140.dll
0x00007ffb3f0a0000 - 0x00007ffb3f0b9000 	C:\Program Files\Android\Android Studio\jre\bin\jli.dll
0x00007ffb5e8b0000 - 0x00007ffb5ea51000 	C:\WINDOWS\System32\USER32.dll
0x00007ffb5ce60000 - 0x00007ffb5ce82000 	C:\WINDOWS\System32\win32u.dll
0x00007ffb4cc70000 - 0x00007ffb4cf0a000 	C:\WINDOWS\WinSxS\amd64_microsoft.windows.common-controls_6595b64144ccf1df_6.0.19041.1110_none_60b5254171f9507e\COMCTL32.dll
0x00007ffb5d750000 - 0x00007ffb5d77b000 	C:\WINDOWS\System32\GDI32.dll
0x00007ffb5c7d0000 - 0x00007ffb5c8db000 	C:\WINDOWS\System32\gdi32full.dll
0x00007ffb5ddb0000 - 0x00007ffb5de4e000 	C:\WINDOWS\System32\msvcrt.dll
0x00007ffb5c8e0000 - 0x00007ffb5c97d000 	C:\WINDOWS\System32\msvcp_win.dll
0x00007ffb5dd80000 - 0x00007ffb5ddb0000 	C:\WINDOWS\System32\IMM32.DLL
0x00007ffb31450000 - 0x00007ffb314ed000 	C:\Program Files\Android\Android Studio\jre\bin\msvcp140.dll
0x00007ffb23390000 - 0x00007ffb23e4c000 	C:\Program Files\Android\Android Studio\jre\bin\server\jvm.dll
0x00007ffb5ece0000 - 0x00007ffb5ed8c000 	C:\WINDOWS\System32\ADVAPI32.dll
0x00007ffb5e590000 - 0x00007ffb5e62b000 	C:\WINDOWS\System32\sechost.dll
0x00007ffb5d060000 - 0x00007ffb5d18a000 	C:\WINDOWS\System32\RPCRT4.dll
0x00007ffb5e840000 - 0x00007ffb5e848000 	C:\WINDOWS\System32\PSAPI.DLL
0x00007ffb48ea0000 - 0x00007ffb48ea9000 	C:\WINDOWS\SYSTEM32\WSOCK32.dll
0x00007ffb5d780000 - 0x00007ffb5d7eb000 	C:\WINDOWS\System32\WS2_32.dll
0x00007ffb4cb10000 - 0x00007ffb4cb37000 	C:\WINDOWS\SYSTEM32\WINMM.dll
0x00007ffb54c60000 - 0x00007ffb54c6a000 	C:\WINDOWS\SYSTEM32\VERSION.dll
0x00007ffb5b1e0000 - 0x00007ffb5b1f2000 	C:\WINDOWS\SYSTEM32\kernel.appcore.dll
0x00007ffb4f590000 - 0x00007ffb4f5a1000 	C:\Program Files\Android\Android Studio\jre\bin\verify.dll
0x00007ffb5aeb0000 - 0x00007ffb5b094000 	C:\WINDOWS\SYSTEM32\DBGHELP.DLL
0x00007ffb46580000 - 0x00007ffb465ac000 	C:\WINDOWS\SYSTEM32\dbgcore.DLL
0x00007ffb5c740000 - 0x00007ffb5c7c3000 	C:\WINDOWS\System32\bcryptPrimitives.dll
0x00007ffb3f840000 - 0x00007ffb3f869000 	C:\Program Files\Android\Android Studio\jre\bin\java.dll
0x00007ffb57460000 - 0x00007ffb5746b000 	C:\Program Files\Android\Android Studio\jre\bin\jimage.dll
0x00007ffb4a5f0000 - 0x00007ffb4a608000 	C:\Program Files\Android\Android Studio\jre\bin\zip.dll
0x00007ffb5de50000 - 0x00007ffb5e58f000 	C:\WINDOWS\System32\SHELL32.dll
0x00007ffb5a300000 - 0x00007ffb5aa90000 	C:\WINDOWS\SYSTEM32\windows.storage.dll
0x00007ffb5d850000 - 0x00007ffb5dba5000 	C:\WINDOWS\System32\combase.dll
0x00007ffb5bf90000 - 0x00007ffb5bfbc000 	C:\WINDOWS\SYSTEM32\Wldp.dll
0x00007ffb5dc10000 - 0x00007ffb5dcbe000 	C:\WINDOWS\System32\SHCORE.dll
0x00007ffb5e850000 - 0x00007ffb5e8a5000 	C:\WINDOWS\System32\shlwapi.dll
0x00007ffb5c550000 - 0x00007ffb5c56f000 	C:\WINDOWS\SYSTEM32\profapi.dll
0x00007ffb3f350000 - 0x00007ffb3f36a000 	C:\Program Files\Android\Android Studio\jre\bin\net.dll
0x00007ffb49e40000 - 0x00007ffb49f48000 	C:\WINDOWS\SYSTEM32\WINHTTP.dll
0x00007ffb5bcf0000 - 0x00007ffb5bd5a000 	C:\WINDOWS\system32\mswsock.dll
0x00007ffb3f330000 - 0x00007ffb3f344000 	C:\Program Files\Android\Android Studio\jre\bin\nio.dll
0x00007ffb3f0c0000 - 0x00007ffb3f0e7000 	C:\Users\asus\Desktop\JavaLearning\native\fdc75f09e3144964f2cf3f50f0aa648679c211496f362492102eb8c894070792\windows-amd64\native-platform.dll
0x00007ffb30f70000 - 0x00007ffb31106000 	C:\Users\asus\Desktop\JavaLearning\native\12488b8bf47d2d4c9fbf2f6322a914ad602e24e48041cd04a747c6da556b65c4\windows-amd64\native-platform-file-events.dll
0x00007ffb55c40000 - 0x00007ffb55c4a000 	C:\Program Files\Android\Android Studio\jre\bin\management.dll
0x00007ffb559b0000 - 0x00007ffb559bc000 	C:\Program Files\Android\Android Studio\jre\bin\management_ext.dll
0x00007ffb5bee0000 - 0x00007ffb5bef8000 	C:\WINDOWS\SYSTEM32\CRYPTSP.dll
0x00007ffb5b670000 - 0x00007ffb5b6a4000 	C:\WINDOWS\system32\rsaenh.dll
0x00007ffb5c610000 - 0x00007ffb5c637000 	C:\WINDOWS\System32\bcrypt.dll
0x00007ffb5c510000 - 0x00007ffb5c53e000 	C:\WINDOWS\SYSTEM32\USERENV.dll
0x00007ffb5bf00000 - 0x00007ffb5bf0c000 	C:\WINDOWS\SYSTEM32\CRYPTBASE.dll
0x00007ffb5b9e0000 - 0x00007ffb5ba1b000 	C:\WINDOWS\SYSTEM32\IPHLPAPI.DLL
0x00007ffb5d230000 - 0x00007ffb5d238000 	C:\WINDOWS\System32\NSI.dll
0x00007ffb56090000 - 0x00007ffb560a7000 	C:\WINDOWS\SYSTEM32\dhcpcsvc6.DLL
0x00007ffb563b0000 - 0x00007ffb563cd000 	C:\WINDOWS\SYSTEM32\dhcpcsvc.DLL
0x00007ffb5ba20000 - 0x00007ffb5baec000 	C:\WINDOWS\SYSTEM32\DNSAPI.dll
0x00007ffb564c0000 - 0x00007ffb564cb000 	C:\WINDOWS\SYSTEM32\WINNSI.DLL

dbghelp: loaded successfully - version: 4.0.5 - missing functions: none
symbol engine: initialized successfully - sym options: 0x614 - pdb path: .;C:\Program Files\Android\Android Studio\jre\bin;C:\WINDOWS\SYSTEM32;C:\WINDOWS\WinSxS\amd64_microsoft.windows.common-controls_6595b64144ccf1df_6.0.19041.1110_none_60b5254171f9507e;C:\Program Files\Android\Android Studio\jre\bin\server;C:\Users\asus\Desktop\JavaLearning\native\fdc75f09e3144964f2cf3f50f0aa648679c211496f362492102eb8c894070792\windows-amd64;C:\Users\asus\Desktop\JavaLearning\native\12488b8bf47d2d4c9fbf2f6322a914ad602e24e48041cd04a747c6da556b65c4\windows-amd64

VM Arguments:
jvm_args: --add-opens=java.base/java.util=ALL-UNNAMED --add-opens=java.base/java.lang=ALL-UNNAMED --add-opens=java.base/java.lang.invoke=ALL-UNNAMED --add-opens=java.prefs/java.util.prefs=ALL-UNNAMED -Xmx2048m -Dfile.encoding=UTF-8 -Duser.country=TR -Duser.language=tr -Duser.variant 
java_command: org.gradle.launcher.daemon.bootstrap.GradleDaemon 6.7.1
java_class_path (initial): C:\Users\asus\Desktop\JavaLearning\wrapper\dists\gradle-6.7.1-bin\bwlcbys1h7rz3272sye1xwiv6\gradle-6.7.1\lib\gradle-launcher-6.7.1.jar
Launcher Type: SUN_STANDARD

[Global flags]
     intx CICompilerCount                          = 3                                         {product} {ergonomic}
     uint ConcGCThreads                            = 1                                         {product} {ergonomic}
     uint G1ConcRefinementThreads                  = 4                                         {product} {ergonomic}
   size_t G1HeapRegionSize                         = 1048576                                   {product} {ergonomic}
    uintx GCDrainStackTargetSize                   = 64                                        {product} {ergonomic}
   size_t InitialHeapSize                          = 201326592                                 {product} {ergonomic}
   size_t MarkStackSize                            = 4194304                                   {product} {ergonomic}
   size_t MaxHeapSize                              = 2147483648                                {product} {command line}
   size_t MaxNewSize                               = 1287651328                                {product} {ergonomic}
   size_t MinHeapDeltaBytes                        = 1048576                                   {product} {ergonomic}
    uintx NonNMethodCodeHeapSize                   = 5830732                                {pd product} {ergonomic}
    uintx NonProfiledCodeHeapSize                  = 122913754                              {pd product} {ergonomic}
    uintx ProfiledCodeHeapSize                     = 122913754                              {pd product} {ergonomic}
    uintx ReservedCodeCacheSize                    = 251658240                              {pd product} {ergonomic}
     bool SegmentedCodeCache                       = true                                      {product} {ergonomic}
     bool UseCompressedClassPointers               = true                                 {lp64_product} {ergonomic}
     bool UseCompressedOops                        = true                                 {lp64_product} {ergonomic}
     bool UseG1GC                                  = true                                      {product} {ergonomic}
     bool UseLargePagesIndividualAllocation        = false                                  {pd product} {ergonomic}

Logging:
Log output configuration:
 #0: stdout all=warning uptime,level,tags
 #1: stderr all=off uptime,level,tags

Environment Variables:
JAVA_HOME=C:\Program Files\Java\jdk-11.0.7
JRE_HOME=C:\Program Files\Java\jre1.8.0_151
PATH=C:\Program Files (x86)\Common Files\Oracle\Java\javapath;C:\Program Files\nodejs;C:\Program Files\Microsoft SQL Server\Client SDK\ODBC\130\Tools\Binn\;C:\Program Files (x86)\Microsoft SQL Server\140\Tools\Binn\;C:\Program Files\Microsoft SQL Server\140\Tools\Binn\;C:\Program Files\Microsoft SQL Server\140\DTS\Binn\;C:\Program Files (x86)\Microsoft SQL Server\150\DTS\Binn\;C:\Program Files\dotnet\;C:\Program Files\Microsoft SQL Server\130\Tools\Binn\;C:\WINDOWS\system32;C:\WINDOWS;C:\WINDOWS\System32\Wbem;C:\WINDOWS\System32\WindowsPowerShell\v1.0\;C:\WINDOWS\System32\OpenSSH\;C:\Program Files\Gauge\bin;C:\Program Files\apache-maven-3.6.3-bin\apache-maven-3.6.3\bin;C:\Program Files\Git\cmd;C:\Program Files (x86)\dotnet\;C:\Program Files (x86)\NVIDIA Corporation\PhysX\Common;C:\Program Files\nodejs\;C:\Program Files\Graphviz\bin;C:\Program Files\MySQL\MySQL Shell 8.0\bin\;C:\Users\asus\Desktop\otomasyon;C:\Users\asus\AppData\Local\Programs\Microsoft VS Code\bin;C:\Users\asus\AppData\Local\Programs\MiKTeX 2.9\miktex\bin\x64\;C:\Users\asus\AppData\Local\Microsoft\WindowsApps;C:\Users\asus\AppData\Roaming\npm;C:\Program Files\Graphviz\bin;
USERNAME=asus
OS=Windows_NT
PROCESSOR_IDENTIFIER=Intel64 Family 6 Model 142 Stepping 9, GenuineIntel



---------------  S Y S T E M  ---------------

OS: Windows 10 , 64 bit Build 19041 (10.0.19041.1202)
OS uptime: 5 days 15:36 hours

CPU:total 4 (initial active 4) (2 cores per cpu, 2 threads per core) family 6 model 142 stepping 9, cmov, cx8, fxsr, mmx, sse, sse2, sse3, ssse3, sse4.1, sse4.2, popcnt, avx, avx2, aes, clmul, erms, 3dnowpref, lzcnt, ht, tsc, tscinvbit, bmi1, bmi2, adx, fma

Memory: 4k page, system-wide physical 12174M (1024M free)
TotalPageFile size 12174M (AvailPageFile size 5M)
current process WorkingSet (physical memory assigned to process): 371M, peak: 371M
current process commit charge ("private bytes"): 430M, peak: 430M

vm_info: OpenJDK 64-Bit Server VM (11.0.8+10-b944.6842174) for windows-amd64 JRE (11.0.8+10-b944.6842174), built on Sep 19 2020 01:11:42 by "builder" with MS VC++ 14.0 (VS2015)

END.
